Log file open, 10/28/16 14:01:15
LogInit:Display: Running engine for game: MyProject
LogPlatformFile: Not using cached read wrapper
LogInit:Display: RandInit(-1105544286) SRandInit(-1105544286).
LogTaskGraph: Started task graph with 5 named threads and 8 total threads with 1 sets of task threads.
LogStats: Stats thread started at 0.625483
LogPluginManager: Loaded Plugin Paper2D, From C:/Program Files (x86)/Epic Games/4.13/Engine/Plugins/2D/Paper2D/Paper2D.uplugin
LogPluginManager: Loaded Plugin LightPropagationVolume, From C:/Program Files (x86)/Epic Games/4.13/Engine/Plugins/Blendables/LightPropagationVolume/LightPropagationVolume.uplugin
LogPluginManager: Loaded Plugin BlankPlugin, From C:/Program Files (x86)/Epic Games/4.13/Engine/Plugins/Developer/BlankPlugin/BlankPlugin.uplugin
LogPluginManager: Loaded Plugin CodeLiteSourceCodeAccess, From C:/Program Files (x86)/Epic Games/4.13/Engine/Plugins/Developer/CodeLiteSourceCodeAccess/CodeLiteSourceCodeAccess.uplugin
LogPluginManager: Loaded Plugin GitSourceControl, From C:/Program Files (x86)/Epic Games/4.13/Engine/Plugins/Developer/GitSourceControl/GitSourceControl.uplugin
LogPluginManager: Loaded Plugin KDevelopSourceCodeAccess, From C:/Program Files (x86)/Epic Games/4.13/Engine/Plugins/Developer/KDevelopSourceCodeAccess/KDevelopSourceCodeAccess.uplugin
LogPluginManager: Loaded Plugin NullSourceCodeAccess, From C:/Program Files (x86)/Epic Games/4.13/Engine/Plugins/Developer/NullSourceCodeAccess/NullSourceCodeAccess.uplugin
LogPluginManager: Loaded Plugin OneSkyLocalizationService, From C:/Program Files (x86)/Epic Games/4.13/Engine/Plugins/Developer/OneSkyLocalizationService/OneSkyLocalizationService.uplugin
LogPluginManager: Loaded Plugin PerforceSourceControl, From C:/Program Files (x86)/Epic Games/4.13/Engine/Plugins/Developer/PerforceSourceControl/PerforceSourceControl.uplugin
LogPluginManager: Loaded Plugin SubversionSourceControl, From C:/Program Files (x86)/Epic Games/4.13/Engine/Plugins/Developer/SubversionSourceControl/SubversionSourceControl.uplugin
LogPluginManager: Loaded Plugin UObjectPlugin, From C:/Program Files (x86)/Epic Games/4.13/Engine/Plugins/Developer/UObjectPlugin/UObjectPlugin.uplugin
LogPluginManager: Loaded Plugin VisualStudioSourceCodeAccess, From C:/Program Files (x86)/Epic Games/4.13/Engine/Plugins/Developer/VisualStudioSourceCodeAccess/VisualStudioSourceCodeAccess.uplugin
LogPluginManager: Loaded Plugin XCodeSourceCodeAccess, From C:/Program Files (x86)/Epic Games/4.13/Engine/Plugins/Developer/XCodeSourceCodeAccess/XCodeSourceCodeAccess.uplugin
LogPluginManager: Loaded Plugin EpicSurvey, From C:/Program Files (x86)/Epic Games/4.13/Engine/Plugins/Editor/EpicSurvey/EpicSurvey.uplugin
LogPluginManager: Loaded Plugin MacGraphicsSwitching, From C:/Program Files (x86)/Epic Games/4.13/Engine/Plugins/Editor/MacGraphicsSwitching/MacGraphicsSwitching.uplugin
LogPluginManager: Loaded Plugin MobileLauncherProfileWizard, From C:/Program Files (x86)/Epic Games/4.13/Engine/Plugins/Editor/MobileLauncherProfileWizard/MobileLauncherProfileWizard.uplugin
LogPluginManager: Loaded Plugin PluginBrowser, From C:/Program Files (x86)/Epic Games/4.13/Engine/Plugins/Editor/PluginBrowser/PluginBrowser.uplugin
LogPluginManager: Loaded Plugin SpeedTreeImporter, From C:/Program Files (x86)/Epic Games/4.13/Engine/Plugins/Editor/SpeedTreeImporter/SpeedTreeImporter.uplugin
LogPluginManager: Loaded Plugin SuperSearchEditor, From C:/Program Files (x86)/Epic Games/4.13/Engine/Plugins/Editor/SuperSearchEditor/SuperSearchEditor.uplugin
LogPluginManager: Loaded Plugin AlembicImporter, From C:/Program Files (x86)/Epic Games/4.13/Engine/Plugins/Experimental/AlembicImporter/AlembicImporter.uplugin
LogPluginManager: Loaded Plugin BlueprintStats, From C:/Program Files (x86)/Epic Games/4.13/Engine/Plugins/Experimental/BlueprintStats/BlueprintStats.uplugin
LogPluginManager: Loaded Plugin CharacterAI, From C:/Program Files (x86)/Epic Games/4.13/Engine/Plugins/Experimental/CharacterAI/CharacterAI.uplugin
LogPluginManager: Loaded Plugin CodeEditor, From C:/Program Files (x86)/Epic Games/4.13/Engine/Plugins/Experimental/CodeEditor/CodeEditor.uplugin
LogPluginManager: Loaded Plugin CodeView, From C:/Program Files (x86)/Epic Games/4.13/Engine/Plugins/Experimental/CodeView/CodeView.uplugin
LogPluginManager: Loaded Plugin HTML5Networking, From C:/Program Files (x86)/Epic Games/4.13/Engine/Plugins/Experimental/HTML5Networking/HTML5Networking.uplugin
LogPluginManager: Loaded Plugin LiveEditor, From C:/Program Files (x86)/Epic Games/4.13/Engine/Plugins/Experimental/LiveEditor/LiveEditor.uplugin
LogPluginManager: Loaded Plugin OSVR, From C:/Program Files (x86)/Epic Games/4.13/Engine/Plugins/Experimental/OSVR/OSVR.uplugin
LogPluginManager: Loaded Plugin Phya, From C:/Program Files (x86)/Epic Games/4.13/Engine/Plugins/Experimental/Phya/Phya.uplugin
LogPluginManager: Loaded Plugin SignificanceManager, From C:/Program Files (x86)/Epic Games/4.13/Engine/Plugins/Experimental/SignificanceManager/SignificanceManager.uplugin
LogPluginManager: Loaded Plugin SimpleHMD, From C:/Program Files (x86)/Epic Games/4.13/Engine/Plugins/Experimental/SimpleHMD/SimpleHMD.uplugin
LogPluginManager: Loaded Plugin StereoPanorama, From C:/Program Files (x86)/Epic Games/4.13/Engine/Plugins/Experimental/StereoPanorama/StereoPanorama.uplugin
LogPluginManager: Loaded Plugin StructBox, From C:/Program Files (x86)/Epic Games/4.13/Engine/Plugins/Experimental/StructBox/StructBox.uplugin
LogPluginManager: Loaded Plugin Substance, From C:/Program Files (x86)/Epic Games/4.13/Engine/Plugins/Marketplace/Substance/Substance.uplugin
LogPluginManager: Loaded Plugin AndroidMedia, From C:/Program Files (x86)/Epic Games/4.13/Engine/Plugins/Media/AndroidMedia/AndroidMedia.uplugin
LogPluginManager: Loaded Plugin AvfMedia, From C:/Program Files (x86)/Epic Games/4.13/Engine/Plugins/Media/AvfMedia/AvfMedia.uplugin
LogPluginManager: Loaded Plugin MediaPlayerEditor, From C:/Program Files (x86)/Epic Games/4.13/Engine/Plugins/Media/MediaPlayerEditor/MediaPlayerEditor.uplugin
LogPluginManager: Loaded Plugin WmfMedia, From C:/Program Files (x86)/Epic Games/4.13/Engine/Plugins/Media/WmfMedia/WmfMedia.uplugin
LogPluginManager: Loaded Plugin MessagingDebugger, From C:/Program Files (x86)/Epic Games/4.13/Engine/Plugins/Messaging/MessagingDebugger/MessagingDebugger.uplugin
LogPluginManager: Loaded Plugin TcpMessaging, From C:/Program Files (x86)/Epic Games/4.13/Engine/Plugins/Messaging/TcpMessaging/TcpMessaging.uplugin
LogPluginManager: Loaded Plugin UdpMessaging, From C:/Program Files (x86)/Epic Games/4.13/Engine/Plugins/Messaging/UdpMessaging/UdpMessaging.uplugin
LogPluginManager: Loaded Plugin LevelSequenceEditor, From C:/Program Files (x86)/Epic Games/4.13/Engine/Plugins/MovieScene/LevelSequenceEditor/LevelSequenceEditor.uplugin
LogPluginManager: Loaded Plugin MatineeToLevelSequence, From C:/Program Files (x86)/Epic Games/4.13/Engine/Plugins/MovieScene/MatineeToLevelSequence/MatineeToLevelSequence.uplugin
LogPluginManager: Loaded Plugin NetcodeUnitTest, From C:/Program Files (x86)/Epic Games/4.13/Engine/Plugins/NetcodeUnitTest/NetcodeUnitTest/NetcodeUnitTest.uplugin
LogPluginManager: Loaded Plugin NUTUnrealEngine4, From C:/Program Files (x86)/Epic Games/4.13/Engine/Plugins/NetcodeUnitTest/NUTUnrealEngine4/NUTUnrealEngine4.uplugin
LogPluginManager: Loaded Plugin OnlineSubsystemGooglePlay, From C:/Program Files (x86)/Epic Games/4.13/Engine/Plugins/Online/Android/OnlineSubsystemGooglePlay/OnlineSubsystemGooglePlay.uplugin
LogPluginManager: Loaded Plugin OnlineSubsystemIOS, From C:/Program Files (x86)/Epic Games/4.13/Engine/Plugins/Online/IOS/OnlineSubsystemIOS/OnlineSubsystemIOS.uplugin
LogPluginManager: Loaded Plugin OnlineFramework, From C:/Program Files (x86)/Epic Games/4.13/Engine/Plugins/Online/OnlineFramework/OnlineFramework.uplugin
LogPluginManager: Loaded Plugin OnlineSubsystem, From C:/Program Files (x86)/Epic Games/4.13/Engine/Plugins/Online/OnlineSubsystem/OnlineSubsystem.uplugin
LogPluginManager: Loaded Plugin OnlineSubsystemAmazon, From C:/Program Files (x86)/Epic Games/4.13/Engine/Plugins/Online/OnlineSubsystemAmazon/OnlineSubsystemAmazon.uplugin
LogPluginManager: Loaded Plugin OnlineSubsystemFacebook, From C:/Program Files (x86)/Epic Games/4.13/Engine/Plugins/Online/OnlineSubsystemFacebook/OnlineSubsystemFacebook.uplugin
LogPluginManager: Loaded Plugin OnlineSubsystemNull, From C:/Program Files (x86)/Epic Games/4.13/Engine/Plugins/Online/OnlineSubsystemNull/OnlineSubsystemNull.uplugin
LogPluginManager: Loaded Plugin OnlineSubsystemOculus, From C:/Program Files (x86)/Epic Games/4.13/Engine/Plugins/Online/OnlineSubsystemOculus/OnlineSubsystemOculus.uplugin
LogPluginManager: Loaded Plugin OnlineSubsystemSteam, From C:/Program Files (x86)/Epic Games/4.13/Engine/Plugins/Online/OnlineSubsystemSteam/OnlineSubsystemSteam.uplugin
LogPluginManager: Loaded Plugin OnlineSubsystemUtils, From C:/Program Files (x86)/Epic Games/4.13/Engine/Plugins/Online/OnlineSubsystemUtils/OnlineSubsystemUtils.uplugin
LogPluginManager: Loaded Plugin IOSTapJoy, From C:/Program Files (x86)/Epic Games/4.13/Engine/Plugins/Runtime/Advertising/IOSTapJoy/IOSTapJoy.uplugin
LogPluginManager: Loaded Plugin AnalyticsBlueprintLibrary, From C:/Program Files (x86)/Epic Games/4.13/Engine/Plugins/Runtime/Analytics/AnalyticsBlueprintLibrary/AnalyticsBlueprintLibrary.uplugin
LogPluginManager: Loaded Plugin AnalyticsMulticast, From C:/Program Files (x86)/Epic Games/4.13/Engine/Plugins/Runtime/Analytics/AnalyticsMulticast/AnalyticsMulticast.uplugin
LogPluginManager: Loaded Plugin Apsalar, From C:/Program Files (x86)/Epic Games/4.13/Engine/Plugins/Runtime/Analytics/Apsalar/Apsalar.uplugin
LogPluginManager: Loaded Plugin FileLogging, From C:/Program Files (x86)/Epic Games/4.13/Engine/Plugins/Runtime/Analytics/FileLogging/FileLogging.uplugin
LogPluginManager: Loaded Plugin Flurry, From C:/Program Files (x86)/Epic Games/4.13/Engine/Plugins/Runtime/Analytics/Flurry/Flurry.uplugin
LogPluginManager: Loaded Plugin AndroidDeviceProfileSelector, From C:/Program Files (x86)/Epic Games/4.13/Engine/Plugins/Runtime/AndroidDeviceProfileSelector/AndroidDeviceProfileSelector.uplugin
LogPluginManager: Loaded Plugin AndroidMoviePlayer, From C:/Program Files (x86)/Epic Games/4.13/Engine/Plugins/Runtime/AndroidMoviePlayer/AndroidMoviePlayer.uplugin
LogPluginManager: Loaded Plugin AppleMoviePlayer, From C:/Program Files (x86)/Epic Games/4.13/Engine/Plugins/Runtime/AppleMoviePlayer/AppleMoviePlayer.uplugin
LogPluginManager: Loaded Plugin ArchVisCharacter, From C:/Program Files (x86)/Epic Games/4.13/Engine/Plugins/Runtime/ArchVisCharacter/ArchVisCharacter.uplugin
LogPluginManager: Loaded Plugin CableComponent, From C:/Program Files (x86)/Epic Games/4.13/Engine/Plugins/Runtime/CableComponent/CableComponent.uplugin
LogPluginManager: Loaded Plugin CustomMeshComponent, From C:/Program Files (x86)/Epic Games/4.13/Engine/Plugins/Runtime/CustomMeshComponent/CustomMeshComponent.uplugin
LogPluginManager: Loaded Plugin ExampleDeviceProfileSelector, From C:/Program Files (x86)/Epic Games/4.13/Engine/Plugins/Runtime/ExampleDeviceProfileSelector/ExampleDeviceProfileSelector.uplugin
LogPluginManager: Loaded Plugin GearVR, From C:/Program Files (x86)/Epic Games/4.13/Engine/Plugins/Runtime/GearVR/GearVR.uplugin
LogPluginManager: Loaded Plugin GoogleVRController, From C:/Program Files (x86)/Epic Games/4.13/Engine/Plugins/Runtime/GoogleVR/GoogleVRController/GoogleVRController.uplugin
LogPluginManager: Loaded Plugin GoogleVRHMD, From C:/Program Files (x86)/Epic Games/4.13/Engine/Plugins/Runtime/GoogleVR/GoogleVRHMD/GoogleVRHMD.uplugin
LogPluginManager: Loaded Plugin IOSDeviceProfileSelector, From C:/Program Files (x86)/Epic Games/4.13/Engine/Plugins/Runtime/IOSDeviceProfileSelector/IOSDeviceProfileSelector.uplugin
LogPluginManager: Loaded Plugin LeapMotion, From C:/Program Files (x86)/Epic Games/4.13/Engine/Plugins/Runtime/LeapMotion/LeapMotion.uplugin
LogPluginManager: Loaded Plugin LinuxDeviceProfileSelector, From C:/Program Files (x86)/Epic Games/4.13/Engine/Plugins/Runtime/LinuxDeviceProfileSelector/LinuxDeviceProfileSelector.uplugin
LogPluginManager: Loaded Plugin LiveEditorListenServer, From C:/Program Files (x86)/Epic Games/4.13/Engine/Plugins/Runtime/LiveEditorListenServer/LiveEditorListenServer.uplugin
LogPluginManager: Loaded Plugin OculusAudio, From C:/Program Files (x86)/Epic Games/4.13/Engine/Plugins/Runtime/OculusAudio/OculusAudio.uplugin
LogPluginManager: Loaded Plugin OculusInput, From C:/Program Files (x86)/Epic Games/4.13/Engine/Plugins/Runtime/OculusInput/OculusInput.uplugin
LogPluginManager: Loaded Plugin OculusLibrary, From C:/Program Files (x86)/Epic Games/4.13/Engine/Plugins/Runtime/OculusLibrary/OculusLibrary.uplugin
LogPluginManager: Loaded Plugin OculusRift, From C:/Program Files (x86)/Epic Games/4.13/Engine/Plugins/Runtime/OculusRift/OculusRift.uplugin
LogPluginManager: Loaded Plugin Oodle, From C:/Program Files (x86)/Epic Games/4.13/Engine/Plugins/Runtime/PacketHandlers/CompressionComponents/Oodle/Oodle.uplugin
LogPluginManager: Loaded Plugin ProceduralMeshComponent, From C:/Program Files (x86)/Epic Games/4.13/Engine/Plugins/Runtime/ProceduralMeshComponent/ProceduralMeshComponent.uplugin
LogPluginManager: Loaded Plugin SoundMod, From C:/Program Files (x86)/Epic Games/4.13/Engine/Plugins/Runtime/SoundMod/SoundMod.uplugin
LogPluginManager: Loaded Plugin SoundVisualizations, From C:/Program Files (x86)/Epic Games/4.13/Engine/Plugins/Runtime/SoundVisualizations/SoundVisualizations.uplugin
LogPluginManager: Loaded Plugin SteamController, From C:/Program Files (x86)/Epic Games/4.13/Engine/Plugins/Runtime/Steam/SteamController/SteamController.uplugin
LogPluginManager: Loaded Plugin SteamVR, From C:/Program Files (x86)/Epic Games/4.13/Engine/Plugins/Runtime/Steam/SteamVR/SteamVR.uplugin
LogPluginManager: Loaded Plugin WebBrowserWidget, From C:/Program Files (x86)/Epic Games/4.13/Engine/Plugins/Runtime/WebBrowserWidget/WebBrowserWidget.uplugin
LogPluginManager: Loaded Plugin WindowsDeviceProfileSelector, From C:/Program Files (x86)/Epic Games/4.13/Engine/Plugins/Runtime/WindowsDeviceProfileSelector/WindowsDeviceProfileSelector.uplugin
LogPluginManager: Loaded Plugin WindowsMoviePlayer, From C:/Program Files (x86)/Epic Games/4.13/Engine/Plugins/Runtime/WindowsMoviePlayer/WindowsMoviePlayer.uplugin
LogPluginManager: Loaded Plugin ScriptPlugin, From C:/Program Files (x86)/Epic Games/4.13/Engine/Plugins/ScriptPlugin/ScriptPlugin.uplugin
LogPluginManager: Loaded Plugin SlateRemote, From C:/Program Files (x86)/Epic Games/4.13/Engine/Plugins/Slate/SlateRemote/SlateRemote.uplugin
LogInit: Using libcurl 7.47.1
LogInit:  - built for x86_64-pc-win32
LogInit:  - supports SSL with WinSSL
LogInit:  - other features:
LogInit:      CURL_VERSION_SSL
LogInit:      CURL_VERSION_IPV6
LogInit:      CURL_VERSION_ASYNCHDNS
LogInit:      CURL_VERSION_LARGEFILE
LogInit:      CURL_VERSION_IDN
LogInit:  CurlRequestOptions (configurable via config and command line):
LogInit:  - bVerifyPeer = false  - Libcurl will NOT verify peer certificate
LogInit:  - bUseHttpProxy = false  - Libcurl will NOT use HTTP proxy
LogInit:  - bDontReuseConnections = false  - Libcurl will reuse connections
LogInit:  - CertBundlePath = nullptr  - Libcurl will use whatever was configured at build time.
LogInit: Build: ++UE4+Release-4.13-CL-3142249
LogInit: Engine Version: 4.13.1-3142249+++UE4+Release-4.13
LogInit: Compatible Engine Version: 4.13.0-3106830+++UE4+Release-4.13
LogInit: Net CL: 3142249
LogDevObjectVersion: Number of dev versions registered: 13
LogDevObjectVersion:   Dev-Blueprints (B0D832E4-1F89-4F0D-ACCF-7EB736FD4AA2): 5
LogDevObjectVersion:   Dev-Build (E1C64328-A22C-4D53-A36C-8E866417BD8C): 0
LogDevObjectVersion:   Dev-Core (375EC13C-06E4-48FB-B500-84F0262A717E): 1
LogDevObjectVersion:   Dev-Editor (E4B068ED-F494-42E9-A231-DA0B2E46BB41): 6
LogDevObjectVersion:   Dev-Framework (CFFC743F-43B0-4480-9391-14DF171D2073): 12
LogDevObjectVersion:   Dev-Mobile (B02B49B5-BB20-44E9-A304-32B752E40360): 0
LogDevObjectVersion:   Dev-Networking (A4E4105C-59A1-49B5-A7C5-40C4547EDFEE): 0
LogDevObjectVersion:   Dev-Online (39C831C9-5AE6-47DC-9A44-9C173E1C8E7C): 0
LogDevObjectVersion:   Dev-Physics (78F01B33-EBEA-4F98-B9B4-84EACCB95AA2): 0
LogDevObjectVersion:   Dev-Platform (6631380F-2D4D-43E0-8009-CF276956A95A): 0
LogDevObjectVersion:   Dev-Rendering (12F88B9F-8875-4AFC-A67C-D90C383ABD29): 4
LogDevObjectVersion:   Dev-Sequencer (7B5AE74C-D270-4C10-A958-57980B212A5A): 0
LogDevObjectVersion:   Dev-VR (D7296918-1DD6-4BDD-9DE2-64A83CC13884): 0
LogInit: Compiled (64-bit): Sep 28 2016 02:12:12
LogInit: Compiled with Visual C++: 19.00.23026.00
LogInit: Build Configuration: Development
LogInit: Branch Name: ++UE4+Release-4.13
LogInit: Command line:  
LogInit: Base directory: C:/Program Files (x86)/Epic Games/4.13/Engine/Binaries/Win64/
LogInit: Installed Engine Build: 1
LogInit: Presizing for max 8388607 objects, including 0 objects not considered by GC, pre-allocating 0 bytes for permanent pool.
LogInit: Object subsystem initialized
[2016.10.28-13.01.16:161][  0]LogInit: Selected Device Profile: [Windows]
[2016.10.28-13.01.16:161][  0]LogInit: Applying CVar settings loaded from the selected device profile: [Windows]
[2016.10.28-13.01.16:179][  0]LogInit: Computer: TRJ208-16
[2016.10.28-13.01.16:179][  0]LogInit: User: 15012840
[2016.10.28-13.01.16:179][  0]LogInit: CPU Page size=65536, Cores=4
[2016.10.28-13.01.16:179][  0]LogInit: High frequency timer resolution =3.507714 MHz
[2016.10.28-13.01.16:179][  0]LogMemory: Memory total: Physical=31.8GB (32GB approx)
[2016.10.28-13.01.16:179][  0]LogMemory: Platform Memory Stats for Windows
[2016.10.28-13.01.16:179][  0]LogMemory: Process Physical Memory: 258.23 MB used, 258.23 MB peak
[2016.10.28-13.01.16:179][  0]LogMemory: Process Virtual Memory: 261.59 MB used, 261.59 MB peak
[2016.10.28-13.01.16:179][  0]LogMemory: Physical Memory: 4656.46 MB used, 32608.55 MB total
[2016.10.28-13.01.16:179][  0]LogMemory: Virtual Memory: 591.96 MB used, 8388608.00 MB total
[2016.10.28-13.01.16:323][  0]LogTextLocalizationManager: No specific translations for ('en-GB') exist, so ('en') translations will be used.
[2016.10.28-13.01.17:014][  0]LogD3D11RHI: D3D11 adapters:
[2016.10.28-13.01.17:038][  0]LogD3D11RHI:    0. 'NVIDIA GeForce GTX 970' (Feature Level 11_0)
[2016.10.28-13.01.17:038][  0]LogD3D11RHI:       4007/0/16048 MB DedicatedVideo/DedicatedSystem/SharedSystem, Outputs:1, VendorId:0x10de
[2016.10.28-13.01.17:074][  0]LogD3D11RHI:    1. 'Intel(R) HD Graphics 4600' (Feature Level 11_0)
[2016.10.28-13.01.17:074][  0]LogD3D11RHI:       192/0/1632 MB DedicatedVideo/DedicatedSystem/SharedSystem, Outputs:0, VendorId:0x8086
[2016.10.28-13.01.17:075][  0]LogD3D11RHI: Chosen D3D11 Adapter: 0
[2016.10.28-13.01.17:079][  0]LogD3D11RHI: Creating new Direct3DDevice
[2016.10.28-13.01.17:079][  0]LogD3D11RHI:     GPU DeviceId: 0x13c2 (for the marketing name, search the web for "GPU Device Id")
[2016.10.28-13.01.17:079][  0]LogWindows: EnumDisplayDevices:
[2016.10.28-13.01.17:079][  0]LogWindows:    0. 'NVIDIA GeForce GTX 970' (P:1 D:1)
[2016.10.28-13.01.17:079][  0]LogWindows:    1. 'NVIDIA GeForce GTX 970' (P:0 D:0)
[2016.10.28-13.01.17:079][  0]LogWindows:    2. 'NVIDIA GeForce GTX 970' (P:0 D:0)
[2016.10.28-13.01.17:079][  0]LogWindows:    3. 'NVIDIA GeForce GTX 970' (P:0 D:0)
[2016.10.28-13.01.17:080][  0]LogWindows:    4. 'Intel(R) HD Graphics 4600' (P:0 D:0)
[2016.10.28-13.01.17:080][  0]LogWindows:    5. 'Intel(R) HD Graphics 4600' (P:0 D:0)
[2016.10.28-13.01.17:080][  0]LogWindows:    6. 'Intel(R) HD Graphics 4600' (P:0 D:0)
[2016.10.28-13.01.17:080][  0]LogWindows:    7. 'RDPDD Chained DD' (P:0 D:0)
[2016.10.28-13.01.17:080][  0]LogWindows:    8. 'RDP Encoder Mirror Driver' (P:0 D:0)
[2016.10.28-13.01.17:080][  0]LogWindows:    9. 'RDP Reflector Display Driver' (P:0 D:0)
[2016.10.28-13.01.17:080][  0]LogWindows: DebugString: PrimaryIsNotTheChoosenAdapter PrimaryIsNotTheChoosenAdapter PrimaryIsNotTheChoosenAdapter GetVideoDriverDetailsInvalid PrimaryIsNotTheChoosenAdapter GetVideoDriverDetailsInvalid PrimaryIsNotTheChoosenAdapter GetVideoDriverDetailsInvalid PrimaryIsNotTheChoosenAdapter FoundDriverCount:4 
[2016.10.28-13.01.17:080][  0]LogD3D11RHI:     Adapter Name: NVIDIA GeForce GTX 970
[2016.10.28-13.01.17:081][  0]LogD3D11RHI:   Driver Version: 372.70 (internal:21.21.13.7270, unified:372.70)
[2016.10.28-13.01.17:081][  0]LogD3D11RHI:      Driver Date: 8-25-2016
[2016.10.28-13.01.17:081][  0]LogRHI: Texture pool is 1361 MB (70% of 1945 MB)
[2016.10.28-13.01.17:087][  0]LogD3D11RHI: Async texture creation enabled
[2016.10.28-13.01.17:125][  0]LogD3D11RHI: GPU Timing Frequency: 1000.000000 (Debug: 2 2)
[2016.10.28-13.01.17:131][  0]LogShaderCompilers: Guid format shader working directory is 10 characters bigger than the processId version (F:/My Documents/Unreal Projects/filaman/Intermediate/Shaders/WorkingDirectory/3540/).
[2016.10.28-13.01.17:131][  0]LogShaderCompilers: Cleaned the shader compiler working directory 'C:/Users/15012840/AppData/Local/Temp/UnrealShaderWorkingDir/5A9FE56C4E2EFAE682F424BC87FA1D58/'.
[2016.10.28-13.01.17:132][  0]LogShaderCompilers:Display: Using Local Shader Compiler.
[2016.10.28-13.01.18:767][  0]LogTemp:Display: Loaded TP AllDesktopTargetPlatform
[2016.10.28-13.01.18:777][  0]LogTemp:Display: Loaded TP WindowsClientTargetPlatform
[2016.10.28-13.01.18:788][  0]LogTemp:Display: Loaded TP WindowsNoEditorTargetPlatform
[2016.10.28-13.01.18:798][  0]LogTemp:Display: Loaded TP WindowsServerTargetPlatform
[2016.10.28-13.01.18:808][  0]LogTemp:Display: Loaded TP WindowsTargetPlatform
[2016.10.28-13.01.18:819][  0]LogTemp:Display: Loaded TP AndroidTargetPlatform
[2016.10.28-13.01.18:828][  0]LogTemp:Display: Loaded TP Android_ASTCTargetPlatform
[2016.10.28-13.01.18:838][  0]LogTemp:Display: Loaded TP Android_ATCTargetPlatform
[2016.10.28-13.01.18:848][  0]LogTemp:Display: Loaded TP Android_DXTTargetPlatform
[2016.10.28-13.01.18:858][  0]LogTemp:Display: Loaded TP Android_ETC1TargetPlatform
[2016.10.28-13.01.18:868][  0]LogTemp:Display: Loaded TP Android_ETC2TargetPlatform
[2016.10.28-13.01.18:888][  0]LogTemp:Display: Loaded TP Android_MultiTargetPlatform
[2016.10.28-13.01.18:888][  0]LogTemp:Display: Loaded TP Android_PVRTCTargetPlatform
[2016.10.28-13.01.18:890][  0]LogTemp:Display: Loaded TP HTML5TargetPlatform
[2016.10.28-13.01.18:920][  0]LogTemp:Display: Loaded TP IOSTargetPlatform
[2016.10.28-13.01.18:927][  0]LogTemp:Display: Loaded TP TVOSTargetPlatform
[2016.10.28-13.01.18:936][  0]LogTemp:Display: Loaded TP LinuxClientTargetPlatform
[2016.10.28-13.01.18:945][  0]LogTemp:Display: Loaded TP LinuxNoEditorTargetPlatform
[2016.10.28-13.01.18:954][  0]LogTemp:Display: Loaded TP LinuxServerTargetPlatform
[2016.10.28-13.01.18:965][  0]LogTemp:Display: Loaded TP LinuxTargetPlatform
[2016.10.28-13.01.18:965][  0]LogTargetPlatformManager:Display: Building Assets For Windows
[2016.10.28-13.01.19:107][  0]LogDerivedDataCache:Display: Max Cache Size: 512 MB
[2016.10.28-13.01.19:107][  0]LogDerivedDataCache:Display: Starting with empty Boot cache
[2016.10.28-13.01.19:108][  0]LogDerivedDataCache: FDerivedDataBackendGraph:  Pak pak cache file F:/My Documents/Unreal Projects/filaman/DerivedDataCache/DDC.ddp not found, will not use a pak cache.
[2016.10.28-13.01.19:108][  0]LogDerivedDataCache: Unable to find inner node Pak for hierarchical cache Hierarchy.
[2016.10.28-13.01.19:108][  0]LogDerivedDataCache: FDerivedDataBackendGraph:  CompressedPak pak cache file F:/My Documents/Unreal Projects/filaman/DerivedDataCache/Compressed.ddp not found, will not use a pak cache.
[2016.10.28-13.01.19:108][  0]LogDerivedDataCache: Unable to find inner node CompressedPak for hierarchical cache Hierarchy.
[2016.10.28-13.01.19:127][  0]LogDerivedDataCache:Display: Pak cache opened for reading ../../../Engine/DerivedDataCache/Compressed.ddp.
[2016.10.28-13.01.19:138][  0]LogDerivedDataCache: Using Local data cache path C:/Users/15012840/AppData/Local/UnrealEngine/Common/DerivedDataCache: Writable
[2016.10.28-13.01.19:882][  0]LogInit: Selected Device Profile: [Windows]
[2016.10.28-13.01.19:890][  0]LogMaterial: Uniform references updated for custom material expression Custom.
[2016.10.28-13.01.19:896][  0]LogTexture:Display: Building textures: DefaultTexture (DXT1)
[2016.10.28-13.01.19:912][  0]LogContentStreaming: Texture pool size is 0.00 MB
[2016.10.28-13.01.19:919][  0]LogTexture:Display: Building textures: T_Default_Material_Grid_M (AutoDXT)
[2016.10.28-13.01.20:044][  0]LogTexture:Display: Building textures: T_Default_Material_Grid_N (BC5)
[2016.10.28-13.01.20:139][  0]LogTexture:Display: Building textures: DefaultDiffuse (AutoDXT)
[2016.10.28-13.01.20:717][  0]LogTexture:Display: Building textures: WhiteSquareTexture (AutoDXT)
[2016.10.28-13.01.20:752][  0]LogTexture:Display: Building textures: S_Actor (BGRA8)
[2016.10.28-13.01.20:758][  0]LogTexture:Display: Building textures: S_LevelSequence (BGRA8)
[2016.10.28-13.01.20:765][  0]LogTexture:Display: Building textures: AICON-Red (AutoDXT)
[2016.10.28-13.01.20:772][  0]LogTexture:Display: Building textures: AICON-Green (AutoDXT)
[2016.10.28-13.01.20:883][  0]LogMeshUtilities: No automatic mesh reduction module available
[2016.10.28-13.01.20:883][  0]LogMeshUtilities: No automatic mesh merging module available
[2016.10.28-13.01.20:883][  0]LogMeshUtilities: No distributed automatic mesh merging module available
[2016.10.28-13.01.20:951][  0]LogTexture:Display: Building textures: MatineeCam_D (AutoDXT)
[2016.10.28-13.01.21:000][  0]LogTexture:Display: Building textures: EpicQuadPanorama_CC+EV1 (RGBA16F)
[2016.10.28-13.01.27:686][  0]LogTexture:Display: Building textures: RGBTable16x1_AssetViewer (BGRA8)
[2016.10.28-13.01.27:702][  0]LogTexture:Display: Building textures: Bad (BGRA8)
[2016.10.28-13.01.27:736][  0]LogTexture:Display: Building textures: Default (BGRA8)
[2016.10.28-13.01.27:746][  0]LogTexture:Display: Building textures: VR-Basic (BGRA8)
[2016.10.28-13.01.27:783][  0]LogTexture:Display: Building textures: Grid (AutoDXT)
[2016.10.28-13.01.27:827][  0]LogTexture:Display: Building textures: DaylightAmbientCubemap (RGBA16F)
[2016.10.28-13.01.34:699][  0]LogTexture:Display: Building textures: PSysThumbnail_NoImage (AutoDXT)
[2016.10.28-13.01.34:710][  0]LogTexture:Display: Building textures: PSysThumbnail_OOD (AutoDXT)
[2016.10.28-13.01.34:717][  0]LogTexture:Display: Building textures: S_DecalActorIcon (AutoDXT)
[2016.10.28-13.01.34:766][  0]LogTexture:Display: Building textures: S_Terrain (BGRA8)
[2016.10.28-13.01.34:792][  0]LogTexture:Display: Building textures: flipbook (AutoDXT)
[2016.10.28-13.01.34:842][  0]LogTexture:Display: Building textures: T_EditorHelp (AutoDXT)
[2016.10.28-13.01.35:311][  0]LogTexture:Display: Building textures: S_Emitter (BGRA8)
[2016.10.28-13.01.35:318][  0]LogTexture:Display: Building textures: S_ExpoHeightFog (BGRA8)
[2016.10.28-13.01.35:324][  0]LogTexture:Display: Building textures: S_NavP (BGRA8)
[2016.10.28-13.01.35:331][  0]LogTexture:Display: Building textures: S_Player (BGRA8)
[2016.10.28-13.01.35:340][  0]LogTexture:Display: Building textures: SkyLight (BGRA8)
[2016.10.28-13.01.35:347][  0]LogTexture:Display: Building textures: S_WindDirectional (AutoDXT)
[2016.10.28-13.01.35:417][  0]LogTexture:Display: Building textures: S_LightDirectional (BGRA8)
[2016.10.28-13.01.35:424][  0]LogTexture:Display: Building textures: S_LightDirectionalMove (BGRA8)
[2016.10.28-13.01.35:431][  0]LogTexture:Display: Building textures: S_LightPoint (BGRA8)
[2016.10.28-13.01.35:438][  0]LogTexture:Display: Building textures: S_LightPointMove (BGRA8)
[2016.10.28-13.01.35:445][  0]LogTexture:Display: Building textures: S_LightSpot (BGRA8)
[2016.10.28-13.01.35:452][  0]LogTexture:Display: Building textures: S_LightSpotMove (BGRA8)
[2016.10.28-13.01.35:461][  0]LogTexture:Display: Building textures: S_PortalActorIcon2 (AutoDXT)
[2016.10.28-13.01.35:486][  0]LogTexture:Display: Building textures: MatInstActSprite (BGRA8)
[2016.10.28-13.01.35:490][  0]LogTexture:Display: Building textures: SceneManager (BGRA8)
[2016.10.28-13.01.35:500][  0]LogTexture:Display: Building textures: S_NavLink (AutoDXT)
[2016.10.28-13.01.35:513][  0]LogTexture:Display: Building textures: S_Note (BGRA8)
[2016.10.28-13.01.35:525][  0]LogTexture:Display: Building textures: S_ReflActorIcon (AutoDXT)
[2016.10.28-13.01.35:554][  0]LogTexture:Display: Building textures: S_Thruster (BGRA8)
[2016.10.28-13.01.35:561][  0]LogTexture:Display: Building textures: S_RadForce (BGRA8)
[2016.10.28-13.01.35:567][  0]LogTexture:Display: Building textures: TargetIcon (BGRA8)
[2016.10.28-13.01.35:577][  0]LogTexture:Display: Building textures: RobotoDistanceField_PageA (G8)
[2016.10.28-13.01.35:589][  0]LogTexture:Display: Building textures: S_TextRenderActorIcon (AutoDXT)
[2016.10.28-13.01.35:605][  0]LogTexture:Display: Building textures: S_Trigger (BGRA8)
[2016.10.28-13.01.35:614][  0]LogTexture:Display: Building textures: S_VectorFieldVol (BGRA8)
[2016.10.28-13.01.35:623][  0]LogTexture:Display: Building textures: GradientTexture0 (BGRA8)
[2016.10.28-13.01.35:626][  0]LogTexture:Display: Building textures: Black (AutoDXT)
[2016.10.28-13.01.35:642][  0]LogTexture:Display: Building textures: MAT_Groups_Float (AutoDXT)
[2016.10.28-13.01.35:644][  0]LogTexture:Display: Building textures: MAT_Groups_Director (AutoDXT)
[2016.10.28-13.01.35:646][  0]LogTexture:Display: Building textures: MAT_Groups_Event (AutoDXT)
[2016.10.28-13.01.35:648][  0]LogTexture:Display: Building textures: MAT_Groups_Anim (AutoDXT)
[2016.10.28-13.01.35:649][  0]LogTexture:Display: Building textures: MAT_Groups_Fade (AutoDXT)
[2016.10.28-13.01.35:651][  0]LogTexture:Display: Building textures: MAT_Groups_Move (AutoDXT)
[2016.10.28-13.01.35:652][  0]LogTexture:Display: Building textures: MAT_Groups_Slomo (AutoDXT)
[2016.10.28-13.01.35:654][  0]LogTexture:Display: Building textures: MAT_ColorTrack (AutoDXT)
[2016.10.28-13.01.35:655][  0]LogTexture:Display: Building textures: MAT_Groups_Toggle (AutoDXT)
[2016.10.28-13.01.35:656][  0]LogTexture:Display: Building textures: MAT_Groups_AudioMaster (AutoDXT)
[2016.10.28-13.01.35:658][  0]LogTexture:Display: Building textures: MAT_Groups_Sound (AutoDXT)
[2016.10.28-13.01.35:659][  0]LogTexture:Display: Building textures: MAT_Groups_Vector (AutoDXT)
[2016.10.28-13.01.35:660][  0]LogTexture:Display: Building textures: MAT_Groups_Visibility (AutoDXT)
[2016.10.28-13.01.35:664][  0]LogTexture:Display: Building textures: DefaultTextureCube (DXT1)
[2016.10.28-13.01.36:194][  0]LogNetVersion: GetLocalNetworkVersion: CL: 3106830, ProjectName: myproject, ProjectVersion: , EngineNetworkVersion: 1, GameNetworkVersion: 0, NetworkChecksum: 1117662317
[2016.10.28-13.01.36:245][  0]LogAssetRegistry: FAssetRegistry took 0.0233 seconds to start up
[2016.10.28-13.01.36:433][  0]LogPackageLocalizationCache: Processed 3 localized package path(s) for 2 prioritized culture(s) in 0.171154 seconds
[2016.10.28-13.01.36:438][  0]LogUObjectArray: 29778 objects as part of root set at end of initial load.
[2016.10.28-13.01.36:438][  0]LogUObjectAllocator: 6125456 out of 0 bytes used by permanent object pool.
[2016.10.28-13.01.36:438][  0]LogUObjectArray: CloseDisregardForGC: 0/0 objects in disregard for GC pool
[2016.10.28-13.01.36:447][  0]LogInit: WinSock: version 1.1 (2.2), MaxSocks=32767, MaxUdp=65467
[2016.10.28-13.01.36:733][  0]LogTexture:Display: Building textures: S_FTest (AutoDXT)
[2016.10.28-13.01.36:852][  0]LogTexture:Display: Building textures: VR_LaserPower_01 (AutoDXT)
[2016.10.28-13.01.36:991][  0]LogTexture:Display: Building textures: UE4_Logo (AutoDXT)
[2016.10.28-13.01.37:097][  0]LogTexture:Display: Building textures: GizmoText_RobotoDistanceField_PageA (G8)
[2016.10.28-13.01.37:145][  0]LogTexture:Display: Building textures: SimpleGrid (AutoDXT)
[2016.10.28-13.01.37:259][  0]LogSlate: SlateFontCache - WITH_FREETYPE: 1, WITH_HARFBUZZ: 1
[2016.10.28-13.01.37:259][  0]LogSlate: SlateFontCache - WITH_FREETYPE: 1, WITH_HARFBUZZ: 1
[2016.10.28-13.01.38:603][  0]LogTexture:Display: Building textures: DummySpriteTexture (AutoDXT)
[2016.10.28-13.01.38:654][  0]LogSubstanceCoreModule: Substance CPU Engine Loaded, Max Texture Size 2048
[2016.10.28-13.01.38:667][  0]LogTcpMessaging: Initializing TcpMessaging bridge
[2016.10.28-13.01.38:690][  0]LogUdpMessaging: Initializing bridge on interface 0.0.0.0:0 to multicast group 230.0.0.1:6666.
[2016.10.28-13.01.38:691][  0]LogDirectoryWatcher: A directory notification failed for 'F:/My Documents/Unreal Projects/filaman/Content/' because it was empty or there was a buffer overflow. Attemping another request...
[2016.10.28-13.01.38:907][  0]LogTexture:Display: Building textures: MiniFont (AutoDXT)
[2016.10.28-13.01.39:104][  0]SourceControl: Info Source control is disabled
[2016.10.28-13.01.39:546][  0]SourceControl: Info Source control is disabled
[2016.10.28-13.01.39:565][  0]SourceControl: Info Source control is disabled
[2016.10.28-13.01.39:576][  0]SourceControl: Info Source control is disabled
[2016.10.28-13.01.39:994][  0]LogEngine: Initializing Engine...
[2016.10.28-13.01.39:994][  0]LogHMD: Failed to initialize OpenVR with code 110
[2016.10.28-13.01.40:040][  0]LogTexture:Display: Building textures: DefaultWhiteGrid (AutoDXT)
[2016.10.28-13.01.40:128][  0]LogTexture:Display: Building textures: InvalidLightmapSettings (AutoDXT)
[2016.10.28-13.01.40:173][  0]LogTexture:Display: Building textures: HeatmapGradient (BGRA8)
[2016.10.28-13.01.40:184][  0]LogTexture:Display: Building textures: PreviewShadowIndicator (BGRA8)
[2016.10.28-13.01.40:204][  0]LogTexture:Display: Building textures: BSPVertex (AutoDXT)
[2016.10.28-13.01.40:206][  0]LogTexture:Display: Building textures: Good64x64TilingNoiseHighFreq (G8)
[2016.10.28-13.01.40:207][  0]LogTexture:Display: Building textures: DefaultBokeh (BGRA8)
[2016.10.28-13.01.40:209][  0]LogTexture:Display: Building textures: PreintegratedSkinBRDF (BGRA8)
[2016.10.28-13.01.40:214][  0]LogTexture:Display: Building textures: WeightMapPlaceholderTexture (BGRA8)
[2016.10.28-13.01.40:274][  0]LogAIModule: Creating AISystem for world Untitled
[2016.10.28-13.01.40:292][  0]LogInit: XAudio2 using 'Speakers (High Definition Audio Device)' : 2 channels at 44.1 kHz using 16 bits per sample (channel mask 0x3)
[2016.10.28-13.01.40:306][  0]LogInit: FAudioDevice initialized.
[2016.10.28-13.01.40:330][  0]LogDerivedDataCache: Saved boot cache 0.02s 76MB C:/Users/15012840/AppData/Local/UnrealEngine/4.13/DerivedDataCache/Boot.ddc.
[2016.10.28-13.01.40:336][  0]LogInit: Texture streaming: Enabled
[2016.10.28-13.01.40:385][  0]LogInit: Transaction tracking system initialized
[2016.10.28-13.01.40:450][  0]BlueprintLog: New page: Editor Load
[2016.10.28-13.01.40:687][  0]LocalizationService: Info Localization service is disabled
[2016.10.28-13.01.40:842][  0]LogConsoleResponse:Display: 
[2016.10.28-13.01.40:860][  0]LogTexture:Display: Building textures: Cross (AutoDXT)
[2016.10.28-13.01.40:880][  0]LogTexture:Display: Building textures: Tick (AutoDXT)
[2016.10.28-13.01.40:887][  0]LogTexture:Display: Building textures: WidgetGridVertexColorMaterial (AutoDXT)
[2016.10.28-13.01.40:944][  0]LogTexture:Display: Building textures: CASC_Cross (AutoDXT)
[2016.10.28-13.01.40:945][  0]LogTexture:Display: Building textures: CASC_None (AutoDXT)
[2016.10.28-13.01.40:952][  0]LogTexture:Display: Building textures: Texture2D_28 (AutoDXT)
[2016.10.28-13.01.40:959][  0]LogTexture:Display: Building textures: S_KBSJoint (BGRA8)
[2016.10.28-13.01.40:962][  0]LogTexture:Display: Building textures: S_KHinge (BGRA8)
[2016.10.28-13.01.40:965][  0]LogTexture:Display: Building textures: S_KPrismatic (BGRA8)
[2016.10.28-13.01.40:969][  0]LogTexture:Display: Building textures: S_LightError (BGRA8)
[2016.10.28-13.01.40:974][  0]LogTexture:Display: Building textures: T_Loft_Spline (AutoDXT)
[2016.10.28-13.01.41:019][  0]LogTexture:Display: Building textures: DefaultNormal (BC5)
[2016.10.28-13.01.41:100][  0]LogTexture:Display: Building textures: Grid_N (BC5)
[2016.10.28-13.01.41:126][  0]LogTexture:Display: Building textures: PaperDiffuse (AutoDXT)
[2016.10.28-13.01.41:240][  0]LogTexture:Display: Building textures: PaperNormal (BC5)
[2016.10.28-13.01.41:262][  0]LogTexture:Display: Building textures: Texture2D_28 (AutoDXT)
[2016.10.28-13.01.41:270][  0]LogTexture:Display: Building textures: Texture2D_29 (AutoDXT)
[2016.10.28-13.01.41:275][  0]LogTexture:Display: Building textures: StreamingPauseIcon (AutoDXT)
[2016.10.28-13.01.41:293][  0]LogCook:Display: Max memory allowance for cook 16384mb min free memory 0mb
[2016.10.28-13.01.41:293][  0]LogCook:Display: Mobile HDR setting 1
[2016.10.28-13.01.41:421][  0]LogFileCache: Scanning file cache for directory 'F:/My Documents/Unreal Projects/filaman/Content/' took 0.04s
[2016.10.28-13.01.41:421][  0]LogTexture:Display: Building textures: Countdown (AutoDXT)
[2016.10.28-13.01.41:426][  0]LogTexture:Display: Building textures: RecordingIndicator (AutoDXT)
[2016.10.28-13.01.41:495][  0]LogTexture:Display: Building textures: DefaultAlphaTexture (BGRA8)
[2016.10.28-13.01.41:526][  0]SourceControl: Info Source control is disabled
[2016.10.28-13.01.41:528][  0]Cmd: MAP LOAD FILE="F:/My Documents/Unreal Projects/filaman/Content/ThirdPersonBP/Maps/ThirdPersonExampleMap.umap" TEMPLATE=0 SHOWPROGRESS=1 FEATURELEVEL=3
[2016.10.28-13.01.41:530][  0]LightingResults: New page: Lighting Build
[2016.10.28-13.01.41:541][  0]MapCheck: New page: Map Check
[2016.10.28-13.01.41:541][  0]LightingResults: New page: Lighting Build
[2016.10.28-13.01.42:228][  0]LogTexture:Display: Building textures: HQ_Lightmap2_1 (AutoDXT)
[2016.10.28-13.01.42:385][  0]LogTexture:Display: Building textures: HQ_Lightmap2_2 (AutoDXT)
[2016.10.28-13.01.42:475][  0]LogTexture:Display: Building textures: HQ_Lightmap2_3 (AutoDXT)
[2016.10.28-13.01.42:500][  0]LogTexture:Display: Building textures: HQ_Lightmap2_4 (AutoDXT)
[2016.10.28-13.01.42:528][  0]LogTexture:Display: Building textures: HQ_Lightmap2_5 (AutoDXT)
[2016.10.28-13.01.42:549][  0]LogTexture:Display: Building textures: HQ_Lightmap2_6 (AutoDXT)
[2016.10.28-13.01.42:561][  0]LogTexture:Display: Building textures: LQ_Lightmap_0_1 (DXT1)
[2016.10.28-13.01.42:638][  0]LogTexture:Display: Building textures: LQ_Lightmap_0_2 (DXT1)
[2016.10.28-13.01.42:690][  0]LogTexture:Display: Building textures: LQ_Lightmap_0_3 (DXT1)
[2016.10.28-13.01.42:708][  0]LogTexture:Display: Building textures: LQ_Lightmap_0_4 (DXT1)
[2016.10.28-13.01.42:723][  0]LogTexture:Display: Building textures: LQ_Lightmap_0_5 (DXT1)
[2016.10.28-13.01.42:734][  0]LogTexture:Display: Building textures: LQ_Lightmap_0_6 (DXT1)
[2016.10.28-13.01.42:747][  0]LogTexture:Display: Building textures: SkyOcclusion0_1 (AutoDXT)
[2016.10.28-13.01.42:830][  0]LogTexture:Display: Building textures: SkyOcclusion0_2 (AutoDXT)
[2016.10.28-13.01.42:875][  0]LogTexture:Display: Building textures: SkyOcclusion0_3 (AutoDXT)
[2016.10.28-13.01.42:890][  0]LogTexture:Display: Building textures: SkyOcclusion0_4 (AutoDXT)
[2016.10.28-13.01.42:905][  0]LogTexture:Display: Building textures: SkyOcclusion0_5 (AutoDXT)
[2016.10.28-13.01.42:919][  0]LogTexture:Display: Building textures: SkyOcclusion0_6 (AutoDXT)
[2016.10.28-13.01.43:006][  0]LogTexture:Display: Building textures: T_Sky_Clouds_M (BGRA8)
[2016.10.28-13.01.43:299][  0]LogTexture:Display: Building textures: T_Sky_Stars (AutoDXT)
[2016.10.28-13.01.43:602][  0]LogTexture:Display: Building textures: T_Sky_Blue (AutoDXT)
[2016.10.28-13.01.44:346][  0]LogTexture:Display: Building textures: ShadowMapTexture2D_12 (G8)
[2016.10.28-13.01.44:364][  0]LogTexture:Display: Building textures: ShadowMapTexture2D_13 (G8)
[2016.10.28-13.01.44:379][  0]LogTexture:Display: Building textures: ShadowMapTexture2D_14 (G8)
[2016.10.28-13.01.44:383][  0]LogTexture:Display: Building textures: ShadowMapTexture2D_15 (G8)
[2016.10.28-13.01.44:387][  0]LogTexture:Display: Building textures: ShadowMapTexture2D_16 (G8)
[2016.10.28-13.01.44:390][  0]LogTexture:Display: Building textures: ShadowMapTexture2D_17 (G8)
[2016.10.28-13.01.44:407][  0]LogTexture:Display: Building textures: T_ML_Rubber_Blue_01_D (AutoDXT)
[2016.10.28-13.01.44:579][  0]LogMaterial: Missing cached shader map for material M_Glass, compiling. 
[2016.10.28-13.01.44:991][  0]LogTexture:Display: Building textures: T_MacroVariation (AutoDXT)
[2016.10.28-13.01.47:366][  0]LogMaterial: Missing cached shader map for material M_Metal_Chrome, compiling. 
[2016.10.28-13.01.47:780][  0]LogTexture:Display: Building textures: T_Metal_Copper_D (AutoDXT)
[2016.10.28-13.01.50:427][  0]LogTexture:Display: Building textures: T_Metal_Gold_N (BC5)
[2016.10.28-13.01.50:835][  0]LogMaterial: Missing cached shader map for material M_Metal_Copper, compiling. 
[2016.10.28-13.01.50:935][  0]LogMaterial: Missing cached shader map for material clear_glass, compiling. 
[2016.10.28-13.01.51:059][  0]LogTexture:Display: Building textures: UE4Man_Logo_N (BC5)
[2016.10.28-13.01.51:104][  0]LogTexture:Display: Building textures: UE4_Mannequin_MAT_MASKA (AutoDXT)
[2016.10.28-13.01.51:581][  0]LogTexture:Display: Building textures: UE4_Mannequin__normals (BC5)
[2016.10.28-13.01.52:078][  0]LogTexture:Display: Building textures: T_ML_Aluminum01_N (BC5)
[2016.10.28-13.01.52:128][  0]LogTexture:Display: Building textures: T_ML_Aluminum01 (AutoDXT)
[2016.10.28-13.01.52:267][  0]LogTexture:Display: Building textures: UE4_LOGO_CARD (AutoDXT)
[2016.10.28-13.01.52:348][  0]LogTexture:Display: Building textures: T_ML_Rubber_Blue_01_N (BC5)
[2016.10.28-13.01.52:410][  0]LogAIModule: Creating AISystem for world ThirdPersonExampleMap
[2016.10.28-13.01.52:427][  0]LogTexture:Display: Building textures: EmptyActor (BGRA8)
[2016.10.28-13.01.52:474][  0]LogEditorServer: Finished looking for orphan Actors (0.000 secs)
[2016.10.28-13.01.52:478][  0]Cmd: MAP CHECKDEP NOCLEARLOG
[2016.10.28-13.01.52:600][  0]MapCheck: Info Map check complete: 0 Error(s), 0 Warning(s), took 121.476ms to complete.
[2016.10.28-13.01.52:600][  0]LogFileHelpers: Loading map 'ThirdPersonExampleMap' took 11.072
[2016.10.28-13.01.52:869][  0]LogCollectionManager: Loaded 0 collections in 0.010050 seconds
[2016.10.28-13.01.52:939][  0]LogFileCache: Scanning file cache for directory 'F:/My Documents/Unreal Projects/filaman/Saved/Collections/' took 0.01s
[2016.10.28-13.01.52:939][  0]LogFileCache: Scanning file cache for directory 'F:/My Documents/Unreal Projects/filaman/Content/Developers/15012840/Collections/' took 0.01s
[2016.10.28-13.01.52:939][  0]LogFileCache: Scanning file cache for directory 'F:/My Documents/Unreal Projects/filaman/Content/Collections/' took 0.01s
[2016.10.28-13.01.52:939][  0]LogCollectionManager: Rebuilt the GUID cache for 0 collections in 0.000003 seconds
[2016.10.28-13.01.52:956][  0]LogContentBrowser: Native class hierarchy populated in 0.0133 seconds. Added 2156 classes and 421 folders.
[2016.10.28-13.01.52:972][  0]LogStats: UGameplayTagsManager::ConstructGameplayTagTree: Construct from data asset -  0.000 s
[2016.10.28-13.01.52:972][  0]LogStats: UGameplayTagsManager::ConstructGameplayTagTree: GameplayTagTreeChangedEvent.Broadcast -  0.000 s
[2016.10.28-13.01.52:974][  0]LogContentBrowser: Native class hierarchy updated for 'GameplayTags' in 0.0018 seconds. Added 12 classes and 0 folders.
[2016.10.28-13.01.52:991][  0]LogContentBrowser: Native class hierarchy updated for 'WidgetCarousel' in 0.0013 seconds. Added 0 classes and 0 folders.
[2016.10.28-13.01.53:158][  0]LogContentBrowser: Native class hierarchy updated for 'AddContentDialog' in 0.0006 seconds. Added 0 classes and 0 folders.
[2016.10.28-13.01.53:179][  0]LogContentBrowser: Native class hierarchy updated for 'SceneOutliner' in 0.0007 seconds. Added 1 classes and 2 folders.
[2016.10.28-13.01.53:265][  0]LogCrashTracker: Crashtracker disabled due to settings.
[2016.10.28-13.01.53:301][  0]LogTexture:Display: Building textures: Blueprint_64x (BGRA8)
[2016.10.28-13.01.53:305][  0]LogTexture:Display: Building textures: icon_Editor_Preferences_General_40x (BGRA8)
[2016.10.28-13.01.53:308][  0]LogTexture:Display: Building textures: Paper2DSprite_TutorialIcon (BGRA8)
[2016.10.28-13.01.53:311][  0]LogTexture:Display: Building textures: icon_ShowSkeletalMeshes_40x (BGRA8)
[2016.10.28-13.01.53:314][  0]LogTexture:Display: Building textures: Landscape (BGRA8)
[2016.10.28-13.01.53:317][  0]LogTexture:Display: Building textures: Foliage (BGRA8)
[2016.10.28-13.01.53:360][  0]LogContentBrowser: Native class hierarchy updated for 'HierarchicalLODOutliner' in 0.0014 seconds. Added 1 classes and 2 folders.
[2016.10.28-13.01.53:361][  0]LogLoad: (Engine Initialization) Total time: 38.94 seconds
[2016.10.28-13.01.53:361][  0]LogLoad: (Engine Initialization) Total Blueprint compile time: 0.16 seconds
[2016.10.28-13.01.53:361][  0]LogExternalProfiler: Found external profiler: VSPerf
[2016.10.28-13.01.53:361][  0]LogExternalProfiler: Using external profiler: VSPerf
[2016.10.28-13.01.53:371][  0]LogOcInput: OculusInput pre-init called
[2016.10.28-13.01.53:395][  0]LogDirectoryWatcher: A directory notification failed for 'F:/My Documents/Unreal Projects/filaman/Content/' because it was empty or there was a buffer overflow. Attemping another request...
[2016.10.28-13.01.53:396][  0]LogDirectoryWatcher: A directory notification failed for 'F:/My Documents/Unreal Projects/filaman/Content/', and we were unable to create a new request.
[2016.10.28-13.01.53:396][  0]LogDirectoryWatcher: A directory notification failed for 'F:/My Documents/Unreal Projects/filaman/Saved/Collections/' because it was empty or there was a buffer overflow. Attemping another request...
[2016.10.28-13.01.53:396][  0]LogDirectoryWatcher: A directory notification failed for 'F:/My Documents/Unreal Projects/filaman/Content/Developers/15012840/Collections/' because it was empty or there was a buffer overflow. Attemping another request...
[2016.10.28-13.01.53:396][  0]LogDirectoryWatcher: A directory notification failed for 'F:/My Documents/Unreal Projects/filaman/Content/Collections/' because it was empty or there was a buffer overflow. Attemping another request...
[2016.10.28-13.01.53:402][  0]LogContentStreaming: Texture pool size now 1000 MB
[2016.10.28-13.01.53:442][  0]LogTexture:Display: Building textures: icon_tab_Levels_40x (BGRA8)
[2016.10.28-13.01.53:523][  0]LogTexture:Display: Building textures: LevelGrid1DStripes (BGRA8)
[2016.10.28-13.01.53:620][  0]LogRenderer: Reallocating scene render targets to support 1208x576 (Frame:2).
[2016.10.28-13.01.54:064][  1]LogDirectoryWatcher: A directory notification failed for 'F:/My Documents/Unreal Projects/filaman/Saved/Collections/' because it was empty or there was a buffer overflow. Attemping another request...
[2016.10.28-13.01.54:064][  1]LogDirectoryWatcher: A directory notification failed for 'F:/My Documents/Unreal Projects/filaman/Saved/Collections/', and we were unable to create a new request.
[2016.10.28-13.01.54:064][  1]LogDirectoryWatcher: A directory notification failed for 'F:/My Documents/Unreal Projects/filaman/Content/Developers/15012840/Collections/' because it was empty or there was a buffer overflow. Attemping another request...
[2016.10.28-13.01.54:064][  1]LogDirectoryWatcher: A directory notification failed for 'F:/My Documents/Unreal Projects/filaman/Content/Developers/15012840/Collections/', and we were unable to create a new request.
[2016.10.28-13.01.54:064][  1]LogDirectoryWatcher: A directory notification failed for 'F:/My Documents/Unreal Projects/filaman/Content/Collections/' because it was empty or there was a buffer overflow. Attemping another request...
[2016.10.28-13.01.54:065][  1]LogDirectoryWatcher: A directory notification failed for 'F:/My Documents/Unreal Projects/filaman/Content/Collections/', and we were unable to create a new request.
[2016.10.28-13.01.54:127][  2]LogAssetRegistry: Asset discovery search completed in 17.9033 seconds
[2016.10.28-13.01.54:127][  2]LogCollectionManager: Rebuilt the object cache for 0 collections in 0.000001 seconds (found 0 objects)
[2016.10.28-13.01.54:127][  2]LogCollectionManager: Fixed up redirectors for 0 collections in 0.000029 seconds (updated 0 objects)
[2016.10.28-13.01.57:620][324]LogStreaming:Warning: Failed to open ANSI TEXT file F:/My Documents/Unreal Projects/filaman/Saved/HardwareSurvey/dxdiag.txt
[2016.10.28-13.01.57:636][325]LogSynthBenchmark:Display: FSynthBenchmark (V0.95):  requested WorkScale=5.00
[2016.10.28-13.01.57:636][325]LogSynthBenchmark:Display: ===============
[2016.10.28-13.01.57:636][325]LogSynthBenchmark:Display: Main Processor:
[2016.10.28-13.01.57:847][325]LogSynthBenchmark:Display:          ... 0.022230 s/Run 'RayIntersect'
[2016.10.28-13.01.57:847][325]LogSynthBenchmark:Display:          ... 0.019929 s/Run 'Fractal'
[2016.10.28-13.01.57:847][325]LogSynthBenchmark:Display: 
[2016.10.28-13.01.57:847][325]LogSynthBenchmark:Display:   CompiledTarget_x_Bits: 64
[2016.10.28-13.01.57:847][325]LogSynthBenchmark:Display:   UE_BUILD_SHIPPING: 0
[2016.10.28-13.01.57:847][325]LogSynthBenchmark:Display:   UE_BUILD_TEST: 0
[2016.10.28-13.01.57:847][325]LogSynthBenchmark:Display:   UE_BUILD_DEBUG: 0
[2016.10.28-13.01.57:847][325]LogSynthBenchmark:Display:   TotalPhysicalGBRam: 32
[2016.10.28-13.01.57:847][325]LogSynthBenchmark:Display:   NumberOfCores (physical): 4
[2016.10.28-13.01.57:847][325]LogSynthBenchmark:Display:   NumberOfCores (logical): 8
[2016.10.28-13.01.57:847][325]LogSynthBenchmark:Display:   CPU Perf Index 0: 115.2 (weight 1.00)
[2016.10.28-13.01.57:847][325]LogSynthBenchmark:Display:   CPU Perf Index 1: 143.5 (weight 1.50)
[2016.10.28-13.01.57:847][325]LogSynthBenchmark:Display:  
[2016.10.28-13.01.57:847][325]LogSynthBenchmark:Display: Graphics:
[2016.10.28-13.01.57:847][325]LogSynthBenchmark:Display:   Adapter Name: 'NVIDIA GeForce GTX 970'
[2016.10.28-13.01.57:847][325]LogSynthBenchmark:Display:   (On Optimus the name might be wrong, memory should be ok)
[2016.10.28-13.01.57:847][325]LogSynthBenchmark:Display:   Vendor Id: 0x10de
[2016.10.28-13.01.57:847][325]LogSynthBenchmark:Display:   Device Id: 0x13c2
[2016.10.28-13.01.57:847][325]LogSynthBenchmark:Display:   GPU Memory: 4008/0/16049 MB
[2016.10.28-13.01.57:857][325]LogSynthBenchmark:Display:   GPU first test: 0.00s
[2016.10.28-13.01.57:857][325]LogSynthBenchmark:Display:          ... 3.969 GigaPix/s, Confidence=100% 'ALUHeavyNoise' (likely to be very inaccurate)
[2016.10.28-13.01.57:857][325]LogSynthBenchmark:Display:          ... 3.413 GigaPix/s, Confidence=100% 'TexHeavy' (likely to be very inaccurate)
[2016.10.28-13.01.57:857][325]LogSynthBenchmark:Display:          ... 2.880 GigaPix/s, Confidence=89% 'DepTexHeavy' (likely to be very inaccurate)
[2016.10.28-13.01.57:858][325]LogSynthBenchmark:Display:          ... 7.484 GigaPix/s, Confidence=81% 'FillOnly' (likely to be very inaccurate)
[2016.10.28-13.01.57:858][325]LogSynthBenchmark:Display:          ... 0.698 GigaPix/s, Confidence=100% 'Bandwidth' (likely to be very inaccurate)
[2016.10.28-13.01.57:879][325]LogSynthBenchmark:Display:   GPU second test: 0.01s
[2016.10.28-13.01.57:879][325]LogSynthBenchmark:Display:          ... 8.171 GigaPix/s, Confidence=100% 'ALUHeavyNoise' (likely to be inaccurate)
[2016.10.28-13.01.57:879][325]LogSynthBenchmark:Display:          ... 6.571 GigaPix/s, Confidence=100% 'TexHeavy' (likely to be inaccurate)
[2016.10.28-13.01.57:879][325]LogSynthBenchmark:Display:          ... 5.687 GigaPix/s, Confidence=100% 'DepTexHeavy' (likely to be inaccurate)
[2016.10.28-13.01.57:879][325]LogSynthBenchmark:Display:          ... 31.631 GigaPix/s, Confidence=100% 'FillOnly' (likely to be inaccurate)
[2016.10.28-13.01.57:879][325]LogSynthBenchmark:Display:          ... 0.782 GigaPix/s, Confidence=100% 'Bandwidth' (likely to be inaccurate)
[2016.10.28-13.01.58:522][325]LogSynthBenchmark:Display:   GPU third test: 0.62s
[2016.10.28-13.01.58:522][325]LogSynthBenchmark:Display:          ... 10.641 GigaPix/s, Confidence=89% 'ALUHeavyNoise'
[2016.10.28-13.01.58:522][325]LogSynthBenchmark:Display:          ... 8.179 GigaPix/s, Confidence=100% 'TexHeavy'
[2016.10.28-13.01.58:522][325]LogSynthBenchmark:Display:          ... 7.553 GigaPix/s, Confidence=100% 'DepTexHeavy'
[2016.10.28-13.01.58:522][325]LogSynthBenchmark:Display:          ... 51.137 GigaPix/s, Confidence=100% 'FillOnly'
[2016.10.28-13.01.58:522][325]LogSynthBenchmark:Display:          ... 0.887 GigaPix/s, Confidence=100% 'Bandwidth'
[2016.10.28-13.01.58:522][325]LogSynthBenchmark:Display: 
[2016.10.28-13.01.58:522][325]LogSynthBenchmark:Display:   GPU Perf Index 0: 231.3 (weight 1.00)
[2016.10.28-13.01.58:522][325]LogSynthBenchmark:Display:   GPU Perf Index 1: 109.8 (weight 0.10)
[2016.10.28-13.01.58:522][325]LogSynthBenchmark:Display:   GPU Perf Index 2: 196.3 (weight 0.10)
[2016.10.28-13.01.58:522][325]LogSynthBenchmark:Display:   GPU Perf Index 3: 200.8 (weight 3.00)
[2016.10.28-13.01.58:523][325]LogSynthBenchmark:Display:   GPU Perf Index 4: 82.8 (weight 1.00)
[2016.10.28-13.01.58:523][325]LogSynthBenchmark:Display:   CPUIndex: 132.2
[2016.10.28-13.01.58:523][325]LogSynthBenchmark:Display:   GPUIndex: 182.1
[2016.10.28-13.01.58:523][325]LogSynthBenchmark:Display: 
[2016.10.28-13.01.58:523][325]LogSynthBenchmark:Display:          ... Total Time: 0.886283 sec
[2016.10.28-13.02.08:019][419]LogBlueprintUserMessages: Early PlayInEditor Detection: Level '/Game/ThirdPersonBP/Maps/ThirdPersonExampleMap.ThirdPersonExampleMap:PersistentLevel' has LevelScriptBlueprint '/Game/ThirdPersonBP/Maps/ThirdPersonExampleMap.ThirdPersonExampleMap:PersistentLevel.ThirdPersonExampleMap' with GeneratedClass '/Game/ThirdPersonBP/Maps/ThirdPersonExampleMap.ThirdPersonExampleMap_C' with ClassGeneratedBy '/Game/ThirdPersonBP/Maps/ThirdPersonExampleMap.ThirdPersonExampleMap:PersistentLevel.ThirdPersonExampleMap'
[2016.10.28-13.02.08:020][419]LogPlayLevel: PlayLevel: No blueprints needed recompiling
[2016.10.28-13.02.08:023][419]PIE: New page: PIE session: ThirdPersonExampleMap (28 Oct 2016 14:02:08)
[2016.10.28-13.02.08:023][419]LogPlayLevel: Creating play world package: /Game/ThirdPersonBP/Maps/UEDPIE_0_ThirdPersonExampleMap
[2016.10.28-13.02.08:046][419]LogPlayLevel: PIE: StaticDuplicateObject took: (0.022035s)
[2016.10.28-13.02.08:046][419]LogAIModule: Creating AISystem for world ThirdPersonExampleMap
[2016.10.28-13.02.08:047][419]LogPlayLevel: PIE: World Init took: (0.001736s)
[2016.10.28-13.02.08:048][419]LogPlayLevel: PIE: Created PIE world by copying editor world from /Game/ThirdPersonBP/Maps/ThirdPersonExampleMap.ThirdPersonExampleMap to /Game/ThirdPersonBP/Maps/UEDPIE_0_ThirdPersonExampleMap.ThirdPersonExampleMap (0.024095s)
[2016.10.28-13.02.08:066][419]LogInit: XAudio2 using 'Speakers (High Definition Audio Device)' : 2 channels at 44.1 kHz using 16 bits per sample (channel mask 0x3)
[2016.10.28-13.02.08:069][419]LogInit: FAudioDevice initialized.
[2016.10.28-13.02.08:121][419]LogWorld: Game class is 'ThirdPersonGameMode_C'
[2016.10.28-13.02.08:128][419]LogWorld: Bringing World /Game/ThirdPersonBP/Maps/UEDPIE_0_ThirdPersonExampleMap.ThirdPersonExampleMap up for play (max tick rate 0) at 2016.10.28-14.02.08
[2016.10.28-13.02.08:128][419]LogWorld: Bringing up level for play took: 0.004602
[2016.10.28-13.02.08:136][419]LogContentBrowser: Native class hierarchy updated for 'MovieSceneCapture' in 0.0007 seconds. Added 11 classes and 0 folders.
[2016.10.28-13.02.08:136][419]LogGameMode:Display: Match State Changed from EnteringMap to WaitingToStart
[2016.10.28-13.02.08:136][419]LogGameState: Match State Changed from EnteringMap to WaitingToStart
[2016.10.28-13.02.08:136][419]LogGameMode:Display: Match State Changed from WaitingToStart to InProgress
[2016.10.28-13.02.08:136][419]LogGameState: Match State Changed from WaitingToStart to InProgress
[2016.10.28-13.02.08:137][419]PIE: Info Play in editor start time for /Game/ThirdPersonBP/Maps/UEDPIE_0_ThirdPersonExampleMap 0.316
[2016.10.28-13.02.08:137][419]LogBlueprintUserMessages: Late PlayInEditor Detection: Level '/Game/ThirdPersonBP/Maps/ThirdPersonExampleMap.ThirdPersonExampleMap:PersistentLevel' has LevelScriptBlueprint '/Game/ThirdPersonBP/Maps/ThirdPersonExampleMap.ThirdPersonExampleMap:PersistentLevel.ThirdPersonExampleMap' with GeneratedClass '/Game/ThirdPersonBP/Maps/ThirdPersonExampleMap.ThirdPersonExampleMap_C' with ClassGeneratedBy '/Game/ThirdPersonBP/Maps/ThirdPersonExampleMap.ThirdPersonExampleMap:PersistentLevel.ThirdPersonExampleMap'
[2016.10.28-13.02.13:399][ 41]Set new viewmode: Wireframe
[2016.10.28-13.02.14:282][147]Set new viewmode: Wireframe
[2016.10.28-13.02.55:567][101]LogBlueprintUserMessages: Early EndPlayMap Detection: Level '/Game/ThirdPersonBP/Maps/ThirdPersonExampleMap.ThirdPersonExampleMap:PersistentLevel' has LevelScriptBlueprint '/Game/ThirdPersonBP/Maps/ThirdPersonExampleMap.ThirdPersonExampleMap:PersistentLevel.ThirdPersonExampleMap' with GeneratedClass '/Game/ThirdPersonBP/Maps/ThirdPersonExampleMap.ThirdPersonExampleMap_C' with ClassGeneratedBy '/Game/ThirdPersonBP/Maps/ThirdPersonExampleMap.ThirdPersonExampleMap:PersistentLevel.ThirdPersonExampleMap'
[2016.10.28-13.02.55:603][101]LogBlueprintUserMessages: Late EndPlayMap Detection: Level '/Game/ThirdPersonBP/Maps/ThirdPersonExampleMap.ThirdPersonExampleMap:PersistentLevel' has LevelScriptBlueprint '/Game/ThirdPersonBP/Maps/ThirdPersonExampleMap.ThirdPersonExampleMap:PersistentLevel.ThirdPersonExampleMap' with GeneratedClass '/Game/ThirdPersonBP/Maps/ThirdPersonExampleMap.ThirdPersonExampleMap_C' with ClassGeneratedBy '/Game/ThirdPersonBP/Maps/ThirdPersonExampleMap.ThirdPersonExampleMap:PersistentLevel.ThirdPersonExampleMap'
[2016.10.28-13.02.56:855][247]LogBlueprintUserMessages: Early PlayInEditor Detection: Level '/Game/ThirdPersonBP/Maps/ThirdPersonExampleMap.ThirdPersonExampleMap:PersistentLevel' has LevelScriptBlueprint '/Game/ThirdPersonBP/Maps/ThirdPersonExampleMap.ThirdPersonExampleMap:PersistentLevel.ThirdPersonExampleMap' with GeneratedClass '/Game/ThirdPersonBP/Maps/ThirdPersonExampleMap.ThirdPersonExampleMap_C' with ClassGeneratedBy '/Game/ThirdPersonBP/Maps/ThirdPersonExampleMap.ThirdPersonExampleMap:PersistentLevel.ThirdPersonExampleMap'
[2016.10.28-13.02.56:855][247]LogPlayLevel: PlayLevel: No blueprints needed recompiling
[2016.10.28-13.02.56:855][247]PIE: New page: PIE session: ThirdPersonExampleMap (28 Oct 2016 14:02:56)
[2016.10.28-13.02.56:855][247]LogPlayLevel: Creating play world package: /Game/ThirdPersonBP/Maps/UEDPIE_0_ThirdPersonExampleMap
[2016.10.28-13.02.56:870][247]LogPlayLevel: PIE: StaticDuplicateObject took: (0.015543s)
[2016.10.28-13.02.56:871][247]LogAIModule: Creating AISystem for world ThirdPersonExampleMap
[2016.10.28-13.02.56:871][247]LogPlayLevel: PIE: World Init took: (0.000770s)
[2016.10.28-13.02.56:871][247]LogPlayLevel: PIE: Created PIE world by copying editor world from /Game/ThirdPersonBP/Maps/ThirdPersonExampleMap.ThirdPersonExampleMap to /Game/ThirdPersonBP/Maps/UEDPIE_0_ThirdPersonExampleMap.ThirdPersonExampleMap (0.016508s)
[2016.10.28-13.02.56:880][247]LogInit: XAudio2 using 'Speakers (High Definition Audio Device)' : 2 channels at 44.1 kHz using 16 bits per sample (channel mask 0x3)
[2016.10.28-13.02.56:884][247]LogInit: FAudioDevice initialized.
[2016.10.28-13.02.56:909][247]LogWorld: Game class is 'ThirdPersonGameMode_C'
[2016.10.28-13.02.56:914][247]LogWorld: Bringing World /Game/ThirdPersonBP/Maps/UEDPIE_0_ThirdPersonExampleMap.ThirdPersonExampleMap up for play (max tick rate 0) at 2016.10.28-14.02.56
[2016.10.28-13.02.56:914][247]LogWorld: Bringing up level for play took: 0.004328
[2016.10.28-13.02.56:915][247]LogGameMode:Display: Match State Changed from EnteringMap to WaitingToStart
[2016.10.28-13.02.56:915][247]LogGameState: Match State Changed from EnteringMap to WaitingToStart
[2016.10.28-13.02.56:915][247]LogGameMode:Display: Match State Changed from WaitingToStart to InProgress
[2016.10.28-13.02.56:915][247]LogGameState: Match State Changed from WaitingToStart to InProgress
[2016.10.28-13.02.56:915][247]PIE: Info Play in editor start time for /Game/ThirdPersonBP/Maps/UEDPIE_0_ThirdPersonExampleMap -0.906
[2016.10.28-13.02.56:915][247]LogBlueprintUserMessages: Late PlayInEditor Detection: Level '/Game/ThirdPersonBP/Maps/ThirdPersonExampleMap.ThirdPersonExampleMap:PersistentLevel' has LevelScriptBlueprint '/Game/ThirdPersonBP/Maps/ThirdPersonExampleMap.ThirdPersonExampleMap:PersistentLevel.ThirdPersonExampleMap' with GeneratedClass '/Game/ThirdPersonBP/Maps/ThirdPersonExampleMap.ThirdPersonExampleMap_C' with ClassGeneratedBy '/Game/ThirdPersonBP/Maps/ThirdPersonExampleMap.ThirdPersonExampleMap:PersistentLevel.ThirdPersonExampleMap'
[2016.10.28-13.03.15:471][469]LogBlueprintUserMessages: Early EndPlayMap Detection: Level '/Game/ThirdPersonBP/Maps/ThirdPersonExampleMap.ThirdPersonExampleMap:PersistentLevel' has LevelScriptBlueprint '/Game/ThirdPersonBP/Maps/ThirdPersonExampleMap.ThirdPersonExampleMap:PersistentLevel.ThirdPersonExampleMap' with GeneratedClass '/Game/ThirdPersonBP/Maps/ThirdPersonExampleMap.ThirdPersonExampleMap_C' with ClassGeneratedBy '/Game/ThirdPersonBP/Maps/ThirdPersonExampleMap.ThirdPersonExampleMap:PersistentLevel.ThirdPersonExampleMap'
[2016.10.28-13.03.15:499][469]LogBlueprintUserMessages: Late EndPlayMap Detection: Level '/Game/ThirdPersonBP/Maps/ThirdPersonExampleMap.ThirdPersonExampleMap:PersistentLevel' has LevelScriptBlueprint '/Game/ThirdPersonBP/Maps/ThirdPersonExampleMap.ThirdPersonExampleMap:PersistentLevel.ThirdPersonExampleMap' with GeneratedClass '/Game/ThirdPersonBP/Maps/ThirdPersonExampleMap.ThirdPersonExampleMap_C' with ClassGeneratedBy '/Game/ThirdPersonBP/Maps/ThirdPersonExampleMap.ThirdPersonExampleMap:PersistentLevel.ThirdPersonExampleMap'
[2016.10.28-13.03.24:854][547]LogBlueprintUserMessages: Early PlayInEditor Detection: Level '/Game/ThirdPersonBP/Maps/ThirdPersonExampleMap.ThirdPersonExampleMap:PersistentLevel' has LevelScriptBlueprint '/Game/ThirdPersonBP/Maps/ThirdPersonExampleMap.ThirdPersonExampleMap:PersistentLevel.ThirdPersonExampleMap' with GeneratedClass '/Game/ThirdPersonBP/Maps/ThirdPersonExampleMap.ThirdPersonExampleMap_C' with ClassGeneratedBy '/Game/ThirdPersonBP/Maps/ThirdPersonExampleMap.ThirdPersonExampleMap:PersistentLevel.ThirdPersonExampleMap'
[2016.10.28-13.03.24:854][547]LogPlayLevel: PlayLevel: No blueprints needed recompiling
[2016.10.28-13.03.24:854][547]PIE: New page: PIE session: ThirdPersonExampleMap (28 Oct 2016 14:03:24)
[2016.10.28-13.03.24:854][547]LogPlayLevel: Creating play world package: /Game/ThirdPersonBP/Maps/UEDPIE_0_ThirdPersonExampleMap
[2016.10.28-13.03.24:870][547]LogPlayLevel: PIE: StaticDuplicateObject took: (0.016064s)
[2016.10.28-13.03.24:871][547]LogAIModule: Creating AISystem for world ThirdPersonExampleMap
[2016.10.28-13.03.24:871][547]LogPlayLevel: PIE: World Init took: (0.001235s)
[2016.10.28-13.03.24:872][547]LogPlayLevel: PIE: Created PIE world by copying editor world from /Game/ThirdPersonBP/Maps/ThirdPersonExampleMap.ThirdPersonExampleMap to /Game/ThirdPersonBP/Maps/UEDPIE_0_ThirdPersonExampleMap.ThirdPersonExampleMap (0.017480s)
[2016.10.28-13.03.24:907][547]LogInit: XAudio2 using 'Speakers (High Definition Audio Device)' : 2 channels at 44.1 kHz using 16 bits per sample (channel mask 0x3)
[2016.10.28-13.03.24:911][547]LogInit: FAudioDevice initialized.
[2016.10.28-13.03.24:937][547]LogWorld: Game class is 'ThirdPersonGameMode_C'
[2016.10.28-13.03.24:942][547]LogWorld: Bringing World /Game/ThirdPersonBP/Maps/UEDPIE_0_ThirdPersonExampleMap.ThirdPersonExampleMap up for play (max tick rate 0) at 2016.10.28-14.03.24
[2016.10.28-13.03.24:942][547]LogWorld: Bringing up level for play took: 0.004429
[2016.10.28-13.03.24:943][547]LogGameMode:Display: Match State Changed from EnteringMap to WaitingToStart
[2016.10.28-13.03.24:943][547]LogGameState: Match State Changed from EnteringMap to WaitingToStart
[2016.10.28-13.03.24:943][547]LogGameMode:Display: Match State Changed from WaitingToStart to InProgress
[2016.10.28-13.03.24:943][547]LogGameState: Match State Changed from WaitingToStart to InProgress
[2016.10.28-13.03.24:943][547]PIE: Info Play in editor start time for /Game/ThirdPersonBP/Maps/UEDPIE_0_ThirdPersonExampleMap -0.878
[2016.10.28-13.03.24:943][547]LogBlueprintUserMessages: Late PlayInEditor Detection: Level '/Game/ThirdPersonBP/Maps/ThirdPersonExampleMap.ThirdPersonExampleMap:PersistentLevel' has LevelScriptBlueprint '/Game/ThirdPersonBP/Maps/ThirdPersonExampleMap.ThirdPersonExampleMap:PersistentLevel.ThirdPersonExampleMap' with GeneratedClass '/Game/ThirdPersonBP/Maps/ThirdPersonExampleMap.ThirdPersonExampleMap_C' with ClassGeneratedBy '/Game/ThirdPersonBP/Maps/ThirdPersonExampleMap.ThirdPersonExampleMap:PersistentLevel.ThirdPersonExampleMap'
[2016.10.28-13.03.34:109][612]LogBlueprintUserMessages: Early EndPlayMap Detection: Level '/Game/ThirdPersonBP/Maps/ThirdPersonExampleMap.ThirdPersonExampleMap:PersistentLevel' has LevelScriptBlueprint '/Game/ThirdPersonBP/Maps/ThirdPersonExampleMap.ThirdPersonExampleMap:PersistentLevel.ThirdPersonExampleMap' with GeneratedClass '/Game/ThirdPersonBP/Maps/ThirdPersonExampleMap.ThirdPersonExampleMap_C' with ClassGeneratedBy '/Game/ThirdPersonBP/Maps/ThirdPersonExampleMap.ThirdPersonExampleMap:PersistentLevel.ThirdPersonExampleMap'
[2016.10.28-13.03.34:194][612]LogBlueprintUserMessages: Late EndPlayMap Detection: Level '/Game/ThirdPersonBP/Maps/ThirdPersonExampleMap.ThirdPersonExampleMap:PersistentLevel' has LevelScriptBlueprint '/Game/ThirdPersonBP/Maps/ThirdPersonExampleMap.ThirdPersonExampleMap:PersistentLevel.ThirdPersonExampleMap' with GeneratedClass '/Game/ThirdPersonBP/Maps/ThirdPersonExampleMap.ThirdPersonExampleMap_C' with ClassGeneratedBy '/Game/ThirdPersonBP/Maps/ThirdPersonExampleMap.ThirdPersonExampleMap:PersistentLevel.ThirdPersonExampleMap'
[2016.10.28-13.03.35:684][771]LogBlueprintUserMessages: Early PlayInEditor Detection: Level '/Game/ThirdPersonBP/Maps/ThirdPersonExampleMap.ThirdPersonExampleMap:PersistentLevel' has LevelScriptBlueprint '/Game/ThirdPersonBP/Maps/ThirdPersonExampleMap.ThirdPersonExampleMap:PersistentLevel.ThirdPersonExampleMap' with GeneratedClass '/Game/ThirdPersonBP/Maps/ThirdPersonExampleMap.ThirdPersonExampleMap_C' with ClassGeneratedBy '/Game/ThirdPersonBP/Maps/ThirdPersonExampleMap.ThirdPersonExampleMap:PersistentLevel.ThirdPersonExampleMap'
[2016.10.28-13.03.35:684][771]LogPlayLevel: PlayLevel: No blueprints needed recompiling
[2016.10.28-13.03.35:684][771]PIE: New page: PIE session: ThirdPersonExampleMap (28 Oct 2016 14:03:35)
[2016.10.28-13.03.35:684][771]LogPlayLevel: Creating play world package: /Game/ThirdPersonBP/Maps/UEDPIE_0_ThirdPersonExampleMap
[2016.10.28-13.03.35:699][771]LogPlayLevel: PIE: StaticDuplicateObject took: (0.015384s)
[2016.10.28-13.03.35:700][771]LogAIModule: Creating AISystem for world ThirdPersonExampleMap
[2016.10.28-13.03.35:700][771]LogPlayLevel: PIE: World Init took: (0.000785s)
[2016.10.28-13.03.35:700][771]LogPlayLevel: PIE: Created PIE world by copying editor world from /Game/ThirdPersonBP/Maps/ThirdPersonExampleMap.ThirdPersonExampleMap to /Game/ThirdPersonBP/Maps/UEDPIE_0_ThirdPersonExampleMap.ThirdPersonExampleMap (0.016371s)
[2016.10.28-13.03.35:732][771]LogInit: XAudio2 using 'Speakers (High Definition Audio Device)' : 2 channels at 44.1 kHz using 16 bits per sample (channel mask 0x3)
[2016.10.28-13.03.35:735][771]LogInit: FAudioDevice initialized.
[2016.10.28-13.03.35:762][771]LogWorld: Game class is 'ThirdPersonGameMode_C'
[2016.10.28-13.03.35:767][771]LogWorld: Bringing World /Game/ThirdPersonBP/Maps/UEDPIE_0_ThirdPersonExampleMap.ThirdPersonExampleMap up for play (max tick rate 0) at 2016.10.28-14.03.35
[2016.10.28-13.03.35:768][771]LogWorld: Bringing up level for play took: 0.005065
[2016.10.28-13.03.35:768][771]LogGameMode:Display: Match State Changed from EnteringMap to WaitingToStart
[2016.10.28-13.03.35:768][771]LogGameState: Match State Changed from EnteringMap to WaitingToStart
[2016.10.28-13.03.35:768][771]LogGameMode:Display: Match State Changed from WaitingToStart to InProgress
[2016.10.28-13.03.35:768][771]LogGameState: Match State Changed from WaitingToStart to InProgress
[2016.10.28-13.03.35:768][771]PIE: Info Play in editor start time for /Game/ThirdPersonBP/Maps/UEDPIE_0_ThirdPersonExampleMap -0.053
[2016.10.28-13.03.35:769][771]LogBlueprintUserMessages: Late PlayInEditor Detection: Level '/Game/ThirdPersonBP/Maps/ThirdPersonExampleMap.ThirdPersonExampleMap:PersistentLevel' has LevelScriptBlueprint '/Game/ThirdPersonBP/Maps/ThirdPersonExampleMap.ThirdPersonExampleMap:PersistentLevel.ThirdPersonExampleMap' with GeneratedClass '/Game/ThirdPersonBP/Maps/ThirdPersonExampleMap.ThirdPersonExampleMap_C' with ClassGeneratedBy '/Game/ThirdPersonBP/Maps/ThirdPersonExampleMap.ThirdPersonExampleMap:PersistentLevel.ThirdPersonExampleMap'
[2016.10.28-13.04.47:722][399]LogBlueprintUserMessages: Early EndPlayMap Detection: Level '/Game/ThirdPersonBP/Maps/ThirdPersonExampleMap.ThirdPersonExampleMap:PersistentLevel' has LevelScriptBlueprint '/Game/ThirdPersonBP/Maps/ThirdPersonExampleMap.ThirdPersonExampleMap:PersistentLevel.ThirdPersonExampleMap' with GeneratedClass '/Game/ThirdPersonBP/Maps/ThirdPersonExampleMap.ThirdPersonExampleMap_C' with ClassGeneratedBy '/Game/ThirdPersonBP/Maps/ThirdPersonExampleMap.ThirdPersonExampleMap:PersistentLevel.ThirdPersonExampleMap'
[2016.10.28-13.04.47:779][399]LogBlueprintUserMessages: Late EndPlayMap Detection: Level '/Game/ThirdPersonBP/Maps/ThirdPersonExampleMap.ThirdPersonExampleMap:PersistentLevel' has LevelScriptBlueprint '/Game/ThirdPersonBP/Maps/ThirdPersonExampleMap.ThirdPersonExampleMap:PersistentLevel.ThirdPersonExampleMap' with GeneratedClass '/Game/ThirdPersonBP/Maps/ThirdPersonExampleMap.ThirdPersonExampleMap_C' with ClassGeneratedBy '/Game/ThirdPersonBP/Maps/ThirdPersonExampleMap.ThirdPersonExampleMap:PersistentLevel.ThirdPersonExampleMap'
[2016.10.28-13.04.59:874][821]LogEditorViewport: Clicking on Actor (LMB): StaticMeshActor (RightArm_StaticMesh)
[2016.10.28-13.05.06:098][285]LogEditorViewport: Clicking on Actor (LMB): StaticMeshActor (Wall7)
[2016.10.28-13.05.06:148][285]LogEditorViewport: Clicking on Component (LMB): StaticMeshComponent (StaticMeshComponent0)
[2016.10.28-13.05.06:994][378]LogEditorViewport: Clicking on Actor (LMB): StaticMeshActor (Floor)
[2016.10.28-13.05.07:420][425]LogEditorViewport: Clicking on Actor (LMB): StaticMeshActor (RightArm_StaticMesh)
[2016.10.28-13.05.07:826][470]LogEditorViewport: Clicking on Actor (LMB): StaticMeshActor (RightArm_StaticMesh)
[2016.10.28-13.05.11:134][839]Cmd: QUIT_EDITOR
[2016.10.28-13.05.11:182][839]LogExit: Preparing to exit.
[2016.10.28-13.05.11:820][839]LogExit: Editor shut down
[2016.10.28-13.05.11:821][839]LogExit: Transaction tracking system shut down
[2016.10.28-13.05.11:935][839]LogObj: Freed 0b from 0 cluster array pools.
[2016.10.28-13.05.11:935][839]LogExit: Object subsystem successfully closed.
[2016.10.28-13.05.11:949][839]LogD3D11RHI: Shutdown
[2016.10.28-13.05.11:949][839]LogD3D11RHI: CleanupD3DDevice
[2016.10.28-13.05.11:997][839]LogD3D11RHI: ~FD3D11DynamicRHI
[2016.10.28-13.05.12:012][839]LogModuleManager: Shutting down and abandoning module MovieSceneCapture (237)
[2016.10.28-13.05.12:012][839]LogModuleManager: Shutting down and abandoning module SynthBenchmark (236)
[2016.10.28-13.05.12:012][839]LogModuleManager: Shutting down and abandoning module HierarchicalLODOutliner (235)
[2016.10.28-13.05.12:013][839]LogModuleManager: Shutting down and abandoning module CrashTracker (234)
[2016.10.28-13.05.12:013][839]LogModuleManager: Shutting down and abandoning module SceneOutliner (233)
[2016.10.28-13.05.12:013][839]LogModuleManager: Shutting down and abandoning module WidgetCarousel (232)
[2016.10.28-13.05.12:013][839]LogModuleManager: Shutting down and abandoning module AddContentDialog (231)
[2016.10.28-13.05.12:013][839]LogDirectoryWatcher: A directory notification for 'C:/Program Files (x86)/Epic Games/4.13/FeaturePacks/' was aborted.
[2016.10.28-13.05.12:013][839]LogModuleManager: Shutting down and abandoning module GameplayTags (230)
[2016.10.28-13.05.12:013][839]LogModuleManager: Shutting down and abandoning module EditorWidgets (229)
[2016.10.28-13.05.12:013][839]LogModuleManager: Shutting down and abandoning module CollectionManager (228)
[2016.10.28-13.05.12:014][839]LogModuleManager: Shutting down and abandoning module StatsViewer (227)
[2016.10.28-13.05.12:014][839]LogModuleManager: Shutting down and abandoning module FoliageEdit (226)
[2016.10.28-13.05.12:014][839]LogModuleManager: Shutting down and abandoning module LandscapeEditor (225)
[2016.10.28-13.05.12:015][839]LogModuleManager: Shutting down and abandoning module SceneDepthPickerMode (224)
[2016.10.28-13.05.12:015][839]LogModuleManager: Shutting down and abandoning module ActorPickerMode (223)
[2016.10.28-13.05.12:015][839]LogModuleManager: Shutting down and abandoning module GeometryMode (222)
[2016.10.28-13.05.12:015][839]LogModuleManager: Shutting down and abandoning module TextureAlignMode (221)
[2016.10.28-13.05.12:015][839]LogModuleManager: Shutting down and abandoning module BspMode (220)
[2016.10.28-13.05.12:015][839]LogModuleManager: Shutting down and abandoning module HardwareSurvey (219)
[2016.10.28-13.05.12:015][839]LogModuleManager: Shutting down and abandoning module SequenceRecorderSections (218)
[2016.10.28-13.05.12:015][839]LogModuleManager: Shutting down and abandoning module SequenceRecorder (217)
[2016.10.28-13.05.12:015][839]LogModuleManager: Shutting down and abandoning module AutomationWorker (216)
[2016.10.28-13.05.12:015][839]LogModuleManager: Shutting down and abandoning module MatineeToLevelSequence (215)
[2016.10.28-13.05.12:015][839]LogModuleManager: Shutting down and abandoning module PlacementMode (214)
[2016.10.28-13.05.12:015][839]LogModuleManager: Shutting down and abandoning module LevelSequenceEditor (213)
[2016.10.28-13.05.12:016][839]LogModuleManager: Shutting down and abandoning module WmfMediaFactory (212)
[2016.10.28-13.05.12:016][839]LogModuleManager: Shutting down and abandoning module WmfMediaEditor (211)
[2016.10.28-13.05.12:016][839]LogModuleManager: Shutting down and abandoning module AvfMediaFactory (210)
[2016.10.28-13.05.12:016][839]LogModuleManager: Shutting down and abandoning module AvfMediaEditor (209)
[2016.10.28-13.05.12:016][839]LogModuleManager: Shutting down and abandoning module Media (208)
[2016.10.28-13.05.12:016][839]LogModuleManager: Shutting down and abandoning module AndroidMediaFactory (207)
[2016.10.28-13.05.12:016][839]LogModuleManager: Shutting down and abandoning module AndroidMediaEditor (206)
[2016.10.28-13.05.12:016][839]LogModuleManager: Shutting down and abandoning module CharacterAI (205)
[2016.10.28-13.05.12:016][839]LogModuleManager: Shutting down and abandoning module SmartSnapping (204)
[2016.10.28-13.05.12:016][839]LogModuleManager: Shutting down and abandoning module SessionServices (203)
[2016.10.28-13.05.12:016][839]LogModuleManager: Shutting down and abandoning module ViewportSnapping (202)
[2016.10.28-13.05.12:016][839]LogModuleManager: Shutting down and abandoning module ViewportInteraction (201)
[2016.10.28-13.05.12:016][839]LogModuleManager: Shutting down and abandoning module LogVisualizer (200)
[2016.10.28-13.05.12:016][839]LogModuleManager: Shutting down and abandoning module GameProjectGeneration (199)
[2016.10.28-13.05.12:017][839]LogModuleManager: Shutting down and abandoning module IntroTutorials (198)
[2016.10.28-13.05.12:017][839]LogModuleManager: Shutting down and abandoning module EditorLiveStreaming (197)
[2016.10.28-13.05.12:017][839]LogModuleManager: Shutting down and abandoning module IOSPlatformEditor (196)
[2016.10.28-13.05.12:017][839]LogModuleManager: Shutting down and abandoning module HTML5PlatformEditor (195)
[2016.10.28-13.05.12:017][839]LogModuleManager: Shutting down and abandoning module AndroidDeviceDetection (194)
[2016.10.28-13.05.12:766][839]LogModuleManager: Shutting down and abandoning module AndroidPlatformEditor (193)
[2016.10.28-13.05.12:766][839]LogModuleManager: Shutting down and abandoning module IOSRuntimeSettings (192)
[2016.10.28-13.05.12:766][839]LogModuleManager: Shutting down and abandoning module AndroidRuntimeSettings (191)
[2016.10.28-13.05.12:766][839]LogModuleManager: Shutting down and abandoning module NiagaraEditor (190)
[2016.10.28-13.05.12:767][839]LogModuleManager: Shutting down and abandoning module MergeActors (189)
[2016.10.28-13.05.12:767][839]LogModuleManager: Shutting down and abandoning module SizeMap (188)
[2016.10.28-13.05.12:767][839]LogModuleManager: Shutting down and abandoning module TreeMap (187)
[2016.10.28-13.05.12:767][839]LogModuleManager: Shutting down and abandoning module ReferenceViewer (186)
[2016.10.28-13.05.12:767][839]LogModuleManager: Shutting down and abandoning module LocalizationService (185)
[2016.10.28-13.05.12:767][839]LogModuleManager: Shutting down and abandoning module LocalizationDashboard (184)
[2016.10.28-13.05.12:768][839]LogModuleManager: Shutting down and abandoning module HardwareTargeting (183)
[2016.10.28-13.05.12:768][839]LogModuleManager: Shutting down and abandoning module DeviceProfileEditor (182)
[2016.10.28-13.05.12:768][839]LogModuleManager: Shutting down and abandoning module UndoHistory (181)
[2016.10.28-13.05.12:768][839]LogModuleManager: Shutting down and abandoning module UserFeedback (180)
[2016.10.28-13.05.12:768][839]LogModuleManager: Shutting down and abandoning module XmlParser (179)
[2016.10.28-13.05.12:768][839]LogModuleManager: Shutting down and abandoning module Blutility (178)
[2016.10.28-13.05.12:768][839]LogModuleManager: Shutting down and abandoning module ProjectTargetPlatformEditor (177)
[2016.10.28-13.05.12:768][839]LogModuleManager: Shutting down and abandoning module ProjectSettingsViewer (176)
[2016.10.28-13.05.12:769][839]LogModuleManager: Shutting down and abandoning module InputBindingEditor (175)
[2016.10.28-13.05.12:769][839]LogModuleManager: Shutting down and abandoning module EditorSettingsViewer (174)
[2016.10.28-13.05.12:769][839]LogModuleManager: Shutting down and abandoning module SettingsEditor (173)
[2016.10.28-13.05.12:770][839]LogModuleManager: Shutting down and abandoning module ProjectLauncher (172)
[2016.10.28-13.05.12:770][839]LogModuleManager: Shutting down and abandoning module SessionFrontend (171)
[2016.10.28-13.05.12:771][839]LogModuleManager: Shutting down and abandoning module ProfilerClient (170)
[2016.10.28-13.05.12:772][839]LogModuleManager: Shutting down and abandoning module TargetDeviceServices (169)
[2016.10.28-13.05.12:772][839]LogModuleManager: Shutting down and abandoning module DeviceManager (168)
[2016.10.28-13.05.12:822][839]LogModuleManager: Shutting down and abandoning module AutomationController (167)
[2016.10.28-13.05.12:822][839]LogModuleManager: Shutting down and abandoning module AutomationWindow (166)
[2016.10.28-13.05.12:823][839]LogModuleManager: Shutting down and abandoning module Layers (165)
[2016.10.28-13.05.12:825][839]LogModuleManager: Shutting down and abandoning module ComponentVisualizers (164)
[2016.10.28-13.05.12:825][839]LogModuleManager: Shutting down and abandoning module DetailCustomizations (163)
[2016.10.28-13.05.12:825][839]LogModuleManager: Shutting down and abandoning module PackagesDialog (162)
[2016.10.28-13.05.12:825][839]LogModuleManager: Shutting down and abandoning module AnimGraph (161)
[2016.10.28-13.05.12:825][839]LogModuleManager: Shutting down and abandoning module Persona (160)
[2016.10.28-13.05.12:827][839]LogModuleManager: Shutting down and abandoning module Kismet (159)
[2016.10.28-13.05.12:828][839]LogModuleManager: Shutting down and abandoning module GraphEditor (158)
[2016.10.28-13.05.12:830][839]LogModuleManager: Shutting down and abandoning module ClassViewer (157)
[2016.10.28-13.05.12:830][839]LogModuleManager: Shutting down and abandoning module Toolbox (156)
[2016.10.28-13.05.12:830][839]LogModuleManager: Shutting down and abandoning module ModuleUI (155)
[2016.10.28-13.05.12:831][839]LogModuleManager: Shutting down and abandoning module MovieSceneTools (154)
[2016.10.28-13.05.12:831][839]LogModuleManager: Shutting down and abandoning module OutputLog (153)
[2016.10.28-13.05.12:831][839]LogModuleManager: Shutting down and abandoning module GammaUI (152)
[2016.10.28-13.05.12:832][839]LogModuleManager: Shutting down and abandoning module Documentation (151)
[2016.10.28-13.05.12:832][839]LogModuleManager: Shutting down and abandoning module Niagara (150)
[2016.10.28-13.05.12:832][839]LogModuleManager: Shutting down and abandoning module StreamingPauseRendering (149)
[2016.10.28-13.05.12:832][839]LogModuleManager: Shutting down and abandoning module AnalyticsET (148)
[2016.10.28-13.05.12:832][839]LogModuleManager: Shutting down and abandoning module PortalServices (147)
[2016.10.28-13.05.12:832][839]LogModuleManager: Shutting down and abandoning module PortalRpc (146)
[2016.10.28-13.05.12:832][839]LogModuleManager: Shutting down and abandoning module MessagingRpc (145)
[2016.10.28-13.05.12:832][839]LogModuleManager: Shutting down and abandoning module GameplayDebugger (144)
[2016.10.28-13.05.12:832][839]LogModuleManager: Shutting down and abandoning module AITestSuite (143)
[2016.10.28-13.05.12:832][839]LogModuleManager: Shutting down and abandoning module AIModule (142)
[2016.10.28-13.05.12:832][839]LogModuleManager: Shutting down and abandoning module ProfilerService (141)
[2016.10.28-13.05.12:984][839]LogModuleManager: Shutting down and abandoning module TaskGraph (140)
[2016.10.28-13.05.12:984][839]LogModuleManager: Shutting down and abandoning module SubstanceEditor (139)
[2016.10.28-13.05.12:985][839]LogModuleManager: Shutting down and abandoning module SlateRemote (138)
[2016.10.28-13.05.12:985][839]LogModuleManager: Shutting down and abandoning module SteamVRController (137)
[2016.10.28-13.05.12:985][839]LogModuleManager: Shutting down and abandoning module SteamVR (136)
[2016.10.28-13.05.12:985][839]LogModuleManager: Shutting down and abandoning module ProceduralMeshComponentEditor (135)
[2016.10.28-13.05.12:985][839]LogModuleManager: Shutting down and abandoning module ProceduralMeshComponent (134)
[2016.10.28-13.05.12:985][839]LogModuleManager: Shutting down and abandoning module OculusLibrary (133)
[2016.10.28-13.05.12:985][839]LogModuleManager: Shutting down and abandoning module OculusInput (132)
[2016.10.28-13.05.12:985][839]LogModuleManager: Shutting down and abandoning module CustomMeshComponent (131)
[2016.10.28-13.05.12:985][839]LogModuleManager: Shutting down and abandoning module CableComponent (130)
[2016.10.28-13.05.12:985][839]LogModuleManager: Shutting down and abandoning module ArchVisCharacter (129)
[2016.10.28-13.05.12:985][839]LogModuleManager: Shutting down and abandoning module MediaPlayerEditor (127)
[2016.10.28-13.05.12:986][839]LogModuleManager: Shutting down and abandoning module HTML5Networking (126)
[2016.10.28-13.05.12:986][839]LogModuleManager: Shutting down and abandoning module GeometryCacheEd (125)
[2016.10.28-13.05.12:986][839]LogModuleManager: Shutting down and abandoning module GeometryCache (124)
[2016.10.28-13.05.12:986][839]LogModuleManager: Shutting down and abandoning module AlembicLibrary (123)
[2016.10.28-13.05.12:986][839]LogModuleManager: Shutting down and abandoning module AlembicImporter (122)
[2016.10.28-13.05.12:986][839]LogModuleManager: Shutting down and abandoning module SuperSearch (121)
[2016.10.28-13.05.12:986][839]LogModuleManager: Shutting down and abandoning module SuperSearchEditor (120)
[2016.10.28-13.05.12:986][839]LogModuleManager: Shutting down and abandoning module SpeedTreeImporter (119)
[2016.10.28-13.05.12:986][839]LogModuleManager: Shutting down and abandoning module PluginBrowser (118)
[2016.10.28-13.05.12:986][839]LogModuleManager: Shutting down and abandoning module MobileLauncherProfileWizard (117)
[2016.10.28-13.05.12:987][839]LogModuleManager: Shutting down and abandoning module EpicSurvey (116)
[2016.10.28-13.05.12:987][839]LogModuleManager: Shutting down and abandoning module DesktopPlatform (115)
[2016.10.28-13.05.12:987][839]LogModuleManager: Shutting down and abandoning module VisualStudioSourceCodeAccess (114)
[2016.10.28-13.05.12:987][839]LogModuleManager: Shutting down and abandoning module UObjectPlugin (113)
[2016.10.28-13.05.12:987][839]LogModuleManager: Shutting down and abandoning module SubversionSourceControl (112)
[2016.10.28-13.05.12:987][839]LogModuleManager: Shutting down and abandoning module PerforceSourceControl (111)
[2016.10.28-13.05.12:987][839]LogModuleManager: Shutting down and abandoning module SourceControl (110)
[2016.10.28-13.05.12:987][839]LogModuleManager: Shutting down and abandoning module GitSourceControl (109)
[2016.10.28-13.05.12:987][839]LogModuleManager: Shutting down and abandoning module LightPropagationVolumeEditor (108)
[2016.10.28-13.05.12:987][839]LogModuleManager: Shutting down and abandoning module PaperTiledImporter (107)
[2016.10.28-13.05.12:987][839]LogModuleManager: Shutting down and abandoning module PaperSpriteSheetImporter (106)
[2016.10.28-13.05.12:987][839]LogModuleManager: Shutting down and abandoning module MeshPaint (105)
[2016.10.28-13.05.12:988][839]LogModuleManager: Shutting down and abandoning module FbxAutomationBuilderModule (104)
[2016.10.28-13.05.12:988][839]LogModuleManager: Shutting down and abandoning module PixelInspectorModule (103)
[2016.10.28-13.05.12:988][839]LogModuleManager: Shutting down and abandoning module HotReload (102)
[2016.10.28-13.05.12:988][839]LogModuleManager: Shutting down and abandoning module MainFrame (101)
[2016.10.28-13.05.12:988][839]LogModuleManager: Shutting down and abandoning module LevelEditor (100)
[2016.10.28-13.05.12:989][839]LogModuleManager: Shutting down and abandoning module ContentBrowser (99)
[2016.10.28-13.05.12:990][839]LogModuleManager: Shutting down and abandoning module Paper2DEditor (98)
[2016.10.28-13.05.12:990][839]LogModuleManager: Shutting down and abandoning module UdpMessaging (97)
[2016.10.28-13.05.13:090][839]LogModuleManager: Shutting down and abandoning module TcpMessaging (96)
[2016.10.28-13.05.13:190][839]LogModuleManager: Shutting down and abandoning module SubstanceCore (95)
[2016.10.28-13.05.13:190][839]LogModuleManager: Shutting down and abandoning module LightPropagationVolumeRuntime (94)
[2016.10.28-13.05.13:190][839]LogModuleManager: Shutting down and abandoning module Paper2D (93)
[2016.10.28-13.05.13:190][839]LogModuleManager: Shutting down and abandoning module WindowsMoviePlayer (92)
[2016.10.28-13.05.13:190][839]LogModuleManager: Shutting down and abandoning module WmfMedia (91)
[2016.10.28-13.05.13:191][839]LogModuleManager: Shutting down and abandoning module MediaAssets (90)
[2016.10.28-13.05.13:191][839]LogModuleManager: Shutting down and abandoning module GameLiveStreaming (89)
[2016.10.28-13.05.13:191][839]LogModuleManager: Shutting down and abandoning module GameplayTagsEditor (88)
[2016.10.28-13.05.13:191][839]LogModuleManager: Shutting down and abandoning module VREditor (87)
[2016.10.28-13.05.13:191][839]LogModuleManager: Shutting down and abandoning module GameplayTasksEditor (86)
[2016.10.28-13.05.13:191][839]LogModuleManager: Shutting down and abandoning module PropertyEditor (85)
[2016.10.28-13.05.13:191][839]LogModuleManager: Shutting down and abandoning module BehaviorTreeEditor (84)
[2016.10.28-13.05.13:192][839]LogModuleManager: Shutting down and abandoning module FunctionalTesting (83)
[2016.10.28-13.05.13:192][839]LogModuleManager: Shutting down and abandoning module CollisionAnalyzer (82)
[2016.10.28-13.05.13:192][839]LogModuleManager: Shutting down and abandoning module Sequencer (81)
[2016.10.28-13.05.13:193][839]LogModuleManager: Shutting down and abandoning module WorkspaceMenuStructure (80)
[2016.10.28-13.05.13:193][839]LogModuleManager: Shutting down and abandoning module MessageLog (79)
[2016.10.28-13.05.13:193][839]LogModuleManager: Shutting down and abandoning module AssetTools (78)
[2016.10.28-13.05.13:195][839]LogModuleManager: Shutting down and abandoning module UMGEditor (77)
[2016.10.28-13.05.13:196][839]LogModuleManager: Shutting down and abandoning module UMG (76)
[2016.10.28-13.05.13:197][839]LogModuleManager: Shutting down and abandoning module SlateReflector (75)
[2016.10.28-13.05.13:198][839]LogModuleManager: Shutting down and abandoning module Slate (74)
[2016.10.28-13.05.13:198][839]LogModuleManager: Shutting down and abandoning module EditorStyle (73)
[2016.10.28-13.05.13:199][839]LogModuleManager: Shutting down and abandoning module SourceCodeAccess (72)
[2016.10.28-13.05.13:199][839]LogModuleManager: Shutting down and abandoning module HeadMountedDisplay (71)
[2016.10.28-13.05.13:199][839]LogModuleManager: Shutting down and abandoning module XAudio2 (70)
[2016.10.28-13.05.13:199][839]LogModuleManager: Shutting down and abandoning module Networking (68)
[2016.10.28-13.05.13:199][839]LogModuleManager: Shutting down and abandoning module Core (67)
[2016.10.28-13.05.13:199][839]LogModuleManager: Shutting down and abandoning module DirectoryWatcher (66)
[2016.10.28-13.05.13:199][839]LogDirectoryWatcher: A directory notification for '../../../Engine/Content/' was aborted.
[2016.10.28-13.05.13:199][839]LogDirectoryWatcher: A directory notification for '../../../Engine/Plugins/2D/Paper2D/Content/' was aborted.
[2016.10.28-13.05.13:199][839]LogModuleManager: Shutting down and abandoning module AssetRegistry (65)
[2016.10.28-13.05.13:645][839]LogModuleManager: Shutting down and abandoning module KismetCompiler (64)
[2016.10.28-13.05.13:645][839]LogModuleManager: Shutting down and abandoning module PhysXFormats (63)
[2016.10.28-13.05.13:645][839]LogModuleManager: Shutting down and abandoning module MeshUtilities (62)
[2016.10.28-13.05.13:646][839]LogModuleManager: Shutting down and abandoning module DerivedDataCache (61)
[2016.10.28-13.05.13:678][839]LogDerivedDataCache: Shutdown
[2016.10.28-13.05.13:678][839]LogModuleManager: Shutting down and abandoning module VulkanShaderFormat (60)
[2016.10.28-13.05.13:678][839]LogModuleManager: Shutting down and abandoning module ShaderFormatOpenGL (59)
[2016.10.28-13.05.13:679][839]LogModuleManager: Shutting down and abandoning module ShaderFormatD3D (58)
[2016.10.28-13.05.13:679][839]LogModuleManager: Shutting down and abandoning module MetalShaderFormat (57)
[2016.10.28-13.05.13:680][839]LogModuleManager: Shutting down and abandoning module TextureFormatUncompressed (56)
[2016.10.28-13.05.13:680][839]LogModuleManager: Shutting down and abandoning module TextureFormatPVR (55)
[2016.10.28-13.05.13:680][839]LogModuleManager: Shutting down and abandoning module TextureFormatDXT (54)
[2016.10.28-13.05.13:680][839]LogModuleManager: Shutting down and abandoning module TextureFormatIntelISPCTexComp (53)
[2016.10.28-13.05.13:680][839]LogModuleManager: Shutting down and abandoning module ImageWrapper (52)
[2016.10.28-13.05.13:680][839]LogModuleManager: Shutting down and abandoning module TextureFormatASTC (51)
[2016.10.28-13.05.13:680][839]LogModuleManager: Shutting down and abandoning module TextureFormatAndroid (50)
[2016.10.28-13.05.13:680][839]LogModuleManager: Shutting down and abandoning module AudioFormatOpus (49)
[2016.10.28-13.05.13:680][839]LogModuleManager: Shutting down and abandoning module AudioFormatOgg (48)
[2016.10.28-13.05.13:680][839]LogModuleManager: Shutting down and abandoning module AudioFormatADPCM (47)
[2016.10.28-13.05.13:680][839]LogModuleManager: Shutting down and abandoning module LinuxTargetPlatform (46)
[2016.10.28-13.05.13:680][839]LogModuleManager: Shutting down and abandoning module LinuxServerTargetPlatform (45)
[2016.10.28-13.05.13:680][839]LogModuleManager: Shutting down and abandoning module LinuxNoEditorTargetPlatform (44)
[2016.10.28-13.05.13:680][839]LogModuleManager: Shutting down and abandoning module LinuxClientTargetPlatform (43)
[2016.10.28-13.05.13:680][839]LogModuleManager: Shutting down and abandoning module TVOSTargetPlatform (42)
[2016.10.28-13.05.13:680][839]LogModuleManager: Shutting down and abandoning module Messaging (41)
[2016.10.28-13.05.13:680][839]LogModuleManager: Shutting down and abandoning module IOSTargetPlatform (40)
[2016.10.28-13.05.13:680][839]LogModuleManager: Shutting down and abandoning module HTML5TargetPlatform (39)
[2016.10.28-13.05.13:680][839]LogModuleManager: Shutting down and abandoning module Android_PVRTCTargetPlatform (38)
[2016.10.28-13.05.13:680][839]LogModuleManager: Shutting down and abandoning module Android_MultiTargetPlatform (37)
[2016.10.28-13.05.13:680][839]LogModuleManager: Shutting down and abandoning module Android_ETC2TargetPlatform (36)
[2016.10.28-13.05.13:680][839]LogModuleManager: Shutting down and abandoning module Android_ETC1TargetPlatform (35)
[2016.10.28-13.05.13:680][839]LogModuleManager: Shutting down and abandoning module Android_DXTTargetPlatform (34)
[2016.10.28-13.05.13:680][839]LogModuleManager: Shutting down and abandoning module Android_ATCTargetPlatform (33)
[2016.10.28-13.05.13:680][839]LogModuleManager: Shutting down and abandoning module Android_ASTCTargetPlatform (32)
[2016.10.28-13.05.13:680][839]LogModuleManager: Shutting down and abandoning module AndroidTargetPlatform (31)
[2016.10.28-13.05.13:680][839]LogModuleManager: Shutting down and abandoning module WindowsTargetPlatform (30)
[2016.10.28-13.05.13:680][839]LogModuleManager: Shutting down and abandoning module WindowsServerTargetPlatform (29)
[2016.10.28-13.05.13:680][839]LogModuleManager: Shutting down and abandoning module WindowsNoEditorTargetPlatform (28)
[2016.10.28-13.05.13:680][839]LogModuleManager: Shutting down and abandoning module WindowsClientTargetPlatform (27)
[2016.10.28-13.05.13:680][839]LogModuleManager: Shutting down and abandoning module AllDesktopTargetPlatform (26)
[2016.10.28-13.05.13:680][839]LogModuleManager: Shutting down and abandoning module TargetPlatform (25)
[2016.10.28-13.05.13:680][839]LogModuleManager: Shutting down and abandoning module InputCore (24)
[2016.10.28-13.05.13:680][839]LogModuleManager: Shutting down and abandoning module Settings (23)
[2016.10.28-13.05.13:680][839]LogModuleManager: Shutting down and abandoning module OculusRift (22)
[2016.10.28-13.05.13:680][839]LogModuleManager: Shutting down and abandoning module GearVR (21)
[2016.10.28-13.05.13:680][839]LogModuleManager: Shutting down and abandoning module ExampleDeviceProfileSelector (20)
[2016.10.28-13.05.13:680][839]LogModuleManager: Shutting down and abandoning module OnlineBlueprintSupport (19)
[2016.10.28-13.05.13:680][839]LogModuleManager: Shutting down and abandoning module OnlineSubsystem (17)
[2016.10.28-13.05.13:680][839]LogOnline:Display: Unloading online subsystem: NULL
[2016.10.28-13.05.13:681][839]LogModuleManager: Shutting down and abandoning module HTTP (16)
[2016.10.28-13.05.13:681][839]LogHttp:Display: Http module shutting down, but needs to wait on 1 outstanding Http requests:
[2016.10.28-13.05.13:681][839]LogHttp:Display: 	verb=[POST] url=[https://datarouter.ol.epicgames.com/datarouter/api/v1/public/data?SessionID=%7B952BA12E-4968-50B0-46DF-F0A7F82C0A37%7D&AppID=UEEditor.Rocket.Release&AppVersion=4.13.1-3142249%2B%2B%2BUE4%2BRelease-4.13&UserID=ec45625747c2042ac924c2b4a3038dd9%7C%7Cf2eaebd3-5d71-4529-9362-09330573cf79&AppEnvironment=datacollector-binary&UploadType=eteventstream] status=Processing
[2016.10.28-13.05.13:708][839]LogModuleManager: Shutting down and abandoning module XMPP (15)
[2016.10.28-13.05.13:709][839]LogModuleManager: Shutting down and abandoning module TextureCompressor (14)
[2016.10.28-13.05.13:709][839]LogModuleManager: Shutting down and abandoning module ShaderCore (13)
[2016.10.28-13.05.13:709][839]LogModuleManager: Shutting down and abandoning module Landscape (12)
[2016.10.28-13.05.13:709][839]LogModuleManager: Shutting down and abandoning module SlateRHIRenderer (11)
[2016.10.28-13.05.13:710][839]LogModuleManager: Shutting down and abandoning module OpenGLDrv (10)
[2016.10.28-13.05.13:711][839]LogModuleManager: Shutting down and abandoning module D3D11RHI (9)
[2016.10.28-13.05.13:711][839]LogModuleManager: Shutting down and abandoning module AnimGraphRuntime (8)
[2016.10.28-13.05.13:711][839]LogModuleManager: Shutting down and abandoning module Renderer (7)
[2016.10.28-13.05.13:711][839]LogModuleManager: Shutting down and abandoning module Engine (6)
[2016.10.28-13.05.13:711][839]LogModuleManager: Shutting down and abandoning module CoreUObject (5)
[2016.10.28-13.05.13:711][839]LogModuleManager: Shutting down and abandoning module NetworkFile (4)
[2016.10.28-13.05.13:711][839]LogModuleManager: Shutting down and abandoning module StreamingFile (3)
[2016.10.28-13.05.13:711][839]LogModuleManager: Shutting down and abandoning module SandboxFile (2)
[2016.10.28-13.05.13:711][839]LogModuleManager: Shutting down and abandoning module PakFile (1)
[2016.10.28-13.05.13:712][839]LogExit: Exiting.
[2016.10.28-13.05.13:713][839]Log file closed, 10/28/16 14:05:13
