Log file open, 11/03/16 16:12:31
LogInit:Display: Running engine for game: MyProject
LogPlatformFile: Not using cached read wrapper
LogInit:Display: RandInit(-803386580) SRandInit(-803386580).
LogTaskGraph: Started task graph with 5 named threads and 8 total threads with 1 sets of task threads.
LogStats: Stats thread started at 0.829979
LogPluginManager: Loaded Plugin Paper2D, From C:/Program Files (x86)/Epic Games/4.13/Engine/Plugins/2D/Paper2D/Paper2D.uplugin
LogPluginManager: Loaded Plugin LightPropagationVolume, From C:/Program Files (x86)/Epic Games/4.13/Engine/Plugins/Blendables/LightPropagationVolume/LightPropagationVolume.uplugin
LogPluginManager: Loaded Plugin BlankPlugin, From C:/Program Files (x86)/Epic Games/4.13/Engine/Plugins/Developer/BlankPlugin/BlankPlugin.uplugin
LogPluginManager: Loaded Plugin CodeLiteSourceCodeAccess, From C:/Program Files (x86)/Epic Games/4.13/Engine/Plugins/Developer/CodeLiteSourceCodeAccess/CodeLiteSourceCodeAccess.uplugin
LogPluginManager: Loaded Plugin GitSourceControl, From C:/Program Files (x86)/Epic Games/4.13/Engine/Plugins/Developer/GitSourceControl/GitSourceControl.uplugin
LogPluginManager: Loaded Plugin KDevelopSourceCodeAccess, From C:/Program Files (x86)/Epic Games/4.13/Engine/Plugins/Developer/KDevelopSourceCodeAccess/KDevelopSourceCodeAccess.uplugin
LogPluginManager: Loaded Plugin NullSourceCodeAccess, From C:/Program Files (x86)/Epic Games/4.13/Engine/Plugins/Developer/NullSourceCodeAccess/NullSourceCodeAccess.uplugin
LogPluginManager: Loaded Plugin OneSkyLocalizationService, From C:/Program Files (x86)/Epic Games/4.13/Engine/Plugins/Developer/OneSkyLocalizationService/OneSkyLocalizationService.uplugin
LogPluginManager: Loaded Plugin PerforceSourceControl, From C:/Program Files (x86)/Epic Games/4.13/Engine/Plugins/Developer/PerforceSourceControl/PerforceSourceControl.uplugin
LogPluginManager: Loaded Plugin SubversionSourceControl, From C:/Program Files (x86)/Epic Games/4.13/Engine/Plugins/Developer/SubversionSourceControl/SubversionSourceControl.uplugin
LogPluginManager: Loaded Plugin UObjectPlugin, From C:/Program Files (x86)/Epic Games/4.13/Engine/Plugins/Developer/UObjectPlugin/UObjectPlugin.uplugin
LogPluginManager: Loaded Plugin VisualStudioSourceCodeAccess, From C:/Program Files (x86)/Epic Games/4.13/Engine/Plugins/Developer/VisualStudioSourceCodeAccess/VisualStudioSourceCodeAccess.uplugin
LogPluginManager: Loaded Plugin XCodeSourceCodeAccess, From C:/Program Files (x86)/Epic Games/4.13/Engine/Plugins/Developer/XCodeSourceCodeAccess/XCodeSourceCodeAccess.uplugin
LogPluginManager: Loaded Plugin EpicSurvey, From C:/Program Files (x86)/Epic Games/4.13/Engine/Plugins/Editor/EpicSurvey/EpicSurvey.uplugin
LogPluginManager: Loaded Plugin MacGraphicsSwitching, From C:/Program Files (x86)/Epic Games/4.13/Engine/Plugins/Editor/MacGraphicsSwitching/MacGraphicsSwitching.uplugin
LogPluginManager: Loaded Plugin MobileLauncherProfileWizard, From C:/Program Files (x86)/Epic Games/4.13/Engine/Plugins/Editor/MobileLauncherProfileWizard/MobileLauncherProfileWizard.uplugin
LogPluginManager: Loaded Plugin PluginBrowser, From C:/Program Files (x86)/Epic Games/4.13/Engine/Plugins/Editor/PluginBrowser/PluginBrowser.uplugin
LogPluginManager: Loaded Plugin SpeedTreeImporter, From C:/Program Files (x86)/Epic Games/4.13/Engine/Plugins/Editor/SpeedTreeImporter/SpeedTreeImporter.uplugin
LogPluginManager: Loaded Plugin SuperSearchEditor, From C:/Program Files (x86)/Epic Games/4.13/Engine/Plugins/Editor/SuperSearchEditor/SuperSearchEditor.uplugin
LogPluginManager: Loaded Plugin AlembicImporter, From C:/Program Files (x86)/Epic Games/4.13/Engine/Plugins/Experimental/AlembicImporter/AlembicImporter.uplugin
LogPluginManager: Loaded Plugin BlueprintStats, From C:/Program Files (x86)/Epic Games/4.13/Engine/Plugins/Experimental/BlueprintStats/BlueprintStats.uplugin
LogPluginManager: Loaded Plugin CharacterAI, From C:/Program Files (x86)/Epic Games/4.13/Engine/Plugins/Experimental/CharacterAI/CharacterAI.uplugin
LogPluginManager: Loaded Plugin CodeEditor, From C:/Program Files (x86)/Epic Games/4.13/Engine/Plugins/Experimental/CodeEditor/CodeEditor.uplugin
LogPluginManager: Loaded Plugin CodeView, From C:/Program Files (x86)/Epic Games/4.13/Engine/Plugins/Experimental/CodeView/CodeView.uplugin
LogPluginManager: Loaded Plugin HTML5Networking, From C:/Program Files (x86)/Epic Games/4.13/Engine/Plugins/Experimental/HTML5Networking/HTML5Networking.uplugin
LogPluginManager: Loaded Plugin LiveEditor, From C:/Program Files (x86)/Epic Games/4.13/Engine/Plugins/Experimental/LiveEditor/LiveEditor.uplugin
LogPluginManager: Loaded Plugin OSVR, From C:/Program Files (x86)/Epic Games/4.13/Engine/Plugins/Experimental/OSVR/OSVR.uplugin
LogPluginManager: Loaded Plugin Phya, From C:/Program Files (x86)/Epic Games/4.13/Engine/Plugins/Experimental/Phya/Phya.uplugin
LogPluginManager: Loaded Plugin SignificanceManager, From C:/Program Files (x86)/Epic Games/4.13/Engine/Plugins/Experimental/SignificanceManager/SignificanceManager.uplugin
LogPluginManager: Loaded Plugin SimpleHMD, From C:/Program Files (x86)/Epic Games/4.13/Engine/Plugins/Experimental/SimpleHMD/SimpleHMD.uplugin
LogPluginManager: Loaded Plugin StereoPanorama, From C:/Program Files (x86)/Epic Games/4.13/Engine/Plugins/Experimental/StereoPanorama/StereoPanorama.uplugin
LogPluginManager: Loaded Plugin StructBox, From C:/Program Files (x86)/Epic Games/4.13/Engine/Plugins/Experimental/StructBox/StructBox.uplugin
LogPluginManager: Loaded Plugin Substance, From C:/Program Files (x86)/Epic Games/4.13/Engine/Plugins/Marketplace/Substance/Substance.uplugin
LogPluginManager: Loaded Plugin AndroidMedia, From C:/Program Files (x86)/Epic Games/4.13/Engine/Plugins/Media/AndroidMedia/AndroidMedia.uplugin
LogPluginManager: Loaded Plugin AvfMedia, From C:/Program Files (x86)/Epic Games/4.13/Engine/Plugins/Media/AvfMedia/AvfMedia.uplugin
LogPluginManager: Loaded Plugin MediaPlayerEditor, From C:/Program Files (x86)/Epic Games/4.13/Engine/Plugins/Media/MediaPlayerEditor/MediaPlayerEditor.uplugin
LogPluginManager: Loaded Plugin WmfMedia, From C:/Program Files (x86)/Epic Games/4.13/Engine/Plugins/Media/WmfMedia/WmfMedia.uplugin
LogPluginManager: Loaded Plugin MessagingDebugger, From C:/Program Files (x86)/Epic Games/4.13/Engine/Plugins/Messaging/MessagingDebugger/MessagingDebugger.uplugin
LogPluginManager: Loaded Plugin TcpMessaging, From C:/Program Files (x86)/Epic Games/4.13/Engine/Plugins/Messaging/TcpMessaging/TcpMessaging.uplugin
LogPluginManager: Loaded Plugin UdpMessaging, From C:/Program Files (x86)/Epic Games/4.13/Engine/Plugins/Messaging/UdpMessaging/UdpMessaging.uplugin
LogPluginManager: Loaded Plugin LevelSequenceEditor, From C:/Program Files (x86)/Epic Games/4.13/Engine/Plugins/MovieScene/LevelSequenceEditor/LevelSequenceEditor.uplugin
LogPluginManager: Loaded Plugin MatineeToLevelSequence, From C:/Program Files (x86)/Epic Games/4.13/Engine/Plugins/MovieScene/MatineeToLevelSequence/MatineeToLevelSequence.uplugin
LogPluginManager: Loaded Plugin NetcodeUnitTest, From C:/Program Files (x86)/Epic Games/4.13/Engine/Plugins/NetcodeUnitTest/NetcodeUnitTest/NetcodeUnitTest.uplugin
LogPluginManager: Loaded Plugin NUTUnrealEngine4, From C:/Program Files (x86)/Epic Games/4.13/Engine/Plugins/NetcodeUnitTest/NUTUnrealEngine4/NUTUnrealEngine4.uplugin
LogPluginManager: Loaded Plugin OnlineSubsystemGooglePlay, From C:/Program Files (x86)/Epic Games/4.13/Engine/Plugins/Online/Android/OnlineSubsystemGooglePlay/OnlineSubsystemGooglePlay.uplugin
LogPluginManager: Loaded Plugin OnlineSubsystemIOS, From C:/Program Files (x86)/Epic Games/4.13/Engine/Plugins/Online/IOS/OnlineSubsystemIOS/OnlineSubsystemIOS.uplugin
LogPluginManager: Loaded Plugin OnlineFramework, From C:/Program Files (x86)/Epic Games/4.13/Engine/Plugins/Online/OnlineFramework/OnlineFramework.uplugin
LogPluginManager: Loaded Plugin OnlineSubsystem, From C:/Program Files (x86)/Epic Games/4.13/Engine/Plugins/Online/OnlineSubsystem/OnlineSubsystem.uplugin
LogPluginManager: Loaded Plugin OnlineSubsystemAmazon, From C:/Program Files (x86)/Epic Games/4.13/Engine/Plugins/Online/OnlineSubsystemAmazon/OnlineSubsystemAmazon.uplugin
LogPluginManager: Loaded Plugin OnlineSubsystemFacebook, From C:/Program Files (x86)/Epic Games/4.13/Engine/Plugins/Online/OnlineSubsystemFacebook/OnlineSubsystemFacebook.uplugin
LogPluginManager: Loaded Plugin OnlineSubsystemNull, From C:/Program Files (x86)/Epic Games/4.13/Engine/Plugins/Online/OnlineSubsystemNull/OnlineSubsystemNull.uplugin
LogPluginManager: Loaded Plugin OnlineSubsystemOculus, From C:/Program Files (x86)/Epic Games/4.13/Engine/Plugins/Online/OnlineSubsystemOculus/OnlineSubsystemOculus.uplugin
LogPluginManager: Loaded Plugin OnlineSubsystemSteam, From C:/Program Files (x86)/Epic Games/4.13/Engine/Plugins/Online/OnlineSubsystemSteam/OnlineSubsystemSteam.uplugin
LogPluginManager: Loaded Plugin OnlineSubsystemUtils, From C:/Program Files (x86)/Epic Games/4.13/Engine/Plugins/Online/OnlineSubsystemUtils/OnlineSubsystemUtils.uplugin
LogPluginManager: Loaded Plugin IOSTapJoy, From C:/Program Files (x86)/Epic Games/4.13/Engine/Plugins/Runtime/Advertising/IOSTapJoy/IOSTapJoy.uplugin
LogPluginManager: Loaded Plugin AnalyticsBlueprintLibrary, From C:/Program Files (x86)/Epic Games/4.13/Engine/Plugins/Runtime/Analytics/AnalyticsBlueprintLibrary/AnalyticsBlueprintLibrary.uplugin
LogPluginManager: Loaded Plugin AnalyticsMulticast, From C:/Program Files (x86)/Epic Games/4.13/Engine/Plugins/Runtime/Analytics/AnalyticsMulticast/AnalyticsMulticast.uplugin
LogPluginManager: Loaded Plugin Apsalar, From C:/Program Files (x86)/Epic Games/4.13/Engine/Plugins/Runtime/Analytics/Apsalar/Apsalar.uplugin
LogPluginManager: Loaded Plugin FileLogging, From C:/Program Files (x86)/Epic Games/4.13/Engine/Plugins/Runtime/Analytics/FileLogging/FileLogging.uplugin
LogPluginManager: Loaded Plugin Flurry, From C:/Program Files (x86)/Epic Games/4.13/Engine/Plugins/Runtime/Analytics/Flurry/Flurry.uplugin
LogPluginManager: Loaded Plugin AndroidDeviceProfileSelector, From C:/Program Files (x86)/Epic Games/4.13/Engine/Plugins/Runtime/AndroidDeviceProfileSelector/AndroidDeviceProfileSelector.uplugin
LogPluginManager: Loaded Plugin AndroidMoviePlayer, From C:/Program Files (x86)/Epic Games/4.13/Engine/Plugins/Runtime/AndroidMoviePlayer/AndroidMoviePlayer.uplugin
LogPluginManager: Loaded Plugin AppleMoviePlayer, From C:/Program Files (x86)/Epic Games/4.13/Engine/Plugins/Runtime/AppleMoviePlayer/AppleMoviePlayer.uplugin
LogPluginManager: Loaded Plugin ArchVisCharacter, From C:/Program Files (x86)/Epic Games/4.13/Engine/Plugins/Runtime/ArchVisCharacter/ArchVisCharacter.uplugin
LogPluginManager: Loaded Plugin CableComponent, From C:/Program Files (x86)/Epic Games/4.13/Engine/Plugins/Runtime/CableComponent/CableComponent.uplugin
LogPluginManager: Loaded Plugin CustomMeshComponent, From C:/Program Files (x86)/Epic Games/4.13/Engine/Plugins/Runtime/CustomMeshComponent/CustomMeshComponent.uplugin
LogPluginManager: Loaded Plugin ExampleDeviceProfileSelector, From C:/Program Files (x86)/Epic Games/4.13/Engine/Plugins/Runtime/ExampleDeviceProfileSelector/ExampleDeviceProfileSelector.uplugin
LogPluginManager: Loaded Plugin GearVR, From C:/Program Files (x86)/Epic Games/4.13/Engine/Plugins/Runtime/GearVR/GearVR.uplugin
LogPluginManager: Loaded Plugin GoogleVRController, From C:/Program Files (x86)/Epic Games/4.13/Engine/Plugins/Runtime/GoogleVR/GoogleVRController/GoogleVRController.uplugin
LogPluginManager: Loaded Plugin GoogleVRHMD, From C:/Program Files (x86)/Epic Games/4.13/Engine/Plugins/Runtime/GoogleVR/GoogleVRHMD/GoogleVRHMD.uplugin
LogPluginManager: Loaded Plugin IOSDeviceProfileSelector, From C:/Program Files (x86)/Epic Games/4.13/Engine/Plugins/Runtime/IOSDeviceProfileSelector/IOSDeviceProfileSelector.uplugin
LogPluginManager: Loaded Plugin LeapMotion, From C:/Program Files (x86)/Epic Games/4.13/Engine/Plugins/Runtime/LeapMotion/LeapMotion.uplugin
LogPluginManager: Loaded Plugin LinuxDeviceProfileSelector, From C:/Program Files (x86)/Epic Games/4.13/Engine/Plugins/Runtime/LinuxDeviceProfileSelector/LinuxDeviceProfileSelector.uplugin
LogPluginManager: Loaded Plugin LiveEditorListenServer, From C:/Program Files (x86)/Epic Games/4.13/Engine/Plugins/Runtime/LiveEditorListenServer/LiveEditorListenServer.uplugin
LogPluginManager: Loaded Plugin OculusAudio, From C:/Program Files (x86)/Epic Games/4.13/Engine/Plugins/Runtime/OculusAudio/OculusAudio.uplugin
LogPluginManager: Loaded Plugin OculusInput, From C:/Program Files (x86)/Epic Games/4.13/Engine/Plugins/Runtime/OculusInput/OculusInput.uplugin
LogPluginManager: Loaded Plugin OculusLibrary, From C:/Program Files (x86)/Epic Games/4.13/Engine/Plugins/Runtime/OculusLibrary/OculusLibrary.uplugin
LogPluginManager: Loaded Plugin OculusRift, From C:/Program Files (x86)/Epic Games/4.13/Engine/Plugins/Runtime/OculusRift/OculusRift.uplugin
LogPluginManager: Loaded Plugin Oodle, From C:/Program Files (x86)/Epic Games/4.13/Engine/Plugins/Runtime/PacketHandlers/CompressionComponents/Oodle/Oodle.uplugin
LogPluginManager: Loaded Plugin ProceduralMeshComponent, From C:/Program Files (x86)/Epic Games/4.13/Engine/Plugins/Runtime/ProceduralMeshComponent/ProceduralMeshComponent.uplugin
LogPluginManager: Loaded Plugin SoundMod, From C:/Program Files (x86)/Epic Games/4.13/Engine/Plugins/Runtime/SoundMod/SoundMod.uplugin
LogPluginManager: Loaded Plugin SoundVisualizations, From C:/Program Files (x86)/Epic Games/4.13/Engine/Plugins/Runtime/SoundVisualizations/SoundVisualizations.uplugin
LogPluginManager: Loaded Plugin SteamController, From C:/Program Files (x86)/Epic Games/4.13/Engine/Plugins/Runtime/Steam/SteamController/SteamController.uplugin
LogPluginManager: Loaded Plugin SteamVR, From C:/Program Files (x86)/Epic Games/4.13/Engine/Plugins/Runtime/Steam/SteamVR/SteamVR.uplugin
LogPluginManager: Loaded Plugin WebBrowserWidget, From C:/Program Files (x86)/Epic Games/4.13/Engine/Plugins/Runtime/WebBrowserWidget/WebBrowserWidget.uplugin
LogPluginManager: Loaded Plugin WindowsDeviceProfileSelector, From C:/Program Files (x86)/Epic Games/4.13/Engine/Plugins/Runtime/WindowsDeviceProfileSelector/WindowsDeviceProfileSelector.uplugin
LogPluginManager: Loaded Plugin WindowsMoviePlayer, From C:/Program Files (x86)/Epic Games/4.13/Engine/Plugins/Runtime/WindowsMoviePlayer/WindowsMoviePlayer.uplugin
LogPluginManager: Loaded Plugin ScriptPlugin, From C:/Program Files (x86)/Epic Games/4.13/Engine/Plugins/ScriptPlugin/ScriptPlugin.uplugin
LogPluginManager: Loaded Plugin SlateRemote, From C:/Program Files (x86)/Epic Games/4.13/Engine/Plugins/Slate/SlateRemote/SlateRemote.uplugin
LogInit: Using libcurl 7.47.1
LogInit:  - built for x86_64-pc-win32
LogInit:  - supports SSL with WinSSL
LogInit:  - other features:
LogInit:      CURL_VERSION_SSL
LogInit:      CURL_VERSION_IPV6
LogInit:      CURL_VERSION_ASYNCHDNS
LogInit:      CURL_VERSION_LARGEFILE
LogInit:      CURL_VERSION_IDN
LogInit:  CurlRequestOptions (configurable via config and command line):
LogInit:  - bVerifyPeer = false  - Libcurl will NOT verify peer certificate
LogInit:  - bUseHttpProxy = false  - Libcurl will NOT use HTTP proxy
LogInit:  - bDontReuseConnections = false  - Libcurl will reuse connections
LogInit:  - CertBundlePath = nullptr  - Libcurl will use whatever was configured at build time.
LogInit: Build: ++UE4+Release-4.13-CL-3172292
LogInit: Engine Version: 4.13.2-3172292+++UE4+Release-4.13
LogInit: Compatible Engine Version: 4.13.0-3106830+++UE4+Release-4.13
LogInit: Net CL: 3172292
LogDevObjectVersion: Number of dev versions registered: 13
LogDevObjectVersion:   Dev-Blueprints (B0D832E4-1F89-4F0D-ACCF-7EB736FD4AA2): 5
LogDevObjectVersion:   Dev-Build (E1C64328-A22C-4D53-A36C-8E866417BD8C): 0
LogDevObjectVersion:   Dev-Core (375EC13C-06E4-48FB-B500-84F0262A717E): 1
LogDevObjectVersion:   Dev-Editor (E4B068ED-F494-42E9-A231-DA0B2E46BB41): 6
LogDevObjectVersion:   Dev-Framework (CFFC743F-43B0-4480-9391-14DF171D2073): 12
LogDevObjectVersion:   Dev-Mobile (B02B49B5-BB20-44E9-A304-32B752E40360): 0
LogDevObjectVersion:   Dev-Networking (A4E4105C-59A1-49B5-A7C5-40C4547EDFEE): 0
LogDevObjectVersion:   Dev-Online (39C831C9-5AE6-47DC-9A44-9C173E1C8E7C): 0
LogDevObjectVersion:   Dev-Physics (78F01B33-EBEA-4F98-B9B4-84EACCB95AA2): 0
LogDevObjectVersion:   Dev-Platform (6631380F-2D4D-43E0-8009-CF276956A95A): 0
LogDevObjectVersion:   Dev-Rendering (12F88B9F-8875-4AFC-A67C-D90C383ABD29): 4
LogDevObjectVersion:   Dev-Sequencer (7B5AE74C-D270-4C10-A958-57980B212A5A): 0
LogDevObjectVersion:   Dev-VR (D7296918-1DD6-4BDD-9DE2-64A83CC13884): 0
LogInit: Compiled (64-bit): Oct 24 2016 14:29:06
LogInit: Compiled with Visual C++: 19.00.23026.00
LogInit: Build Configuration: Development
LogInit: Branch Name: ++UE4+Release-4.13
LogInit: Command line:  
LogInit: Base directory: C:/Program Files (x86)/Epic Games/4.13/Engine/Binaries/Win64/
LogInit: Installed Engine Build: 1
LogInit: Presizing for max 8388607 objects, including 0 objects not considered by GC, pre-allocating 0 bytes for permanent pool.
LogInit: Object subsystem initialized
[2016.11.03-16.12.31:556][  0]LogInit: Selected Device Profile: [Windows]
[2016.11.03-16.12.31:556][  0]LogInit: Applying CVar settings loaded from the selected device profile: [Windows]
[2016.11.03-16.12.31:603][  0]LogInit: Computer: TRJ208-02
[2016.11.03-16.12.31:603][  0]LogInit: User: 15012840
[2016.11.03-16.12.31:603][  0]LogInit: CPU Page size=65536, Cores=4
[2016.11.03-16.12.31:603][  0]LogInit: High frequency timer resolution =3.507714 MHz
[2016.11.03-16.12.31:604][  0]LogMemory: Memory total: Physical=31.8GB (32GB approx)
[2016.11.03-16.12.31:604][  0]LogMemory: Platform Memory Stats for Windows
[2016.11.03-16.12.31:604][  0]LogMemory: Process Physical Memory: 258.47 MB used, 258.47 MB peak
[2016.11.03-16.12.31:604][  0]LogMemory: Process Virtual Memory: 261.71 MB used, 261.71 MB peak
[2016.11.03-16.12.31:604][  0]LogMemory: Physical Memory: 4157.75 MB used, 32608.73 MB total
[2016.11.03-16.12.31:604][  0]LogMemory: Virtual Memory: 592.01 MB used, 8388608.00 MB total
[2016.11.03-16.12.31:763][  0]LogTextLocalizationManager: No specific translations for ('en-GB') exist, so ('en') translations will be used.
[2016.11.03-16.12.32:383][  0]LogD3D11RHI: D3D11 adapters:
[2016.11.03-16.12.32:401][  0]LogD3D11RHI:    0. 'NVIDIA GeForce GTX 970' (Feature Level 11_0)
[2016.11.03-16.12.32:401][  0]LogD3D11RHI:       4007/0/16048 MB DedicatedVideo/DedicatedSystem/SharedSystem, Outputs:1, VendorId:0x10de
[2016.11.03-16.12.32:437][  0]LogD3D11RHI:    1. 'Intel(R) HD Graphics 4600' (Feature Level 11_0)
[2016.11.03-16.12.32:437][  0]LogD3D11RHI:       192/0/1632 MB DedicatedVideo/DedicatedSystem/SharedSystem, Outputs:0, VendorId:0x8086
[2016.11.03-16.12.32:438][  0]LogD3D11RHI: Chosen D3D11 Adapter: 0
[2016.11.03-16.12.32:442][  0]LogD3D11RHI: Creating new Direct3DDevice
[2016.11.03-16.12.32:442][  0]LogD3D11RHI:     GPU DeviceId: 0x13c2 (for the marketing name, search the web for "GPU Device Id")
[2016.11.03-16.12.32:442][  0]LogWindows: EnumDisplayDevices:
[2016.11.03-16.12.32:442][  0]LogWindows:    0. 'NVIDIA GeForce GTX 970' (P:1 D:1)
[2016.11.03-16.12.32:442][  0]LogWindows:    1. 'NVIDIA GeForce GTX 970' (P:0 D:0)
[2016.11.03-16.12.32:442][  0]LogWindows:    2. 'NVIDIA GeForce GTX 970' (P:0 D:0)
[2016.11.03-16.12.32:442][  0]LogWindows:    3. 'NVIDIA GeForce GTX 970' (P:0 D:0)
[2016.11.03-16.12.32:442][  0]LogWindows:    4. 'Intel(R) HD Graphics 4600' (P:0 D:0)
[2016.11.03-16.12.32:443][  0]LogWindows:    5. 'Intel(R) HD Graphics 4600' (P:0 D:0)
[2016.11.03-16.12.32:443][  0]LogWindows:    6. 'Intel(R) HD Graphics 4600' (P:0 D:0)
[2016.11.03-16.12.32:443][  0]LogWindows:    7. 'RDPDD Chained DD' (P:0 D:0)
[2016.11.03-16.12.32:443][  0]LogWindows:    8. 'RDP Encoder Mirror Driver' (P:0 D:0)
[2016.11.03-16.12.32:443][  0]LogWindows:    9. 'RDP Reflector Display Driver' (P:0 D:0)
[2016.11.03-16.12.32:443][  0]LogWindows: DebugString: PrimaryIsNotTheChoosenAdapter PrimaryIsNotTheChoosenAdapter PrimaryIsNotTheChoosenAdapter GetVideoDriverDetailsInvalid PrimaryIsNotTheChoosenAdapter GetVideoDriverDetailsInvalid PrimaryIsNotTheChoosenAdapter GetVideoDriverDetailsInvalid PrimaryIsNotTheChoosenAdapter FoundDriverCount:4 
[2016.11.03-16.12.32:443][  0]LogD3D11RHI:     Adapter Name: NVIDIA GeForce GTX 970
[2016.11.03-16.12.32:443][  0]LogD3D11RHI:   Driver Version: 372.70 (internal:21.21.13.7270, unified:372.70)
[2016.11.03-16.12.32:443][  0]LogD3D11RHI:      Driver Date: 8-25-2016
[2016.11.03-16.12.32:443][  0]LogRHI: Texture pool is 1361 MB (70% of 1945 MB)
[2016.11.03-16.12.32:449][  0]LogD3D11RHI: Async texture creation enabled
[2016.11.03-16.12.32:487][  0]LogD3D11RHI: GPU Timing Frequency: 1000.000000 (Debug: 2 2)
[2016.11.03-16.12.32:494][  0]LogShaderCompilers: Guid format shader working directory is 10 characters bigger than the processId version (F:/My Documents/Unreal Projects/filaman/Intermediate/Shaders/WorkingDirectory/6464/).
[2016.11.03-16.12.32:494][  0]LogShaderCompilers: Cleaned the shader compiler working directory 'C:/Users/15012840/AppData/Local/Temp/UnrealShaderWorkingDir/F069E1CF4A6E477824A993ACC7D748C4/'.
[2016.11.03-16.12.32:494][  0]LogShaderCompilers:Display: Using Local Shader Compiler.
[2016.11.03-16.12.33:728][  0]LogTemp:Display: Loaded TP AllDesktopTargetPlatform
[2016.11.03-16.12.33:737][  0]LogTemp:Display: Loaded TP WindowsClientTargetPlatform
[2016.11.03-16.12.33:747][  0]LogTemp:Display: Loaded TP WindowsNoEditorTargetPlatform
[2016.11.03-16.12.33:757][  0]LogTemp:Display: Loaded TP WindowsServerTargetPlatform
[2016.11.03-16.12.33:766][  0]LogTemp:Display: Loaded TP WindowsTargetPlatform
[2016.11.03-16.12.33:776][  0]LogTemp:Display: Loaded TP AndroidTargetPlatform
[2016.11.03-16.12.33:785][  0]LogTemp:Display: Loaded TP Android_ASTCTargetPlatform
[2016.11.03-16.12.33:794][  0]LogTemp:Display: Loaded TP Android_ATCTargetPlatform
[2016.11.03-16.12.33:803][  0]LogTemp:Display: Loaded TP Android_DXTTargetPlatform
[2016.11.03-16.12.33:811][  0]LogTemp:Display: Loaded TP Android_ETC1TargetPlatform
[2016.11.03-16.12.33:819][  0]LogTemp:Display: Loaded TP Android_ETC2TargetPlatform
[2016.11.03-16.12.33:836][  0]LogTemp:Display: Loaded TP Android_MultiTargetPlatform
[2016.11.03-16.12.33:836][  0]LogTemp:Display: Loaded TP Android_PVRTCTargetPlatform
[2016.11.03-16.12.33:839][  0]LogTemp:Display: Loaded TP HTML5TargetPlatform
[2016.11.03-16.12.33:867][  0]LogTemp:Display: Loaded TP IOSTargetPlatform
[2016.11.03-16.12.33:873][  0]LogTemp:Display: Loaded TP TVOSTargetPlatform
[2016.11.03-16.12.33:881][  0]LogTemp:Display: Loaded TP LinuxClientTargetPlatform
[2016.11.03-16.12.33:889][  0]LogTemp:Display: Loaded TP LinuxNoEditorTargetPlatform
[2016.11.03-16.12.33:896][  0]LogTemp:Display: Loaded TP LinuxServerTargetPlatform
[2016.11.03-16.12.33:906][  0]LogTemp:Display: Loaded TP LinuxTargetPlatform
[2016.11.03-16.12.33:906][  0]LogTargetPlatformManager:Display: Building Assets For Windows
[2016.11.03-16.12.34:032][  0]LogDerivedDataCache:Display: Max Cache Size: 512 MB
[2016.11.03-16.12.34:032][  0]LogDerivedDataCache:Display: Starting with empty Boot cache
[2016.11.03-16.12.34:033][  0]LogDerivedDataCache: FDerivedDataBackendGraph:  Pak pak cache file F:/My Documents/Unreal Projects/filaman/DerivedDataCache/DDC.ddp not found, will not use a pak cache.
[2016.11.03-16.12.34:033][  0]LogDerivedDataCache: Unable to find inner node Pak for hierarchical cache Hierarchy.
[2016.11.03-16.12.34:033][  0]LogDerivedDataCache: FDerivedDataBackendGraph:  CompressedPak pak cache file F:/My Documents/Unreal Projects/filaman/DerivedDataCache/Compressed.ddp not found, will not use a pak cache.
[2016.11.03-16.12.34:033][  0]LogDerivedDataCache: Unable to find inner node CompressedPak for hierarchical cache Hierarchy.
[2016.11.03-16.12.34:051][  0]LogDerivedDataCache:Display: Pak cache opened for reading ../../../Engine/DerivedDataCache/Compressed.ddp.
[2016.11.03-16.12.34:062][  0]LogDerivedDataCache: Using Local data cache path C:/Users/15012840/AppData/Local/UnrealEngine/Common/DerivedDataCache: Writable
[2016.11.03-16.12.34:918][  0]LogInit: Selected Device Profile: [Windows]
[2016.11.03-16.12.34:926][  0]LogMaterial: Uniform references updated for custom material expression Custom.
[2016.11.03-16.12.34:933][  0]LogTexture:Display: Building textures: DefaultTexture (DXT1)
[2016.11.03-16.12.34:949][  0]LogContentStreaming: Texture pool size is 0.00 MB
[2016.11.03-16.12.34:956][  0]LogTexture:Display: Building textures: T_Default_Material_Grid_M (AutoDXT)
[2016.11.03-16.12.35:080][  0]LogTexture:Display: Building textures: T_Default_Material_Grid_N (BC5)
[2016.11.03-16.12.35:178][  0]LogTexture:Display: Building textures: DefaultDiffuse (AutoDXT)
[2016.11.03-16.12.35:717][  0]LogTexture:Display: Building textures: WhiteSquareTexture (AutoDXT)
[2016.11.03-16.12.35:753][  0]LogTexture:Display: Building textures: S_Actor (BGRA8)
[2016.11.03-16.12.35:757][  0]LogTexture:Display: Building textures: S_LevelSequence (BGRA8)
[2016.11.03-16.12.35:763][  0]LogTexture:Display: Building textures: AICON-Red (AutoDXT)
[2016.11.03-16.12.35:770][  0]LogTexture:Display: Building textures: AICON-Green (AutoDXT)
[2016.11.03-16.12.35:885][  0]LogMeshUtilities: No automatic mesh reduction module available
[2016.11.03-16.12.35:885][  0]LogMeshUtilities: No automatic mesh merging module available
[2016.11.03-16.12.35:885][  0]LogMeshUtilities: No distributed automatic mesh merging module available
[2016.11.03-16.12.35:943][  0]LogTexture:Display: Building textures: MatineeCam_D (AutoDXT)
[2016.11.03-16.12.36:015][  0]LogTexture:Display: Building textures: EpicQuadPanorama_CC+EV1 (RGBA16F)
[2016.11.03-16.12.41:724][  0]LogTexture:Display: Building textures: RGBTable16x1_AssetViewer (BGRA8)
[2016.11.03-16.12.41:740][  0]LogTexture:Display: Building textures: Bad (BGRA8)
[2016.11.03-16.12.41:778][  0]LogTexture:Display: Building textures: Default (BGRA8)
[2016.11.03-16.12.41:784][  0]LogTexture:Display: Building textures: VR-Basic (BGRA8)
[2016.11.03-16.12.41:821][  0]LogTexture:Display: Building textures: Grid (AutoDXT)
[2016.11.03-16.12.41:864][  0]LogTexture:Display: Building textures: DaylightAmbientCubemap (RGBA16F)
[2016.11.03-16.12.47:466][  0]LogTexture:Display: Building textures: PSysThumbnail_NoImage (AutoDXT)
[2016.11.03-16.12.47:475][  0]LogTexture:Display: Building textures: PSysThumbnail_OOD (AutoDXT)
[2016.11.03-16.12.47:483][  0]LogTexture:Display: Building textures: S_DecalActorIcon (AutoDXT)
[2016.11.03-16.12.47:533][  0]LogTexture:Display: Building textures: S_Terrain (BGRA8)
[2016.11.03-16.12.47:561][  0]LogTexture:Display: Building textures: flipbook (AutoDXT)
[2016.11.03-16.12.47:610][  0]LogTexture:Display: Building textures: T_EditorHelp (AutoDXT)
[2016.11.03-16.12.48:058][  0]LogTexture:Display: Building textures: S_Emitter (BGRA8)
[2016.11.03-16.12.48:065][  0]LogTexture:Display: Building textures: S_ExpoHeightFog (BGRA8)
[2016.11.03-16.12.48:070][  0]LogTexture:Display: Building textures: S_NavP (BGRA8)
[2016.11.03-16.12.48:077][  0]LogTexture:Display: Building textures: S_Player (BGRA8)
[2016.11.03-16.12.48:084][  0]LogTexture:Display: Building textures: SkyLight (BGRA8)
[2016.11.03-16.12.48:091][  0]LogTexture:Display: Building textures: S_WindDirectional (AutoDXT)
[2016.11.03-16.12.48:173][  0]LogTexture:Display: Building textures: S_LightDirectional (BGRA8)
[2016.11.03-16.12.48:197][  0]LogTexture:Display: Building textures: S_LightDirectionalMove (BGRA8)
[2016.11.03-16.12.48:205][  0]LogTexture:Display: Building textures: S_LightPoint (BGRA8)
[2016.11.03-16.12.48:213][  0]LogTexture:Display: Building textures: S_LightPointMove (BGRA8)
[2016.11.03-16.12.48:221][  0]LogTexture:Display: Building textures: S_LightSpot (BGRA8)
[2016.11.03-16.12.48:229][  0]LogTexture:Display: Building textures: S_LightSpotMove (BGRA8)
[2016.11.03-16.12.48:236][  0]LogTexture:Display: Building textures: S_PortalActorIcon2 (AutoDXT)
[2016.11.03-16.12.48:258][  0]LogTexture:Display: Building textures: MatInstActSprite (BGRA8)
[2016.11.03-16.12.48:262][  0]LogTexture:Display: Building textures: SceneManager (BGRA8)
[2016.11.03-16.12.48:272][  0]LogTexture:Display: Building textures: S_NavLink (AutoDXT)
[2016.11.03-16.12.48:284][  0]LogTexture:Display: Building textures: S_Note (BGRA8)
[2016.11.03-16.12.48:297][  0]LogTexture:Display: Building textures: S_ReflActorIcon (AutoDXT)
[2016.11.03-16.12.48:323][  0]LogTexture:Display: Building textures: S_Thruster (BGRA8)
[2016.11.03-16.12.48:329][  0]LogTexture:Display: Building textures: S_RadForce (BGRA8)
[2016.11.03-16.12.48:335][  0]LogTexture:Display: Building textures: TargetIcon (BGRA8)
[2016.11.03-16.12.48:344][  0]LogTexture:Display: Building textures: RobotoDistanceField_PageA (G8)
[2016.11.03-16.12.48:356][  0]LogTexture:Display: Building textures: S_TextRenderActorIcon (AutoDXT)
[2016.11.03-16.12.48:370][  0]LogTexture:Display: Building textures: S_Trigger (BGRA8)
[2016.11.03-16.12.48:379][  0]LogTexture:Display: Building textures: S_VectorFieldVol (BGRA8)
[2016.11.03-16.12.48:387][  0]LogTexture:Display: Building textures: GradientTexture0 (BGRA8)
[2016.11.03-16.12.48:391][  0]LogTexture:Display: Building textures: Black (AutoDXT)
[2016.11.03-16.12.48:423][  0]LogTexture:Display: Building textures: MAT_Groups_Float (AutoDXT)
[2016.11.03-16.12.48:424][  0]LogTexture:Display: Building textures: MAT_Groups_Director (AutoDXT)
[2016.11.03-16.12.48:425][  0]LogTexture:Display: Building textures: MAT_Groups_Event (AutoDXT)
[2016.11.03-16.12.48:427][  0]LogTexture:Display: Building textures: MAT_Groups_Anim (AutoDXT)
[2016.11.03-16.12.48:428][  0]LogTexture:Display: Building textures: MAT_Groups_Fade (AutoDXT)
[2016.11.03-16.12.48:430][  0]LogTexture:Display: Building textures: MAT_Groups_Move (AutoDXT)
[2016.11.03-16.12.48:431][  0]LogTexture:Display: Building textures: MAT_Groups_Slomo (AutoDXT)
[2016.11.03-16.12.48:432][  0]LogTexture:Display: Building textures: MAT_ColorTrack (AutoDXT)
[2016.11.03-16.12.48:434][  0]LogTexture:Display: Building textures: MAT_Groups_Toggle (AutoDXT)
[2016.11.03-16.12.48:435][  0]LogTexture:Display: Building textures: MAT_Groups_AudioMaster (AutoDXT)
[2016.11.03-16.12.48:436][  0]LogTexture:Display: Building textures: MAT_Groups_Sound (AutoDXT)
[2016.11.03-16.12.48:438][  0]LogTexture:Display: Building textures: MAT_Groups_Vector (AutoDXT)
[2016.11.03-16.12.48:439][  0]LogTexture:Display: Building textures: MAT_Groups_Visibility (AutoDXT)
[2016.11.03-16.12.48:442][  0]LogTexture:Display: Building textures: DefaultTextureCube (DXT1)
[2016.11.03-16.12.48:941][  0]LogNetVersion: GetLocalNetworkVersion: CL: 3106830, ProjectName: myproject, ProjectVersion: , EngineNetworkVersion: 1, GameNetworkVersion: 0, NetworkChecksum: 1879837642
[2016.11.03-16.12.48:992][  0]LogAssetRegistry: FAssetRegistry took 0.0230 seconds to start up
[2016.11.03-16.12.49:119][  0]LogPackageLocalizationCache: Processed 3 localized package path(s) for 2 prioritized culture(s) in 0.121675 seconds
[2016.11.03-16.12.49:126][  0]LogUObjectArray: 29778 objects as part of root set at end of initial load.
[2016.11.03-16.12.49:126][  0]LogUObjectAllocator: 6125456 out of 0 bytes used by permanent object pool.
[2016.11.03-16.12.49:126][  0]LogUObjectArray: CloseDisregardForGC: 0/0 objects in disregard for GC pool
[2016.11.03-16.12.49:134][  0]LogInit: WinSock: version 1.1 (2.2), MaxSocks=32767, MaxUdp=65467
[2016.11.03-16.12.49:415][  0]LogTexture:Display: Building textures: S_FTest (AutoDXT)
[2016.11.03-16.12.49:550][  0]LogTexture:Display: Building textures: VR_LaserPower_01 (AutoDXT)
[2016.11.03-16.12.49:704][  0]LogTexture:Display: Building textures: UE4_Logo (AutoDXT)
[2016.11.03-16.12.49:815][  0]LogTexture:Display: Building textures: GizmoText_RobotoDistanceField_PageA (G8)
[2016.11.03-16.12.49:866][  0]LogTexture:Display: Building textures: SimpleGrid (AutoDXT)
[2016.11.03-16.12.49:976][  0]LogSlate: SlateFontCache - WITH_FREETYPE: 1, WITH_HARFBUZZ: 1
[2016.11.03-16.12.49:976][  0]LogSlate: SlateFontCache - WITH_FREETYPE: 1, WITH_HARFBUZZ: 1
[2016.11.03-16.12.51:104][  0]LogTexture:Display: Building textures: DummySpriteTexture (AutoDXT)
[2016.11.03-16.12.51:152][  0]LogSubstanceCoreModule: Substance CPU Engine Loaded, Max Texture Size 2048
[2016.11.03-16.12.51:164][  0]LogTcpMessaging: Initializing TcpMessaging bridge
[2016.11.03-16.12.51:185][  0]LogUdpMessaging: Initializing bridge on interface 0.0.0.0:0 to multicast group 230.0.0.1:6666.
[2016.11.03-16.12.51:186][  0]LogDirectoryWatcher: A directory notification failed for 'F:/My Documents/Unreal Projects/filaman/Content/' because it was empty or there was a buffer overflow. Attemping another request...
[2016.11.03-16.12.51:390][  0]LogTexture:Display: Building textures: MiniFont (AutoDXT)
[2016.11.03-16.12.51:572][  0]SourceControl: Info Source control is disabled
[2016.11.03-16.12.51:640][  0]SourceControl: Info Source control is disabled
[2016.11.03-16.12.51:658][  0]SourceControl: Info Source control is disabled
[2016.11.03-16.12.51:670][  0]SourceControl: Info Source control is disabled
[2016.11.03-16.12.52:070][  0]LogEngine: Initializing Engine...
[2016.11.03-16.12.52:071][  0]LogHMD: Failed to initialize OpenVR with code 110
[2016.11.03-16.12.52:111][  0]LogTexture:Display: Building textures: DefaultWhiteGrid (AutoDXT)
[2016.11.03-16.12.52:191][  0]LogTexture:Display: Building textures: InvalidLightmapSettings (AutoDXT)
[2016.11.03-16.12.52:235][  0]LogTexture:Display: Building textures: HeatmapGradient (BGRA8)
[2016.11.03-16.12.52:245][  0]LogTexture:Display: Building textures: PreviewShadowIndicator (BGRA8)
[2016.11.03-16.12.52:263][  0]LogTexture:Display: Building textures: BSPVertex (AutoDXT)
[2016.11.03-16.12.52:264][  0]LogTexture:Display: Building textures: Good64x64TilingNoiseHighFreq (G8)
[2016.11.03-16.12.52:265][  0]LogTexture:Display: Building textures: DefaultBokeh (BGRA8)
[2016.11.03-16.12.52:267][  0]LogTexture:Display: Building textures: PreintegratedSkinBRDF (BGRA8)
[2016.11.03-16.12.52:272][  0]LogTexture:Display: Building textures: WeightMapPlaceholderTexture (BGRA8)
[2016.11.03-16.12.52:326][  0]LogAIModule: Creating AISystem for world Untitled
[2016.11.03-16.12.52:347][  0]LogInit: XAudio2 using 'Speakers (High Definition Audio Device)' : 2 channels at 44.1 kHz using 16 bits per sample (channel mask 0x3)
[2016.11.03-16.12.52:361][  0]LogInit: FAudioDevice initialized.
[2016.11.03-16.12.52:385][  0]LogDerivedDataCache: Saved boot cache 0.02s 76MB C:/Users/15012840/AppData/Local/UnrealEngine/4.13/DerivedDataCache/Boot.ddc.
[2016.11.03-16.12.52:391][  0]LogInit: Texture streaming: Enabled
[2016.11.03-16.12.52:440][  0]LogInit: Transaction tracking system initialized
[2016.11.03-16.12.52:510][  0]BlueprintLog: New page: Editor Load
[2016.11.03-16.12.52:771][  0]LocalizationService: Info Localization service is disabled
[2016.11.03-16.12.53:105][  0]LogConsoleResponse:Display: 
[2016.11.03-16.12.53:137][  0]LogTexture:Display: Building textures: Cross (AutoDXT)
[2016.11.03-16.12.53:156][  0]LogTexture:Display: Building textures: Tick (AutoDXT)
[2016.11.03-16.12.53:162][  0]LogTexture:Display: Building textures: WidgetGridVertexColorMaterial (AutoDXT)
[2016.11.03-16.12.53:212][  0]LogTexture:Display: Building textures: CASC_None (AutoDXT)
[2016.11.03-16.12.53:213][  0]LogTexture:Display: Building textures: CASC_Cross (AutoDXT)
[2016.11.03-16.12.53:219][  0]LogTexture:Display: Building textures: Texture2D_28 (AutoDXT)
[2016.11.03-16.12.53:227][  0]LogTexture:Display: Building textures: S_KBSJoint (BGRA8)
[2016.11.03-16.12.53:229][  0]LogTexture:Display: Building textures: S_KHinge (BGRA8)
[2016.11.03-16.12.53:232][  0]LogTexture:Display: Building textures: S_KPrismatic (BGRA8)
[2016.11.03-16.12.53:237][  0]LogTexture:Display: Building textures: S_LightError (BGRA8)
[2016.11.03-16.12.53:242][  0]LogTexture:Display: Building textures: T_Loft_Spline (AutoDXT)
[2016.11.03-16.12.53:290][  0]LogTexture:Display: Building textures: DefaultNormal (BC5)
[2016.11.03-16.12.53:376][  0]LogTexture:Display: Building textures: Grid_N (BC5)
[2016.11.03-16.12.53:401][  0]LogTexture:Display: Building textures: PaperDiffuse (AutoDXT)
[2016.11.03-16.12.53:519][  0]LogTexture:Display: Building textures: PaperNormal (BC5)
[2016.11.03-16.12.53:545][  0]LogTexture:Display: Building textures: Texture2D_28 (AutoDXT)
[2016.11.03-16.12.53:554][  0]LogTexture:Display: Building textures: Texture2D_29 (AutoDXT)
[2016.11.03-16.12.53:559][  0]LogTexture:Display: Building textures: StreamingPauseIcon (AutoDXT)
[2016.11.03-16.12.53:582][  0]LogFileCache: Scanning file cache for directory 'F:/My Documents/Unreal Projects/filaman/Content/' took 0.01s
[2016.11.03-16.12.53:582][  0]LogCook:Display: Max memory allowance for cook 16384mb min free memory 0mb
[2016.11.03-16.12.53:583][  0]LogCook:Display: Mobile HDR setting 1
[2016.11.03-16.12.53:744][  0]LogTexture:Display: Building textures: Countdown (AutoDXT)
[2016.11.03-16.12.53:750][  0]LogTexture:Display: Building textures: RecordingIndicator (AutoDXT)
[2016.11.03-16.12.53:815][  0]LogTexture:Display: Building textures: DefaultAlphaTexture (BGRA8)
[2016.11.03-16.12.53:842][  0]SourceControl: Info Source control is disabled
[2016.11.03-16.12.53:844][  0]Cmd: MAP LOAD FILE="F:/My Documents/Unreal Projects/filaman/Content/ThirdPersonBP/Maps/ThirdPersonExampleMap.umap" TEMPLATE=0 SHOWPROGRESS=1 FEATURELEVEL=3
[2016.11.03-16.12.53:927][  0]LightingResults: New page: Lighting Build
[2016.11.03-16.12.53:942][  0]MapCheck: New page: Map Check
[2016.11.03-16.12.53:942][  0]LightingResults: New page: Lighting Build
[2016.11.03-16.12.56:375][  0]LogMaterial: Missing cached shader map for material clear_glass, compiling. 
[2016.11.03-16.12.57:022][  0]LogTexture:Display: Building textures: T_MacroVariation (AutoDXT)
[2016.11.03-16.12.59:700][  0]LogMaterial: Missing cached shader map for material M_Metal_Chrome, compiling. 
[2016.11.03-16.13.00:068][  0]LogTexture:Display: Building textures: T_Metal_Copper_D (AutoDXT)
[2016.11.03-16.13.02:721][  0]LogTexture:Display: Building textures: T_Metal_Gold_N (BC5)
[2016.11.03-16.13.03:246][  0]LogMaterial: Missing cached shader map for material M_Metal_Copper, compiling. 
[2016.11.03-16.13.03:331][  0]LogTexture:Display: Building textures: T_ML_Aluminum01 (AutoDXT)
[2016.11.03-16.13.03:467][  0]LogTexture:Display: Building textures: UE4_LOGO_CARD (AutoDXT)
[2016.11.03-16.13.03:540][  0]LogTexture:Display: Building textures: T_ML_Rubber_Blue_01_N (BC5)
[2016.11.03-16.13.03:604][  0]LogMaterial: Missing cached shader map for material M_Glass, compiling. 
[2016.11.03-16.13.03:753][  0]LogTexture:Display: Building textures: HQ_Lightmap2_1 (AutoDXT)
[2016.11.03-16.13.03:958][  0]LogTexture:Display: Building textures: HQ_Lightmap2_2 (AutoDXT)
[2016.11.03-16.13.04:098][  0]LogTexture:Display: Building textures: HQ_Lightmap2_3 (AutoDXT)
[2016.11.03-16.13.04:139][  0]LogTexture:Display: Building textures: HQ_Lightmap2_4 (AutoDXT)
[2016.11.03-16.13.04:169][  0]LogTexture:Display: Building textures: HQ_Lightmap2_5 (AutoDXT)
[2016.11.03-16.13.04:194][  0]LogTexture:Display: Building textures: HQ_Lightmap2_6 (AutoDXT)
[2016.11.03-16.13.04:208][  0]LogTexture:Display: Building textures: LQ_Lightmap_0_1 (DXT1)
[2016.11.03-16.13.04:316][  0]LogTexture:Display: Building textures: LQ_Lightmap_0_2 (DXT1)
[2016.11.03-16.13.04:373][  0]LogTexture:Display: Building textures: LQ_Lightmap_0_3 (DXT1)
[2016.11.03-16.13.04:396][  0]LogTexture:Display: Building textures: LQ_Lightmap_0_4 (DXT1)
[2016.11.03-16.13.04:452][  0]LogTexture:Display: Building textures: LQ_Lightmap_0_5 (DXT1)
[2016.11.03-16.13.04:490][  0]LogTexture:Display: Building textures: LQ_Lightmap_0_6 (DXT1)
[2016.11.03-16.13.04:501][  0]LogTexture:Display: Building textures: SkyOcclusion0_1 (AutoDXT)
[2016.11.03-16.13.04:637][  0]LogTexture:Display: Building textures: SkyOcclusion0_2 (AutoDXT)
[2016.11.03-16.13.04:763][  0]LogTexture:Display: Building textures: SkyOcclusion0_3 (AutoDXT)
[2016.11.03-16.13.04:832][  0]LogTexture:Display: Building textures: SkyOcclusion0_4 (AutoDXT)
[2016.11.03-16.13.04:866][  0]LogTexture:Display: Building textures: SkyOcclusion0_5 (AutoDXT)
[2016.11.03-16.13.04:884][  0]LogTexture:Display: Building textures: SkyOcclusion0_6 (AutoDXT)
[2016.11.03-16.13.04:968][  0]LogTexture:Display: Building textures: T_Sky_Clouds_M (BGRA8)
[2016.11.03-16.13.05:383][  0]LogTexture:Display: Building textures: T_Sky_Stars (AutoDXT)
[2016.11.03-16.13.05:708][  0]LogTexture:Display: Building textures: T_Sky_Blue (AutoDXT)
[2016.11.03-16.13.06:861][  0]LogTexture:Display: Building textures: ShadowMapTexture2D_12 (G8)
[2016.11.03-16.13.06:899][  0]LogTexture:Display: Building textures: ShadowMapTexture2D_13 (G8)
[2016.11.03-16.13.06:965][  0]LogTexture:Display: Building textures: ShadowMapTexture2D_14 (G8)
[2016.11.03-16.13.06:982][  0]LogTexture:Display: Building textures: ShadowMapTexture2D_15 (G8)
[2016.11.03-16.13.06:994][  0]LogTexture:Display: Building textures: ShadowMapTexture2D_16 (G8)
[2016.11.03-16.13.06:999][  0]LogTexture:Display: Building textures: ShadowMapTexture2D_17 (G8)
[2016.11.03-16.13.07:012][  0]LogTexture:Display: Building textures: T_ML_Rubber_Blue_01_D (AutoDXT)
[2016.11.03-16.13.07:290][  0]LogTexture:Display: Building textures: UE4Man_Logo_N (BC5)
[2016.11.03-16.13.07:341][  0]LogTexture:Display: Building textures: UE4_Mannequin_MAT_MASKA (AutoDXT)
[2016.11.03-16.13.07:604][  0]LogTexture:Display: Building textures: UE4_Mannequin__normals (BC5)
[2016.11.03-16.13.08:050][  0]LogTexture:Display: Building textures: T_ML_Aluminum01_N (BC5)
[2016.11.03-16.13.08:160][  0]LogAIModule: Creating AISystem for world ThirdPersonExampleMap
[2016.11.03-16.13.08:975][  0]LogTexture:Display: Building textures: EmptyActor (BGRA8)
[2016.11.03-16.13.09:056][  0]LogEditorServer: Finished looking for orphan Actors (0.000 secs)
[2016.11.03-16.13.09:063][  0]Cmd: MAP CHECKDEP NOCLEARLOG
[2016.11.03-16.13.09:135][  0]MapCheck: Info Map check complete: 0 Error(s), 0 Warning(s), took 71.216ms to complete.
[2016.11.03-16.13.09:135][  0]LogFileHelpers: Loading map 'ThirdPersonExampleMap' took 15.291
[2016.11.03-16.13.09:895][  0]LogCollectionManager: Loaded 0 collections in 0.004942 seconds
[2016.11.03-16.13.09:999][  0]LogFileCache: Scanning file cache for directory 'F:/My Documents/Unreal Projects/filaman/Saved/Collections/' took 0.01s
[2016.11.03-16.13.09:999][  0]LogFileCache: Scanning file cache for directory 'F:/My Documents/Unreal Projects/filaman/Content/Developers/15012840/Collections/' took 0.02s
[2016.11.03-16.13.09:999][  0]LogFileCache: Scanning file cache for directory 'F:/My Documents/Unreal Projects/filaman/Content/Collections/' took 0.02s
[2016.11.03-16.13.09:999][  0]LogCollectionManager: Rebuilt the GUID cache for 0 collections in 0.000003 seconds
[2016.11.03-16.13.10:018][  0]LogContentBrowser: Native class hierarchy populated in 0.0134 seconds. Added 2156 classes and 421 folders.
[2016.11.03-16.13.10:027][  0]LogStats: UGameplayTagsManager::ConstructGameplayTagTree: Construct from data asset -  0.000 s
[2016.11.03-16.13.10:027][  0]LogStats: UGameplayTagsManager::ConstructGameplayTagTree: GameplayTagTreeChangedEvent.Broadcast -  0.000 s
[2016.11.03-16.13.10:028][  0]LogContentBrowser: Native class hierarchy updated for 'GameplayTags' in 0.0006 seconds. Added 12 classes and 0 folders.
[2016.11.03-16.13.10:038][  0]LogContentBrowser: Native class hierarchy updated for 'WidgetCarousel' in 0.0005 seconds. Added 0 classes and 0 folders.
[2016.11.03-16.13.10:650][  0]LogContentBrowser: Native class hierarchy updated for 'AddContentDialog' in 0.0007 seconds. Added 0 classes and 0 folders.
[2016.11.03-16.13.10:667][  0]LogContentBrowser: Native class hierarchy updated for 'SceneOutliner' in 0.0007 seconds. Added 1 classes and 2 folders.
[2016.11.03-16.13.10:748][  0]LogCrashTracker: Crashtracker disabled due to settings.
[2016.11.03-16.13.10:783][  0]LogTexture:Display: Building textures: Blueprint_64x (BGRA8)
[2016.11.03-16.13.10:807][  0]LogTexture:Display: Building textures: icon_Editor_Preferences_General_40x (BGRA8)
[2016.11.03-16.13.10:809][  0]LogTexture:Display: Building textures: Paper2DSprite_TutorialIcon (BGRA8)
[2016.11.03-16.13.10:812][  0]LogTexture:Display: Building textures: icon_ShowSkeletalMeshes_40x (BGRA8)
[2016.11.03-16.13.10:814][  0]LogTexture:Display: Building textures: Landscape (BGRA8)
[2016.11.03-16.13.10:889][  0]LogTexture:Display: Building textures: Foliage (BGRA8)
[2016.11.03-16.13.11:019][  0]LogContentBrowser: Native class hierarchy updated for 'HierarchicalLODOutliner' in 0.0007 seconds. Added 1 classes and 2 folders.
[2016.11.03-16.13.11:019][  0]LogLoad: (Engine Initialization) Total time: 42.08 seconds
[2016.11.03-16.13.11:019][  0]LogLoad: (Engine Initialization) Total Blueprint compile time: 0.17 seconds
[2016.11.03-16.13.11:019][  0]LogExternalProfiler: Found external profiler: VSPerf
[2016.11.03-16.13.11:019][  0]LogExternalProfiler: Using external profiler: VSPerf
[2016.11.03-16.13.11:360][  0]LogOcInput: OculusInput pre-init called
[2016.11.03-16.13.11:376][  0]LogDirectoryWatcher: A directory notification failed for 'F:/My Documents/Unreal Projects/filaman/Content/' because it was empty or there was a buffer overflow. Attemping another request...
[2016.11.03-16.13.11:376][  0]LogDirectoryWatcher: A directory notification failed for 'F:/My Documents/Unreal Projects/filaman/Content/', and we were unable to create a new request.
[2016.11.03-16.13.11:376][  0]LogDirectoryWatcher: A directory notification failed for 'F:/My Documents/Unreal Projects/filaman/Saved/Collections/' because it was empty or there was a buffer overflow. Attemping another request...
[2016.11.03-16.13.11:376][  0]LogDirectoryWatcher: A directory notification failed for 'F:/My Documents/Unreal Projects/filaman/Content/Developers/15012840/Collections/' because it was empty or there was a buffer overflow. Attemping another request...
[2016.11.03-16.13.11:409][  0]LogDirectoryWatcher: A directory notification failed for 'F:/My Documents/Unreal Projects/filaman/Content/Collections/' because it was empty or there was a buffer overflow. Attemping another request...
[2016.11.03-16.13.11:409][  0]LogDirectoryWatcher: A directory notification failed for 'F:/My Documents/Unreal Projects/filaman/Saved/Collections/' because it was empty or there was a buffer overflow. Attemping another request...
[2016.11.03-16.13.11:409][  0]LogDirectoryWatcher: A directory notification failed for 'F:/My Documents/Unreal Projects/filaman/Saved/Collections/', and we were unable to create a new request.
[2016.11.03-16.13.11:409][  0]LogDirectoryWatcher: A directory notification failed for 'F:/My Documents/Unreal Projects/filaman/Content/Collections/' because it was empty or there was a buffer overflow. Attemping another request...
[2016.11.03-16.13.11:441][  0]LogDirectoryWatcher: A directory notification failed for 'F:/My Documents/Unreal Projects/filaman/Content/Collections/', and we were unable to create a new request.
[2016.11.03-16.13.11:441][  0]LogDirectoryWatcher: A directory notification failed for 'F:/My Documents/Unreal Projects/filaman/Content/Developers/15012840/Collections/' because it was empty or there was a buffer overflow. Attemping another request...
[2016.11.03-16.13.11:441][  0]LogDirectoryWatcher: A directory notification failed for 'F:/My Documents/Unreal Projects/filaman/Content/Developers/15012840/Collections/', and we were unable to create a new request.
[2016.11.03-16.13.11:448][  0]LogContentStreaming: Texture pool size now 1000 MB
[2016.11.03-16.13.11:481][  0]LogTexture:Display: Building textures: icon_tab_Levels_40x (BGRA8)
[2016.11.03-16.13.11:571][  0]LogTexture:Display: Building textures: LevelGrid1DStripes (BGRA8)
[2016.11.03-16.13.11:683][  0]LogRenderer: Reallocating scene render targets to support 1208x576 (Frame:2).
[2016.11.03-16.13.13:693][  2]LogAssetRegistry: Asset discovery search completed in 24.7224 seconds
[2016.11.03-16.13.13:693][  2]LogCollectionManager: Rebuilt the object cache for 0 collections in 0.000001 seconds (found 0 objects)
[2016.11.03-16.13.13:693][  2]LogCollectionManager: Fixed up redirectors for 0 collections in 0.000034 seconds (updated 0 objects)
[2016.11.03-16.13.18:407][ 17]LogWindows:Warning: FWindowsPlatformSurvey::TickSurveyHardware() failed to parse available memory from dxdiag report
[2016.11.03-16.13.18:413][ 17]LogSynthBenchmark:Display: FSynthBenchmark (V0.95):  requested WorkScale=5.00
[2016.11.03-16.13.18:413][ 17]LogSynthBenchmark:Display: ===============
[2016.11.03-16.13.18:413][ 17]LogSynthBenchmark:Display: Main Processor:
[2016.11.03-16.13.18:642][ 17]LogSynthBenchmark:Display:          ... 0.025983 s/Run 'RayIntersect'
[2016.11.03-16.13.18:642][ 17]LogSynthBenchmark:Display:          ... 0.019718 s/Run 'Fractal'
[2016.11.03-16.13.18:642][ 17]LogSynthBenchmark:Display: 
[2016.11.03-16.13.18:642][ 17]LogSynthBenchmark:Display:   CompiledTarget_x_Bits: 64
[2016.11.03-16.13.18:642][ 17]LogSynthBenchmark:Display:   UE_BUILD_SHIPPING: 0
[2016.11.03-16.13.18:642][ 17]LogSynthBenchmark:Display:   UE_BUILD_TEST: 0
[2016.11.03-16.13.18:642][ 17]LogSynthBenchmark:Display:   UE_BUILD_DEBUG: 0
[2016.11.03-16.13.18:642][ 17]LogSynthBenchmark:Display:   TotalPhysicalGBRam: 32
[2016.11.03-16.13.18:642][ 17]LogSynthBenchmark:Display:   NumberOfCores (physical): 4
[2016.11.03-16.13.18:642][ 17]LogSynthBenchmark:Display:   NumberOfCores (logical): 8
[2016.11.03-16.13.18:642][ 17]LogSynthBenchmark:Display:   CPU Perf Index 0: 98.6 (weight 1.00)
[2016.11.03-16.13.18:642][ 17]LogSynthBenchmark:Display:   CPU Perf Index 1: 145.0 (weight 1.50)
[2016.11.03-16.13.18:642][ 17]LogSynthBenchmark:Display:  
[2016.11.03-16.13.18:642][ 17]LogSynthBenchmark:Display: Graphics:
[2016.11.03-16.13.18:642][ 17]LogSynthBenchmark:Display:   Adapter Name: 'NVIDIA GeForce GTX 970'
[2016.11.03-16.13.18:642][ 17]LogSynthBenchmark:Display:   (On Optimus the name might be wrong, memory should be ok)
[2016.11.03-16.13.18:642][ 17]LogSynthBenchmark:Display:   Vendor Id: 0x10de
[2016.11.03-16.13.18:642][ 17]LogSynthBenchmark:Display:   Device Id: 0x13c2
[2016.11.03-16.13.18:642][ 17]LogSynthBenchmark:Display:   GPU Memory: 4008/0/16049 MB
[2016.11.03-16.13.21:265][ 17]LogSynthBenchmark:Display:   GPU first test: 0.01s
[2016.11.03-16.13.21:265][ 17]LogSynthBenchmark:Display:          ... 3.997 GigaPix/s, Confidence=100% 'ALUHeavyNoise' (likely to be very inaccurate)
[2016.11.03-16.13.21:265][ 17]LogSynthBenchmark:Display:          ... 3.344 GigaPix/s, Confidence=100% 'TexHeavy' (likely to be very inaccurate)
[2016.11.03-16.13.21:265][ 17]LogSynthBenchmark:Display:          ... 2.847 GigaPix/s, Confidence=100% 'DepTexHeavy' (likely to be very inaccurate)
[2016.11.03-16.13.21:265][ 17]LogSynthBenchmark:Display:          ... 7.603 GigaPix/s, Confidence=89% 'FillOnly' (likely to be very inaccurate)
[2016.11.03-16.13.21:265][ 17]LogSynthBenchmark:Display:          ... 0.709 GigaPix/s, Confidence=100% 'Bandwidth' (likely to be very inaccurate)
[2016.11.03-16.13.21:302][ 17]LogSynthBenchmark:Display:   GPU second test: 0.01s
[2016.11.03-16.13.21:302][ 17]LogSynthBenchmark:Display:          ... 8.196 GigaPix/s, Confidence=100% 'ALUHeavyNoise' (likely to be inaccurate)
[2016.11.03-16.13.21:302][ 17]LogSynthBenchmark:Display:          ... 6.481 GigaPix/s, Confidence=100% 'TexHeavy' (likely to be inaccurate)
[2016.11.03-16.13.21:302][ 17]LogSynthBenchmark:Display:          ... 5.681 GigaPix/s, Confidence=100% 'DepTexHeavy' (likely to be inaccurate)
[2016.11.03-16.13.21:302][ 17]LogSynthBenchmark:Display:          ... 30.779 GigaPix/s, Confidence=100% 'FillOnly' (likely to be inaccurate)
[2016.11.03-16.13.21:302][ 17]LogSynthBenchmark:Display:          ... 0.792 GigaPix/s, Confidence=100% 'Bandwidth' (likely to be inaccurate)
[2016.11.03-16.13.22:281][ 17]LogSynthBenchmark:Display:   GPU third test: 0.79s
[2016.11.03-16.13.22:281][ 17]LogSynthBenchmark:Display:          ... 10.934 GigaPix/s, Confidence=100% 'ALUHeavyNoise'
[2016.11.03-16.13.22:281][ 17]LogSynthBenchmark:Display:          ... 8.441 GigaPix/s, Confidence=100% 'TexHeavy'
[2016.11.03-16.13.22:281][ 17]LogSynthBenchmark:Display:          ... 7.865 GigaPix/s, Confidence=89% 'DepTexHeavy'
[2016.11.03-16.13.22:281][ 17]LogSynthBenchmark:Display:          ... 52.945 GigaPix/s, Confidence=100% 'FillOnly'
[2016.11.03-16.13.22:281][ 17]LogSynthBenchmark:Display:          ... 0.944 GigaPix/s, Confidence=100% 'Bandwidth'
[2016.11.03-16.13.22:281][ 17]LogSynthBenchmark:Display: 
[2016.11.03-16.13.22:281][ 17]LogSynthBenchmark:Display:   GPU Perf Index 0: 237.6 (weight 1.00)
[2016.11.03-16.13.22:281][ 17]LogSynthBenchmark:Display:   GPU Perf Index 1: 113.3 (weight 0.10)
[2016.11.03-16.13.22:281][ 17]LogSynthBenchmark:Display:   GPU Perf Index 2: 204.4 (weight 0.10)
[2016.11.03-16.13.22:281][ 17]LogSynthBenchmark:Display:   GPU Perf Index 3: 207.9 (weight 3.00)
[2016.11.03-16.13.22:281][ 17]LogSynthBenchmark:Display:   GPU Perf Index 4: 88.1 (weight 1.00)
[2016.11.03-16.13.22:281][ 17]LogSynthBenchmark:Display:   CPUIndex: 126.5
[2016.11.03-16.13.22:281][ 17]LogSynthBenchmark:Display:   GPUIndex: 188.7
[2016.11.03-16.13.22:281][ 17]LogSynthBenchmark:Display: 
[2016.11.03-16.13.22:281][ 17]LogSynthBenchmark:Display:          ... Total Time: 3.867782 sec
[2016.11.03-16.14.04:018][141]Cmd: QUIT_EDITOR
[2016.11.03-16.14.04:103][141]LogExit: Preparing to exit.
[2016.11.03-16.14.04:477][141]LogExit: Editor shut down
[2016.11.03-16.14.04:478][141]LogExit: Transaction tracking system shut down
[2016.11.03-16.14.04:703][141]LogObj: Freed 0b from 0 cluster array pools.
[2016.11.03-16.14.04:703][141]LogExit: Object subsystem successfully closed.
[2016.11.03-16.14.04:717][141]LogD3D11RHI: Shutdown
[2016.11.03-16.14.04:717][141]LogD3D11RHI: CleanupD3DDevice
[2016.11.03-16.14.04:820][141]LogD3D11RHI: ~FD3D11DynamicRHI
[2016.11.03-16.14.04:838][141]LogModuleManager: Shutting down and abandoning module SynthBenchmark (236)
[2016.11.03-16.14.04:838][141]LogModuleManager: Shutting down and abandoning module HierarchicalLODOutliner (235)
[2016.11.03-16.14.04:839][141]LogModuleManager: Shutting down and abandoning module CrashTracker (234)
[2016.11.03-16.14.04:839][141]LogModuleManager: Shutting down and abandoning module SceneOutliner (233)
[2016.11.03-16.14.04:839][141]LogModuleManager: Shutting down and abandoning module WidgetCarousel (232)
[2016.11.03-16.14.04:839][141]LogModuleManager: Shutting down and abandoning module AddContentDialog (231)
[2016.11.03-16.14.04:839][141]LogDirectoryWatcher: A directory notification for 'C:/Program Files (x86)/Epic Games/4.13/FeaturePacks/' was aborted.
[2016.11.03-16.14.04:845][141]LogModuleManager: Shutting down and abandoning module GameplayTags (230)
[2016.11.03-16.14.04:845][141]LogModuleManager: Shutting down and abandoning module EditorWidgets (229)
[2016.11.03-16.14.04:845][141]LogModuleManager: Shutting down and abandoning module CollectionManager (228)
[2016.11.03-16.14.04:845][141]LogModuleManager: Shutting down and abandoning module StatsViewer (227)
[2016.11.03-16.14.04:846][141]LogModuleManager: Shutting down and abandoning module FoliageEdit (226)
[2016.11.03-16.14.04:846][141]LogModuleManager: Shutting down and abandoning module LandscapeEditor (225)
[2016.11.03-16.14.04:847][141]LogModuleManager: Shutting down and abandoning module SceneDepthPickerMode (224)
[2016.11.03-16.14.04:847][141]LogModuleManager: Shutting down and abandoning module ActorPickerMode (223)
[2016.11.03-16.14.04:847][141]LogModuleManager: Shutting down and abandoning module GeometryMode (222)
[2016.11.03-16.14.04:847][141]LogModuleManager: Shutting down and abandoning module TextureAlignMode (221)
[2016.11.03-16.14.04:847][141]LogModuleManager: Shutting down and abandoning module BspMode (220)
[2016.11.03-16.14.04:847][141]LogModuleManager: Shutting down and abandoning module HardwareSurvey (219)
[2016.11.03-16.14.04:847][141]LogModuleManager: Shutting down and abandoning module SequenceRecorderSections (218)
[2016.11.03-16.14.04:847][141]LogModuleManager: Shutting down and abandoning module SequenceRecorder (217)
[2016.11.03-16.14.04:847][141]LogModuleManager: Shutting down and abandoning module AutomationWorker (216)
[2016.11.03-16.14.04:847][141]LogModuleManager: Shutting down and abandoning module MatineeToLevelSequence (215)
[2016.11.03-16.14.04:847][141]LogModuleManager: Shutting down and abandoning module PlacementMode (214)
[2016.11.03-16.14.04:847][141]LogModuleManager: Shutting down and abandoning module LevelSequenceEditor (213)
[2016.11.03-16.14.04:848][141]LogModuleManager: Shutting down and abandoning module WmfMediaFactory (212)
[2016.11.03-16.14.04:848][141]LogModuleManager: Shutting down and abandoning module WmfMediaEditor (211)
[2016.11.03-16.14.04:848][141]LogModuleManager: Shutting down and abandoning module AvfMediaFactory (210)
[2016.11.03-16.14.04:848][141]LogModuleManager: Shutting down and abandoning module AvfMediaEditor (209)
[2016.11.03-16.14.04:848][141]LogModuleManager: Shutting down and abandoning module Media (208)
[2016.11.03-16.14.04:848][141]LogModuleManager: Shutting down and abandoning module AndroidMediaFactory (207)
[2016.11.03-16.14.04:848][141]LogModuleManager: Shutting down and abandoning module AndroidMediaEditor (206)
[2016.11.03-16.14.04:848][141]LogModuleManager: Shutting down and abandoning module CharacterAI (205)
[2016.11.03-16.14.04:848][141]LogModuleManager: Shutting down and abandoning module SmartSnapping (204)
[2016.11.03-16.14.04:848][141]LogModuleManager: Shutting down and abandoning module SessionServices (203)
[2016.11.03-16.14.04:848][141]LogModuleManager: Shutting down and abandoning module ViewportSnapping (202)
[2016.11.03-16.14.04:848][141]LogModuleManager: Shutting down and abandoning module ViewportInteraction (201)
[2016.11.03-16.14.04:848][141]LogModuleManager: Shutting down and abandoning module LogVisualizer (200)
[2016.11.03-16.14.04:848][141]LogModuleManager: Shutting down and abandoning module GameProjectGeneration (199)
[2016.11.03-16.14.04:849][141]LogModuleManager: Shutting down and abandoning module IntroTutorials (198)
[2016.11.03-16.14.04:849][141]LogModuleManager: Shutting down and abandoning module EditorLiveStreaming (197)
[2016.11.03-16.14.04:849][141]LogModuleManager: Shutting down and abandoning module IOSPlatformEditor (196)
[2016.11.03-16.14.04:849][141]LogModuleManager: Shutting down and abandoning module HTML5PlatformEditor (195)
[2016.11.03-16.14.04:849][141]LogModuleManager: Shutting down and abandoning module AndroidDeviceDetection (194)
[2016.11.03-16.14.05:581][141]LogModuleManager: Shutting down and abandoning module AndroidPlatformEditor (193)
[2016.11.03-16.14.05:581][141]LogModuleManager: Shutting down and abandoning module IOSRuntimeSettings (192)
[2016.11.03-16.14.05:581][141]LogModuleManager: Shutting down and abandoning module AndroidRuntimeSettings (191)
[2016.11.03-16.14.05:581][141]LogModuleManager: Shutting down and abandoning module NiagaraEditor (190)
[2016.11.03-16.14.05:582][141]LogModuleManager: Shutting down and abandoning module MergeActors (189)
[2016.11.03-16.14.05:582][141]LogModuleManager: Shutting down and abandoning module SizeMap (188)
[2016.11.03-16.14.05:582][141]LogModuleManager: Shutting down and abandoning module TreeMap (187)
[2016.11.03-16.14.05:582][141]LogModuleManager: Shutting down and abandoning module ReferenceViewer (186)
[2016.11.03-16.14.05:582][141]LogModuleManager: Shutting down and abandoning module LocalizationService (185)
[2016.11.03-16.14.05:582][141]LogModuleManager: Shutting down and abandoning module LocalizationDashboard (184)
[2016.11.03-16.14.05:583][141]LogModuleManager: Shutting down and abandoning module HardwareTargeting (183)
[2016.11.03-16.14.05:583][141]LogModuleManager: Shutting down and abandoning module DeviceProfileEditor (182)
[2016.11.03-16.14.05:583][141]LogModuleManager: Shutting down and abandoning module UndoHistory (181)
[2016.11.03-16.14.05:583][141]LogModuleManager: Shutting down and abandoning module UserFeedback (180)
[2016.11.03-16.14.05:583][141]LogModuleManager: Shutting down and abandoning module XmlParser (179)
[2016.11.03-16.14.05:583][141]LogModuleManager: Shutting down and abandoning module Blutility (178)
[2016.11.03-16.14.05:583][141]LogModuleManager: Shutting down and abandoning module ProjectTargetPlatformEditor (177)
[2016.11.03-16.14.05:584][141]LogModuleManager: Shutting down and abandoning module ProjectSettingsViewer (176)
[2016.11.03-16.14.05:584][141]LogModuleManager: Shutting down and abandoning module InputBindingEditor (175)
[2016.11.03-16.14.05:584][141]LogModuleManager: Shutting down and abandoning module EditorSettingsViewer (174)
[2016.11.03-16.14.05:584][141]LogModuleManager: Shutting down and abandoning module SettingsEditor (173)
[2016.11.03-16.14.05:585][141]LogModuleManager: Shutting down and abandoning module ProjectLauncher (172)
[2016.11.03-16.14.05:585][141]LogModuleManager: Shutting down and abandoning module SessionFrontend (171)
[2016.11.03-16.14.05:586][141]LogModuleManager: Shutting down and abandoning module ProfilerClient (170)
[2016.11.03-16.14.05:587][141]LogModuleManager: Shutting down and abandoning module TargetDeviceServices (169)
[2016.11.03-16.14.05:587][141]LogModuleManager: Shutting down and abandoning module DeviceManager (168)
[2016.11.03-16.14.05:637][141]LogModuleManager: Shutting down and abandoning module AutomationController (167)
[2016.11.03-16.14.05:637][141]LogModuleManager: Shutting down and abandoning module AutomationWindow (166)
[2016.11.03-16.14.05:639][141]LogModuleManager: Shutting down and abandoning module Layers (165)
[2016.11.03-16.14.05:640][141]LogModuleManager: Shutting down and abandoning module ComponentVisualizers (164)
[2016.11.03-16.14.05:640][141]LogModuleManager: Shutting down and abandoning module DetailCustomizations (163)
[2016.11.03-16.14.05:640][141]LogModuleManager: Shutting down and abandoning module PackagesDialog (162)
[2016.11.03-16.14.05:641][141]LogModuleManager: Shutting down and abandoning module AnimGraph (161)
[2016.11.03-16.14.05:641][141]LogModuleManager: Shutting down and abandoning module Persona (160)
[2016.11.03-16.14.05:643][141]LogModuleManager: Shutting down and abandoning module Kismet (159)
[2016.11.03-16.14.05:644][141]LogModuleManager: Shutting down and abandoning module GraphEditor (158)
[2016.11.03-16.14.05:644][141]LogModuleManager: Shutting down and abandoning module ClassViewer (157)
[2016.11.03-16.14.05:644][141]LogModuleManager: Shutting down and abandoning module Toolbox (156)
[2016.11.03-16.14.05:644][141]LogModuleManager: Shutting down and abandoning module ModuleUI (155)
[2016.11.03-16.14.05:645][141]LogModuleManager: Shutting down and abandoning module MovieSceneTools (154)
[2016.11.03-16.14.05:645][141]LogModuleManager: Shutting down and abandoning module OutputLog (153)
[2016.11.03-16.14.05:645][141]LogModuleManager: Shutting down and abandoning module GammaUI (152)
[2016.11.03-16.14.05:646][141]LogModuleManager: Shutting down and abandoning module Documentation (151)
[2016.11.03-16.14.05:646][141]LogModuleManager: Shutting down and abandoning module Niagara (150)
[2016.11.03-16.14.05:646][141]LogModuleManager: Shutting down and abandoning module StreamingPauseRendering (149)
[2016.11.03-16.14.05:646][141]LogModuleManager: Shutting down and abandoning module AnalyticsET (148)
[2016.11.03-16.14.05:646][141]LogModuleManager: Shutting down and abandoning module PortalServices (147)
[2016.11.03-16.14.05:646][141]LogModuleManager: Shutting down and abandoning module PortalRpc (146)
[2016.11.03-16.14.05:646][141]LogModuleManager: Shutting down and abandoning module MessagingRpc (145)
[2016.11.03-16.14.05:646][141]LogModuleManager: Shutting down and abandoning module GameplayDebugger (144)
[2016.11.03-16.14.05:646][141]LogModuleManager: Shutting down and abandoning module AITestSuite (143)
[2016.11.03-16.14.05:646][141]LogModuleManager: Shutting down and abandoning module AIModule (142)
[2016.11.03-16.14.05:646][141]LogModuleManager: Shutting down and abandoning module ProfilerService (141)
[2016.11.03-16.14.05:774][141]LogModuleManager: Shutting down and abandoning module TaskGraph (140)
[2016.11.03-16.14.05:775][141]LogModuleManager: Shutting down and abandoning module SubstanceEditor (139)
[2016.11.03-16.14.05:776][141]LogModuleManager: Shutting down and abandoning module SlateRemote (138)
[2016.11.03-16.14.05:776][141]LogModuleManager: Shutting down and abandoning module SteamVRController (137)
[2016.11.03-16.14.05:776][141]LogModuleManager: Shutting down and abandoning module SteamVR (136)
[2016.11.03-16.14.05:776][141]LogModuleManager: Shutting down and abandoning module ProceduralMeshComponentEditor (135)
[2016.11.03-16.14.05:776][141]LogModuleManager: Shutting down and abandoning module ProceduralMeshComponent (134)
[2016.11.03-16.14.05:776][141]LogModuleManager: Shutting down and abandoning module OculusLibrary (133)
[2016.11.03-16.14.05:776][141]LogModuleManager: Shutting down and abandoning module OculusInput (132)
[2016.11.03-16.14.05:776][141]LogModuleManager: Shutting down and abandoning module CustomMeshComponent (131)
[2016.11.03-16.14.05:776][141]LogModuleManager: Shutting down and abandoning module CableComponent (130)
[2016.11.03-16.14.05:776][141]LogModuleManager: Shutting down and abandoning module ArchVisCharacter (129)
[2016.11.03-16.14.05:776][141]LogModuleManager: Shutting down and abandoning module MediaPlayerEditor (127)
[2016.11.03-16.14.05:778][141]LogModuleManager: Shutting down and abandoning module HTML5Networking (126)
[2016.11.03-16.14.05:778][141]LogModuleManager: Shutting down and abandoning module GeometryCacheEd (125)
[2016.11.03-16.14.05:778][141]LogModuleManager: Shutting down and abandoning module GeometryCache (124)
[2016.11.03-16.14.05:778][141]LogModuleManager: Shutting down and abandoning module AlembicLibrary (123)
[2016.11.03-16.14.05:778][141]LogModuleManager: Shutting down and abandoning module AlembicImporter (122)
[2016.11.03-16.14.05:778][141]LogModuleManager: Shutting down and abandoning module SuperSearch (121)
[2016.11.03-16.14.05:778][141]LogModuleManager: Shutting down and abandoning module SuperSearchEditor (120)
[2016.11.03-16.14.05:778][141]LogModuleManager: Shutting down and abandoning module SpeedTreeImporter (119)
[2016.11.03-16.14.05:778][141]LogModuleManager: Shutting down and abandoning module PluginBrowser (118)
[2016.11.03-16.14.05:778][141]LogModuleManager: Shutting down and abandoning module MobileLauncherProfileWizard (117)
[2016.11.03-16.14.05:779][141]LogModuleManager: Shutting down and abandoning module EpicSurvey (116)
[2016.11.03-16.14.05:779][141]LogModuleManager: Shutting down and abandoning module DesktopPlatform (115)
[2016.11.03-16.14.05:779][141]LogModuleManager: Shutting down and abandoning module VisualStudioSourceCodeAccess (114)
[2016.11.03-16.14.05:779][141]LogModuleManager: Shutting down and abandoning module UObjectPlugin (113)
[2016.11.03-16.14.05:779][141]LogModuleManager: Shutting down and abandoning module SubversionSourceControl (112)
[2016.11.03-16.14.05:779][141]LogModuleManager: Shutting down and abandoning module PerforceSourceControl (111)
[2016.11.03-16.14.05:779][141]LogModuleManager: Shutting down and abandoning module SourceControl (110)
[2016.11.03-16.14.05:780][141]LogModuleManager: Shutting down and abandoning module GitSourceControl (109)
[2016.11.03-16.14.05:780][141]LogModuleManager: Shutting down and abandoning module LightPropagationVolumeEditor (108)
[2016.11.03-16.14.05:780][141]LogModuleManager: Shutting down and abandoning module PaperTiledImporter (107)
[2016.11.03-16.14.05:780][141]LogModuleManager: Shutting down and abandoning module PaperSpriteSheetImporter (106)
[2016.11.03-16.14.05:780][141]LogModuleManager: Shutting down and abandoning module MeshPaint (105)
[2016.11.03-16.14.05:780][141]LogModuleManager: Shutting down and abandoning module FbxAutomationBuilderModule (104)
[2016.11.03-16.14.05:780][141]LogModuleManager: Shutting down and abandoning module PixelInspectorModule (103)
[2016.11.03-16.14.05:780][141]LogModuleManager: Shutting down and abandoning module HotReload (102)
[2016.11.03-16.14.05:780][141]LogModuleManager: Shutting down and abandoning module MainFrame (101)
[2016.11.03-16.14.05:781][141]LogModuleManager: Shutting down and abandoning module LevelEditor (100)
[2016.11.03-16.14.05:781][141]LogModuleManager: Shutting down and abandoning module ContentBrowser (99)
[2016.11.03-16.14.05:782][141]LogModuleManager: Shutting down and abandoning module Paper2DEditor (98)
[2016.11.03-16.14.05:782][141]LogModuleManager: Shutting down and abandoning module UdpMessaging (97)
[2016.11.03-16.14.05:882][141]LogModuleManager: Shutting down and abandoning module TcpMessaging (96)
[2016.11.03-16.14.05:982][141]LogModuleManager: Shutting down and abandoning module SubstanceCore (95)
[2016.11.03-16.14.05:982][141]LogModuleManager: Shutting down and abandoning module LightPropagationVolumeRuntime (94)
[2016.11.03-16.14.05:982][141]LogModuleManager: Shutting down and abandoning module Paper2D (93)
[2016.11.03-16.14.05:982][141]LogModuleManager: Shutting down and abandoning module WindowsMoviePlayer (92)
[2016.11.03-16.14.05:982][141]LogModuleManager: Shutting down and abandoning module WmfMedia (91)
[2016.11.03-16.14.05:984][141]LogModuleManager: Shutting down and abandoning module MediaAssets (90)
[2016.11.03-16.14.05:984][141]LogModuleManager: Shutting down and abandoning module GameLiveStreaming (89)
[2016.11.03-16.14.05:984][141]LogModuleManager: Shutting down and abandoning module GameplayTagsEditor (88)
[2016.11.03-16.14.05:984][141]LogModuleManager: Shutting down and abandoning module VREditor (87)
[2016.11.03-16.14.05:984][141]LogModuleManager: Shutting down and abandoning module GameplayTasksEditor (86)
[2016.11.03-16.14.05:984][141]LogModuleManager: Shutting down and abandoning module PropertyEditor (85)
[2016.11.03-16.14.05:984][141]LogModuleManager: Shutting down and abandoning module BehaviorTreeEditor (84)
[2016.11.03-16.14.05:984][141]LogModuleManager: Shutting down and abandoning module FunctionalTesting (83)
[2016.11.03-16.14.05:985][141]LogModuleManager: Shutting down and abandoning module CollisionAnalyzer (82)
[2016.11.03-16.14.05:985][141]LogModuleManager: Shutting down and abandoning module Sequencer (81)
[2016.11.03-16.14.05:986][141]LogModuleManager: Shutting down and abandoning module WorkspaceMenuStructure (80)
[2016.11.03-16.14.05:987][141]LogModuleManager: Shutting down and abandoning module MessageLog (79)
[2016.11.03-16.14.05:987][141]LogModuleManager: Shutting down and abandoning module AssetTools (78)
[2016.11.03-16.14.05:989][141]LogModuleManager: Shutting down and abandoning module UMGEditor (77)
[2016.11.03-16.14.05:990][141]LogModuleManager: Shutting down and abandoning module UMG (76)
[2016.11.03-16.14.05:991][141]LogModuleManager: Shutting down and abandoning module SlateReflector (75)
[2016.11.03-16.14.05:992][141]LogModuleManager: Shutting down and abandoning module Slate (74)
[2016.11.03-16.14.05:992][141]LogModuleManager: Shutting down and abandoning module EditorStyle (73)
[2016.11.03-16.14.05:993][141]LogModuleManager: Shutting down and abandoning module SourceCodeAccess (72)
[2016.11.03-16.14.05:993][141]LogModuleManager: Shutting down and abandoning module HeadMountedDisplay (71)
[2016.11.03-16.14.05:993][141]LogModuleManager: Shutting down and abandoning module XAudio2 (70)
[2016.11.03-16.14.05:993][141]LogModuleManager: Shutting down and abandoning module Networking (68)
[2016.11.03-16.14.05:993][141]LogModuleManager: Shutting down and abandoning module Core (67)
[2016.11.03-16.14.05:993][141]LogModuleManager: Shutting down and abandoning module DirectoryWatcher (66)
[2016.11.03-16.14.05:993][141]LogDirectoryWatcher: A directory notification for '../../../Engine/Content/' was aborted.
[2016.11.03-16.14.05:993][141]LogDirectoryWatcher: A directory notification for '../../../Engine/Plugins/2D/Paper2D/Content/' was aborted.
[2016.11.03-16.14.05:993][141]LogModuleManager: Shutting down and abandoning module AssetRegistry (65)
[2016.11.03-16.14.06:435][141]LogModuleManager: Shutting down and abandoning module KismetCompiler (64)
[2016.11.03-16.14.06:435][141]LogModuleManager: Shutting down and abandoning module PhysXFormats (63)
[2016.11.03-16.14.06:435][141]LogModuleManager: Shutting down and abandoning module MeshUtilities (62)
[2016.11.03-16.14.06:435][141]LogModuleManager: Shutting down and abandoning module DerivedDataCache (61)
[2016.11.03-16.14.06:816][141]LogDerivedDataCache: Shutdown
[2016.11.03-16.14.06:816][141]LogModuleManager: Shutting down and abandoning module VulkanShaderFormat (60)
[2016.11.03-16.14.06:816][141]LogModuleManager: Shutting down and abandoning module ShaderFormatOpenGL (59)
[2016.11.03-16.14.06:817][141]LogModuleManager: Shutting down and abandoning module ShaderFormatD3D (58)
[2016.11.03-16.14.06:817][141]LogModuleManager: Shutting down and abandoning module MetalShaderFormat (57)
[2016.11.03-16.14.06:818][141]LogModuleManager: Shutting down and abandoning module TextureFormatUncompressed (56)
[2016.11.03-16.14.06:818][141]LogModuleManager: Shutting down and abandoning module TextureFormatPVR (55)
[2016.11.03-16.14.06:818][141]LogModuleManager: Shutting down and abandoning module TextureFormatDXT (54)
[2016.11.03-16.14.06:818][141]LogModuleManager: Shutting down and abandoning module TextureFormatIntelISPCTexComp (53)
[2016.11.03-16.14.06:818][141]LogModuleManager: Shutting down and abandoning module ImageWrapper (52)
[2016.11.03-16.14.06:818][141]LogModuleManager: Shutting down and abandoning module TextureFormatASTC (51)
[2016.11.03-16.14.06:818][141]LogModuleManager: Shutting down and abandoning module TextureFormatAndroid (50)
[2016.11.03-16.14.06:818][141]LogModuleManager: Shutting down and abandoning module AudioFormatOpus (49)
[2016.11.03-16.14.06:818][141]LogModuleManager: Shutting down and abandoning module AudioFormatOgg (48)
[2016.11.03-16.14.06:818][141]LogModuleManager: Shutting down and abandoning module AudioFormatADPCM (47)
[2016.11.03-16.14.06:818][141]LogModuleManager: Shutting down and abandoning module LinuxTargetPlatform (46)
[2016.11.03-16.14.06:819][141]LogModuleManager: Shutting down and abandoning module LinuxServerTargetPlatform (45)
[2016.11.03-16.14.06:819][141]LogModuleManager: Shutting down and abandoning module LinuxNoEditorTargetPlatform (44)
[2016.11.03-16.14.06:819][141]LogModuleManager: Shutting down and abandoning module LinuxClientTargetPlatform (43)
[2016.11.03-16.14.06:819][141]LogModuleManager: Shutting down and abandoning module TVOSTargetPlatform (42)
[2016.11.03-16.14.06:819][141]LogModuleManager: Shutting down and abandoning module Messaging (41)
[2016.11.03-16.14.06:819][141]LogModuleManager: Shutting down and abandoning module IOSTargetPlatform (40)
[2016.11.03-16.14.06:819][141]LogModuleManager: Shutting down and abandoning module HTML5TargetPlatform (39)
[2016.11.03-16.14.06:819][141]LogModuleManager: Shutting down and abandoning module Android_PVRTCTargetPlatform (38)
[2016.11.03-16.14.06:819][141]LogModuleManager: Shutting down and abandoning module Android_MultiTargetPlatform (37)
[2016.11.03-16.14.06:819][141]LogModuleManager: Shutting down and abandoning module Android_ETC2TargetPlatform (36)
[2016.11.03-16.14.06:819][141]LogModuleManager: Shutting down and abandoning module Android_ETC1TargetPlatform (35)
[2016.11.03-16.14.06:819][141]LogModuleManager: Shutting down and abandoning module Android_DXTTargetPlatform (34)
[2016.11.03-16.14.06:819][141]LogModuleManager: Shutting down and abandoning module Android_ATCTargetPlatform (33)
[2016.11.03-16.14.06:819][141]LogModuleManager: Shutting down and abandoning module Android_ASTCTargetPlatform (32)
[2016.11.03-16.14.06:819][141]LogModuleManager: Shutting down and abandoning module AndroidTargetPlatform (31)
[2016.11.03-16.14.06:819][141]LogModuleManager: Shutting down and abandoning module WindowsTargetPlatform (30)
[2016.11.03-16.14.06:819][141]LogModuleManager: Shutting down and abandoning module WindowsServerTargetPlatform (29)
[2016.11.03-16.14.06:819][141]LogModuleManager: Shutting down and abandoning module WindowsNoEditorTargetPlatform (28)
[2016.11.03-16.14.06:819][141]LogModuleManager: Shutting down and abandoning module WindowsClientTargetPlatform (27)
[2016.11.03-16.14.06:819][141]LogModuleManager: Shutting down and abandoning module AllDesktopTargetPlatform (26)
[2016.11.03-16.14.06:819][141]LogModuleManager: Shutting down and abandoning module TargetPlatform (25)
[2016.11.03-16.14.06:819][141]LogModuleManager: Shutting down and abandoning module InputCore (24)
[2016.11.03-16.14.06:819][141]LogModuleManager: Shutting down and abandoning module Settings (23)
[2016.11.03-16.14.06:819][141]LogModuleManager: Shutting down and abandoning module OculusRift (22)
[2016.11.03-16.14.06:819][141]LogModuleManager: Shutting down and abandoning module GearVR (21)
[2016.11.03-16.14.06:819][141]LogModuleManager: Shutting down and abandoning module ExampleDeviceProfileSelector (20)
[2016.11.03-16.14.06:819][141]LogModuleManager: Shutting down and abandoning module OnlineBlueprintSupport (19)
[2016.11.03-16.14.06:819][141]LogModuleManager: Shutting down and abandoning module OnlineSubsystem (17)
[2016.11.03-16.14.06:819][141]LogOnline:Display: Unloading online subsystem: NULL
[2016.11.03-16.14.06:820][141]LogModuleManager: Shutting down and abandoning module HTTP (16)
[2016.11.03-16.14.06:820][141]LogHttp:Display: Http module shutting down, but needs to wait on 1 outstanding Http requests:
[2016.11.03-16.14.06:820][141]LogHttp:Display: 	verb=[POST] url=[https://datarouter.ol.epicgames.com/datarouter/api/v1/public/data?SessionID=%7B1507CEF0-4B53-0275-8C02-09B98EFAE2BA%7D&AppID=UEEditor.Rocket.Release&AppVersion=4.13.2-3172292%2B%2B%2BUE4%2BRelease-4.13&UserID=0fe40a1f4ec4e288a45a16b614492e10%7C%7Cf2eaebd3-5d71-4529-9362-09330573cf79&AppEnvironment=datacollector-binary&UploadType=eteventstream] status=Processing
[2016.11.03-16.14.06:850][141]LogModuleManager: Shutting down and abandoning module XMPP (15)
[2016.11.03-16.14.06:850][141]LogModuleManager: Shutting down and abandoning module TextureCompressor (14)
[2016.11.03-16.14.06:850][141]LogModuleManager: Shutting down and abandoning module ShaderCore (13)
[2016.11.03-16.14.06:850][141]LogModuleManager: Shutting down and abandoning module Landscape (12)
[2016.11.03-16.14.06:850][141]LogModuleManager: Shutting down and abandoning module SlateRHIRenderer (11)
[2016.11.03-16.14.06:851][141]LogModuleManager: Shutting down and abandoning module OpenGLDrv (10)
[2016.11.03-16.14.06:852][141]LogModuleManager: Shutting down and abandoning module D3D11RHI (9)
[2016.11.03-16.14.06:852][141]LogModuleManager: Shutting down and abandoning module AnimGraphRuntime (8)
[2016.11.03-16.14.06:852][141]LogModuleManager: Shutting down and abandoning module Renderer (7)
[2016.11.03-16.14.06:852][141]LogModuleManager: Shutting down and abandoning module Engine (6)
[2016.11.03-16.14.06:852][141]LogModuleManager: Shutting down and abandoning module CoreUObject (5)
[2016.11.03-16.14.06:852][141]LogModuleManager: Shutting down and abandoning module NetworkFile (4)
[2016.11.03-16.14.06:852][141]LogModuleManager: Shutting down and abandoning module StreamingFile (3)
[2016.11.03-16.14.06:852][141]LogModuleManager: Shutting down and abandoning module SandboxFile (2)
[2016.11.03-16.14.06:852][141]LogModuleManager: Shutting down and abandoning module PakFile (1)
[2016.11.03-16.14.06:854][141]LogExit: Exiting.
[2016.11.03-16.14.06:868][141]Log file closed, 11/03/16 16:14:06
