Log file open, 10/28/16 14:43:54
LogInit:Display: Running engine for game: MyProject
LogPlatformFile: Not using cached read wrapper
LogInit:Display: RandInit(-720679274) SRandInit(-720679274).
LogTaskGraph: Started task graph with 5 named threads and 8 total threads with 1 sets of task threads.
LogStats: Stats thread started at 0.064452
LogPluginManager: Loaded Plugin Paper2D, From C:/Program Files (x86)/Epic Games/4.13/Engine/Plugins/2D/Paper2D/Paper2D.uplugin
LogPluginManager: Loaded Plugin LightPropagationVolume, From C:/Program Files (x86)/Epic Games/4.13/Engine/Plugins/Blendables/LightPropagationVolume/LightPropagationVolume.uplugin
LogPluginManager: Loaded Plugin BlankPlugin, From C:/Program Files (x86)/Epic Games/4.13/Engine/Plugins/Developer/BlankPlugin/BlankPlugin.uplugin
LogPluginManager: Loaded Plugin CodeLiteSourceCodeAccess, From C:/Program Files (x86)/Epic Games/4.13/Engine/Plugins/Developer/CodeLiteSourceCodeAccess/CodeLiteSourceCodeAccess.uplugin
LogPluginManager: Loaded Plugin GitSourceControl, From C:/Program Files (x86)/Epic Games/4.13/Engine/Plugins/Developer/GitSourceControl/GitSourceControl.uplugin
LogPluginManager: Loaded Plugin KDevelopSourceCodeAccess, From C:/Program Files (x86)/Epic Games/4.13/Engine/Plugins/Developer/KDevelopSourceCodeAccess/KDevelopSourceCodeAccess.uplugin
LogPluginManager: Loaded Plugin NullSourceCodeAccess, From C:/Program Files (x86)/Epic Games/4.13/Engine/Plugins/Developer/NullSourceCodeAccess/NullSourceCodeAccess.uplugin
LogPluginManager: Loaded Plugin OneSkyLocalizationService, From C:/Program Files (x86)/Epic Games/4.13/Engine/Plugins/Developer/OneSkyLocalizationService/OneSkyLocalizationService.uplugin
LogPluginManager: Loaded Plugin PerforceSourceControl, From C:/Program Files (x86)/Epic Games/4.13/Engine/Plugins/Developer/PerforceSourceControl/PerforceSourceControl.uplugin
LogPluginManager: Loaded Plugin SubversionSourceControl, From C:/Program Files (x86)/Epic Games/4.13/Engine/Plugins/Developer/SubversionSourceControl/SubversionSourceControl.uplugin
LogPluginManager: Loaded Plugin UObjectPlugin, From C:/Program Files (x86)/Epic Games/4.13/Engine/Plugins/Developer/UObjectPlugin/UObjectPlugin.uplugin
LogPluginManager: Loaded Plugin VisualStudioSourceCodeAccess, From C:/Program Files (x86)/Epic Games/4.13/Engine/Plugins/Developer/VisualStudioSourceCodeAccess/VisualStudioSourceCodeAccess.uplugin
LogPluginManager: Loaded Plugin XCodeSourceCodeAccess, From C:/Program Files (x86)/Epic Games/4.13/Engine/Plugins/Developer/XCodeSourceCodeAccess/XCodeSourceCodeAccess.uplugin
LogPluginManager: Loaded Plugin EpicSurvey, From C:/Program Files (x86)/Epic Games/4.13/Engine/Plugins/Editor/EpicSurvey/EpicSurvey.uplugin
LogPluginManager: Loaded Plugin MacGraphicsSwitching, From C:/Program Files (x86)/Epic Games/4.13/Engine/Plugins/Editor/MacGraphicsSwitching/MacGraphicsSwitching.uplugin
LogPluginManager: Loaded Plugin MobileLauncherProfileWizard, From C:/Program Files (x86)/Epic Games/4.13/Engine/Plugins/Editor/MobileLauncherProfileWizard/MobileLauncherProfileWizard.uplugin
LogPluginManager: Loaded Plugin PluginBrowser, From C:/Program Files (x86)/Epic Games/4.13/Engine/Plugins/Editor/PluginBrowser/PluginBrowser.uplugin
LogPluginManager: Loaded Plugin SpeedTreeImporter, From C:/Program Files (x86)/Epic Games/4.13/Engine/Plugins/Editor/SpeedTreeImporter/SpeedTreeImporter.uplugin
LogPluginManager: Loaded Plugin SuperSearchEditor, From C:/Program Files (x86)/Epic Games/4.13/Engine/Plugins/Editor/SuperSearchEditor/SuperSearchEditor.uplugin
LogPluginManager: Loaded Plugin AlembicImporter, From C:/Program Files (x86)/Epic Games/4.13/Engine/Plugins/Experimental/AlembicImporter/AlembicImporter.uplugin
LogPluginManager: Loaded Plugin BlueprintStats, From C:/Program Files (x86)/Epic Games/4.13/Engine/Plugins/Experimental/BlueprintStats/BlueprintStats.uplugin
LogPluginManager: Loaded Plugin CharacterAI, From C:/Program Files (x86)/Epic Games/4.13/Engine/Plugins/Experimental/CharacterAI/CharacterAI.uplugin
LogPluginManager: Loaded Plugin CodeEditor, From C:/Program Files (x86)/Epic Games/4.13/Engine/Plugins/Experimental/CodeEditor/CodeEditor.uplugin
LogPluginManager: Loaded Plugin CodeView, From C:/Program Files (x86)/Epic Games/4.13/Engine/Plugins/Experimental/CodeView/CodeView.uplugin
LogPluginManager: Loaded Plugin HTML5Networking, From C:/Program Files (x86)/Epic Games/4.13/Engine/Plugins/Experimental/HTML5Networking/HTML5Networking.uplugin
LogPluginManager: Loaded Plugin LiveEditor, From C:/Program Files (x86)/Epic Games/4.13/Engine/Plugins/Experimental/LiveEditor/LiveEditor.uplugin
LogPluginManager: Loaded Plugin OSVR, From C:/Program Files (x86)/Epic Games/4.13/Engine/Plugins/Experimental/OSVR/OSVR.uplugin
LogPluginManager: Loaded Plugin Phya, From C:/Program Files (x86)/Epic Games/4.13/Engine/Plugins/Experimental/Phya/Phya.uplugin
LogPluginManager: Loaded Plugin SignificanceManager, From C:/Program Files (x86)/Epic Games/4.13/Engine/Plugins/Experimental/SignificanceManager/SignificanceManager.uplugin
LogPluginManager: Loaded Plugin SimpleHMD, From C:/Program Files (x86)/Epic Games/4.13/Engine/Plugins/Experimental/SimpleHMD/SimpleHMD.uplugin
LogPluginManager: Loaded Plugin StereoPanorama, From C:/Program Files (x86)/Epic Games/4.13/Engine/Plugins/Experimental/StereoPanorama/StereoPanorama.uplugin
LogPluginManager: Loaded Plugin StructBox, From C:/Program Files (x86)/Epic Games/4.13/Engine/Plugins/Experimental/StructBox/StructBox.uplugin
LogPluginManager: Loaded Plugin AndroidMedia, From C:/Program Files (x86)/Epic Games/4.13/Engine/Plugins/Media/AndroidMedia/AndroidMedia.uplugin
LogPluginManager: Loaded Plugin AvfMedia, From C:/Program Files (x86)/Epic Games/4.13/Engine/Plugins/Media/AvfMedia/AvfMedia.uplugin
LogPluginManager: Loaded Plugin MediaPlayerEditor, From C:/Program Files (x86)/Epic Games/4.13/Engine/Plugins/Media/MediaPlayerEditor/MediaPlayerEditor.uplugin
LogPluginManager: Loaded Plugin WmfMedia, From C:/Program Files (x86)/Epic Games/4.13/Engine/Plugins/Media/WmfMedia/WmfMedia.uplugin
LogPluginManager: Loaded Plugin MessagingDebugger, From C:/Program Files (x86)/Epic Games/4.13/Engine/Plugins/Messaging/MessagingDebugger/MessagingDebugger.uplugin
LogPluginManager: Loaded Plugin TcpMessaging, From C:/Program Files (x86)/Epic Games/4.13/Engine/Plugins/Messaging/TcpMessaging/TcpMessaging.uplugin
LogPluginManager: Loaded Plugin UdpMessaging, From C:/Program Files (x86)/Epic Games/4.13/Engine/Plugins/Messaging/UdpMessaging/UdpMessaging.uplugin
LogPluginManager: Loaded Plugin LevelSequenceEditor, From C:/Program Files (x86)/Epic Games/4.13/Engine/Plugins/MovieScene/LevelSequenceEditor/LevelSequenceEditor.uplugin
LogPluginManager: Loaded Plugin MatineeToLevelSequence, From C:/Program Files (x86)/Epic Games/4.13/Engine/Plugins/MovieScene/MatineeToLevelSequence/MatineeToLevelSequence.uplugin
LogPluginManager: Loaded Plugin NetcodeUnitTest, From C:/Program Files (x86)/Epic Games/4.13/Engine/Plugins/NetcodeUnitTest/NetcodeUnitTest/NetcodeUnitTest.uplugin
LogPluginManager: Loaded Plugin NUTUnrealEngine4, From C:/Program Files (x86)/Epic Games/4.13/Engine/Plugins/NetcodeUnitTest/NUTUnrealEngine4/NUTUnrealEngine4.uplugin
LogPluginManager: Loaded Plugin OnlineSubsystemGooglePlay, From C:/Program Files (x86)/Epic Games/4.13/Engine/Plugins/Online/Android/OnlineSubsystemGooglePlay/OnlineSubsystemGooglePlay.uplugin
LogPluginManager: Loaded Plugin OnlineSubsystemIOS, From C:/Program Files (x86)/Epic Games/4.13/Engine/Plugins/Online/IOS/OnlineSubsystemIOS/OnlineSubsystemIOS.uplugin
LogPluginManager: Loaded Plugin OnlineFramework, From C:/Program Files (x86)/Epic Games/4.13/Engine/Plugins/Online/OnlineFramework/OnlineFramework.uplugin
LogPluginManager: Loaded Plugin OnlineSubsystem, From C:/Program Files (x86)/Epic Games/4.13/Engine/Plugins/Online/OnlineSubsystem/OnlineSubsystem.uplugin
LogPluginManager: Loaded Plugin OnlineSubsystemAmazon, From C:/Program Files (x86)/Epic Games/4.13/Engine/Plugins/Online/OnlineSubsystemAmazon/OnlineSubsystemAmazon.uplugin
LogPluginManager: Loaded Plugin OnlineSubsystemFacebook, From C:/Program Files (x86)/Epic Games/4.13/Engine/Plugins/Online/OnlineSubsystemFacebook/OnlineSubsystemFacebook.uplugin
LogPluginManager: Loaded Plugin OnlineSubsystemNull, From C:/Program Files (x86)/Epic Games/4.13/Engine/Plugins/Online/OnlineSubsystemNull/OnlineSubsystemNull.uplugin
LogPluginManager: Loaded Plugin OnlineSubsystemOculus, From C:/Program Files (x86)/Epic Games/4.13/Engine/Plugins/Online/OnlineSubsystemOculus/OnlineSubsystemOculus.uplugin
LogPluginManager: Loaded Plugin OnlineSubsystemSteam, From C:/Program Files (x86)/Epic Games/4.13/Engine/Plugins/Online/OnlineSubsystemSteam/OnlineSubsystemSteam.uplugin
LogPluginManager: Loaded Plugin OnlineSubsystemUtils, From C:/Program Files (x86)/Epic Games/4.13/Engine/Plugins/Online/OnlineSubsystemUtils/OnlineSubsystemUtils.uplugin
LogPluginManager: Loaded Plugin IOSTapJoy, From C:/Program Files (x86)/Epic Games/4.13/Engine/Plugins/Runtime/Advertising/IOSTapJoy/IOSTapJoy.uplugin
LogPluginManager: Loaded Plugin AnalyticsBlueprintLibrary, From C:/Program Files (x86)/Epic Games/4.13/Engine/Plugins/Runtime/Analytics/AnalyticsBlueprintLibrary/AnalyticsBlueprintLibrary.uplugin
LogPluginManager: Loaded Plugin AnalyticsMulticast, From C:/Program Files (x86)/Epic Games/4.13/Engine/Plugins/Runtime/Analytics/AnalyticsMulticast/AnalyticsMulticast.uplugin
LogPluginManager: Loaded Plugin Apsalar, From C:/Program Files (x86)/Epic Games/4.13/Engine/Plugins/Runtime/Analytics/Apsalar/Apsalar.uplugin
LogPluginManager: Loaded Plugin FileLogging, From C:/Program Files (x86)/Epic Games/4.13/Engine/Plugins/Runtime/Analytics/FileLogging/FileLogging.uplugin
LogPluginManager: Loaded Plugin Flurry, From C:/Program Files (x86)/Epic Games/4.13/Engine/Plugins/Runtime/Analytics/Flurry/Flurry.uplugin
LogPluginManager: Loaded Plugin AndroidDeviceProfileSelector, From C:/Program Files (x86)/Epic Games/4.13/Engine/Plugins/Runtime/AndroidDeviceProfileSelector/AndroidDeviceProfileSelector.uplugin
LogPluginManager: Loaded Plugin AndroidMoviePlayer, From C:/Program Files (x86)/Epic Games/4.13/Engine/Plugins/Runtime/AndroidMoviePlayer/AndroidMoviePlayer.uplugin
LogPluginManager: Loaded Plugin AppleMoviePlayer, From C:/Program Files (x86)/Epic Games/4.13/Engine/Plugins/Runtime/AppleMoviePlayer/AppleMoviePlayer.uplugin
LogPluginManager: Loaded Plugin ArchVisCharacter, From C:/Program Files (x86)/Epic Games/4.13/Engine/Plugins/Runtime/ArchVisCharacter/ArchVisCharacter.uplugin
LogPluginManager: Loaded Plugin CableComponent, From C:/Program Files (x86)/Epic Games/4.13/Engine/Plugins/Runtime/CableComponent/CableComponent.uplugin
LogPluginManager: Loaded Plugin CustomMeshComponent, From C:/Program Files (x86)/Epic Games/4.13/Engine/Plugins/Runtime/CustomMeshComponent/CustomMeshComponent.uplugin
LogPluginManager: Loaded Plugin ExampleDeviceProfileSelector, From C:/Program Files (x86)/Epic Games/4.13/Engine/Plugins/Runtime/ExampleDeviceProfileSelector/ExampleDeviceProfileSelector.uplugin
LogPluginManager: Loaded Plugin GearVR, From C:/Program Files (x86)/Epic Games/4.13/Engine/Plugins/Runtime/GearVR/GearVR.uplugin
LogPluginManager: Loaded Plugin GoogleVRController, From C:/Program Files (x86)/Epic Games/4.13/Engine/Plugins/Runtime/GoogleVR/GoogleVRController/GoogleVRController.uplugin
LogPluginManager: Loaded Plugin GoogleVRHMD, From C:/Program Files (x86)/Epic Games/4.13/Engine/Plugins/Runtime/GoogleVR/GoogleVRHMD/GoogleVRHMD.uplugin
LogPluginManager: Loaded Plugin IOSDeviceProfileSelector, From C:/Program Files (x86)/Epic Games/4.13/Engine/Plugins/Runtime/IOSDeviceProfileSelector/IOSDeviceProfileSelector.uplugin
LogPluginManager: Loaded Plugin LeapMotion, From C:/Program Files (x86)/Epic Games/4.13/Engine/Plugins/Runtime/LeapMotion/LeapMotion.uplugin
LogPluginManager: Loaded Plugin LinuxDeviceProfileSelector, From C:/Program Files (x86)/Epic Games/4.13/Engine/Plugins/Runtime/LinuxDeviceProfileSelector/LinuxDeviceProfileSelector.uplugin
LogPluginManager: Loaded Plugin LiveEditorListenServer, From C:/Program Files (x86)/Epic Games/4.13/Engine/Plugins/Runtime/LiveEditorListenServer/LiveEditorListenServer.uplugin
LogPluginManager: Loaded Plugin OculusAudio, From C:/Program Files (x86)/Epic Games/4.13/Engine/Plugins/Runtime/OculusAudio/OculusAudio.uplugin
LogPluginManager: Loaded Plugin OculusInput, From C:/Program Files (x86)/Epic Games/4.13/Engine/Plugins/Runtime/OculusInput/OculusInput.uplugin
LogPluginManager: Loaded Plugin OculusLibrary, From C:/Program Files (x86)/Epic Games/4.13/Engine/Plugins/Runtime/OculusLibrary/OculusLibrary.uplugin
LogPluginManager: Loaded Plugin OculusRift, From C:/Program Files (x86)/Epic Games/4.13/Engine/Plugins/Runtime/OculusRift/OculusRift.uplugin
LogPluginManager: Loaded Plugin Oodle, From C:/Program Files (x86)/Epic Games/4.13/Engine/Plugins/Runtime/PacketHandlers/CompressionComponents/Oodle/Oodle.uplugin
LogPluginManager: Loaded Plugin ProceduralMeshComponent, From C:/Program Files (x86)/Epic Games/4.13/Engine/Plugins/Runtime/ProceduralMeshComponent/ProceduralMeshComponent.uplugin
LogPluginManager: Loaded Plugin SoundMod, From C:/Program Files (x86)/Epic Games/4.13/Engine/Plugins/Runtime/SoundMod/SoundMod.uplugin
LogPluginManager: Loaded Plugin SoundVisualizations, From C:/Program Files (x86)/Epic Games/4.13/Engine/Plugins/Runtime/SoundVisualizations/SoundVisualizations.uplugin
LogPluginManager: Loaded Plugin SteamController, From C:/Program Files (x86)/Epic Games/4.13/Engine/Plugins/Runtime/Steam/SteamController/SteamController.uplugin
LogPluginManager: Loaded Plugin SteamVR, From C:/Program Files (x86)/Epic Games/4.13/Engine/Plugins/Runtime/Steam/SteamVR/SteamVR.uplugin
LogPluginManager: Loaded Plugin WebBrowserWidget, From C:/Program Files (x86)/Epic Games/4.13/Engine/Plugins/Runtime/WebBrowserWidget/WebBrowserWidget.uplugin
LogPluginManager: Loaded Plugin WindowsDeviceProfileSelector, From C:/Program Files (x86)/Epic Games/4.13/Engine/Plugins/Runtime/WindowsDeviceProfileSelector/WindowsDeviceProfileSelector.uplugin
LogPluginManager: Loaded Plugin WindowsMoviePlayer, From C:/Program Files (x86)/Epic Games/4.13/Engine/Plugins/Runtime/WindowsMoviePlayer/WindowsMoviePlayer.uplugin
LogPluginManager: Loaded Plugin ScriptPlugin, From C:/Program Files (x86)/Epic Games/4.13/Engine/Plugins/ScriptPlugin/ScriptPlugin.uplugin
LogPluginManager: Loaded Plugin SlateRemote, From C:/Program Files (x86)/Epic Games/4.13/Engine/Plugins/Slate/SlateRemote/SlateRemote.uplugin
LogInit: Using libcurl 7.47.1
LogInit:  - built for x86_64-pc-win32
LogInit:  - supports SSL with WinSSL
LogInit:  - other features:
LogInit:      CURL_VERSION_SSL
LogInit:      CURL_VERSION_IPV6
LogInit:      CURL_VERSION_ASYNCHDNS
LogInit:      CURL_VERSION_LARGEFILE
LogInit:      CURL_VERSION_IDN
LogInit:  CurlRequestOptions (configurable via config and command line):
LogInit:  - bVerifyPeer = false  - Libcurl will NOT verify peer certificate
LogInit:  - bUseHttpProxy = false  - Libcurl will NOT use HTTP proxy
LogInit:  - bDontReuseConnections = false  - Libcurl will reuse connections
LogInit:  - CertBundlePath = nullptr  - Libcurl will use whatever was configured at build time.
LogInit: Build: ++UE4+Release-4.13-CL-3142249
LogInit: Engine Version: 4.13.1-3142249+++UE4+Release-4.13
LogInit: Compatible Engine Version: 4.13.0-3106830+++UE4+Release-4.13
LogInit: Net CL: 3142249
LogDevObjectVersion: Number of dev versions registered: 13
LogDevObjectVersion:   Dev-Blueprints (B0D832E4-1F89-4F0D-ACCF-7EB736FD4AA2): 5
LogDevObjectVersion:   Dev-Build (E1C64328-A22C-4D53-A36C-8E866417BD8C): 0
LogDevObjectVersion:   Dev-Core (375EC13C-06E4-48FB-B500-84F0262A717E): 1
LogDevObjectVersion:   Dev-Editor (E4B068ED-F494-42E9-A231-DA0B2E46BB41): 6
LogDevObjectVersion:   Dev-Framework (CFFC743F-43B0-4480-9391-14DF171D2073): 12
LogDevObjectVersion:   Dev-Mobile (B02B49B5-BB20-44E9-A304-32B752E40360): 0
LogDevObjectVersion:   Dev-Networking (A4E4105C-59A1-49B5-A7C5-40C4547EDFEE): 0
LogDevObjectVersion:   Dev-Online (39C831C9-5AE6-47DC-9A44-9C173E1C8E7C): 0
LogDevObjectVersion:   Dev-Physics (78F01B33-EBEA-4F98-B9B4-84EACCB95AA2): 0
LogDevObjectVersion:   Dev-Platform (6631380F-2D4D-43E0-8009-CF276956A95A): 0
LogDevObjectVersion:   Dev-Rendering (12F88B9F-8875-4AFC-A67C-D90C383ABD29): 4
LogDevObjectVersion:   Dev-Sequencer (7B5AE74C-D270-4C10-A958-57980B212A5A): 0
LogDevObjectVersion:   Dev-VR (D7296918-1DD6-4BDD-9DE2-64A83CC13884): 0
LogInit: Compiled (64-bit): Sep 28 2016 02:12:12
LogInit: Compiled with Visual C++: 19.00.23026.00
LogInit: Build Configuration: Development
LogInit: Branch Name: ++UE4+Release-4.13
LogInit: Command line:  
LogInit: Base directory: C:/Program Files (x86)/Epic Games/4.13/Engine/Binaries/Win64/
LogInit: Installed Engine Build: 1
LogInit: Presizing for max 8388607 objects, including 0 objects not considered by GC, pre-allocating 0 bytes for permanent pool.
LogInit: Object subsystem initialized
[2016.10.28-13.43.54:550][  0]LogInit: Selected Device Profile: [Windows]
[2016.10.28-13.43.54:550][  0]LogInit: Applying CVar settings loaded from the selected device profile: [Windows]
[2016.10.28-13.43.54:564][  0]LogInit: Computer: TRJ208-15
[2016.10.28-13.43.54:564][  0]LogInit: User: 15054284
[2016.10.28-13.43.54:564][  0]LogInit: CPU Page size=65536, Cores=4
[2016.10.28-13.43.54:564][  0]LogInit: High frequency timer resolution =3.507724 MHz
[2016.10.28-13.43.54:564][  0]LogMemory: Memory total: Physical=31.8GB (32GB approx)
[2016.10.28-13.43.54:564][  0]LogMemory: Platform Memory Stats for Windows
[2016.10.28-13.43.54:564][  0]LogMemory: Process Physical Memory: 257.79 MB used, 257.79 MB peak
[2016.10.28-13.43.54:564][  0]LogMemory: Process Virtual Memory: 261.59 MB used, 261.59 MB peak
[2016.10.28-13.43.54:564][  0]LogMemory: Physical Memory: 5731.37 MB used, 32608.99 MB total
[2016.10.28-13.43.54:564][  0]LogMemory: Virtual Memory: 591.97 MB used, 8388608.00 MB total
[2016.10.28-13.43.54:594][  0]LogTextLocalizationManager: No specific translations for ('en-GB') exist, so ('en') translations will be used.
[2016.10.28-13.43.55:043][  0]LogD3D11RHI: D3D11 adapters:
[2016.10.28-13.43.55:057][  0]LogD3D11RHI:    0. 'NVIDIA GeForce GTX 970' (Feature Level 11_0)
[2016.10.28-13.43.55:057][  0]LogD3D11RHI:       4007/0/16048 MB DedicatedVideo/DedicatedSystem/SharedSystem, Outputs:1, VendorId:0x10de
[2016.10.28-13.43.55:064][  0]LogD3D11RHI:    1. 'Intel(R) HD Graphics 4600' (Feature Level 11_0)
[2016.10.28-13.43.55:064][  0]LogD3D11RHI:       192/0/1632 MB DedicatedVideo/DedicatedSystem/SharedSystem, Outputs:0, VendorId:0x8086
[2016.10.28-13.43.55:064][  0]LogD3D11RHI: Chosen D3D11 Adapter: 0
[2016.10.28-13.43.55:068][  0]LogD3D11RHI: Creating new Direct3DDevice
[2016.10.28-13.43.55:068][  0]LogD3D11RHI:     GPU DeviceId: 0x13c2 (for the marketing name, search the web for "GPU Device Id")
[2016.10.28-13.43.55:068][  0]LogWindows: EnumDisplayDevices:
[2016.10.28-13.43.55:068][  0]LogWindows:    0. 'NVIDIA GeForce GTX 970' (P:1 D:1)
[2016.10.28-13.43.55:069][  0]LogWindows:    1. 'NVIDIA GeForce GTX 970' (P:0 D:0)
[2016.10.28-13.43.55:069][  0]LogWindows:    2. 'NVIDIA GeForce GTX 970' (P:0 D:0)
[2016.10.28-13.43.55:069][  0]LogWindows:    3. 'NVIDIA GeForce GTX 970' (P:0 D:0)
[2016.10.28-13.43.55:069][  0]LogWindows:    4. 'Intel(R) HD Graphics 4600' (P:0 D:0)
[2016.10.28-13.43.55:069][  0]LogWindows:    5. 'Intel(R) HD Graphics 4600' (P:0 D:0)
[2016.10.28-13.43.55:069][  0]LogWindows:    6. 'Intel(R) HD Graphics 4600' (P:0 D:0)
[2016.10.28-13.43.55:069][  0]LogWindows:    7. 'RDPDD Chained DD' (P:0 D:0)
[2016.10.28-13.43.55:069][  0]LogWindows:    8. 'RDP Encoder Mirror Driver' (P:0 D:0)
[2016.10.28-13.43.55:069][  0]LogWindows:    9. 'RDP Reflector Display Driver' (P:0 D:0)
[2016.10.28-13.43.55:069][  0]LogWindows: DebugString: PrimaryIsNotTheChoosenAdapter PrimaryIsNotTheChoosenAdapter PrimaryIsNotTheChoosenAdapter GetVideoDriverDetailsInvalid PrimaryIsNotTheChoosenAdapter GetVideoDriverDetailsInvalid PrimaryIsNotTheChoosenAdapter GetVideoDriverDetailsInvalid PrimaryIsNotTheChoosenAdapter FoundDriverCount:4 
[2016.10.28-13.43.55:069][  0]LogD3D11RHI:     Adapter Name: NVIDIA GeForce GTX 970
[2016.10.28-13.43.55:069][  0]LogD3D11RHI:   Driver Version: 372.70 (internal:21.21.13.7270, unified:372.70)
[2016.10.28-13.43.55:069][  0]LogD3D11RHI:      Driver Date: 8-25-2016
[2016.10.28-13.43.55:069][  0]LogRHI: Texture pool is 1361 MB (70% of 1945 MB)
[2016.10.28-13.43.55:075][  0]LogD3D11RHI: Async texture creation enabled
[2016.10.28-13.43.55:089][  0]LogD3D11RHI: GPU Timing Frequency: 1000.000000 (Debug: 2 2)
[2016.10.28-13.43.55:089][  0]LogShaderCompilers: Guid format shader working directory is 10 characters bigger than the processId version (F:/My Documents/Unreal Projects/filaman/Intermediate/Shaders/WorkingDirectory/1792/).
[2016.10.28-13.43.55:089][  0]LogShaderCompilers: Cleaned the shader compiler working directory 'C:/Users/15054284/AppData/Local/Temp/UnrealShaderWorkingDir/889015774537CCF80FDBD09608877D32/'.
[2016.10.28-13.43.55:089][  0]LogShaderCompilers:Display: Using Local Shader Compiler.
[2016.10.28-13.43.55:891][  0]LogTemp:Display: Loaded TP AllDesktopTargetPlatform
[2016.10.28-13.43.55:899][  0]LogTemp:Display: Loaded TP WindowsClientTargetPlatform
[2016.10.28-13.43.55:908][  0]LogTemp:Display: Loaded TP WindowsNoEditorTargetPlatform
[2016.10.28-13.43.55:916][  0]LogTemp:Display: Loaded TP WindowsServerTargetPlatform
[2016.10.28-13.43.55:922][  0]LogTemp:Display: Loaded TP WindowsTargetPlatform
[2016.10.28-13.43.55:929][  0]LogTemp:Display: Loaded TP AndroidTargetPlatform
[2016.10.28-13.43.55:936][  0]LogTemp:Display: Loaded TP Android_ASTCTargetPlatform
[2016.10.28-13.43.55:943][  0]LogTemp:Display: Loaded TP Android_ATCTargetPlatform
[2016.10.28-13.43.55:950][  0]LogTemp:Display: Loaded TP Android_DXTTargetPlatform
[2016.10.28-13.43.55:956][  0]LogTemp:Display: Loaded TP Android_ETC1TargetPlatform
[2016.10.28-13.43.55:963][  0]LogTemp:Display: Loaded TP Android_ETC2TargetPlatform
[2016.10.28-13.43.55:977][  0]LogTemp:Display: Loaded TP Android_MultiTargetPlatform
[2016.10.28-13.43.55:977][  0]LogTemp:Display: Loaded TP Android_PVRTCTargetPlatform
[2016.10.28-13.43.55:978][  0]LogTemp:Display: Loaded TP HTML5TargetPlatform
[2016.10.28-13.43.55:996][  0]LogTemp:Display: Loaded TP IOSTargetPlatform
[2016.10.28-13.43.56:002][  0]LogTemp:Display: Loaded TP TVOSTargetPlatform
[2016.10.28-13.43.56:009][  0]LogTemp:Display: Loaded TP LinuxClientTargetPlatform
[2016.10.28-13.43.56:015][  0]LogTemp:Display: Loaded TP LinuxNoEditorTargetPlatform
[2016.10.28-13.43.56:021][  0]LogTemp:Display: Loaded TP LinuxServerTargetPlatform
[2016.10.28-13.43.56:028][  0]LogTemp:Display: Loaded TP LinuxTargetPlatform
[2016.10.28-13.43.56:028][  0]LogTargetPlatformManager:Display: Building Assets For Windows
[2016.10.28-13.43.56:082][  0]LogDerivedDataCache:Display: Max Cache Size: 512 MB
[2016.10.28-13.43.56:147][  0]LogDerivedDataCache: Loaded boot cache 0.06s 76MB C:/Users/15054284/AppData/Local/UnrealEngine/4.13/DerivedDataCache/Boot.ddc.
[2016.10.28-13.43.56:147][  0]LogDerivedDataCache:Display: Loaded Boot cache: C:/Users/15054284/AppData/Local/UnrealEngine/4.13/DerivedDataCache/Boot.ddc
[2016.10.28-13.43.56:147][  0]LogDerivedDataCache: FDerivedDataBackendGraph:  Pak pak cache file F:/My Documents/Unreal Projects/filaman/DerivedDataCache/DDC.ddp not found, will not use a pak cache.
[2016.10.28-13.43.56:147][  0]LogDerivedDataCache: Unable to find inner node Pak for hierarchical cache Hierarchy.
[2016.10.28-13.43.56:148][  0]LogDerivedDataCache: FDerivedDataBackendGraph:  CompressedPak pak cache file F:/My Documents/Unreal Projects/filaman/DerivedDataCache/Compressed.ddp not found, will not use a pak cache.
[2016.10.28-13.43.56:148][  0]LogDerivedDataCache: Unable to find inner node CompressedPak for hierarchical cache Hierarchy.
[2016.10.28-13.43.56:162][  0]LogDerivedDataCache:Display: Pak cache opened for reading ../../../Engine/DerivedDataCache/Compressed.ddp.
[2016.10.28-13.43.56:173][  0]LogDerivedDataCache: Using Local data cache path C:/Users/15054284/AppData/Local/UnrealEngine/Common/DerivedDataCache: Writable
[2016.10.28-13.43.56:330][  0]LogInit: Selected Device Profile: [Windows]
[2016.10.28-13.43.56:331][  0]LogMaterial: Uniform references updated for custom material expression Custom.
[2016.10.28-13.43.56:333][  0]LogContentStreaming: Texture pool size is 0.00 MB
[2016.10.28-13.43.56:461][  0]LogMeshUtilities: No automatic mesh reduction module available
[2016.10.28-13.43.56:461][  0]LogMeshUtilities: No automatic mesh merging module available
[2016.10.28-13.43.56:461][  0]LogMeshUtilities: No distributed automatic mesh merging module available
[2016.10.28-13.43.56:696][  0]LogNetVersion: GetLocalNetworkVersion: CL: 3106830, ProjectName: myproject, ProjectVersion: , EngineNetworkVersion: 1, GameNetworkVersion: 0, NetworkChecksum: 1117662317
[2016.10.28-13.43.56:730][  0]LogAssetRegistry: FAssetRegistry took 0.0203 seconds to start up
[2016.10.28-13.43.56:842][  0]LogPackageLocalizationCache: Processed 3 localized package path(s) for 2 prioritized culture(s) in 0.109792 seconds
[2016.10.28-13.43.56:848][  0]LogUObjectArray: 29778 objects as part of root set at end of initial load.
[2016.10.28-13.43.56:848][  0]LogUObjectAllocator: 6125456 out of 0 bytes used by permanent object pool.
[2016.10.28-13.43.56:848][  0]LogUObjectArray: CloseDisregardForGC: 0/0 objects in disregard for GC pool
[2016.10.28-13.43.56:854][  0]LogInit: WinSock: version 1.1 (2.2), MaxSocks=32767, MaxUdp=65467
[2016.10.28-13.43.57:025][  0]LogSlate: SlateFontCache - WITH_FREETYPE: 1, WITH_HARFBUZZ: 1
[2016.10.28-13.43.57:025][  0]LogSlate: SlateFontCache - WITH_FREETYPE: 1, WITH_HARFBUZZ: 1
[2016.10.28-13.43.57:723][  0]LogTcpMessaging: Initializing TcpMessaging bridge
[2016.10.28-13.43.57:739][  0]LogUdpMessaging: Initializing bridge on interface 0.0.0.0:0 to multicast group 230.0.0.1:6666.
[2016.10.28-13.43.57:739][  0]LogDirectoryWatcher: A directory notification failed for 'F:/My Documents/Unreal Projects/filaman/Content/' because it was empty or there was a buffer overflow. Attemping another request...
[2016.10.28-13.43.57:952][  0]SourceControl: Info Source control is disabled
[2016.10.28-13.43.58:071][  0]SourceControl: Info Source control is disabled
[2016.10.28-13.43.58:077][  0]SourceControl: Info Source control is disabled
[2016.10.28-13.43.58:083][  0]SourceControl: Info Source control is disabled
[2016.10.28-13.43.58:266][  0]LogEngine: Initializing Engine...
[2016.10.28-13.43.58:266][  0]LogHMD: Failed to initialize OpenVR with code 110
[2016.10.28-13.43.58:374][  0]LogAIModule: Creating AISystem for world Untitled
[2016.10.28-13.43.58:381][  0]LogInit: XAudio2 using 'Speakers (High Definition Audio Device)' : 2 channels at 44.1 kHz using 16 bits per sample (channel mask 0x3)
[2016.10.28-13.43.58:394][  0]LogInit: FAudioDevice initialized.
[2016.10.28-13.43.58:429][  0]LogDerivedDataCache: Saved boot cache 0.04s 76MB C:/Users/15054284/AppData/Local/UnrealEngine/4.13/DerivedDataCache/Boot.ddc.
[2016.10.28-13.43.58:435][  0]LogInit: Texture streaming: Enabled
[2016.10.28-13.43.58:452][  0]LogInit: Transaction tracking system initialized
[2016.10.28-13.43.58:469][  0]BlueprintLog: New page: Editor Load
[2016.10.28-13.43.58:534][  0]LocalizationService: Info Localization service is disabled
[2016.10.28-13.43.58:595][  0]LogConsoleResponse:Display: 
[2016.10.28-13.43.58:684][  0]LogCook:Display: Max memory allowance for cook 16384mb min free memory 0mb
[2016.10.28-13.43.58:684][  0]LogCook:Display: Mobile HDR setting 1
[2016.10.28-13.43.58:787][  0]LogFileCache: Scanning file cache for directory 'F:/My Documents/Unreal Projects/filaman/Content/' took 0.04s
[2016.10.28-13.43.58:787][  0]SourceControl: Info Source control is disabled
[2016.10.28-13.43.58:787][  0]Cmd: MAP LOAD FILE="F:/My Documents/Unreal Projects/filaman/Content/ThirdPersonBP/Maps/ThirdPersonExampleMap.umap" TEMPLATE=0 SHOWPROGRESS=1 FEATURELEVEL=3
[2016.10.28-13.43.58:790][  0]LightingResults: New page: Lighting Build
[2016.10.28-13.43.58:792][  0]MapCheck: New page: Map Check
[2016.10.28-13.43.58:793][  0]LightingResults: New page: Lighting Build
[2016.10.28-13.43.59:462][  0]LogAIModule: Creating AISystem for world ThirdPersonExampleMap
[2016.10.28-13.43.59:472][  0]LogEditorServer: Finished looking for orphan Actors (0.000 secs)
[2016.10.28-13.43.59:472][  0]Cmd: MAP CHECKDEP NOCLEARLOG
[2016.10.28-13.43.59:501][  0]MapCheck: Info Map check complete: 0 Error(s), 0 Warning(s), took 28.561ms to complete.
[2016.10.28-13.43.59:501][  0]LogFileHelpers: Loading map 'ThirdPersonExampleMap' took 0.714
[2016.10.28-13.43.59:591][  0]LogCollectionManager: Loaded 0 collections in 0.002321 seconds
[2016.10.28-13.43.59:632][  0]LogFileCache: Scanning file cache for directory 'F:/My Documents/Unreal Projects/filaman/Saved/Collections/' took 0.01s
[2016.10.28-13.43.59:632][  0]LogFileCache: Scanning file cache for directory 'F:/My Documents/Unreal Projects/filaman/Content/Developers/15054284/Collections/' took 0.01s
[2016.10.28-13.43.59:632][  0]LogFileCache: Scanning file cache for directory 'F:/My Documents/Unreal Projects/filaman/Content/Collections/' took 0.01s
[2016.10.28-13.43.59:632][  0]LogCollectionManager: Rebuilt the GUID cache for 0 collections in 0.000002 seconds
[2016.10.28-13.43.59:640][  0]LogContentBrowser: Native class hierarchy populated in 0.0072 seconds. Added 2141 classes and 415 folders.
[2016.10.28-13.43.59:643][  0]LogStats: UGameplayTagsManager::ConstructGameplayTagTree: Construct from data asset -  0.000 s
[2016.10.28-13.43.59:643][  0]LogStats: UGameplayTagsManager::ConstructGameplayTagTree: GameplayTagTreeChangedEvent.Broadcast -  0.000 s
[2016.10.28-13.43.59:643][  0]LogContentBrowser: Native class hierarchy updated for 'GameplayTags' in 0.0004 seconds. Added 12 classes and 0 folders.
[2016.10.28-13.43.59:647][  0]LogContentBrowser: Native class hierarchy updated for 'WidgetCarousel' in 0.0003 seconds. Added 0 classes and 0 folders.
[2016.10.28-13.43.59:675][  0]LogContentBrowser: Native class hierarchy updated for 'AddContentDialog' in 0.0004 seconds. Added 0 classes and 0 folders.
[2016.10.28-13.43.59:678][  0]LogContentBrowser: Native class hierarchy updated for 'SceneOutliner' in 0.0003 seconds. Added 1 classes and 2 folders.
[2016.10.28-13.43.59:690][  0]LogCrashTracker: Crashtracker disabled due to settings.
[2016.10.28-13.43.59:729][  0]LogContentBrowser: Native class hierarchy updated for 'HierarchicalLODOutliner' in 0.0006 seconds. Added 1 classes and 2 folders.
[2016.10.28-13.43.59:729][  0]LogLoad: (Engine Initialization) Total time: 5.95 seconds
[2016.10.28-13.43.59:729][  0]LogLoad: (Engine Initialization) Total Blueprint compile time: 0.09 seconds
[2016.10.28-13.43.59:729][  0]LogExternalProfiler: Found external profiler: VSPerf
[2016.10.28-13.43.59:729][  0]LogExternalProfiler: Using external profiler: VSPerf
[2016.10.28-13.43.59:738][  0]LogOcInput: OculusInput pre-init called
[2016.10.28-13.43.59:754][  0]LogDirectoryWatcher: A directory notification failed for 'F:/My Documents/Unreal Projects/filaman/Content/' because it was empty or there was a buffer overflow. Attemping another request...
[2016.10.28-13.43.59:755][  0]LogDirectoryWatcher: A directory notification failed for 'F:/My Documents/Unreal Projects/filaman/Content/', and we were unable to create a new request.
[2016.10.28-13.43.59:755][  0]LogDirectoryWatcher: A directory notification failed for 'F:/My Documents/Unreal Projects/filaman/Saved/Collections/' because it was empty or there was a buffer overflow. Attemping another request...
[2016.10.28-13.43.59:755][  0]LogDirectoryWatcher: A directory notification failed for 'F:/My Documents/Unreal Projects/filaman/Content/Developers/15054284/Collections/' because it was empty or there was a buffer overflow. Attemping another request...
[2016.10.28-13.43.59:755][  0]LogDirectoryWatcher: A directory notification failed for 'F:/My Documents/Unreal Projects/filaman/Content/Collections/' because it was empty or there was a buffer overflow. Attemping another request...
[2016.10.28-13.43.59:756][  0]LogContentStreaming: Texture pool size now 1000 MB
[2016.10.28-13.43.59:864][  0]LogRenderer: Reallocating scene render targets to support 1208x576 (Frame:2).
[2016.10.28-13.43.59:935][  1]LogAssetRegistry: Asset discovery search completed in 3.2253 seconds
[2016.10.28-13.43.59:935][  1]LogCollectionManager: Rebuilt the object cache for 0 collections in 0.000001 seconds (found 0 objects)
[2016.10.28-13.43.59:935][  1]LogCollectionManager: Fixed up redirectors for 0 collections in 0.000034 seconds (updated 0 objects)
[2016.10.28-13.43.59:935][  1]LogDirectoryWatcher: A directory notification failed for 'F:/My Documents/Unreal Projects/filaman/Saved/Collections/' because it was empty or there was a buffer overflow. Attemping another request...
[2016.10.28-13.43.59:936][  1]LogDirectoryWatcher: A directory notification failed for 'F:/My Documents/Unreal Projects/filaman/Saved/Collections/', and we were unable to create a new request.
[2016.10.28-13.43.59:936][  1]LogDirectoryWatcher: A directory notification failed for 'F:/My Documents/Unreal Projects/filaman/Content/Developers/15054284/Collections/' because it was empty or there was a buffer overflow. Attemping another request...
[2016.10.28-13.43.59:937][  1]LogDirectoryWatcher: A directory notification failed for 'F:/My Documents/Unreal Projects/filaman/Content/Developers/15054284/Collections/', and we were unable to create a new request.
[2016.10.28-13.43.59:937][  1]LogDirectoryWatcher: A directory notification failed for 'F:/My Documents/Unreal Projects/filaman/Content/Collections/' because it was empty or there was a buffer overflow. Attemping another request...
[2016.10.28-13.43.59:937][  1]LogDirectoryWatcher: A directory notification failed for 'F:/My Documents/Unreal Projects/filaman/Content/Collections/', and we were unable to create a new request.
[2016.10.28-13.44.05:797][684]Cmd: MAP LOAD FILE="F:/My Documents/Unreal Projects/filaman/Content/LIGHTBULBMAN_ALPHA_FIRST.umap" TEMPLATE=0 SHOWPROGRESS=1 FEATURELEVEL=3
[2016.10.28-13.44.05:809][684]LightingResults: New page: Lighting Build
[2016.10.28-13.44.05:809][684]LoadErrors: New page: Loading map: LIGHTBULBMAN_ALPHA_FIRST.umap
[2016.10.28-13.44.05:812][684]MapCheck: New page: Map Check
[2016.10.28-13.44.05:812][684]LightingResults: New page: Lighting Build
[2016.10.28-13.44.05:981][684]LogAIModule: Creating AISystem for world LIGHTBULBMAN_ALPHA_FIRST
[2016.10.28-13.44.05:994][684]LogEditorServer: Finished looking for orphan Actors (0.000 secs)
[2016.10.28-13.44.06:025][684]Cmd: MAP CHECKDEP NOCLEARLOG
[2016.10.28-13.44.06:062][684]MapCheck: Info Map check complete: 0 Error(s), 0 Warning(s), took 37.068ms to complete.
[2016.10.28-13.44.06:062][684]LogFileHelpers: Loading map 'LIGHTBULBMAN_ALPHA_FIRST' took 0.266
[2016.10.28-13.44.09:014][ 31]LogBlueprintUserMessages: Early PlayInEditor Detection: Level '/Game/LIGHTBULBMAN_ALPHA_FIRST.LIGHTBULBMAN_ALPHA_FIRST:PersistentLevel' has LevelScriptBlueprint '/Game/LIGHTBULBMAN_ALPHA_FIRST.LIGHTBULBMAN_ALPHA_FIRST:PersistentLevel.LIGHTBULBMAN_ALPHA_FIRST' with GeneratedClass '/Game/LIGHTBULBMAN_ALPHA_FIRST.LIGHTBULBMAN_ALPHA_FIRST_C' with ClassGeneratedBy '/Game/LIGHTBULBMAN_ALPHA_FIRST.LIGHTBULBMAN_ALPHA_FIRST:PersistentLevel.LIGHTBULBMAN_ALPHA_FIRST'
[2016.10.28-13.44.09:014][ 31]LogPlayLevel: PlayLevel: No blueprints needed recompiling
[2016.10.28-13.44.09:014][ 31]PIE: New page: PIE session: LIGHTBULBMAN_ALPHA_FIRST (28 Oct 2016 14:44:09)
[2016.10.28-13.44.09:015][ 31]LogPlayLevel: Creating play world package: /Game/UEDPIE_0_LIGHTBULBMAN_ALPHA_FIRST
[2016.10.28-13.44.09:021][ 31]LogPlayLevel: PIE: StaticDuplicateObject took: (0.006292s)
[2016.10.28-13.44.09:021][ 31]LogAIModule: Creating AISystem for world LIGHTBULBMAN_ALPHA_FIRST
[2016.10.28-13.44.09:022][ 31]LogPlayLevel: PIE: World Init took: (0.000883s)
[2016.10.28-13.44.09:022][ 31]LogPlayLevel: PIE: Created PIE world by copying editor world from /Game/LIGHTBULBMAN_ALPHA_FIRST.LIGHTBULBMAN_ALPHA_FIRST to /Game/UEDPIE_0_LIGHTBULBMAN_ALPHA_FIRST.LIGHTBULBMAN_ALPHA_FIRST (0.007365s)
[2016.10.28-13.44.09:031][ 31]LogInit: XAudio2 using 'Speakers (High Definition Audio Device)' : 2 channels at 44.1 kHz using 16 bits per sample (channel mask 0x3)
[2016.10.28-13.44.09:034][ 31]LogInit: FAudioDevice initialized.
[2016.10.28-13.44.09:076][ 31]LogWorld: Game class is 'ThirdPersonGameMode_C'
[2016.10.28-13.44.09:081][ 31]LogWorld: Bringing World /Game/UEDPIE_0_LIGHTBULBMAN_ALPHA_FIRST.LIGHTBULBMAN_ALPHA_FIRST up for play (max tick rate 0) at 2016.10.28-14.44.09
[2016.10.28-13.44.09:082][ 31]LogWorld: Bringing up level for play took: 0.004278
[2016.10.28-13.44.09:085][ 31]LogContentBrowser: Native class hierarchy updated for 'MovieSceneCapture' in 0.0007 seconds. Added 11 classes and 0 folders.
[2016.10.28-13.44.09:085][ 31]LogGameMode:Display: Match State Changed from EnteringMap to WaitingToStart
[2016.10.28-13.44.09:085][ 31]LogGameState: Match State Changed from EnteringMap to WaitingToStart
[2016.10.28-13.44.09:085][ 31]LogGameMode:Display: Match State Changed from WaitingToStart to InProgress
[2016.10.28-13.44.09:086][ 31]LogGameState: Match State Changed from WaitingToStart to InProgress
[2016.10.28-13.44.09:086][ 31]PIE: Info Play in editor start time for /Game/UEDPIE_0_LIGHTBULBMAN_ALPHA_FIRST 0.929
[2016.10.28-13.44.09:086][ 31]LogBlueprintUserMessages: Late PlayInEditor Detection: Level '/Game/LIGHTBULBMAN_ALPHA_FIRST.LIGHTBULBMAN_ALPHA_FIRST:PersistentLevel' has LevelScriptBlueprint '/Game/LIGHTBULBMAN_ALPHA_FIRST.LIGHTBULBMAN_ALPHA_FIRST:PersistentLevel.LIGHTBULBMAN_ALPHA_FIRST' with GeneratedClass '/Game/LIGHTBULBMAN_ALPHA_FIRST.LIGHTBULBMAN_ALPHA_FIRST_C' with ClassGeneratedBy '/Game/LIGHTBULBMAN_ALPHA_FIRST.LIGHTBULBMAN_ALPHA_FIRST:PersistentLevel.LIGHTBULBMAN_ALPHA_FIRST'
[2016.10.28-13.44.39:004][619]LogBlueprintUserMessages: Early EndPlayMap Detection: Level '/Game/LIGHTBULBMAN_ALPHA_FIRST.LIGHTBULBMAN_ALPHA_FIRST:PersistentLevel' has LevelScriptBlueprint '/Game/LIGHTBULBMAN_ALPHA_FIRST.LIGHTBULBMAN_ALPHA_FIRST:PersistentLevel.LIGHTBULBMAN_ALPHA_FIRST' with GeneratedClass '/Game/LIGHTBULBMAN_ALPHA_FIRST.LIGHTBULBMAN_ALPHA_FIRST_C' with ClassGeneratedBy '/Game/LIGHTBULBMAN_ALPHA_FIRST.LIGHTBULBMAN_ALPHA_FIRST:PersistentLevel.LIGHTBULBMAN_ALPHA_FIRST'
[2016.10.28-13.44.39:033][619]LogBlueprintUserMessages: Late EndPlayMap Detection: Level '/Game/LIGHTBULBMAN_ALPHA_FIRST.LIGHTBULBMAN_ALPHA_FIRST:PersistentLevel' has LevelScriptBlueprint '/Game/LIGHTBULBMAN_ALPHA_FIRST.LIGHTBULBMAN_ALPHA_FIRST:PersistentLevel.LIGHTBULBMAN_ALPHA_FIRST' with GeneratedClass '/Game/LIGHTBULBMAN_ALPHA_FIRST.LIGHTBULBMAN_ALPHA_FIRST_C' with ClassGeneratedBy '/Game/LIGHTBULBMAN_ALPHA_FIRST.LIGHTBULBMAN_ALPHA_FIRST:PersistentLevel.LIGHTBULBMAN_ALPHA_FIRST'
[2016.10.28-13.46.51:045][281]LogContentBrowser: Native class hierarchy updated for 'BlueprintGraph' in 0.0010 seconds. Added 112 classes and 0 folders.
[2016.10.28-13.47.56:631][751]LogAIModule: Creating AISystem for world ThirdPersonExampleMap
[2016.10.28-13.47.56:638][751]LogProperty:Warning: ObjectProperty /Script/BlueprintGraph.K2Node_ActorBoundEvent:EventOwner: unresolved reference to 'TriggerVolume'/Game/ThirdPersonBP/Maps/ThirdPersonExampleMap.ThirdPersonExampleMap:PersistentLevel.TriggerVolume_1''
[2016.10.28-13.49.05:401][414]BlueprintLog: New page: Compile LIGHTBULBMAN_ALPHA_FIRST
[2016.10.28-13.49.05:405][414]LogBlueprint:Error: [Compiler PersistentLevel.LIGHTBULBMAN_ALPHA_FIRST] Error The type of  Object  is undetermined.  Connect something to  K2Node_DynamicCast_17  to imply a specific type.
[2016.10.28-13.49.05:405][414]LogBlueprint:Error: [Compiler PersistentLevel.LIGHTBULBMAN_ALPHA_FIRST] Error The current value of the ' Object ' pin is invalid: Unsupported type Wildcard on pin Object
[2016.10.28-13.49.05:473][414]LogTexture:Display: Building textures: BadBlueprintSprite (BGRA8)
[2016.10.28-13.49.05:583][414]BlueprintEditorCompileResults:Error: Error The type of  Object  is undetermined.  Connect something to  K2Node_DynamicCast_17  to imply a specific type.
[2016.10.28-13.49.05:583][414]BlueprintEditorCompileResults:Error: Error The current value of the ' Object ' pin is invalid: Unsupported type Wildcard on pin Object
[2016.10.28-13.49.05:583][414]LogBlueprint:Warning: [Compiler PersistentLevel.LIGHTBULBMAN_ALPHA_FIRST] Warning [0311.81] Compile of PersistentLevel.LIGHTBULBMAN_ALPHA_FIRST failed. 2 Fatal Issue(s) 0 Warning(s) [in 182 ms] (/Game/LIGHTBULBMAN_ALPHA_FIRST.LIGHTBULBMAN_ALPHA_FIRST:PersistentLevel.LIGHTBULBMAN_ALPHA_FIRST)
[2016.10.28-13.49.25:758][832]BlueprintLog: New page: Compile LIGHTBULBMAN_ALPHA_FIRST
[2016.10.28-13.49.25:761][832]LogBlueprint:Error: [Compiler PersistentLevel.LIGHTBULBMAN_ALPHA_FIRST] Error The type of  Object  is undetermined.  Connect something to  K2Node_DynamicCast_17  to imply a specific type.
[2016.10.28-13.49.25:761][832]LogBlueprint:Error: [Compiler PersistentLevel.LIGHTBULBMAN_ALPHA_FIRST] Error The current value of the ' Object ' pin is invalid: Unsupported type Wildcard on pin Object
[2016.10.28-13.49.25:884][832]BlueprintEditorCompileResults:Error: Error The type of  Object  is undetermined.  Connect something to  K2Node_DynamicCast_17  to imply a specific type.
[2016.10.28-13.49.25:884][832]BlueprintEditorCompileResults:Error: Error The current value of the ' Object ' pin is invalid: Unsupported type Wildcard on pin Object
[2016.10.28-13.49.25:884][832]LogBlueprint:Warning: [Compiler PersistentLevel.LIGHTBULBMAN_ALPHA_FIRST] Warning [0332.11] Compile of PersistentLevel.LIGHTBULBMAN_ALPHA_FIRST failed. 2 Fatal Issue(s) 0 Warning(s) [in 126 ms] (/Game/LIGHTBULBMAN_ALPHA_FIRST.LIGHTBULBMAN_ALPHA_FIRST:PersistentLevel.LIGHTBULBMAN_ALPHA_FIRST)
[2016.10.28-13.49.53:833][951]LogMaterial: Missing cached shader map for material Material_0, compiling. 
[2016.10.28-13.49.53:893][952]LogMaterial: Missing cached shader map for material Material_1, compiling. 
[2016.10.28-13.49.53:940][953]LogMaterial: Missing cached shader map for material Material_2, compiling. 
[2016.10.28-13.49.53:979][954]LogMaterial: Missing cached shader map for material Material_3, compiling. 
[2016.10.28-13.50.17:982][601]BlueprintLog: New page: Compile LIGHTBULBMAN_ALPHA_FIRST
[2016.10.28-13.50.17:987][601]LogBlueprint:Error: [Compiler PersistentLevel.LIGHTBULBMAN_ALPHA_FIRST] Error Couldn't find object for bound event node  K2Node_ActorBoundEvent_46
[2016.10.28-13.50.18:106][601]BlueprintEditorCompileResults:Error: Error Couldn't find object for bound event node  K2Node_ActorBoundEvent_46
[2016.10.28-13.50.18:106][601]LogBlueprint:Warning: [Compiler PersistentLevel.LIGHTBULBMAN_ALPHA_FIRST] Warning [0384.33] Compile of PersistentLevel.LIGHTBULBMAN_ALPHA_FIRST failed. 1 Fatal Issue(s) 0 Warning(s) [in 123 ms] (/Game/LIGHTBULBMAN_ALPHA_FIRST.LIGHTBULBMAN_ALPHA_FIRST:PersistentLevel.LIGHTBULBMAN_ALPHA_FIRST)
[2016.10.28-13.51.44:569][357]BlueprintLog: New page: Compile LIGHTBULBMAN_ALPHA_FIRST
[2016.10.28-13.51.53:632][426]LogBlueprintUserMessages: Early PlayInEditor Detection: Level '/Game/LIGHTBULBMAN_ALPHA_FIRST.LIGHTBULBMAN_ALPHA_FIRST:PersistentLevel' has LevelScriptBlueprint '/Game/LIGHTBULBMAN_ALPHA_FIRST.LIGHTBULBMAN_ALPHA_FIRST:PersistentLevel.LIGHTBULBMAN_ALPHA_FIRST' with GeneratedClass '/Game/LIGHTBULBMAN_ALPHA_FIRST.LIGHTBULBMAN_ALPHA_FIRST_C' with ClassGeneratedBy '/Game/LIGHTBULBMAN_ALPHA_FIRST.LIGHTBULBMAN_ALPHA_FIRST:PersistentLevel.LIGHTBULBMAN_ALPHA_FIRST'
[2016.10.28-13.51.53:632][426]LogPlayLevel: PlayLevel: No blueprints needed recompiling
[2016.10.28-13.51.53:632][426]PIE: New page: PIE session: LIGHTBULBMAN_ALPHA_FIRST (28 Oct 2016 14:51:53)
[2016.10.28-13.51.53:632][426]LogPlayLevel: Creating play world package: /Game/UEDPIE_0_LIGHTBULBMAN_ALPHA_FIRST
[2016.10.28-13.51.53:640][426]LogPlayLevel: PIE: StaticDuplicateObject took: (0.007172s)
[2016.10.28-13.51.53:640][426]LogAIModule: Creating AISystem for world LIGHTBULBMAN_ALPHA_FIRST
[2016.10.28-13.51.53:640][426]LogPlayLevel: PIE: World Init took: (0.000903s)
[2016.10.28-13.51.53:641][426]LogPlayLevel: PIE: Created PIE world by copying editor world from /Game/LIGHTBULBMAN_ALPHA_FIRST.LIGHTBULBMAN_ALPHA_FIRST to /Game/UEDPIE_0_LIGHTBULBMAN_ALPHA_FIRST.LIGHTBULBMAN_ALPHA_FIRST (0.008262s)
[2016.10.28-13.51.53:653][426]LogInit: XAudio2 using 'Speakers (High Definition Audio Device)' : 2 channels at 44.1 kHz using 16 bits per sample (channel mask 0x3)
[2016.10.28-13.51.53:657][426]LogInit: FAudioDevice initialized.
[2016.10.28-13.51.53:684][426]LogWorld: Game class is 'ThirdPersonGameMode_C'
[2016.10.28-13.51.53:688][426]LogWorld: Bringing World /Game/UEDPIE_0_LIGHTBULBMAN_ALPHA_FIRST.LIGHTBULBMAN_ALPHA_FIRST up for play (max tick rate 0) at 2016.10.28-14.51.53
[2016.10.28-13.51.53:689][426]LogWorld: Bringing up level for play took: 0.004760
[2016.10.28-13.51.53:690][426]LogGameMode:Display: Match State Changed from EnteringMap to WaitingToStart
[2016.10.28-13.51.53:690][426]LogGameState: Match State Changed from EnteringMap to WaitingToStart
[2016.10.28-13.51.53:690][426]LogGameMode:Display: Match State Changed from WaitingToStart to InProgress
[2016.10.28-13.51.53:690][426]LogGameState: Match State Changed from WaitingToStart to InProgress
[2016.10.28-13.51.53:690][426]PIE: Info Play in editor start time for /Game/UEDPIE_0_LIGHTBULBMAN_ALPHA_FIRST -0.476
[2016.10.28-13.51.53:690][426]LogBlueprintUserMessages: Late PlayInEditor Detection: Level '/Game/LIGHTBULBMAN_ALPHA_FIRST.LIGHTBULBMAN_ALPHA_FIRST:PersistentLevel' has LevelScriptBlueprint '/Game/LIGHTBULBMAN_ALPHA_FIRST.LIGHTBULBMAN_ALPHA_FIRST:PersistentLevel.LIGHTBULBMAN_ALPHA_FIRST' with GeneratedClass '/Game/LIGHTBULBMAN_ALPHA_FIRST.LIGHTBULBMAN_ALPHA_FIRST_C' with ClassGeneratedBy '/Game/LIGHTBULBMAN_ALPHA_FIRST.LIGHTBULBMAN_ALPHA_FIRST:PersistentLevel.LIGHTBULBMAN_ALPHA_FIRST'
[2016.10.28-13.53.39:328][ 99]LogBlueprintUserMessages: Early EndPlayMap Detection: Level '/Game/LIGHTBULBMAN_ALPHA_FIRST.LIGHTBULBMAN_ALPHA_FIRST:PersistentLevel' has LevelScriptBlueprint '/Game/LIGHTBULBMAN_ALPHA_FIRST.LIGHTBULBMAN_ALPHA_FIRST:PersistentLevel.LIGHTBULBMAN_ALPHA_FIRST' with GeneratedClass '/Game/LIGHTBULBMAN_ALPHA_FIRST.LIGHTBULBMAN_ALPHA_FIRST_C' with ClassGeneratedBy '/Game/LIGHTBULBMAN_ALPHA_FIRST.LIGHTBULBMAN_ALPHA_FIRST:PersistentLevel.LIGHTBULBMAN_ALPHA_FIRST'
[2016.10.28-13.53.39:380][ 99]LogBlueprintUserMessages: Late EndPlayMap Detection: Level '/Game/LIGHTBULBMAN_ALPHA_FIRST.LIGHTBULBMAN_ALPHA_FIRST:PersistentLevel' has LevelScriptBlueprint '/Game/LIGHTBULBMAN_ALPHA_FIRST.LIGHTBULBMAN_ALPHA_FIRST:PersistentLevel.LIGHTBULBMAN_ALPHA_FIRST' with GeneratedClass '/Game/LIGHTBULBMAN_ALPHA_FIRST.LIGHTBULBMAN_ALPHA_FIRST_C' with ClassGeneratedBy '/Game/LIGHTBULBMAN_ALPHA_FIRST.LIGHTBULBMAN_ALPHA_FIRST:PersistentLevel.LIGHTBULBMAN_ALPHA_FIRST'
[2016.10.28-13.53.47:464][ 62]Cmd: OBJ SAVEPACKAGE PACKAGE="/Game/LIGHTBULBMAN_ALPHA_FIRST" FILE="F:/My Documents/Unreal Projects/filaman/Content/LIGHTBULBMAN_ALPHA_FIRST.umap" SILENT=true AUTOSAVING=false KEEPDIRTY=false
[2016.10.28-13.53.49:134][ 62]LogSavePackage: Save=1277.33ms
[2016.10.28-13.53.49:134][ 62]LogSavePackage: Moving 'F:/My Documents/Unreal Projects/filaman/Saved/LIGHTBULBMAN_ALPHA_FIRST5910F42A4A0B0ACB683A5884729119E5.tmp' to 'F:/My Documents/Unreal Projects/filaman/Content/LIGHTBULBMAN_ALPHA_FIRST.umap'
[2016.10.28-13.53.49:147][ 62]LogSavePackage:Display: Finished SavePackage F:/My Documents/Unreal Projects/filaman/Content/LIGHTBULBMAN_ALPHA_FIRST.umap
[2016.10.28-13.55.23:585][ 93]Cmd: OBJ SAVEPACKAGE PACKAGE="/Game/LIGHTBULBMAN_ALPHA_FIRST" FILE="F:/My Documents/Unreal Projects/filaman/Content/LIGHTBULBMAN_ALPHA_FIRST.umap" SILENT=true AUTOSAVING=false KEEPDIRTY=false
[2016.10.28-13.55.24:581][ 93]LogSavePackage: Save=937.55ms
[2016.10.28-13.55.24:581][ 93]LogSavePackage: Moving 'F:/My Documents/Unreal Projects/filaman/Saved/LIGHTBULBMAN_ALPHA_FIRSTE4F7E87343E0AD97455175908D1CFF66.tmp' to 'F:/My Documents/Unreal Projects/filaman/Content/LIGHTBULBMAN_ALPHA_FIRST.umap'
[2016.10.28-13.55.24:591][ 93]LogSavePackage:Display: Finished SavePackage F:/My Documents/Unreal Projects/filaman/Content/LIGHTBULBMAN_ALPHA_FIRST.umap
[2016.10.28-13.56.43:991][573]LogBlueprintUserMessages: Early PlayInEditor Detection: Level '/Game/LIGHTBULBMAN_ALPHA_FIRST.LIGHTBULBMAN_ALPHA_FIRST:PersistentLevel' has LevelScriptBlueprint '/Game/LIGHTBULBMAN_ALPHA_FIRST.LIGHTBULBMAN_ALPHA_FIRST:PersistentLevel.LIGHTBULBMAN_ALPHA_FIRST' with GeneratedClass '/Game/LIGHTBULBMAN_ALPHA_FIRST.LIGHTBULBMAN_ALPHA_FIRST_C' with ClassGeneratedBy '/Game/LIGHTBULBMAN_ALPHA_FIRST.LIGHTBULBMAN_ALPHA_FIRST:PersistentLevel.LIGHTBULBMAN_ALPHA_FIRST'
[2016.10.28-13.56.43:991][573]LogPlayLevel: PlayLevel: No blueprints needed recompiling
[2016.10.28-13.56.43:991][573]PIE: New page: PIE session: LIGHTBULBMAN_ALPHA_FIRST (28 Oct 2016 14:56:43)
[2016.10.28-13.56.43:991][573]LogPlayLevel: Creating play world package: /Game/UEDPIE_0_LIGHTBULBMAN_ALPHA_FIRST
[2016.10.28-13.56.43:998][573]LogPlayLevel: PIE: StaticDuplicateObject took: (0.006706s)
[2016.10.28-13.56.43:998][573]LogAIModule: Creating AISystem for world LIGHTBULBMAN_ALPHA_FIRST
[2016.10.28-13.56.44:000][573]LogPlayLevel: PIE: World Init took: (0.001603s)
[2016.10.28-13.56.44:000][573]LogPlayLevel: PIE: Created PIE world by copying editor world from /Game/LIGHTBULBMAN_ALPHA_FIRST.LIGHTBULBMAN_ALPHA_FIRST to /Game/UEDPIE_0_LIGHTBULBMAN_ALPHA_FIRST.LIGHTBULBMAN_ALPHA_FIRST (0.008512s)
[2016.10.28-13.56.44:017][573]LogInit: XAudio2 using 'Speakers (High Definition Audio Device)' : 2 channels at 44.1 kHz using 16 bits per sample (channel mask 0x3)
[2016.10.28-13.56.44:021][573]LogInit: FAudioDevice initialized.
[2016.10.28-13.56.44:046][573]LogWorld: Game class is 'ThirdPersonGameMode_C'
[2016.10.28-13.56.44:050][573]LogWorld: Bringing World /Game/UEDPIE_0_LIGHTBULBMAN_ALPHA_FIRST.LIGHTBULBMAN_ALPHA_FIRST up for play (max tick rate 0) at 2016.10.28-14.56.44
[2016.10.28-13.56.44:051][573]LogWorld: Bringing up level for play took: 0.004033
[2016.10.28-13.56.44:051][573]LogGameMode:Display: Match State Changed from EnteringMap to WaitingToStart
[2016.10.28-13.56.44:051][573]LogGameState: Match State Changed from EnteringMap to WaitingToStart
[2016.10.28-13.56.44:051][573]LogGameMode:Display: Match State Changed from WaitingToStart to InProgress
[2016.10.28-13.56.44:051][573]LogGameState: Match State Changed from WaitingToStart to InProgress
[2016.10.28-13.56.44:052][573]PIE: Info Play in editor start time for /Game/UEDPIE_0_LIGHTBULBMAN_ALPHA_FIRST -0.139
[2016.10.28-13.56.44:057][573]LogBlueprintUserMessages: Late PlayInEditor Detection: Level '/Game/LIGHTBULBMAN_ALPHA_FIRST.LIGHTBULBMAN_ALPHA_FIRST:PersistentLevel' has LevelScriptBlueprint '/Game/LIGHTBULBMAN_ALPHA_FIRST.LIGHTBULBMAN_ALPHA_FIRST:PersistentLevel.LIGHTBULBMAN_ALPHA_FIRST' with GeneratedClass '/Game/LIGHTBULBMAN_ALPHA_FIRST.LIGHTBULBMAN_ALPHA_FIRST_C' with ClassGeneratedBy '/Game/LIGHTBULBMAN_ALPHA_FIRST.LIGHTBULBMAN_ALPHA_FIRST:PersistentLevel.LIGHTBULBMAN_ALPHA_FIRST'
[2016.10.28-13.57.05:961][200]LogBlueprintUserMessages: Early EndPlayMap Detection: Level '/Game/LIGHTBULBMAN_ALPHA_FIRST.LIGHTBULBMAN_ALPHA_FIRST:PersistentLevel' has LevelScriptBlueprint '/Game/LIGHTBULBMAN_ALPHA_FIRST.LIGHTBULBMAN_ALPHA_FIRST:PersistentLevel.LIGHTBULBMAN_ALPHA_FIRST' with GeneratedClass '/Game/LIGHTBULBMAN_ALPHA_FIRST.LIGHTBULBMAN_ALPHA_FIRST_C' with ClassGeneratedBy '/Game/LIGHTBULBMAN_ALPHA_FIRST.LIGHTBULBMAN_ALPHA_FIRST:PersistentLevel.LIGHTBULBMAN_ALPHA_FIRST'
[2016.10.28-13.57.05:997][200]LogBlueprintUserMessages: Late EndPlayMap Detection: Level '/Game/LIGHTBULBMAN_ALPHA_FIRST.LIGHTBULBMAN_ALPHA_FIRST:PersistentLevel' has LevelScriptBlueprint '/Game/LIGHTBULBMAN_ALPHA_FIRST.LIGHTBULBMAN_ALPHA_FIRST:PersistentLevel.LIGHTBULBMAN_ALPHA_FIRST' with GeneratedClass '/Game/LIGHTBULBMAN_ALPHA_FIRST.LIGHTBULBMAN_ALPHA_FIRST_C' with ClassGeneratedBy '/Game/LIGHTBULBMAN_ALPHA_FIRST.LIGHTBULBMAN_ALPHA_FIRST:PersistentLevel.LIGHTBULBMAN_ALPHA_FIRST'
[2016.10.28-13.57.08:482][493]LogBlueprintUserMessages: Early PlayInEditor Detection: Level '/Game/LIGHTBULBMAN_ALPHA_FIRST.LIGHTBULBMAN_ALPHA_FIRST:PersistentLevel' has LevelScriptBlueprint '/Game/LIGHTBULBMAN_ALPHA_FIRST.LIGHTBULBMAN_ALPHA_FIRST:PersistentLevel.LIGHTBULBMAN_ALPHA_FIRST' with GeneratedClass '/Game/LIGHTBULBMAN_ALPHA_FIRST.LIGHTBULBMAN_ALPHA_FIRST_C' with ClassGeneratedBy '/Game/LIGHTBULBMAN_ALPHA_FIRST.LIGHTBULBMAN_ALPHA_FIRST:PersistentLevel.LIGHTBULBMAN_ALPHA_FIRST'
[2016.10.28-13.57.08:482][493]LogPlayLevel: PlayLevel: No blueprints needed recompiling
[2016.10.28-13.57.08:482][493]PIE: New page: PIE session: LIGHTBULBMAN_ALPHA_FIRST (28 Oct 2016 14:57:08)
[2016.10.28-13.57.08:482][493]LogPlayLevel: Creating play world package: /Game/UEDPIE_0_LIGHTBULBMAN_ALPHA_FIRST
[2016.10.28-13.57.08:489][493]LogPlayLevel: PIE: StaticDuplicateObject took: (0.006860s)
[2016.10.28-13.57.08:490][493]LogAIModule: Creating AISystem for world LIGHTBULBMAN_ALPHA_FIRST
[2016.10.28-13.57.08:490][493]LogPlayLevel: PIE: World Init took: (0.000607s)
[2016.10.28-13.57.08:490][493]LogPlayLevel: PIE: Created PIE world by copying editor world from /Game/LIGHTBULBMAN_ALPHA_FIRST.LIGHTBULBMAN_ALPHA_FIRST to /Game/UEDPIE_0_LIGHTBULBMAN_ALPHA_FIRST.LIGHTBULBMAN_ALPHA_FIRST (0.007638s)
[2016.10.28-13.57.08:502][493]LogInit: XAudio2 using 'Speakers (High Definition Audio Device)' : 2 channels at 44.1 kHz using 16 bits per sample (channel mask 0x3)
[2016.10.28-13.57.08:506][493]LogInit: FAudioDevice initialized.
[2016.10.28-13.57.08:537][493]LogWorld: Game class is 'ThirdPersonGameMode_C'
[2016.10.28-13.57.08:541][493]LogWorld: Bringing World /Game/UEDPIE_0_LIGHTBULBMAN_ALPHA_FIRST.LIGHTBULBMAN_ALPHA_FIRST up for play (max tick rate 0) at 2016.10.28-14.57.08
[2016.10.28-13.57.08:542][493]LogWorld: Bringing up level for play took: 0.004161
[2016.10.28-13.57.08:542][493]LogGameMode:Display: Match State Changed from EnteringMap to WaitingToStart
[2016.10.28-13.57.08:542][493]LogGameState: Match State Changed from EnteringMap to WaitingToStart
[2016.10.28-13.57.08:542][493]LogGameMode:Display: Match State Changed from WaitingToStart to InProgress
[2016.10.28-13.57.08:542][493]LogGameState: Match State Changed from WaitingToStart to InProgress
[2016.10.28-13.57.08:543][493]PIE: Info Play in editor start time for /Game/UEDPIE_0_LIGHTBULBMAN_ALPHA_FIRST 0.352
[2016.10.28-13.57.08:543][493]LogBlueprintUserMessages: Late PlayInEditor Detection: Level '/Game/LIGHTBULBMAN_ALPHA_FIRST.LIGHTBULBMAN_ALPHA_FIRST:PersistentLevel' has LevelScriptBlueprint '/Game/LIGHTBULBMAN_ALPHA_FIRST.LIGHTBULBMAN_ALPHA_FIRST:PersistentLevel.LIGHTBULBMAN_ALPHA_FIRST' with GeneratedClass '/Game/LIGHTBULBMAN_ALPHA_FIRST.LIGHTBULBMAN_ALPHA_FIRST_C' with ClassGeneratedBy '/Game/LIGHTBULBMAN_ALPHA_FIRST.LIGHTBULBMAN_ALPHA_FIRST:PersistentLevel.LIGHTBULBMAN_ALPHA_FIRST'
[2016.10.28-13.57.26:656][666]LogBlueprintUserMessages: Early EndPlayMap Detection: Level '/Game/LIGHTBULBMAN_ALPHA_FIRST.LIGHTBULBMAN_ALPHA_FIRST:PersistentLevel' has LevelScriptBlueprint '/Game/LIGHTBULBMAN_ALPHA_FIRST.LIGHTBULBMAN_ALPHA_FIRST:PersistentLevel.LIGHTBULBMAN_ALPHA_FIRST' with GeneratedClass '/Game/LIGHTBULBMAN_ALPHA_FIRST.LIGHTBULBMAN_ALPHA_FIRST_C' with ClassGeneratedBy '/Game/LIGHTBULBMAN_ALPHA_FIRST.LIGHTBULBMAN_ALPHA_FIRST:PersistentLevel.LIGHTBULBMAN_ALPHA_FIRST'
[2016.10.28-13.57.26:695][666]LogBlueprintUserMessages: Late EndPlayMap Detection: Level '/Game/LIGHTBULBMAN_ALPHA_FIRST.LIGHTBULBMAN_ALPHA_FIRST:PersistentLevel' has LevelScriptBlueprint '/Game/LIGHTBULBMAN_ALPHA_FIRST.LIGHTBULBMAN_ALPHA_FIRST:PersistentLevel.LIGHTBULBMAN_ALPHA_FIRST' with GeneratedClass '/Game/LIGHTBULBMAN_ALPHA_FIRST.LIGHTBULBMAN_ALPHA_FIRST_C' with ClassGeneratedBy '/Game/LIGHTBULBMAN_ALPHA_FIRST.LIGHTBULBMAN_ALPHA_FIRST:PersistentLevel.LIGHTBULBMAN_ALPHA_FIRST'
[2016.10.28-13.57.38:301][ 53]Cmd: OBJ SAVEPACKAGE PACKAGE="/Game/LIGHTBULBMAN_ALPHA_FIRST" FILE="F:/My Documents/Unreal Projects/filaman/Content/LIGHTBULBMAN_ALPHA_FIRST.umap" SILENT=true AUTOSAVING=false KEEPDIRTY=false
[2016.10.28-13.57.39:248][ 53]LogSavePackage: Save=886.75ms
[2016.10.28-13.57.39:248][ 53]LogSavePackage: Moving 'F:/My Documents/Unreal Projects/filaman/Saved/LIGHTBULBMAN_ALPHA_FIRST3712F4054893D1B4712FE88A2032EC4A.tmp' to 'F:/My Documents/Unreal Projects/filaman/Content/LIGHTBULBMAN_ALPHA_FIRST.umap'
[2016.10.28-13.57.39:252][ 53]LogSavePackage:Display: Finished SavePackage F:/My Documents/Unreal Projects/filaman/Content/LIGHTBULBMAN_ALPHA_FIRST.umap
[2016.10.28-13.57.40:002][107]Cmd: QUIT_EDITOR
[2016.10.28-13.57.40:044][107]LogExit: Preparing to exit.
[2016.10.28-13.57.40:912][107]LogExit: Editor shut down
[2016.10.28-13.57.40:913][107]LogExit: Transaction tracking system shut down
[2016.10.28-13.57.41:031][107]LogObj: Freed 0b from 0 cluster array pools.
[2016.10.28-13.57.41:031][107]LogExit: Object subsystem successfully closed.
[2016.10.28-13.57.41:045][107]LogD3D11RHI: Shutdown
[2016.10.28-13.57.41:045][107]LogD3D11RHI: CleanupD3DDevice
[2016.10.28-13.57.41:099][107]LogD3D11RHI: ~FD3D11DynamicRHI
[2016.10.28-13.57.41:107][107]LogModuleManager: Shutting down and abandoning module BlueprintGraph (236)
[2016.10.28-13.57.41:107][107]LogModuleManager: Shutting down and abandoning module BlueprintProfiler (235)
[2016.10.28-13.57.41:107][107]LogModuleManager: Shutting down and abandoning module MovieSceneCapture (234)
[2016.10.28-13.57.41:107][107]LogModuleManager: Shutting down and abandoning module HierarchicalLODOutliner (233)
[2016.10.28-13.57.41:107][107]LogModuleManager: Shutting down and abandoning module CrashTracker (232)
[2016.10.28-13.57.41:107][107]LogModuleManager: Shutting down and abandoning module SceneOutliner (231)
[2016.10.28-13.57.41:107][107]LogModuleManager: Shutting down and abandoning module WidgetCarousel (230)
[2016.10.28-13.57.41:107][107]LogModuleManager: Shutting down and abandoning module AddContentDialog (229)
[2016.10.28-13.57.41:107][107]LogDirectoryWatcher: A directory notification for 'C:/Program Files (x86)/Epic Games/4.13/FeaturePacks/' was aborted.
[2016.10.28-13.57.41:107][107]LogModuleManager: Shutting down and abandoning module GameplayTags (228)
[2016.10.28-13.57.41:107][107]LogModuleManager: Shutting down and abandoning module EditorWidgets (227)
[2016.10.28-13.57.41:107][107]LogModuleManager: Shutting down and abandoning module CollectionManager (226)
[2016.10.28-13.57.41:107][107]LogModuleManager: Shutting down and abandoning module StatsViewer (225)
[2016.10.28-13.57.41:107][107]LogModuleManager: Shutting down and abandoning module FoliageEdit (224)
[2016.10.28-13.57.41:107][107]LogModuleManager: Shutting down and abandoning module LandscapeEditor (223)
[2016.10.28-13.57.41:107][107]LogModuleManager: Shutting down and abandoning module SceneDepthPickerMode (222)
[2016.10.28-13.57.41:107][107]LogModuleManager: Shutting down and abandoning module ActorPickerMode (221)
[2016.10.28-13.57.41:108][107]LogModuleManager: Shutting down and abandoning module GeometryMode (220)
[2016.10.28-13.57.41:108][107]LogModuleManager: Shutting down and abandoning module TextureAlignMode (219)
[2016.10.28-13.57.41:108][107]LogModuleManager: Shutting down and abandoning module BspMode (218)
[2016.10.28-13.57.41:108][107]LogModuleManager: Shutting down and abandoning module HardwareSurvey (217)
[2016.10.28-13.57.41:108][107]LogModuleManager: Shutting down and abandoning module SequenceRecorderSections (216)
[2016.10.28-13.57.41:108][107]LogModuleManager: Shutting down and abandoning module SequenceRecorder (215)
[2016.10.28-13.57.41:108][107]LogModuleManager: Shutting down and abandoning module AutomationWorker (214)
[2016.10.28-13.57.41:108][107]LogModuleManager: Shutting down and abandoning module MatineeToLevelSequence (213)
[2016.10.28-13.57.41:108][107]LogModuleManager: Shutting down and abandoning module PlacementMode (212)
[2016.10.28-13.57.41:108][107]LogModuleManager: Shutting down and abandoning module LevelSequenceEditor (211)
[2016.10.28-13.57.41:108][107]LogModuleManager: Shutting down and abandoning module WmfMediaFactory (210)
[2016.10.28-13.57.41:108][107]LogModuleManager: Shutting down and abandoning module WmfMediaEditor (209)
[2016.10.28-13.57.41:108][107]LogModuleManager: Shutting down and abandoning module AvfMediaFactory (208)
[2016.10.28-13.57.41:108][107]LogModuleManager: Shutting down and abandoning module AvfMediaEditor (207)
[2016.10.28-13.57.41:108][107]LogModuleManager: Shutting down and abandoning module Media (206)
[2016.10.28-13.57.41:108][107]LogModuleManager: Shutting down and abandoning module AndroidMediaFactory (205)
[2016.10.28-13.57.41:108][107]LogModuleManager: Shutting down and abandoning module AndroidMediaEditor (204)
[2016.10.28-13.57.41:108][107]LogModuleManager: Shutting down and abandoning module CharacterAI (203)
[2016.10.28-13.57.41:108][107]LogModuleManager: Shutting down and abandoning module SmartSnapping (202)
[2016.10.28-13.57.41:108][107]LogModuleManager: Shutting down and abandoning module SessionServices (201)
[2016.10.28-13.57.41:108][107]LogModuleManager: Shutting down and abandoning module ViewportSnapping (200)
[2016.10.28-13.57.41:108][107]LogModuleManager: Shutting down and abandoning module ViewportInteraction (199)
[2016.10.28-13.57.41:108][107]LogModuleManager: Shutting down and abandoning module LogVisualizer (198)
[2016.10.28-13.57.41:108][107]LogModuleManager: Shutting down and abandoning module GameProjectGeneration (197)
[2016.10.28-13.57.41:108][107]LogModuleManager: Shutting down and abandoning module IntroTutorials (196)
[2016.10.28-13.57.41:108][107]LogModuleManager: Shutting down and abandoning module EditorLiveStreaming (195)
[2016.10.28-13.57.41:108][107]LogModuleManager: Shutting down and abandoning module IOSPlatformEditor (194)
[2016.10.28-13.57.41:108][107]LogModuleManager: Shutting down and abandoning module HTML5PlatformEditor (193)
[2016.10.28-13.57.41:108][107]LogModuleManager: Shutting down and abandoning module AndroidDeviceDetection (192)
[2016.10.28-13.57.41:607][107]LogModuleManager: Shutting down and abandoning module AndroidPlatformEditor (191)
[2016.10.28-13.57.41:607][107]LogModuleManager: Shutting down and abandoning module IOSRuntimeSettings (190)
[2016.10.28-13.57.41:607][107]LogModuleManager: Shutting down and abandoning module AndroidRuntimeSettings (189)
[2016.10.28-13.57.41:607][107]LogModuleManager: Shutting down and abandoning module NiagaraEditor (188)
[2016.10.28-13.57.41:607][107]LogModuleManager: Shutting down and abandoning module MergeActors (187)
[2016.10.28-13.57.41:607][107]LogModuleManager: Shutting down and abandoning module SizeMap (186)
[2016.10.28-13.57.41:607][107]LogModuleManager: Shutting down and abandoning module TreeMap (185)
[2016.10.28-13.57.41:607][107]LogModuleManager: Shutting down and abandoning module ReferenceViewer (184)
[2016.10.28-13.57.41:607][107]LogModuleManager: Shutting down and abandoning module LocalizationService (183)
[2016.10.28-13.57.41:607][107]LogModuleManager: Shutting down and abandoning module LocalizationDashboard (182)
[2016.10.28-13.57.41:607][107]LogModuleManager: Shutting down and abandoning module HardwareTargeting (181)
[2016.10.28-13.57.41:607][107]LogModuleManager: Shutting down and abandoning module DeviceProfileEditor (180)
[2016.10.28-13.57.41:607][107]LogModuleManager: Shutting down and abandoning module UndoHistory (179)
[2016.10.28-13.57.41:607][107]LogModuleManager: Shutting down and abandoning module UserFeedback (178)
[2016.10.28-13.57.41:607][107]LogModuleManager: Shutting down and abandoning module XmlParser (177)
[2016.10.28-13.57.41:607][107]LogModuleManager: Shutting down and abandoning module Blutility (176)
[2016.10.28-13.57.41:607][107]LogModuleManager: Shutting down and abandoning module ProjectTargetPlatformEditor (175)
[2016.10.28-13.57.41:607][107]LogModuleManager: Shutting down and abandoning module ProjectSettingsViewer (174)
[2016.10.28-13.57.41:607][107]LogModuleManager: Shutting down and abandoning module InputBindingEditor (173)
[2016.10.28-13.57.41:608][107]LogModuleManager: Shutting down and abandoning module EditorSettingsViewer (172)
[2016.10.28-13.57.41:608][107]LogModuleManager: Shutting down and abandoning module SettingsEditor (171)
[2016.10.28-13.57.41:608][107]LogModuleManager: Shutting down and abandoning module ProjectLauncher (170)
[2016.10.28-13.57.41:608][107]LogModuleManager: Shutting down and abandoning module SessionFrontend (169)
[2016.10.28-13.57.41:608][107]LogModuleManager: Shutting down and abandoning module ProfilerClient (168)
[2016.10.28-13.57.41:608][107]LogModuleManager: Shutting down and abandoning module TargetDeviceServices (167)
[2016.10.28-13.57.41:608][107]LogModuleManager: Shutting down and abandoning module DeviceManager (166)
[2016.10.28-13.57.41:658][107]LogModuleManager: Shutting down and abandoning module AutomationController (165)
[2016.10.28-13.57.41:658][107]LogModuleManager: Shutting down and abandoning module AutomationWindow (164)
[2016.10.28-13.57.41:658][107]LogModuleManager: Shutting down and abandoning module Layers (163)
[2016.10.28-13.57.41:658][107]LogModuleManager: Shutting down and abandoning module ComponentVisualizers (162)
[2016.10.28-13.57.41:658][107]LogModuleManager: Shutting down and abandoning module DetailCustomizations (161)
[2016.10.28-13.57.41:658][107]LogModuleManager: Shutting down and abandoning module PackagesDialog (160)
[2016.10.28-13.57.41:658][107]LogModuleManager: Shutting down and abandoning module AnimGraph (159)
[2016.10.28-13.57.41:658][107]LogModuleManager: Shutting down and abandoning module Persona (158)
[2016.10.28-13.57.41:658][107]LogModuleManager: Shutting down and abandoning module Kismet (157)
[2016.10.28-13.57.41:662][107]LogModuleManager: Shutting down and abandoning module GraphEditor (156)
[2016.10.28-13.57.41:662][107]LogModuleManager: Shutting down and abandoning module ClassViewer (155)
[2016.10.28-13.57.41:662][107]LogModuleManager: Shutting down and abandoning module Toolbox (154)
[2016.10.28-13.57.41:662][107]LogModuleManager: Shutting down and abandoning module ModuleUI (153)
[2016.10.28-13.57.41:662][107]LogModuleManager: Shutting down and abandoning module MovieSceneTools (152)
[2016.10.28-13.57.41:662][107]LogModuleManager: Shutting down and abandoning module OutputLog (151)
[2016.10.28-13.57.41:662][107]LogModuleManager: Shutting down and abandoning module GammaUI (150)
[2016.10.28-13.57.41:662][107]LogModuleManager: Shutting down and abandoning module Documentation (149)
[2016.10.28-13.57.41:662][107]LogModuleManager: Shutting down and abandoning module Niagara (148)
[2016.10.28-13.57.41:662][107]LogModuleManager: Shutting down and abandoning module StreamingPauseRendering (147)
[2016.10.28-13.57.41:662][107]LogModuleManager: Shutting down and abandoning module AnalyticsET (146)
[2016.10.28-13.57.41:662][107]LogModuleManager: Shutting down and abandoning module PortalServices (145)
[2016.10.28-13.57.41:662][107]LogModuleManager: Shutting down and abandoning module PortalRpc (144)
[2016.10.28-13.57.41:662][107]LogModuleManager: Shutting down and abandoning module MessagingRpc (143)
[2016.10.28-13.57.41:662][107]LogModuleManager: Shutting down and abandoning module GameplayDebugger (142)
[2016.10.28-13.57.41:663][107]LogModuleManager: Shutting down and abandoning module AITestSuite (141)
[2016.10.28-13.57.41:663][107]LogModuleManager: Shutting down and abandoning module AIModule (140)
[2016.10.28-13.57.41:663][107]LogModuleManager: Shutting down and abandoning module ProfilerService (139)
[2016.10.28-13.57.41:766][107]LogModuleManager: Shutting down and abandoning module TaskGraph (138)
[2016.10.28-13.57.41:766][107]LogModuleManager: Shutting down and abandoning module SlateRemote (137)
[2016.10.28-13.57.41:767][107]LogModuleManager: Shutting down and abandoning module SteamVRController (136)
[2016.10.28-13.57.41:767][107]LogModuleManager: Shutting down and abandoning module SteamVR (135)
[2016.10.28-13.57.41:767][107]LogModuleManager: Shutting down and abandoning module ProceduralMeshComponentEditor (134)
[2016.10.28-13.57.41:767][107]LogModuleManager: Shutting down and abandoning module ProceduralMeshComponent (133)
[2016.10.28-13.57.41:767][107]LogModuleManager: Shutting down and abandoning module OculusLibrary (132)
[2016.10.28-13.57.41:767][107]LogModuleManager: Shutting down and abandoning module OculusInput (131)
[2016.10.28-13.57.41:767][107]LogModuleManager: Shutting down and abandoning module CustomMeshComponent (130)
[2016.10.28-13.57.41:767][107]LogModuleManager: Shutting down and abandoning module CableComponent (129)
[2016.10.28-13.57.41:767][107]LogModuleManager: Shutting down and abandoning module ArchVisCharacter (128)
[2016.10.28-13.57.41:767][107]LogModuleManager: Shutting down and abandoning module MediaPlayerEditor (126)
[2016.10.28-13.57.41:767][107]LogModuleManager: Shutting down and abandoning module HTML5Networking (125)
[2016.10.28-13.57.41:767][107]LogModuleManager: Shutting down and abandoning module GeometryCacheEd (124)
[2016.10.28-13.57.41:767][107]LogModuleManager: Shutting down and abandoning module GeometryCache (123)
[2016.10.28-13.57.41:767][107]LogModuleManager: Shutting down and abandoning module AlembicLibrary (122)
[2016.10.28-13.57.41:767][107]LogModuleManager: Shutting down and abandoning module AlembicImporter (121)
[2016.10.28-13.57.41:767][107]LogModuleManager: Shutting down and abandoning module SuperSearch (120)
[2016.10.28-13.57.41:767][107]LogModuleManager: Shutting down and abandoning module SuperSearchEditor (119)
[2016.10.28-13.57.41:767][107]LogModuleManager: Shutting down and abandoning module SpeedTreeImporter (118)
[2016.10.28-13.57.41:767][107]LogModuleManager: Shutting down and abandoning module PluginBrowser (117)
[2016.10.28-13.57.41:767][107]LogModuleManager: Shutting down and abandoning module MobileLauncherProfileWizard (116)
[2016.10.28-13.57.41:767][107]LogModuleManager: Shutting down and abandoning module EpicSurvey (115)
[2016.10.28-13.57.41:767][107]LogModuleManager: Shutting down and abandoning module DesktopPlatform (114)
[2016.10.28-13.57.41:767][107]LogModuleManager: Shutting down and abandoning module VisualStudioSourceCodeAccess (113)
[2016.10.28-13.57.41:767][107]LogModuleManager: Shutting down and abandoning module UObjectPlugin (112)
[2016.10.28-13.57.41:767][107]LogModuleManager: Shutting down and abandoning module SubversionSourceControl (111)
[2016.10.28-13.57.41:767][107]LogModuleManager: Shutting down and abandoning module PerforceSourceControl (110)
[2016.10.28-13.57.41:767][107]LogModuleManager: Shutting down and abandoning module SourceControl (109)
[2016.10.28-13.57.41:767][107]LogModuleManager: Shutting down and abandoning module GitSourceControl (108)
[2016.10.28-13.57.41:767][107]LogModuleManager: Shutting down and abandoning module LightPropagationVolumeEditor (107)
[2016.10.28-13.57.41:767][107]LogModuleManager: Shutting down and abandoning module PaperTiledImporter (106)
[2016.10.28-13.57.41:767][107]LogModuleManager: Shutting down and abandoning module PaperSpriteSheetImporter (105)
[2016.10.28-13.57.41:767][107]LogModuleManager: Shutting down and abandoning module MeshPaint (104)
[2016.10.28-13.57.41:767][107]LogModuleManager: Shutting down and abandoning module FbxAutomationBuilderModule (103)
[2016.10.28-13.57.41:767][107]LogModuleManager: Shutting down and abandoning module PixelInspectorModule (102)
[2016.10.28-13.57.41:767][107]LogModuleManager: Shutting down and abandoning module HotReload (101)
[2016.10.28-13.57.41:768][107]LogModuleManager: Shutting down and abandoning module MainFrame (100)
[2016.10.28-13.57.41:768][107]LogModuleManager: Shutting down and abandoning module LevelEditor (99)
[2016.10.28-13.57.41:768][107]LogModuleMa