Log file open, 11/14/16 15:50:04
LogInit:Display: Running engine for game: MyProject
LogPlatformFile: Not using cached read wrapper
LogInit:Display: RandInit(517678167) SRandInit(517678167).
LogTaskGraph: Started task graph with 5 named threads and 8 total threads with 1 sets of task threads.
LogStats: Stats thread started at 0.065186
LogPluginManager: Loaded Plugin Paper2D, From C:/Program Files (x86)/Epic Games/4.13/Engine/Plugins/2D/Paper2D/Paper2D.uplugin
LogPluginManager: Loaded Plugin LightPropagationVolume, From C:/Program Files (x86)/Epic Games/4.13/Engine/Plugins/Blendables/LightPropagationVolume/LightPropagationVolume.uplugin
LogPluginManager: Loaded Plugin BlankPlugin, From C:/Program Files (x86)/Epic Games/4.13/Engine/Plugins/Developer/BlankPlugin/BlankPlugin.uplugin
LogPluginManager: Loaded Plugin CodeLiteSourceCodeAccess, From C:/Program Files (x86)/Epic Games/4.13/Engine/Plugins/Developer/CodeLiteSourceCodeAccess/CodeLiteSourceCodeAccess.uplugin
LogPluginManager: Loaded Plugin GitSourceControl, From C:/Program Files (x86)/Epic Games/4.13/Engine/Plugins/Developer/GitSourceControl/GitSourceControl.uplugin
LogPluginManager: Loaded Plugin KDevelopSourceCodeAccess, From C:/Program Files (x86)/Epic Games/4.13/Engine/Plugins/Developer/KDevelopSourceCodeAccess/KDevelopSourceCodeAccess.uplugin
LogPluginManager: Loaded Plugin NullSourceCodeAccess, From C:/Program Files (x86)/Epic Games/4.13/Engine/Plugins/Developer/NullSourceCodeAccess/NullSourceCodeAccess.uplugin
LogPluginManager: Loaded Plugin OneSkyLocalizationService, From C:/Program Files (x86)/Epic Games/4.13/Engine/Plugins/Developer/OneSkyLocalizationService/OneSkyLocalizationService.uplugin
LogPluginManager: Loaded Plugin PerforceSourceControl, From C:/Program Files (x86)/Epic Games/4.13/Engine/Plugins/Developer/PerforceSourceControl/PerforceSourceControl.uplugin
LogPluginManager: Loaded Plugin SubversionSourceControl, From C:/Program Files (x86)/Epic Games/4.13/Engine/Plugins/Developer/SubversionSourceControl/SubversionSourceControl.uplugin
LogPluginManager: Loaded Plugin UObjectPlugin, From C:/Program Files (x86)/Epic Games/4.13/Engine/Plugins/Developer/UObjectPlugin/UObjectPlugin.uplugin
LogPluginManager: Loaded Plugin VisualStudioSourceCodeAccess, From C:/Program Files (x86)/Epic Games/4.13/Engine/Plugins/Developer/VisualStudioSourceCodeAccess/VisualStudioSourceCodeAccess.uplugin
LogPluginManager: Loaded Plugin XCodeSourceCodeAccess, From C:/Program Files (x86)/Epic Games/4.13/Engine/Plugins/Developer/XCodeSourceCodeAccess/XCodeSourceCodeAccess.uplugin
LogPluginManager: Loaded Plugin EpicSurvey, From C:/Program Files (x86)/Epic Games/4.13/Engine/Plugins/Editor/EpicSurvey/EpicSurvey.uplugin
LogPluginManager: Loaded Plugin MacGraphicsSwitching, From C:/Program Files (x86)/Epic Games/4.13/Engine/Plugins/Editor/MacGraphicsSwitching/MacGraphicsSwitching.uplugin
LogPluginManager: Loaded Plugin MobileLauncherProfileWizard, From C:/Program Files (x86)/Epic Games/4.13/Engine/Plugins/Editor/MobileLauncherProfileWizard/MobileLauncherProfileWizard.uplugin
LogPluginManager: Loaded Plugin PluginBrowser, From C:/Program Files (x86)/Epic Games/4.13/Engine/Plugins/Editor/PluginBrowser/PluginBrowser.uplugin
LogPluginManager: Loaded Plugin SpeedTreeImporter, From C:/Program Files (x86)/Epic Games/4.13/Engine/Plugins/Editor/SpeedTreeImporter/SpeedTreeImporter.uplugin
LogPluginManager: Loaded Plugin SuperSearchEditor, From C:/Program Files (x86)/Epic Games/4.13/Engine/Plugins/Editor/SuperSearchEditor/SuperSearchEditor.uplugin
LogPluginManager: Loaded Plugin AlembicImporter, From C:/Program Files (x86)/Epic Games/4.13/Engine/Plugins/Experimental/AlembicImporter/AlembicImporter.uplugin
LogPluginManager: Loaded Plugin BlueprintStats, From C:/Program Files (x86)/Epic Games/4.13/Engine/Plugins/Experimental/BlueprintStats/BlueprintStats.uplugin
LogPluginManager: Loaded Plugin CharacterAI, From C:/Program Files (x86)/Epic Games/4.13/Engine/Plugins/Experimental/CharacterAI/CharacterAI.uplugin
LogPluginManager: Loaded Plugin CodeEditor, From C:/Program Files (x86)/Epic Games/4.13/Engine/Plugins/Experimental/CodeEditor/CodeEditor.uplugin
LogPluginManager: Loaded Plugin CodeView, From C:/Program Files (x86)/Epic Games/4.13/Engine/Plugins/Experimental/CodeView/CodeView.uplugin
LogPluginManager: Loaded Plugin HTML5Networking, From C:/Program Files (x86)/Epic Games/4.13/Engine/Plugins/Experimental/HTML5Networking/HTML5Networking.uplugin
LogPluginManager: Loaded Plugin LiveEditor, From C:/Program Files (x86)/Epic Games/4.13/Engine/Plugins/Experimental/LiveEditor/LiveEditor.uplugin
LogPluginManager: Loaded Plugin OSVR, From C:/Program Files (x86)/Epic Games/4.13/Engine/Plugins/Experimental/OSVR/OSVR.uplugin
LogPluginManager: Loaded Plugin Phya, From C:/Program Files (x86)/Epic Games/4.13/Engine/Plugins/Experimental/Phya/Phya.uplugin
LogPluginManager: Loaded Plugin SignificanceManager, From C:/Program Files (x86)/Epic Games/4.13/Engine/Plugins/Experimental/SignificanceManager/SignificanceManager.uplugin
LogPluginManager: Loaded Plugin SimpleHMD, From C:/Program Files (x86)/Epic Games/4.13/Engine/Plugins/Experimental/SimpleHMD/SimpleHMD.uplugin
LogPluginManager: Loaded Plugin StereoPanorama, From C:/Program Files (x86)/Epic Games/4.13/Engine/Plugins/Experimental/StereoPanorama/StereoPanorama.uplugin
LogPluginManager: Loaded Plugin StructBox, From C:/Program Files (x86)/Epic Games/4.13/Engine/Plugins/Experimental/StructBox/StructBox.uplugin
LogPluginManager: Loaded Plugin Substance, From C:/Program Files (x86)/Epic Games/4.13/Engine/Plugins/Marketplace/Substance/Substance.uplugin
LogPluginManager: Loaded Plugin AndroidMedia, From C:/Program Files (x86)/Epic Games/4.13/Engine/Plugins/Media/AndroidMedia/AndroidMedia.uplugin
LogPluginManager: Loaded Plugin AvfMedia, From C:/Program Files (x86)/Epic Games/4.13/Engine/Plugins/Media/AvfMedia/AvfMedia.uplugin
LogPluginManager: Loaded Plugin MediaPlayerEditor, From C:/Program Files (x86)/Epic Games/4.13/Engine/Plugins/Media/MediaPlayerEditor/MediaPlayerEditor.uplugin
LogPluginManager: Loaded Plugin WmfMedia, From C:/Program Files (x86)/Epic Games/4.13/Engine/Plugins/Media/WmfMedia/WmfMedia.uplugin
LogPluginManager: Loaded Plugin MessagingDebugger, From C:/Program Files (x86)/Epic Games/4.13/Engine/Plugins/Messaging/MessagingDebugger/MessagingDebugger.uplugin
LogPluginManager: Loaded Plugin TcpMessaging, From C:/Program Files (x86)/Epic Games/4.13/Engine/Plugins/Messaging/TcpMessaging/TcpMessaging.uplugin
LogPluginManager: Loaded Plugin UdpMessaging, From C:/Program Files (x86)/Epic Games/4.13/Engine/Plugins/Messaging/UdpMessaging/UdpMessaging.uplugin
LogPluginManager: Loaded Plugin LevelSequenceEditor, From C:/Program Files (x86)/Epic Games/4.13/Engine/Plugins/MovieScene/LevelSequenceEditor/LevelSequenceEditor.uplugin
LogPluginManager: Loaded Plugin MatineeToLevelSequence, From C:/Program Files (x86)/Epic Games/4.13/Engine/Plugins/MovieScene/MatineeToLevelSequence/MatineeToLevelSequence.uplugin
LogPluginManager: Loaded Plugin NetcodeUnitTest, From C:/Program Files (x86)/Epic Games/4.13/Engine/Plugins/NetcodeUnitTest/NetcodeUnitTest/NetcodeUnitTest.uplugin
LogPluginManager: Loaded Plugin NUTUnrealEngine4, From C:/Program Files (x86)/Epic Games/4.13/Engine/Plugins/NetcodeUnitTest/NUTUnrealEngine4/NUTUnrealEngine4.uplugin
LogPluginManager: Loaded Plugin OnlineSubsystemGooglePlay, From C:/Program Files (x86)/Epic Games/4.13/Engine/Plugins/Online/Android/OnlineSubsystemGooglePlay/OnlineSubsystemGooglePlay.uplugin
LogPluginManager: Loaded Plugin OnlineSubsystemIOS, From C:/Program Files (x86)/Epic Games/4.13/Engine/Plugins/Online/IOS/OnlineSubsystemIOS/OnlineSubsystemIOS.uplugin
LogPluginManager: Loaded Plugin OnlineFramework, From C:/Program Files (x86)/Epic Games/4.13/Engine/Plugins/Online/OnlineFramework/OnlineFramework.uplugin
LogPluginManager: Loaded Plugin OnlineSubsystem, From C:/Program Files (x86)/Epic Games/4.13/Engine/Plugins/Online/OnlineSubsystem/OnlineSubsystem.uplugin
LogPluginManager: Loaded Plugin OnlineSubsystemAmazon, From C:/Program Files (x86)/Epic Games/4.13/Engine/Plugins/Online/OnlineSubsystemAmazon/OnlineSubsystemAmazon.uplugin
LogPluginManager: Loaded Plugin OnlineSubsystemFacebook, From C:/Program Files (x86)/Epic Games/4.13/Engine/Plugins/Online/OnlineSubsystemFacebook/OnlineSubsystemFacebook.uplugin
LogPluginManager: Loaded Plugin OnlineSubsystemNull, From C:/Program Files (x86)/Epic Games/4.13/Engine/Plugins/Online/OnlineSubsystemNull/OnlineSubsystemNull.uplugin
LogPluginManager: Loaded Plugin OnlineSubsystemOculus, From C:/Program Files (x86)/Epic Games/4.13/Engine/Plugins/Online/OnlineSubsystemOculus/OnlineSubsystemOculus.uplugin
LogPluginManager: Loaded Plugin OnlineSubsystemSteam, From C:/Program Files (x86)/Epic Games/4.13/Engine/Plugins/Online/OnlineSubsystemSteam/OnlineSubsystemSteam.uplugin
LogPluginManager: Loaded Plugin OnlineSubsystemUtils, From C:/Program Files (x86)/Epic Games/4.13/Engine/Plugins/Online/OnlineSubsystemUtils/OnlineSubsystemUtils.uplugin
LogPluginManager: Loaded Plugin IOSTapJoy, From C:/Program Files (x86)/Epic Games/4.13/Engine/Plugins/Runtime/Advertising/IOSTapJoy/IOSTapJoy.uplugin
LogPluginManager: Loaded Plugin AnalyticsBlueprintLibrary, From C:/Program Files (x86)/Epic Games/4.13/Engine/Plugins/Runtime/Analytics/AnalyticsBlueprintLibrary/AnalyticsBlueprintLibrary.uplugin
LogPluginManager: Loaded Plugin AnalyticsMulticast, From C:/Program Files (x86)/Epic Games/4.13/Engine/Plugins/Runtime/Analytics/AnalyticsMulticast/AnalyticsMulticast.uplugin
LogPluginManager: Loaded Plugin Apsalar, From C:/Program Files (x86)/Epic Games/4.13/Engine/Plugins/Runtime/Analytics/Apsalar/Apsalar.uplugin
LogPluginManager: Loaded Plugin FileLogging, From C:/Program Files (x86)/Epic Games/4.13/Engine/Plugins/Runtime/Analytics/FileLogging/FileLogging.uplugin
LogPluginManager: Loaded Plugin Flurry, From C:/Program Files (x86)/Epic Games/4.13/Engine/Plugins/Runtime/Analytics/Flurry/Flurry.uplugin
LogPluginManager: Loaded Plugin AndroidDeviceProfileSelector, From C:/Program Files (x86)/Epic Games/4.13/Engine/Plugins/Runtime/AndroidDeviceProfileSelector/AndroidDeviceProfileSelector.uplugin
LogPluginManager: Loaded Plugin AndroidMoviePlayer, From C:/Program Files (x86)/Epic Games/4.13/Engine/Plugins/Runtime/AndroidMoviePlayer/AndroidMoviePlayer.uplugin
LogPluginManager: Loaded Plugin AppleMoviePlayer, From C:/Program Files (x86)/Epic Games/4.13/Engine/Plugins/Runtime/AppleMoviePlayer/AppleMoviePlayer.uplugin
LogPluginManager: Loaded Plugin ArchVisCharacter, From C:/Program Files (x86)/Epic Games/4.13/Engine/Plugins/Runtime/ArchVisCharacter/ArchVisCharacter.uplugin
LogPluginManager: Loaded Plugin CableComponent, From C:/Program Files (x86)/Epic Games/4.13/Engine/Plugins/Runtime/CableComponent/CableComponent.uplugin
LogPluginManager: Loaded Plugin CustomMeshComponent, From C:/Program Files (x86)/Epic Games/4.13/Engine/Plugins/Runtime/CustomMeshComponent/CustomMeshComponent.uplugin
LogPluginManager: Loaded Plugin ExampleDeviceProfileSelector, From C:/Program Files (x86)/Epic Games/4.13/Engine/Plugins/Runtime/ExampleDeviceProfileSelector/ExampleDeviceProfileSelector.uplugin
LogPluginManager: Loaded Plugin GearVR, From C:/Program Files (x86)/Epic Games/4.13/Engine/Plugins/Runtime/GearVR/GearVR.uplugin
LogPluginManager: Loaded Plugin GoogleVRController, From C:/Program Files (x86)/Epic Games/4.13/Engine/Plugins/Runtime/GoogleVR/GoogleVRController/GoogleVRController.uplugin
LogPluginManager: Loaded Plugin GoogleVRHMD, From C:/Program Files (x86)/Epic Games/4.13/Engine/Plugins/Runtime/GoogleVR/GoogleVRHMD/GoogleVRHMD.uplugin
LogPluginManager: Loaded Plugin IOSDeviceProfileSelector, From C:/Program Files (x86)/Epic Games/4.13/Engine/Plugins/Runtime/IOSDeviceProfileSelector/IOSDeviceProfileSelector.uplugin
LogPluginManager: Loaded Plugin LeapMotion, From C:/Program Files (x86)/Epic Games/4.13/Engine/Plugins/Runtime/LeapMotion/LeapMotion.uplugin
LogPluginManager: Loaded Plugin LinuxDeviceProfileSelector, From C:/Program Files (x86)/Epic Games/4.13/Engine/Plugins/Runtime/LinuxDeviceProfileSelector/LinuxDeviceProfileSelector.uplugin
LogPluginManager: Loaded Plugin LiveEditorListenServer, From C:/Program Files (x86)/Epic Games/4.13/Engine/Plugins/Runtime/LiveEditorListenServer/LiveEditorListenServer.uplugin
LogPluginManager: Loaded Plugin OculusAudio, From C:/Program Files (x86)/Epic Games/4.13/Engine/Plugins/Runtime/OculusAudio/OculusAudio.uplugin
LogPluginManager: Loaded Plugin OculusInput, From C:/Program Files (x86)/Epic Games/4.13/Engine/Plugins/Runtime/OculusInput/OculusInput.uplugin
LogPluginManager: Loaded Plugin OculusLibrary, From C:/Program Files (x86)/Epic Games/4.13/Engine/Plugins/Runtime/OculusLibrary/OculusLibrary.uplugin
LogPluginManager: Loaded Plugin OculusRift, From C:/Program Files (x86)/Epic Games/4.13/Engine/Plugins/Runtime/OculusRift/OculusRift.uplugin
LogPluginManager: Loaded Plugin Oodle, From C:/Program Files (x86)/Epic Games/4.13/Engine/Plugins/Runtime/PacketHandlers/CompressionComponents/Oodle/Oodle.uplugin
LogPluginManager: Loaded Plugin ProceduralMeshComponent, From C:/Program Files (x86)/Epic Games/4.13/Engine/Plugins/Runtime/ProceduralMeshComponent/ProceduralMeshComponent.uplugin
LogPluginManager: Loaded Plugin SoundMod, From C:/Program Files (x86)/Epic Games/4.13/Engine/Plugins/Runtime/SoundMod/SoundMod.uplugin
LogPluginManager: Loaded Plugin SoundVisualizations, From C:/Program Files (x86)/Epic Games/4.13/Engine/Plugins/Runtime/SoundVisualizations/SoundVisualizations.uplugin
LogPluginManager: Loaded Plugin SteamController, From C:/Program Files (x86)/Epic Games/4.13/Engine/Plugins/Runtime/Steam/SteamController/SteamController.uplugin
LogPluginManager: Loaded Plugin SteamVR, From C:/Program Files (x86)/Epic Games/4.13/Engine/Plugins/Runtime/Steam/SteamVR/SteamVR.uplugin
LogPluginManager: Loaded Plugin WebBrowserWidget, From C:/Program Files (x86)/Epic Games/4.13/Engine/Plugins/Runtime/WebBrowserWidget/WebBrowserWidget.uplugin
LogPluginManager: Loaded Plugin WindowsDeviceProfileSelector, From C:/Program Files (x86)/Epic Games/4.13/Engine/Plugins/Runtime/WindowsDeviceProfileSelector/WindowsDeviceProfileSelector.uplugin
LogPluginManager: Loaded Plugin WindowsMoviePlayer, From C:/Program Files (x86)/Epic Games/4.13/Engine/Plugins/Runtime/WindowsMoviePlayer/WindowsMoviePlayer.uplugin
LogPluginManager: Loaded Plugin ScriptPlugin, From C:/Program Files (x86)/Epic Games/4.13/Engine/Plugins/ScriptPlugin/ScriptPlugin.uplugin
LogPluginManager: Loaded Plugin SlateRemote, From C:/Program Files (x86)/Epic Games/4.13/Engine/Plugins/Slate/SlateRemote/SlateRemote.uplugin
LogInit: Using libcurl 7.47.1
LogInit:  - built for x86_64-pc-win32
LogInit:  - supports SSL with WinSSL
LogInit:  - other features:
LogInit:      CURL_VERSION_SSL
LogInit:      CURL_VERSION_IPV6
LogInit:      CURL_VERSION_ASYNCHDNS
LogInit:      CURL_VERSION_LARGEFILE
LogInit:      CURL_VERSION_IDN
LogInit:  CurlRequestOptions (configurable via config and command line):
LogInit:  - bVerifyPeer = false  - Libcurl will NOT verify peer certificate
LogInit:  - bUseHttpProxy = false  - Libcurl will NOT use HTTP proxy
LogInit:  - bDontReuseConnections = false  - Libcurl will reuse connections
LogInit:  - CertBundlePath = nullptr  - Libcurl will use whatever was configured at build time.
LogInit: Build: ++UE4+Release-4.13-CL-3142249
LogInit: Engine Version: 4.13.1-3142249+++UE4+Release-4.13
LogInit: Compatible Engine Version: 4.13.0-3106830+++UE4+Release-4.13
LogInit: Net CL: 3142249
LogDevObjectVersion: Number of dev versions registered: 13
LogDevObjectVersion:   Dev-Blueprints (B0D832E4-1F89-4F0D-ACCF-7EB736FD4AA2): 5
LogDevObjectVersion:   Dev-Build (E1C64328-A22C-4D53-A36C-8E866417BD8C): 0
LogDevObjectVersion:   Dev-Core (375EC13C-06E4-48FB-B500-84F0262A717E): 1
LogDevObjectVersion:   Dev-Editor (E4B068ED-F494-42E9-A231-DA0B2E46BB41): 6
LogDevObjectVersion:   Dev-Framework (CFFC743F-43B0-4480-9391-14DF171D2073): 12
LogDevObjectVersion:   Dev-Mobile (B02B49B5-BB20-44E9-A304-32B752E40360): 0
LogDevObjectVersion:   Dev-Networking (A4E4105C-59A1-49B5-A7C5-40C4547EDFEE): 0
LogDevObjectVersion:   Dev-Online (39C831C9-5AE6-47DC-9A44-9C173E1C8E7C): 0
LogDevObjectVersion:   Dev-Physics (78F01B33-EBEA-4F98-B9B4-84EACCB95AA2): 0
LogDevObjectVersion:   Dev-Platform (6631380F-2D4D-43E0-8009-CF276956A95A): 0
LogDevObjectVersion:   Dev-Rendering (12F88B9F-8875-4AFC-A67C-D90C383ABD29): 4
LogDevObjectVersion:   Dev-Sequencer (7B5AE74C-D270-4C10-A958-57980B212A5A): 0
LogDevObjectVersion:   Dev-VR (D7296918-1DD6-4BDD-9DE2-64A83CC13884): 0
LogInit: Compiled (64-bit): Sep 28 2016 02:12:12
LogInit: Compiled with Visual C++: 19.00.23026.00
LogInit: Build Configuration: Development
LogInit: Branch Name: ++UE4+Release-4.13
LogInit: Command line:  
LogInit: Base directory: C:/Program Files (x86)/Epic Games/4.13/Engine/Binaries/Win64/
LogInit: Installed Engine Build: 1
LogInit: Presizing for max 8388607 objects, including 0 objects not considered by GC, pre-allocating 0 bytes for permanent pool.
LogInit: Object subsystem initialized
[2016.11.14-15.50.04:155][  0]LogInit: Selected Device Profile: [Windows]
[2016.11.14-15.50.04:155][  0]LogInit: Applying CVar settings loaded from the selected device profile: [Windows]
[2016.11.14-15.50.04:181][  0]LogInit: Computer: TRJ208-32
[2016.11.14-15.50.04:181][  0]LogInit: User: 15054284
[2016.11.14-15.50.04:181][  0]LogInit: CPU Page size=65536, Cores=4
[2016.11.14-15.50.04:181][  0]LogInit: High frequency timer resolution =3.507705 MHz
[2016.11.14-15.50.04:181][  0]LogMemory: Memory total: Physical=31.8GB (32GB approx)
[2016.11.14-15.50.04:182][  0]LogMemory: Platform Memory Stats for Windows
[2016.11.14-15.50.04:182][  0]LogMemory: Process Physical Memory: 257.64 MB used, 257.64 MB peak
[2016.11.14-15.50.04:182][  0]LogMemory: Process Virtual Memory: 261.63 MB used, 261.63 MB peak
[2016.11.14-15.50.04:182][  0]LogMemory: Physical Memory: 6611.30 MB used, 32588.73 MB total
[2016.11.14-15.50.04:182][  0]LogMemory: Virtual Memory: 592.95 MB used, 8388608.00 MB total
[2016.11.14-15.50.04:213][  0]LogTextLocalizationManager: No specific translations for ('en-GB') exist, so ('en') translations will be used.
[2016.11.14-15.50.04:667][  0]LogD3D11RHI: D3D11 adapters:
[2016.11.14-15.50.04:682][  0]LogD3D11RHI:    0. 'NVIDIA GeForce GTX 970' (Feature Level 11_0)
[2016.11.14-15.50.04:682][  0]LogD3D11RHI:       4007/0/16038 MB DedicatedVideo/DedicatedSystem/SharedSystem, Outputs:1, VendorId:0x10de
[2016.11.14-15.50.04:689][  0]LogD3D11RHI:    1. 'Intel(R) HD Graphics 4600' (Feature Level 11_0)
[2016.11.14-15.50.04:689][  0]LogD3D11RHI:       192/0/1632 MB DedicatedVideo/DedicatedSystem/SharedSystem, Outputs:0, VendorId:0x8086
[2016.11.14-15.50.04:689][  0]LogD3D11RHI: Chosen D3D11 Adapter: 0
[2016.11.14-15.50.04:693][  0]LogD3D11RHI: Creating new Direct3DDevice
[2016.11.14-15.50.04:693][  0]LogD3D11RHI:     GPU DeviceId: 0x13c2 (for the marketing name, search the web for "GPU Device Id")
[2016.11.14-15.50.04:693][  0]LogWindows: EnumDisplayDevices:
[2016.11.14-15.50.04:693][  0]LogWindows:    0. 'NVIDIA GeForce GTX 970' (P:1 D:1)
[2016.11.14-15.50.04:693][  0]LogWindows:    1. 'NVIDIA GeForce GTX 970' (P:0 D:0)
[2016.11.14-15.50.04:693][  0]LogWindows:    2. 'NVIDIA GeForce GTX 970' (P:0 D:0)
[2016.11.14-15.50.04:693][  0]LogWindows:    3. 'NVIDIA GeForce GTX 970' (P:0 D:0)
[2016.11.14-15.50.04:693][  0]LogWindows:    4. 'Intel(R) HD Graphics 4600' (P:0 D:0)
[2016.11.14-15.50.04:693][  0]LogWindows:    5. 'Intel(R) HD Graphics 4600' (P:0 D:0)
[2016.11.14-15.50.04:693][  0]LogWindows:    6. 'Intel(R) HD Graphics 4600' (P:0 D:0)
[2016.11.14-15.50.04:694][  0]LogWindows:    7. 'RDPDD Chained DD' (P:0 D:0)
[2016.11.14-15.50.04:694][  0]LogWindows:    8. 'RDP Encoder Mirror Driver' (P:0 D:0)
[2016.11.14-15.50.04:694][  0]LogWindows:    9. 'RDP Reflector Display Driver' (P:0 D:0)
[2016.11.14-15.50.04:694][  0]LogWindows: DebugString: PrimaryIsNotTheChoosenAdapter PrimaryIsNotTheChoosenAdapter PrimaryIsNotTheChoosenAdapter GetVideoDriverDetailsInvalid PrimaryIsNotTheChoosenAdapter GetVideoDriverDetailsInvalid PrimaryIsNotTheChoosenAdapter GetVideoDriverDetailsInvalid PrimaryIsNotTheChoosenAdapter FoundDriverCount:4 
[2016.11.14-15.50.04:694][  0]LogD3D11RHI:     Adapter Name: NVIDIA GeForce GTX 970
[2016.11.14-15.50.04:694][  0]LogD3D11RHI:   Driver Version: 372.70 (internal:21.21.13.7270, unified:372.70)
[2016.11.14-15.50.04:694][  0]LogD3D11RHI:      Driver Date: 8-25-2016
[2016.11.14-15.50.04:694][  0]LogRHI: Texture pool is 1361 MB (70% of 1945 MB)
[2016.11.14-15.50.04:700][  0]LogD3D11RHI: Async texture creation enabled
[2016.11.14-15.50.04:713][  0]LogD3D11RHI: GPU Timing Frequency: 1000.000000 (Debug: 2 2)
[2016.11.14-15.50.04:713][  0]LogShaderCompilers: Guid format shader working directory is 10 characters bigger than the processId version (F:/My Documents/Unreal Projects/filaman/Intermediate/Shaders/WorkingDirectory/4308/).
[2016.11.14-15.50.04:713][  0]LogShaderCompilers: Cleaned the shader compiler working directory 'C:/Users/15054284/AppData/Local/Temp/UnrealShaderWorkingDir/4CB4A31C44A9F472CC46BFB6CBCF9300/'.
[2016.11.14-15.50.04:713][  0]LogShaderCompilers:Display: Using Local Shader Compiler.
[2016.11.14-15.50.05:582][  0]LogTemp:Display: Loaded TP AllDesktopTargetPlatform
[2016.11.14-15.50.05:590][  0]LogTemp:Display: Loaded TP WindowsClientTargetPlatform
[2016.11.14-15.50.05:598][  0]LogTemp:Display: Loaded TP WindowsNoEditorTargetPlatform
[2016.11.14-15.50.05:606][  0]LogTemp:Display: Loaded TP WindowsServerTargetPlatform
[2016.11.14-15.50.05:612][  0]LogTemp:Display: Loaded TP WindowsTargetPlatform
[2016.11.14-15.50.05:619][  0]LogTemp:Display: Loaded TP AndroidTargetPlatform
[2016.11.14-15.50.05:626][  0]LogTemp:Display: Loaded TP Android_ASTCTargetPlatform
[2016.11.14-15.50.05:633][  0]LogTemp:Display: Loaded TP Android_ATCTargetPlatform
[2016.11.14-15.50.05:639][  0]LogTemp:Display: Loaded TP Android_DXTTargetPlatform
[2016.11.14-15.50.05:646][  0]LogTemp:Display: Loaded TP Android_ETC1TargetPlatform
[2016.11.14-15.50.05:653][  0]LogTemp:Display: Loaded TP Android_ETC2TargetPlatform
[2016.11.14-15.50.05:666][  0]LogTemp:Display: Loaded TP Android_MultiTargetPlatform
[2016.11.14-15.50.05:666][  0]LogTemp:Display: Loaded TP Android_PVRTCTargetPlatform
[2016.11.14-15.50.05:667][  0]LogTemp:Display: Loaded TP HTML5TargetPlatform
[2016.11.14-15.50.05:686][  0]LogTemp:Display: Loaded TP IOSTargetPlatform
[2016.11.14-15.50.05:692][  0]LogTemp:Display: Loaded TP TVOSTargetPlatform
[2016.11.14-15.50.05:698][  0]LogTemp:Display: Loaded TP LinuxClientTargetPlatform
[2016.11.14-15.50.05:705][  0]LogTemp:Display: Loaded TP LinuxNoEditorTargetPlatform
[2016.11.14-15.50.05:711][  0]LogTemp:Display: Loaded TP LinuxServerTargetPlatform
[2016.11.14-15.50.05:717][  0]LogTemp:Display: Loaded TP LinuxTargetPlatform
[2016.11.14-15.50.05:717][  0]LogTargetPlatformManager:Display: Building Assets For Windows
[2016.11.14-15.50.05:776][  0]LogDerivedDataCache:Display: Max Cache Size: 512 MB
[2016.11.14-15.50.05:776][  0]LogDerivedDataCache:Display: Starting with empty Boot cache
[2016.11.14-15.50.05:776][  0]LogDerivedDataCache: FDerivedDataBackendGraph:  Pak pak cache file F:/My Documents/Unreal Projects/filaman/DerivedDataCache/DDC.ddp not found, will not use a pak cache.
[2016.11.14-15.50.05:776][  0]LogDerivedDataCache: Unable to find inner node Pak for hierarchical cache Hierarchy.
[2016.11.14-15.50.05:776][  0]LogDerivedDataCache: FDerivedDataBackendGraph:  CompressedPak pak cache file F:/My Documents/Unreal Projects/filaman/DerivedDataCache/Compressed.ddp not found, will not use a pak cache.
[2016.11.14-15.50.05:776][  0]LogDerivedDataCache: Unable to find inner node CompressedPak for hierarchical cache Hierarchy.
[2016.11.14-15.50.05:791][  0]LogDerivedDataCache:Display: Pak cache opened for reading ../../../Engine/DerivedDataCache/Compressed.ddp.
[2016.11.14-15.50.05:802][  0]LogDerivedDataCache: Using Local data cache path C:/Users/15054284/AppData/Local/UnrealEngine/Common/DerivedDataCache: Writable
[2016.11.14-15.50.05:980][  0]LogInit: Selected Device Profile: [Windows]
[2016.11.14-15.50.05:982][  0]LogMaterial: Uniform references updated for custom material expression Custom.
[2016.11.14-15.50.05:983][  0]LogTexture:Display: Building textures: DefaultTexture (DXT1)
[2016.11.14-15.50.05:997][  0]LogContentStreaming: Texture pool size is 0.00 MB
[2016.11.14-15.50.06:001][  0]LogTexture:Display: Building textures: T_Default_Material_Grid_M (AutoDXT)
[2016.11.14-15.50.06:126][  0]LogTexture:Display: Building textures: T_Default_Material_Grid_N (BC5)
[2016.11.14-15.50.06:209][  0]LogTexture:Display: Building textures: DefaultDiffuse (AutoDXT)
[2016.11.14-15.50.06:798][  0]LogTexture:Display: Building textures: WhiteSquareTexture (AutoDXT)
[2016.11.14-15.50.06:821][  0]LogTexture:Display: Building textures: S_Actor (BGRA8)
[2016.11.14-15.50.06:825][  0]LogTexture:Display: Building textures: S_LevelSequence (BGRA8)
[2016.11.14-15.50.06:828][  0]LogTexture:Display: Building textures: AICON-Red (AutoDXT)
[2016.11.14-15.50.06:835][  0]LogTexture:Display: Building textures: AICON-Green (AutoDXT)
[2016.11.14-15.50.06:881][  0]LogMeshUtilities: No automatic mesh reduction module available
[2016.11.14-15.50.06:881][  0]LogMeshUtilities: No automatic mesh merging module available
[2016.11.14-15.50.06:881][  0]LogMeshUtilities: No distributed automatic mesh merging module available
[2016.11.14-15.50.06:907][  0]LogTexture:Display: Building textures: MatineeCam_D (AutoDXT)
[2016.11.14-15.50.06:935][  0]LogTexture:Display: Building textures: EpicQuadPanorama_CC+EV1 (RGBA16F)
[2016.11.14-15.50.14:138][  0]LogTexture:Display: Building textures: RGBTable16x1_AssetViewer (BGRA8)
[2016.11.14-15.50.14:142][  0]LogTexture:Display: Building textures: Bad (BGRA8)
[2016.11.14-15.50.14:159][  0]LogTexture:Display: Building textures: Default (BGRA8)
[2016.11.14-15.50.14:168][  0]LogTexture:Display: Building textures: VR-Basic (BGRA8)
[2016.11.14-15.50.14:186][  0]LogTexture:Display: Building textures: Grid (AutoDXT)
[2016.11.14-15.50.14:227][  0]LogTexture:Display: Building textures: DaylightAmbientCubemap (RGBA16F)
[2016.11.14-15.50.21:375][  0]LogTexture:Display: Building textures: PSysThumbnail_NoImage (AutoDXT)
[2016.11.14-15.50.21:383][  0]LogTexture:Display: Building textures: PSysThumbnail_OOD (AutoDXT)
[2016.11.14-15.50.21:387][  0]LogTexture:Display: Building textures: S_DecalActorIcon (AutoDXT)
[2016.11.14-15.50.21:431][  0]LogTexture:Display: Building textures: S_Terrain (BGRA8)
[2016.11.14-15.50.21:447][  0]LogTexture:Display: Building textures: flipbook (AutoDXT)
[2016.11.14-15.50.21:490][  0]LogTexture:Display: Building textures: T_EditorHelp (AutoDXT)
[2016.11.14-15.50.21:973][  0]LogTexture:Display: Building textures: S_Emitter (BGRA8)
[2016.11.14-15.50.21:978][  0]LogTexture:Display: Building textures: S_ExpoHeightFog (BGRA8)
[2016.11.14-15.50.21:984][  0]LogTexture:Display: Building textures: S_NavP (BGRA8)
[2016.11.14-15.50.21:990][  0]LogTexture:Display: Building textures: S_Player (BGRA8)
[2016.11.14-15.50.21:996][  0]LogTexture:Display: Building textures: SkyLight (BGRA8)
[2016.11.14-15.50.22:002][  0]LogTexture:Display: Building textures: S_WindDirectional (AutoDXT)
[2016.11.14-15.50.22:022][  0]LogTexture:Display: Building textures: S_LightDirectional (BGRA8)
[2016.11.14-15.50.22:028][  0]LogTexture:Display: Building textures: S_LightDirectionalMove (BGRA8)
[2016.11.14-15.50.22:034][  0]LogTexture:Display: Building textures: S_LightPoint (BGRA8)
[2016.11.14-15.50.22:039][  0]LogTexture:Display: Building textures: S_LightPointMove (BGRA8)
[2016.11.14-15.50.22:046][  0]LogTexture:Display: Building textures: S_LightSpot (BGRA8)
[2016.11.14-15.50.22:052][  0]LogTexture:Display: Building textures: S_LightSpotMove (BGRA8)
[2016.11.14-15.50.22:060][  0]LogTexture:Display: Building textures: S_PortalActorIcon2 (AutoDXT)
[2016.11.14-15.50.22:083][  0]LogTexture:Display: Building textures: MatInstActSprite (BGRA8)
[2016.11.14-15.50.22:086][  0]LogTexture:Display: Building textures: SceneManager (BGRA8)
[2016.11.14-15.50.22:092][  0]LogTexture:Display: Building textures: S_NavLink (AutoDXT)
[2016.11.14-15.50.22:105][  0]LogTexture:Display: Building textures: S_Note (BGRA8)
[2016.11.14-15.50.22:112][  0]LogTexture:Display: Building textures: S_ReflActorIcon (AutoDXT)
[2016.11.14-15.50.22:139][  0]LogTexture:Display: Building textures: S_Thruster (BGRA8)
[2016.11.14-15.50.22:145][  0]LogTexture:Display: Building textures: S_RadForce (BGRA8)
[2016.11.14-15.50.22:149][  0]LogTexture:Display: Building textures: TargetIcon (BGRA8)
[2016.11.14-15.50.22:157][  0]LogTexture:Display: Building textures: RobotoDistanceField_PageA (G8)
[2016.11.14-15.50.22:165][  0]LogTexture:Display: Building textures: S_TextRenderActorIcon (AutoDXT)
[2016.11.14-15.50.22:178][  0]LogTexture:Display: Building textures: S_Trigger (BGRA8)
[2016.11.14-15.50.22:186][  0]LogTexture:Display: Building textures: S_VectorFieldVol (BGRA8)
[2016.11.14-15.50.22:189][  0]LogTexture:Display: Building textures: GradientTexture0 (BGRA8)
[2016.11.14-15.50.22:191][  0]LogTexture:Display: Building textures: Black (AutoDXT)
[2016.11.14-15.50.22:198][  0]LogTexture:Display: Building textures: MAT_Groups_Float (AutoDXT)
[2016.11.14-15.50.22:200][  0]LogTexture:Display: Building textures: MAT_Groups_Director (AutoDXT)
[2016.11.14-15.50.22:201][  0]LogTexture:Display: Building textures: MAT_Groups_Event (AutoDXT)
[2016.11.14-15.50.22:202][  0]LogTexture:Display: Building textures: MAT_Groups_Anim (AutoDXT)
[2016.11.14-15.50.22:203][  0]LogTexture:Display: Building textures: MAT_Groups_Fade (AutoDXT)
[2016.11.14-15.50.22:204][  0]LogTexture:Display: Building textures: MAT_Groups_Move (AutoDXT)
[2016.11.14-15.50.22:205][  0]LogTexture:Display: Building textures: MAT_Groups_Slomo (AutoDXT)
[2016.11.14-15.50.22:206][  0]LogTexture:Display: Building textures: MAT_ColorTrack (AutoDXT)
[2016.11.14-15.50.22:207][  0]LogTexture:Display: Building textures: MAT_Groups_Toggle (AutoDXT)
[2016.11.14-15.50.22:208][  0]LogTexture:Display: Building textures: MAT_Groups_AudioMaster (AutoDXT)
[2016.11.14-15.50.22:209][  0]LogTexture:Display: Building textures: MAT_Groups_Sound (AutoDXT)
[2016.11.14-15.50.22:210][  0]LogTexture:Display: Building textures: MAT_Groups_Vector (AutoDXT)
[2016.11.14-15.50.22:211][  0]LogTexture:Display: Building textures: MAT_Groups_Visibility (AutoDXT)
[2016.11.14-15.50.22:214][  0]LogTexture:Display: Building textures: DefaultTextureCube (DXT1)
[2016.11.14-15.50.22:769][  0]LogNetVersion: GetLocalNetworkVersion: CL: 3106830, ProjectName: myproject, ProjectVersion: , EngineNetworkVersion: 1, GameNetworkVersion: 0, NetworkChecksum: 1117662317
[2016.11.14-15.50.22:803][  0]LogAssetRegistry: FAssetRegistry took 0.0195 seconds to start up
[2016.11.14-15.50.22:949][  0]LogPackageLocalizationCache: Processed 3 localized package path(s) for 2 prioritized culture(s) in 0.143735 seconds
[2016.11.14-15.50.22:952][  0]LogUObjectArray: 29778 objects as part of root set at end of initial load.
[2016.11.14-15.50.22:952][  0]LogUObjectAllocator: 6125448 out of 0 bytes used by permanent object pool.
[2016.11.14-15.50.22:952][  0]LogUObjectArray: CloseDisregardForGC: 0/0 objects in disregard for GC pool
[2016.11.14-15.50.22:958][  0]LogInit: WinSock: version 1.1 (2.2), MaxSocks=32767, MaxUdp=65467
[2016.11.14-15.50.23:018][  0]LogTexture:Display: Building textures: S_FTest (AutoDXT)
[2016.11.14-15.50.23:059][  0]LogTexture:Display: Building textures: VR_LaserPower_01 (AutoDXT)
[2016.11.14-15.50.23:174][  0]LogTexture:Display: Building textures: UE4_Logo (AutoDXT)
[2016.11.14-15.50.23:267][  0]LogTexture:Display: Building textures: GizmoText_RobotoDistanceField_PageA (G8)
[2016.11.14-15.50.23:300][  0]LogTexture:Display: Building textures: SimpleGrid (AutoDXT)
[2016.11.14-15.50.23:362][  0]LogSlate: SlateFontCache - WITH_FREETYPE: 1, WITH_HARFBUZZ: 1
[2016.11.14-15.50.23:362][  0]LogSlate: SlateFontCache - WITH_FREETYPE: 1, WITH_HARFBUZZ: 1
[2016.11.14-15.50.23:804][  0]LogTexture:Display: Building textures: DummySpriteTexture (AutoDXT)
[2016.11.14-15.50.23:832][  0]LogSubstanceCoreModule: Substance CPU Engine Loaded, Max Texture Size 2048
[2016.11.14-15.50.23:839][  0]LogTcpMessaging: Initializing TcpMessaging bridge
[2016.11.14-15.50.23:855][  0]LogUdpMessaging: Initializing bridge on interface 0.0.0.0:0 to multicast group 230.0.0.1:6666.
[2016.11.14-15.50.23:855][  0]LogDirectoryWatcher: A directory notification failed for 'F:/My Documents/Unreal Projects/filaman/Content/' because it was empty or there was a buffer overflow. Attemping another request...
[2016.11.14-15.50.24:029][  0]LogTexture:Display: Building textures: MiniFont (AutoDXT)
[2016.11.14-15.50.24:134][  0]SourceControl: Info Source control is disabled
[2016.11.14-15.50.24:256][  0]SourceControl: Info Source control is disabled
[2016.11.14-15.50.24:263][  0]SourceControl: Info Source control is disabled
[2016.11.14-15.50.24:269][  0]SourceControl: Info Source control is disabled
[2016.11.14-15.50.24:475][  0]LogEngine: Initializing Engine...
[2016.11.14-15.50.24:475][  0]LogHMD: Failed to initialize OpenVR with code 110
[2016.11.14-15.50.24:509][  0]LogTexture:Display: Building textures: DefaultWhiteGrid (AutoDXT)
[2016.11.14-15.50.24:576][  0]LogTexture:Display: Building textures: InvalidLightmapSettings (AutoDXT)
[2016.11.14-15.50.24:617][  0]LogTexture:Display: Building textures: HeatmapGradient (BGRA8)
[2016.11.14-15.50.24:625][  0]LogTexture:Display: Building textures: PreviewShadowIndicator (BGRA8)
[2016.11.14-15.50.24:642][  0]LogTexture:Display: Building textures: BSPVertex (AutoDXT)
[2016.11.14-15.50.24:643][  0]LogTexture:Display: Building textures: Good64x64TilingNoiseHighFreq (G8)
[2016.11.14-15.50.24:644][  0]LogTexture:Display: Building textures: DefaultBokeh (BGRA8)
[2016.11.14-15.50.24:645][  0]LogTexture:Display: Building textures: PreintegratedSkinBRDF (BGRA8)
[2016.11.14-15.50.24:650][  0]LogTexture:Display: Building textures: WeightMapPlaceholderTexture (BGRA8)
[2016.11.14-15.50.24:662][  0]LogAIModule: Creating AISystem for world Untitled
[2016.11.14-15.50.24:668][  0]LogInit: XAudio2 using 'Speakers (High Definition Audio Device)' : 2 channels at 44.1 kHz using 16 bits per sample (channel mask 0x3)
[2016.11.14-15.50.24:687][  0]LogInit: FAudioDevice initialized.
[2016.11.14-15.50.24:712][  0]LogDerivedDataCache: Saved boot cache 0.03s 76MB C:/Users/15054284/AppData/Local/UnrealEngine/4.13/DerivedDataCache/Boot.ddc.
[2016.11.14-15.50.24:717][  0]LogInit: Texture streaming: Enabled
[2016.11.14-15.50.24:736][  0]LogInit: Transaction tracking system initialized
[2016.11.14-15.50.24:754][  0]BlueprintLog: New page: Editor Load
[2016.11.14-15.50.24:823][  0]LocalizationService: Info Localization service is disabled
[2016.11.14-15.50.24:884][  0]LogConsoleResponse:Display: 
[2016.11.14-15.50.24:921][  0]LogTexture:Display: Building textures: Cross (AutoDXT)
[2016.11.14-15.50.24:936][  0]LogTexture:Display: Building textures: Tick (AutoDXT)
[2016.11.14-15.50.24:941][  0]LogTexture:Display: Building textures: WidgetGridVertexColorMaterial (AutoDXT)
[2016.11.14-15.50.24:976][  0]LogTexture:Display: Building textures: CASC_None (AutoDXT)
[2016.11.14-15.50.24:976][  0]LogTexture:Display: Building textures: CASC_Cross (AutoDXT)
[2016.11.14-15.50.24:983][  0]LogTexture:Display: Building textures: Texture2D_28 (AutoDXT)
[2016.11.14-15.50.24:990][  0]LogTexture:Display: Building textures: S_KBSJoint (BGRA8)
[2016.11.14-15.50.24:993][  0]LogTexture:Display: Building textures: S_KHinge (BGRA8)
[2016.11.14-15.50.24:995][  0]LogTexture:Display: Building textures: S_KPrismatic (BGRA8)
[2016.11.14-15.50.24:999][  0]LogTexture:Display: Building textures: S_LightError (BGRA8)
[2016.11.14-15.50.25:004][  0]LogTexture:Display: Building textures: T_Loft_Spline (AutoDXT)
[2016.11.14-15.50.25:040][  0]LogTexture:Display: Building textures: DefaultNormal (BC5)
[2016.11.14-15.50.25:118][  0]LogTexture:Display: Building textures: Grid_N (BC5)
[2016.11.14-15.50.25:140][  0]LogTexture:Display: Building textures: PaperDiffuse (AutoDXT)
[2016.11.14-15.50.25:251][  0]LogTexture:Display: Building textures: PaperNormal (BC5)
[2016.11.14-15.50.25:270][  0]LogTexture:Display: Building textures: Texture2D_28 (AutoDXT)
[2016.11.14-15.50.25:277][  0]LogTexture:Display: Building textures: Texture2D_29 (AutoDXT)
[2016.11.14-15.50.25:281][  0]LogTexture:Display: Building textures: StreamingPauseIcon (AutoDXT)
[2016.11.14-15.50.25:296][  0]LogCook:Display: Max memory allowance for cook 16384mb min free memory 0mb
[2016.11.14-15.50.25:296][  0]LogCook:Display: Mobile HDR setting 1
[2016.11.14-15.50.25:367][  0]LogFileCache: Scanning file cache for directory 'F:/My Documents/Unreal Projects/filaman/Content/' took 0.04s
[2016.11.14-15.50.25:367][  0]LogTexture:Display: Building textures: Countdown (AutoDXT)
[2016.11.14-15.50.25:372][  0]LogTexture:Display: Building textures: RecordingIndicator (AutoDXT)
[2016.11.14-15.50.25:395][  0]LogTexture:Display: Building textures: DefaultAlphaTexture (BGRA8)
[2016.11.14-15.50.25:400][  0]SourceControl: Info Source control is disabled
[2016.11.14-15.50.25:400][  0]Cmd: MAP LOAD FILE="F:/My Documents/Unreal Projects/filaman/Content/ThirdPersonBP/Maps/ThirdPersonExampleMap.umap" TEMPLATE=0 SHOWPROGRESS=1 FEATURELEVEL=3
[2016.11.14-15.50.25:424][  0]LightingResults: New page: Lighting Build
[2016.11.14-15.50.25:426][  0]MapCheck: New page: Map Check
[2016.11.14-15.50.25:426][  0]LightingResults: New page: Lighting Build
[2016.11.14-15.50.26:426][  0]LogTexture:Display: Building textures: T_Sky_Stars (AutoDXT)
[2016.11.14-15.50.26:493][  0]LogTexture:Display: Building textures: T_Sky_Clouds_M (BGRA8)
[2016.11.14-15.50.26:954][  0]LogTexture:Display: Building textures: T_Sky_Blue (AutoDXT)
[2016.11.14-15.50.27:640][  0]LogMaterial: Missing cached shader map for material clear_glass, compiling. 
[2016.11.14-15.50.27:709][  0]LogMaterial: Missing cached shader map for material M_Glass, compiling. 
[2016.11.14-15.50.28:245][  0]LogTexture:Display: Building textures: T_MacroVariation (AutoDXT)
[2016.11.14-15.50.31:048][  0]LogMaterial: Missing cached shader map for material M_Metal_Chrome, compiling. 
[2016.11.14-15.50.31:572][  0]LogTexture:Display: Building textures: T_Metal_Copper_D (AutoDXT)
[2016.11.14-15.50.34:593][  0]LogTexture:Display: Building textures: T_Metal_Gold_N (BC5)
[2016.11.14-15.50.35:011][  0]LogMaterial: Missing cached shader map for material M_Metal_Copper, compiling. 
[2016.11.14-15.50.35:112][  0]LogTexture:Display: Building textures: T_ML_Rubber_Blue_01_D (AutoDXT)
[2016.11.14-15.50.35:282][  0]LogTexture:Display: Building textures: T_ML_Rubber_Blue_01_N (BC5)
[2016.11.14-15.50.35:321][  0]LogTexture:Display: Building textures: T_ML_Aluminum01 (AutoDXT)
[2016.11.14-15.50.35:480][  0]LogTexture:Display: Building textures: T_ML_Aluminum01_N (BC5)
[2016.11.14-15.50.35:530][  0]LogTexture:Display: Building textures: UE4_Mannequin_MAT_MASKA (AutoDXT)
[2016.11.14-15.50.35:936][  0]LogTexture:Display: Building textures: UE4_Mannequin__normals (BC5)
[2016.11.14-15.50.36:367][  0]LogTexture:Display: Building textures: UE4_LOGO_CARD (AutoDXT)
[2016.11.14-15.50.36:434][  0]LogTexture:Display: Building textures: UE4Man_Logo_N (BC5)
[2016.11.14-15.50.36:888][  0]LogTexture:Display: Building textures: HQ_Lightmap2_1 (AutoDXT)
[2016.11.14-15.50.37:117][  0]LogTexture:Display: Building textures: HQ_Lightmap2_2 (AutoDXT)
[2016.11.14-15.50.37:231][  0]LogTexture:Display: Building textures: HQ_Lightmap2_3 (AutoDXT)
[2016.11.14-15.50.37:260][  0]LogTexture:Display: Building textures: HQ_Lightmap2_4 (AutoDXT)
[2016.11.14-15.50.37:295][  0]LogTexture:Display: Building textures: HQ_Lightmap2_5 (AutoDXT)
[2016.11.14-15.50.37:322][  0]LogTexture:Display: Building textures: HQ_Lightmap2_6 (AutoDXT)
[2016.11.14-15.50.37:337][  0]LogTexture:Display: Building textures: LQ_Lightmap_0_1 (DXT1)
[2016.11.14-15.50.37:428][  0]LogTexture:Display: Building textures: LQ_Lightmap_0_2 (DXT1)
[2016.11.14-15.50.37:486][  0]LogTexture:Display: Building textures: LQ_Lightmap_0_3 (DXT1)
[2016.11.14-15.50.37:502][  0]LogTexture:Display: Building textures: LQ_Lightmap_0_4 (DXT1)
[2016.11.14-15.50.37:517][  0]LogTexture:Display: Building textures: LQ_Lightmap_0_5 (DXT1)
[2016.11.14-15.50.37:534][  0]LogTexture:Display: Building textures: LQ_Lightmap_0_6 (DXT1)
[2016.11.14-15.50.37:549][  0]LogTexture:Display: Building textures: SkyOcclusion0_1 (AutoDXT)
[2016.11.14-15.50.37:645][  0]LogTexture:Display: Building textures: SkyOcclusion0_2 (AutoDXT)
[2016.11.14-15.50.37:693][  0]LogTexture:Display: Building textures: SkyOcclusion0_3 (AutoDXT)
[2016.11.14-15.50.37:710][  0]LogTexture:Display: Building textures: SkyOcclusion0_4 (AutoDXT)
[2016.11.14-15.50.37:724][  0]LogTexture:Display: Building textures: SkyOcclusion0_5 (AutoDXT)
[2016.11.14-15.50.37:740][  0]LogTexture:Display: Building textures: SkyOcclusion0_6 (AutoDXT)
[2016.11.14-15.50.37:744][  0]LogTexture:Display: Building textures: ShadowMapTexture2D_12 (G8)
[2016.11.14-15.50.37:766][  0]LogTexture:Display: Building textures: ShadowMapTexture2D_13 (G8)
[2016.11.14-15.50.37:789][  0]LogTexture:Display: Building textures: ShadowMapTexture2D_14 (G8)
[2016.11.14-15.50.37:794][  0]LogTexture:Display: Building textures: ShadowMapTexture2D_15 (G8)
[2016.11.14-15.50.37:799][  0]LogTexture:Display: Building textures: ShadowMapTexture2D_16 (G8)
[2016.11.14-15.50.37:805][  0]LogTexture:Display: Building textures: ShadowMapTexture2D_17 (G8)
[2016.11.14-15.50.37:811][  0]LogAIModule: Creating AISystem for world ThirdPersonExampleMap
[2016.11.14-15.50.37:818][  0]LogTexture:Display: Building textures: EmptyActor (BGRA8)
[2016.11.14-15.50.37:854][  0]LogEditorServer: Finished looking for orphan Actors (0.000 secs)
[2016.11.14-15.50.37:854][  0]Cmd: MAP CHECKDEP NOCLEARLOG
[2016.11.14-15.50.37:934][  0]MapCheck: Info Map check complete: 0 Error(s), 0 Warning(s), took 80.07ms to complete.
[2016.11.14-15.50.37:934][  0]LogFileHelpers: Loading map 'ThirdPersonExampleMap' took 12.535
[2016.11.14-15.50.38:057][  0]LogCollectionManager: Loaded 0 collections in 0.005351 seconds
[2016.11.14-15.50.38:104][  0]LogFileCache: Scanning file cache for directory 'F:/My Documents/Unreal Projects/filaman/Saved/Collections/' took 0.01s
[2016.11.14-15.50.38:104][  0]LogFileCache: Scanning file cache for directory 'F:/My Documents/Unreal Projects/filaman/Content/Developers/15054284/Collections/' took 0.01s
[2016.11.14-15.50.38:104][  0]LogFileCache: Scanning file cache for directory 'F:/My Documents/Unreal Projects/filaman/Content/Collections/' took 0.01s
[2016.11.14-15.50.38:104][  0]LogCollectionManager: Rebuilt the GUID cache for 0 collections in 0.000003 seconds
[2016.11.14-15.50.38:117][  0]LogContentBrowser: Native class hierarchy populated in 0.0130 seconds. Added 2156 classes and 421 folders.
[2016.11.14-15.50.38:123][  0]LogStats: UGameplayTagsManager::ConstructGameplayTagTree: Construct from data asset -  0.000 s
[2016.11.14-15.50.38:123][  0]LogStats: UGameplayTagsManager::ConstructGameplayTagTree: GameplayTagTreeChangedEvent.Broadcast -  0.000 s
[2016.11.14-15.50.38:123][  0]LogContentBrowser: Native class hierarchy updated for 'GameplayTags' in 0.0008 seconds. Added 12 classes and 0 folders.
[2016.11.14-15.50.38:131][  0]LogContentBrowser: Native class hierarchy updated for 'WidgetCarousel' in 0.0008 seconds. Added 0 classes and 0 folders.
[2016.11.14-15.50.38:177][  0]LogContentBrowser: Native class hierarchy updated for 'AddContentDialog' in 0.0007 seconds. Added 0 classes and 0 folders.
[2016.11.14-15.50.38:184][  0]LogContentBrowser: Native class hierarchy updated for 'SceneOutliner' in 0.0008 seconds. Added 1 classes and 2 folders.
[2016.11.14-15.50.38:210][  0]LogCrashTracker: Crashtracker disabled due to settings.
[2016.11.14-15.50.38:227][  0]LogTexture:Display: Building textures: Blueprint_64x (BGRA8)
[2016.11.14-15.50.38:229][  0]LogTexture:Display: Building textures: icon_Editor_Preferences_General_40x (BGRA8)
[2016.11.14-15.50.38:231][  0]LogTexture:Display: Building textures: Paper2DSprite_TutorialIcon (BGRA8)
[2016.11.14-15.50.38:232][  0]LogTexture:Display: Building textures: icon_ShowSkeletalMeshes_40x (BGRA8)
[2016.11.14-15.50.38:233][  0]LogTexture:Display: Building textures: Landscape (BGRA8)
[2016.11.14-15.50.38:235][  0]LogTexture:Display: Building textures: Foliage (BGRA8)
[2016.11.14-15.50.38:268][  0]LogContentBrowser: Native class hierarchy updated for 'HierarchicalLODOutliner' in 0.0006 seconds. Added 1 classes and 2 folders.
[2016.11.14-15.50.38:268][  0]LogLoad: (Engine Initialization) Total time: 35.15 seconds
[2016.11.14-15.50.38:268][  0]LogLoad: (Engine Initialization) Total Blueprint compile time: 0.09 seconds
[2016.11.14-15.50.38:268][  0]LogExternalProfiler: Found external profiler: VSPerf
[2016.11.14-15.50.38:268][  0]LogExternalProfiler: Using external profiler: VSPerf
[2016.11.14-15.50.38:278][  0]LogOcInput: OculusInput pre-init called
[2016.11.14-15.50.38:294][  0]LogDirectoryWatcher: A directory notification failed for 'F:/My Documents/Unreal Projects/filaman/Content/' because it was empty or there was a buffer overflow. Attemping another request...
[2016.11.14-15.50.38:294][  0]LogDirectoryWatcher: A directory notification failed for 'F:/My Documents/Unreal Projects/filaman/Content/', and we were unable to create a new request.
[2016.11.14-15.50.38:294][  0]LogDirectoryWatcher: A directory notification failed for 'F:/My Documents/Unreal Projects/filaman/Saved/Collections/' because it was empty or there was a buffer overflow. Attemping another request...
[2016.11.14-15.50.38:294][  0]LogDirectoryWatcher: A directory notification failed for 'F:/My Documents/Unreal Projects/filaman/Content/Developers/15054284/Collections/' because it was empty or there was a buffer overflow. Attemping another request...
[2016.11.14-15.50.38:294][  0]LogDirectoryWatcher: A directory notification failed for 'F:/My Documents/Unreal Projects/filaman/Content/Collections/' because it was empty or there was a buffer overflow. Attemping another request...
[2016.11.14-15.50.38:296][  0]LogContentStreaming: Texture pool size now 1000 MB
[2016.11.14-15.50.38:313][  0]LogTexture:Display: Building textures: icon_tab_Levels_40x (BGRA8)
[2016.11.14-15.50.38:369][  0]LogTexture:Display: Building textures: LevelGrid1DStripes (BGRA8)
[2016.11.14-15.50.38:456][  0]LogRenderer: Reallocating scene render targets to support 1208x576 (Frame:2).
[2016.11.14-15.50.38:576][  1]LogDirectoryWatcher: A directory notification failed for 'F:/My Documents/Unreal Projects/filaman/Saved/Collections/' because it was empty or there was a buffer overflow. Attemping another request...
[2016.11.14-15.50.38:578][  1]LogDirectoryWatcher: A directory notification failed for 'F:/My Documents/Unreal Projects/filaman/Saved/Collections/', and we were unable to create a new request.
[2016.11.14-15.50.38:578][  1]LogDirectoryWatcher: A directory notification failed for 'F:/My Documents/Unreal Projects/filaman/Content/Developers/15054284/Collections/' because it was empty or there was a buffer overflow. Attemping another request...
[2016.11.14-15.50.38:579][  1]LogDirectoryWatcher: A directory notification failed for 'F:/My Documents/Unreal Projects/filaman/Content/Developers/15054284/Collections/', and we were unable to create a new request.
[2016.11.14-15.50.38:579][  1]LogDirectoryWatcher: A directory notification failed for 'F:/My Documents/Unreal Projects/filaman/Content/Collections/' because it was empty or there was a buffer overflow. Attemping another request...
[2016.11.14-15.50.38:580][  1]LogDirectoryWatcher: A directory notification failed for 'F:/My Documents/Unreal Projects/filaman/Content/Collections/', and we were unable to create a new request.
[2016.11.14-15.50.38:638][  2]LogAssetRegistry: Asset discovery search completed in 15.8552 seconds
[2016.11.14-15.50.38:638][  2]LogCollectionManager: Rebuilt the object cache for 0 collections in 0.000001 seconds (found 0 objects)
[2016.11.14-15.50.38:638][  2]LogCollectionManager: Fixed up redirectors for 0 collections in 0.000026 seconds (updated 0 objects)
[2016.11.14-15.50.43:420][408]Cmd: MAP LOAD FILE="F:/My Documents/Unreal Projects/filaman/Content/LIGHTBULBMAN_ALPHA_FIRST.umap" TEMPLATE=0 SHOWPROGRESS=1 FEATURELEVEL=3
[2016.11.14-15.50.43:450][408]LightingResults: New page: Lighting Build
[2016.11.14-15.50.43:451][408]LoadErrors: New page: Loading map: LIGHTBULBMAN_ALPHA_FIRST.umap
[2016.11.14-15.50.43:454][408]MapCheck: New page: Map Check
[2016.11.14-15.50.43:454][408]LightingResults: New page: Lighting Build
[2016.11.14-15.50.45:255][408]LogTexture:Display: Building textures: T_Brick_Hewn_Stone_N (BC5)
[2016.11.14-15.50.45:938][408]LogTexture:Display: Building textures: T_Brick_Hewn_Stone_M (AutoDXT)
[2016.11.14-15.50.48:119][408]LogTexture:Display: Building textures: T_Brick_Hewn_Stone_D (AutoDXT)
[2016.11.14-15.50.50:151][408]LogTexture:Display: Building textures: T_Detail_Rocky_N (BC5)
[2016.11.14-15.50.50:474][408]LogTexture:Display: Building textures: T_Perlin_Noise_M (AutoDXT)
[2016.11.14-15.50.52:494][408]LogTexture:Display: Building textures: T_Wood_Floor_Walnut_N (BC5)
[2016.11.14-15.50.53:062][408]LogTexture:Display: Building textures: T_Wood_Oak_N (BC5)
[2016.11.14-15.50.53:585][408]LogTexture:Display: Building textures: T_Wood_Oak_D (AutoDXT)
[2016.11.14-15.50.55:529][408]LogTexture:Display: Building textures: HQ_Lightmap0_1 (AutoDXT)
[2016.11.14-15.50.55:577][408]LogTexture:Display: Building textures: HQ_Lightmap1_2 (AutoDXT)
[2016.11.14-15.50.55:582][408]LogTexture:Display: Building textures: HQ_Lightmap1_3 (AutoDXT)
[2016.11.14-15.50.55:590][408]LogTexture:Display: Building textures: LQ_Lightmap_0_1 (DXT1)
[2016.11.14-15.50.55:623][408]LogTexture:Display: Building textures: LQ_Lightmap_1_2 (DXT1)
[2016.11.14-15.50.55:625][408]LogTexture:Display: Building textures: LQ_Lightmap_1_3 (DXT1)
[2016.11.14-15.50.55:627][408]LogTexture:Display: Building textures: ShadowMapTexture2D_0 (G8)
[2016.11.14-15.50.55:641][408]LogTexture:Display: Building textures: ShadowMapTexture2D_1 (G8)
[2016.11.14-15.50.56:180][408]LogTexture:Display: Building textures: T_Brick_Cut_Stone_D (AutoDXT)
[2016.11.14-15.50.58:590][408]LogTexture:Display: Building textures: T_Brick_Cut_Stone_N (BC5)
[2016.11.14-15.50.59:095][408]LogTexture:Display: Building textures: T_Wood_Floor_Walnut_M (AutoDXT)
[2016.11.14-15.51.01:198][408]LogTexture:Display: Building textures: T_Wood_Floor_Walnut_D (AutoDXT)
[2016.11.14-15.51.03:307][408]LogTexture:Display: Building textures: T_Wood_Walnut_D (AutoDXT)
[2016.11.14-15.51.05:508][408]LogTexture:Display: Building textures: T_Wood_Walnut_N (BC5)
[2016.11.14-15.51.05:776][408]LogMaterial: Missing cached shader map for material red_button, compiling. 
[2016.11.14-15.51.05:818][408]LogAIModule: Creating AISystem for world LIGHTBULBMAN_ALPHA_FIRST
[2016.11.14-15.51.05:853][408]LogEditorServer: Finished looking for orphan Actors (0.000 secs)
[2016.11.14-15.51.05:895][408]Cmd: MAP CHECKDEP NOCLEARLOG
[2016.11.14-15.51.05:993][408]MapCheck: Info Map check complete: 0 Error(s), 0 Warning(s), took 97.794ms to complete.
[2016.11.14-15.51.05:993][408]LogFileHelpers: Loading map 'LIGHTBULBMAN_ALPHA_FIRST' took 22.574
[2016.11.14-15.51.12:003][102]LogBlueprintUserMessages: Early PlayInEditor Detection: Level '/Game/LIGHTBULBMAN_ALPHA_FIRST.LIGHTBULBMAN_ALPHA_FIRST:PersistentLevel' has LevelScriptBlueprint '/Game/LIGHTBULBMAN_ALPHA_FIRST.LIGHTBULBMAN_ALPHA_FIRST:PersistentLevel.LIGHTBULBMAN_ALPHA_FIRST' with GeneratedClass '/Game/LIGHTBULBMAN_ALPHA_FIRST.LIGHTBULBMAN_ALPHA_FIRST_C' with ClassGeneratedBy '/Game/LIGHTBULBMAN_ALPHA_FIRST.LIGHTBULBMAN_ALPHA_FIRST:PersistentLevel.LIGHTBULBMAN_ALPHA_FIRST'
[2016.11.14-15.51.12:003][102]LogPlayLevel: PlayLevel: No blueprints needed recompiling
[2016.11.14-15.51.12:004][102]PIE: New page: PIE session: LIGHTBULBMAN_ALPHA_FIRST (14 Nov 2016 15:51:12)
[2016.11.14-15.51.12:004][102]LogPlayLevel: Creating play world package: /Game/UEDPIE_0_LIGHTBULBMAN_ALPHA_FIRST
[2016.11.14-15.51.12:011][102]LogPlayLevel: PIE: StaticDuplicateObject took: (0.006757s)
[2016.11.14-15.51.12:011][102]LogAIModule: Creating AISystem for world LIGHTBULBMAN_ALPHA_FIRST
[2016.11.14-15.51.12:011][102]LogPlayLevel: PIE: World Init took: (0.000853s)
[2016.11.14-15.51.12:012][102]LogPlayLevel: PIE: Created PIE world by copying editor world from /Game/LIGHTBULBMAN_ALPHA_FIRST.LIGHTBULBMAN_ALPHA_FIRST to /Game/UEDPIE_0_LIGHTBULBMAN_ALPHA_FIRST.LIGHTBULBMAN_ALPHA_FIRST (0.007777s)
[2016.11.14-15.51.12:022][102]LogInit: XAudio2 using 'Speakers (High Definition Audio Device)' : 2 channels at 44.1 kHz using 16 bits per sample (channel mask 0x3)
[2016.11.14-15.51.12:026][102]LogInit: FAudioDevice initialized.
[2016.11.14-15.51.12:072][102]LogWorld: Game class is 'ThirdPersonGameMode_C'
[2016.11.14-15.51.12:077][102]LogWorld: Bringing World /Game/UEDPIE_0_LIGHTBULBMAN_ALPHA_FIRST.LIGHTBULBMAN_ALPHA_FIRST up for play (max tick rate 0) at 2016.11.14-15.51.12
[2016.11.14-15.51.12:079][102]LogWorld: Bringing up level for play took: 0.004899
[2016.11.14-15.51.12:082][102]LogContentBrowser: Native class hierarchy updated for 'MovieSceneCapture' in 0.0008 seconds. Added 11 classes and 0 folders.
[2016.11.14-15.51.12:082][102]LogGameMode:Display: Match State Changed from EnteringMap to WaitingToStart
[2016.11.14-15.51.12:082][102]LogGameState: Match State Changed from EnteringMap to WaitingToStart
[2016.11.14-15.51.12:082][102]LogGameMode:Display: Match State Changed from WaitingToStart to InProgress
[2016.11.14-15.51.12:083][102]LogGameState: Match State Changed from WaitingToStart to InProgress
[2016.11.14-15.51.12:083][102]PIE: Info Play in editor start time for /Game/UEDPIE_0_LIGHTBULBMAN_ALPHA_FIRST -0.831
[2016.11.14-15.51.12:083][102]LogBlueprintUserMessages: Late PlayInEditor Detection: Level '/Game/LIGHTBULBMAN_ALPHA_FIRST.LIGHTBULBMAN_ALPHA_FIRST:PersistentLevel' has LevelScriptBlueprint '/Game/LIGHTBULBMAN_ALPHA_FIRST.LIGHTBULBMAN_ALPHA_FIRST:PersistentLevel.LIGHTBULBMAN_ALPHA_FIRST' with GeneratedClass '/Game/LIGHTBULBMAN_ALPHA_FIRST.LIGHTBULBMAN_ALPHA_FIRST_C' with ClassGeneratedBy '/Game/LIGHTBULBMAN_ALPHA_FIRST.LIGHTBULBMAN_ALPHA_FIRST:PersistentLevel.LIGHTBULBMAN_ALPHA_FIRST'
[2016.11.14-15.51.24:644][602]PIE:Warning: Warning AttachTo: '/Game/UEDPIE_0_LIGHTBULBMAN_ALPHA_FIRST.LIGHTBULBMAN_ALPHA_FIRST:PersistentLevel.ThirdPersonCharacter_167.CollisionCylinder' is not static  (in blueprint "ThirdPersonCharacter"), cannot attach '/Game/UEDPIE_0_LIGHTBULBMAN_ALPHA_FIRST.LIGHTBULBMAN_ALPHA_FIRST:PersistentLevel.MovableBlock_1838.DefaultSceneRoot' which is static to it. Aborting.
[2016.11.14-15.51.24:652][603]PIE:Warning: Warning AttachTo: '/Game/UEDPIE_0_LIGHTBULBMAN_ALPHA_FIRST.LIGHTBULBMAN_ALPHA_FIRST:PersistentLevel.ThirdPersonCharacter_167.CollisionCylinder' is not static  (in blueprint "ThirdPersonCharacter"), cannot attach '/Game/UEDPIE_0_LIGHTBULBMAN_ALPHA_FIRST.LIGHTBULBMAN_ALPHA_FIRST:PersistentLevel.MovableBlock_1838.DefaultSceneRoot' which is static to it. Aborting.
[2016.11.14-15.51.24:661][604]PIE:Warning: Warning AttachTo: '/Game/UEDPIE_0_LIGHTBULBMAN_ALPHA_FIRST.LIGHTBULBMAN_ALPHA_FIRST:PersistentLevel.ThirdPersonCharacter_167.CollisionCylinder' is not static  (in blueprint "ThirdPersonCharacter"), cannot attach '/Game/UEDPIE_0_LIGHTBULBMAN_ALPHA_FIRST.LIGHTBULBMAN_ALPHA_FIRST:PersistentLevel.MovableBlock_1838.DefaultSceneRoot' which is static to it. Aborting.
[2016.11.14-15.51.25:211][670]PIE:Warning: Warning AttachTo: '/Game/UEDPIE_0_LIGHTBULBMAN_ALPHA_FIRST.LIGHTBULBMAN_ALPHA_FIRST:PersistentLevel.ThirdPersonCharacter_167.CollisionCylinder' is not static  (in blueprint "ThirdPersonCharacter"), cannot attach '/Game/UEDPIE_0_LIGHTBULBMAN_ALPHA_FIRST.LIGHTBULBMAN_ALPHA_FIRST:PersistentLevel.MovableBlock_1838.DefaultSceneRoot' which is static to it. Aborting.
[2016.11.14-15.51.25:219][671]PIE:Warning: Warning AttachTo: '/Game/UEDPIE_0_LIGHTBULBMAN_ALPHA_FIRST.LIGHTBULBMAN_ALPHA_FIRST:PersistentLevel.ThirdPersonCharacter_167.CollisionCylinder' is not static  (in blueprint "ThirdPersonCharacter"), cannot attach '/Game/UEDPIE_0_LIGHTBULBMAN_ALPHA_FIRST.LIGHTBULBMAN_ALPHA_FIRST:PersistentLevel.MovableBlock_1838.DefaultSceneRoot' which is static to it. Aborting.
[2016.11.14-15.51.25:219][671]PIE:Warning: Warning AttachTo: '/Game/UEDPIE_0_LIGHTBULBMAN_ALPHA_FIRST.LIGHTBULBMAN_ALPHA_FIRST:PersistentLevel.ThirdPersonCharacter_167.CollisionCylinder' is not static  (in blueprint "ThirdPersonCharacter"), cannot attach '/Game/UEDPIE_0_LIGHTBULBMAN_ALPHA_FIRST.LIGHTBULBMAN_ALPHA_FIRST:PersistentLevel.MovableBlock_1838.DefaultSceneRoot' which is static to it. Aborting.
[2016.11.14-15.51.25:294][680]PIE:Warning: Warning AttachTo: '/Game/UEDPIE_0_LIGHTBULBMAN_ALPHA_FIRST.LIGHTBULBMAN_ALPHA_FIRST:PersistentLevel.ThirdPersonCharacter_167.CollisionCylinder' is not static  (in blueprint "ThirdPersonCharacter"), cannot attach '/Game/UEDPIE_0_LIGHTBULBMAN_ALPHA_FIRST.LIGHTBULBMAN_ALPHA_FIRST:PersistentLevel.MovableBlock_1838.DefaultSceneRoot' which is static to it. Aborting.
[2016.11.14-15.51.25:302][681]PIE:Warning: Warning AttachTo: '/Game/UEDPIE_0_LIGHTBULBMAN_ALPHA_FIRST.LIGHTBULBMAN_ALPHA_FIRST:PersistentLevel.ThirdPersonCharacter_167.CollisionCylinder' is not static  (in blueprint "ThirdPersonCharacter"), cannot attach '/Game/UEDPIE_0_LIGHTBULBMAN_ALPHA_FIRST.LIGHTBULBMAN_ALPHA_FIRST:PersistentLevel.MovableBlock_1838.DefaultSceneRoot' which is static to it. Aborting.
[2016.11.14-15.51.25:311][682]PIE:Warning: Warning AttachTo: '/Game/UEDPIE_0_LIGHTBULBMAN_ALPHA_FIRST.LIGHTBULBMAN_ALPHA_FIRST:PersistentLevel.ThirdPersonCharacter_167.CollisionCylinder' is not static  (in blueprint "ThirdPersonCharacter"), cannot attach '/Game/UEDPIE_0_LIGHTBULBMAN_ALPHA_FIRST.LIGHTBULBMAN_ALPHA_FIRST:PersistentLevel.MovableBlock_1838.DefaultSceneRoot' which is static to it. Aborting.
[2016.11.14-15.51.25:319][683]PIE:Warning: Warning AttachTo: '/Game/UEDPIE_0_LIGHTBULBMAN_ALPHA_FIRST.LIGHTBULBMAN_ALPHA_FIRST:PersistentLevel.ThirdPersonCharacter_167.CollisionCylinder' is not static  (in blueprint "ThirdPersonCharacter"), cannot attach '/Game/UEDPIE_0_LIGHTBULBMAN_ALPHA_FIRST.LIGHTBULBMAN_ALPHA_FIRST:PersistentLevel.MovableBlock_1838.DefaultSceneRoot' which is static to it. Aborting.
[2016.11.14-15.51.26:702][849]PIE:Warning: Warning AttachTo: '/Game/UEDPIE_0_LIGHTBULBMAN_ALPHA_FIRST.LIGHTBULBMAN_ALPHA_FIRST:PersistentLevel.ThirdPersonCharacter_167.CollisionCylinder' is not static  (in blueprint "ThirdPersonCharacter"), cannot attach '/Game/UEDPIE_0_LIGHTBULBMAN_ALPHA_FIRST.LIGHTBULBMAN_ALPHA_FIRST:PersistentLevel.MovableBlock_1838.DefaultSceneRoot' which is static to it. Aborting.
[2016.11.14-15.51.26:703][849]PIE:Warning: Warning AttachTo: '/Game/UEDPIE_0_LIGHTBULBMAN_ALPHA_FIRST.LIGHTBULBMAN_ALPHA_FIRST:PersistentLevel.ThirdPersonCharacter_167.CollisionCylinder' is not static  (in blueprint "ThirdPersonCharacter"), cannot attach '/Game/UEDPIE_0_LIGHTBULBMAN_ALPHA_FIRST.LIGHTBULBMAN_ALPHA_FIRST:PersistentLevel.MovableBlock_1838.DefaultSceneRoot' which is static to it. Aborting.
[2016.11.14-15.51.26:703][849]PIE:Warning: Warning AttachTo: '/Game/UEDPIE_0_LIGHTBULBMAN_ALPHA_FIRST.LIGHTBULBMAN_ALPHA_FIRST:PersistentLevel.ThirdPersonCharacter_167.CollisionCylinder' is not static  (in blueprint "ThirdPersonCharacter"), cannot attach '/Game/UEDPIE_0_LIGHTBULBMAN_ALPHA_FIRST.LIGHTBULBMAN_ALPHA_FIRST:PersistentLevel.MovableBlock_1838.DefaultSceneRoot' which is static to it. Aborting.
[2016.11.14-15.51.26:919][875]PIE:Warning: Warning AttachTo: '/Game/UEDPIE_0_LIGHTBULBMAN_ALPHA_FIRST.LIGHTBULBMAN_ALPHA_FIRST:PersistentLevel.ThirdPersonCharacter_167.CollisionCylinder' is not static  (in blueprint "ThirdPersonCharacter"), cannot attach '/Game/UEDPIE_0_LIGHTBULBMAN_ALPHA_FIRST.LIGHTBULBMAN_ALPHA_FIRST:PersistentLevel.MovableBlock_1838.DefaultSceneRoot' which is static to it. Aborting.
[2016.11.14-15.51.26:919][875]PIE:Warning: Warning AttachTo: '/Game/UEDPIE_0_LIGHTBULBMAN_ALPHA_FIRST.LIGHTBULBMAN_ALPHA_FIRST:PersistentLevel.ThirdPersonCharacter_167.CollisionCylinder' is not static  (in blueprint "ThirdPersonCharacter"), cannot attach '/Game/UEDPIE_0_LIGHTBULBMAN_ALPHA_FIRST.LIGHTBULBMAN_ALPHA_FIRST:PersistentLevel.MovableBlock_1838.DefaultSceneRoot' which is static to it. Aborting.
[2016.11.14-15.51.27:202][909]PIE:Warning: Warning AttachTo: '/Game/UEDPIE_0_LIGHTBULBMAN_ALPHA_FIRST.LIGHTBULBMAN_ALPHA_FIRST:PersistentLevel.ThirdPersonCharacter_167.CollisionCylinder' is not static  (in blueprint "ThirdPersonCharacter"), cannot attach '/Game/UEDPIE_0_LIGHTBULBMAN_ALPHA_FIRST.LIGHTBULBMAN_ALPHA_FIRST:PersistentLevel.MovableBlock_1838.DefaultSceneRoot' which is static to it. Aborting.
[2016.11.14-15.51.28:594][ 76]PIE:Warning: Warning AttachTo: '/Game/UEDPIE_0_LIGHTBULBMAN_ALPHA_FIRST.LIGHTBULBMAN_ALPHA_FIRST:PersistentLevel.ThirdPersonCharacter_167.CollisionCylinder' is not static  (in blueprint "ThirdPersonCharacter"), cannot attach '/Game/UEDPIE_0_LIGHTBULBMAN_ALPHA_FIRST.LIGHTBULBMAN_ALPHA_FIRST:PersistentLevel.MovableBlock_1838.DefaultSceneRoot' which is static to it. Aborting.
[2016.11.14-15.51.28:594][ 76]PIE:Warning: Warning AttachTo: '/Game/UEDPIE_0_LIGHTBULBMAN_ALPHA_FIRST.LIGHTBULBMAN_ALPHA_FIRST:PersistentLevel.ThirdPersonCharacter_167.CollisionCylinder' is not static  (in blueprint "ThirdPersonCharacter"), cannot attach '/Game/UEDPIE_0_LIGHTBULBMAN_ALPHA_FIRST.LIGHTBULBMAN_ALPHA_FIRST:PersistentLevel.MovableBlock_1838.DefaultSceneRoot' which is static to it. Aborting.
[2016.11.14-15.51.28:594][ 76]PIE:Warning: Warning AttachTo: '/Game/UEDPIE_0_LIGHTBULBMAN_ALPHA_FIRST.LIGHTBULBMAN_ALPHA_FIRST:PersistentLevel.ThirdPersonCharacter_167.CollisionCylinder' is not static  (in blueprint "ThirdPersonCharacter"), cannot attach '/Game/UEDPIE_0_LIGHTBULBMAN_ALPHA_FIRST.LIGHTBULBMAN_ALPHA_FIRST:PersistentLevel.MovableBlock_1838.DefaultSceneRoot' which is static to it. Aborting.
[2016.11.14-15.51.31:103][377]LogBlueprintUserMessages: Early EndPlayMap Detection: Level '/Game/LIGHTBULBMAN_ALPHA_FIRST.LIGHTBULBMAN_ALPHA_FIRST:PersistentLevel' has LevelScriptBlueprint '/Game/LIGHTBULBMAN_ALPHA_FIRST.LIGHTBULBMAN_ALPHA_FIRST:PersistentLevel.LIGHTBULBMAN_ALPHA_FIRST' with GeneratedClass '/Game/LIGHTBULBMAN_ALPHA_FIRST.LIGHTBULBMAN_ALPHA_FIRST_C' with ClassGeneratedBy '/Game/LIGHTBULBMAN_ALPHA_FIRST.LIGHTBULBMAN_ALPHA_FIRST:PersistentLevel.LIGHTBULBMAN_ALPHA_FIRST'
[2016.11.14-15.51.31:132][377]LogBlueprintUserMessages: Late EndPlayMap Detection: Level '/Game/LIGHTBULBMAN_ALPHA_FIRST.LIGHTBULBMAN_ALPHA_FIRST:PersistentLevel' has LevelScriptBlueprint '/Game/LIGHTBULBMAN_ALPHA_FIRST.LIGHTBULBMAN_ALPHA_FIRST:PersistentLevel.LIGHTBULBMAN_ALPHA_FIRST' with GeneratedClass '/Game/LIGHTBULBMAN_ALPHA_FIRST.LIGHTBULBMAN_ALPHA_FIRST_C' with ClassGeneratedBy '/Game/LIGHTBULBMAN_ALPHA_FIRST.LIGHTBULBMAN_ALPHA_FIRST:PersistentLevel.LIGHTBULBMAN_ALPHA_FIRST'
[2016.11.14-15.51.37:577][ 88]LogContentBrowser: Native class hierarchy updated for 'BlueprintGraph' in 0.0010 seconds. Added 112 classes and 0 folders.
[2016.11.14-15.51.38:067][ 88]LogTexture:Display: Building textures: TilePatine_N (BC5)
[2016.11.14-15.51.38:097][ 88]LogTexture:Display: Building textures: TilePatine_D (AutoDXT)
[2016.11.14-15.51.54:427][999]LogBlueprintUserMessages: Early PlayInEditor Detection: Level '/Game/LIGHTBULBMAN_ALPHA_FIRST.LIGHTBULBMAN_ALPHA_FIRST:PersistentLevel' has LevelScriptBlueprint '/Game/LIGHTBULBMAN_ALPHA_FIRST.LIGHTBULBMAN_ALPHA_FIRST:PersistentLevel.LIGHTBULBMAN_ALPHA_FIRST' with GeneratedClass '/Game/LIGHTBULBMAN_ALPHA_FIRST.LIGHTBULBMAN_ALPHA_FIRST_C' with ClassGeneratedBy '/Game/LIGHTBULBMAN_ALPHA_FIRST.LIGHTBULBMAN_ALPHA_FIRST:PersistentLevel.LIGHTBULBMAN_ALPHA_FIRST'
[2016.11.14-15.51.54:427][999]LogPlayLevel: PlayLevel: No blueprints needed recompiling
[2016.11.14-15.51.54:428][999]PIE: New page: PIE session: LIGHTBULBMAN_ALPHA_FIRST (14 Nov 2016 15:51:54)
[2016.11.14-15.51.54:428][999]LogPlayLevel: Creating play world package: /Game/UEDPIE_0_LIGHTBULBMAN_ALPHA_FIRST
[2016.11.14-15.51.54:435][999]LogPlayLevel: PIE: StaticDuplicateObject took: (0.006885s)
[2016.11.14-15.51.54:435][999]LogAIModule: Creating AISystem for world LIGHTBULBMAN_ALPHA_FIRST
[2016.11.14-15.51.54:436][999]LogPlayLevel: PIE: World Init took: (0.001072s)
[2016.11.14-15.51.54:436][999]LogPlayLevel: PIE: Created PIE world by copying editor world from /Game/LIGHTBULBMAN_ALPHA_FIRST.LIGHTBULBMAN_ALPHA_FIRST to /Game/UEDPIE_0_LIGHTBULBMAN_ALPHA_FIRST.LIGHTBULBMAN_ALPHA_FIRST (0.008136s)
[2016.11.14-15.51.54:455][999]LogInit: XAudio2 using 'Speakers (High Definition Audio Device)' : 2 channels at 44.1 kHz using 16 bits per sample (channel mask 0x3)
[2016.11.14-15.51.54:459][999]LogInit: FAudioDevice initialized.
[2016.11.14-15.51.54:484][999]LogWorld: Game class is 'ThirdPersonGameMode_C'
[2016.11.14-15.51.54:488][999]LogWorld: Bringing World /Game/UEDPIE_0_LIGHTBULBMAN_ALPHA_FIRST.LIGHTBULBMAN_ALPHA_FIRST up for play (max tick rate 0) at 2016.11.14-15.51.54
[2016.11.14-15.51.54:488][999]LogWorld: Bringing up level for play took: 0.003998
[2016.11.14-15.51.54:489][999]LogGameMode:Display: Match State Changed from EnteringMap to WaitingToStart
[2016.11.14-15.51.54:489][999]LogGameState: Match State Changed from EnteringMap to WaitingToStart
[2016.11.14-15.51.54:489][999]LogGameMode:Display: Match State Changed from WaitingToStart to InProgress
[2016.11.14-15.51.54:489][999]LogGameState: Match State Changed from WaitingToStart to InProgress
[2016.11.14-15.51.54:489][999]PIE: Info Play in editor start time for /Game/UEDPIE_0_LIGHTBULBMAN_ALPHA_FIRST -0.425
[2016.11.14-15.51.54:489][999]LogBlueprintUserMessages: Late PlayInEditor Detection: Level '/Game/LIGHTBULBMAN_ALPHA_FIRST.LIGHTBULBMAN_ALPHA_FIRST:PersistentLevel' has LevelScriptBlueprint '/Game/LIGHTBULBMAN_ALPHA_FIRST.LIGHTBULBMAN_ALPHA_FIRST:PersistentLevel.LIGHTBULBMAN_ALPHA_FIRST' with GeneratedClass '/Game/LIGHTBULBMAN_ALPHA_FIRST.LIGHTBULBMAN_ALPHA_FIRST_C' with ClassGeneratedBy '/Game/LIGHTBULBMAN_ALPHA_FIRST.LIGHTBULBMAN_ALPHA_FIRST:PersistentLevel.LIGHTBULBMAN_ALPHA_FIRST'
[2016.11.14-15.51.56:886][286]PIE:Warning: Warning AttachTo: '/Game/UEDPIE_0_LIGHTBULBMAN_ALPHA_FIRST.LIGHTBULBMAN_ALPHA_FIRST:PersistentLevel.ThirdPersonCharacter_167.CollisionCylinder' is not static  (in blueprint "ThirdPersonCharacter"), cannot attach '/Game/UEDPIE_0_LIGHTBULBMAN_ALPHA_FIRST.LIGHTBULBMAN_ALPHA_FIRST:PersistentLevel.MovableBlock_1838.DefaultSceneRoot' which is static to it. Aborting.
[2016.11.14-15.51.56:886][286]PIE:Warning: Warning AttachTo: '/Game/UEDPIE_0_LIGHTBULBMAN_ALPHA_FIRST.LIGHTBULBMAN_ALPHA_FIRST:PersistentLevel.ThirdPersonCharacter_167.CollisionCylinder' is not static  (in blueprint "ThirdPersonCharacter"), cannot attach '/Game/UEDPIE_0_LIGHTBULBMAN_ALPHA_FIRST.LIGHTBULBMAN_ALPHA_FIRST:PersistentLevel.MovableBlock_1838.DefaultSceneRoot' which is static to it. Aborting.
[2016.11.14-15.51.56:886][286]PIE:Warning: Warning AttachTo: '/Game/UEDPIE_0_LIGHTBULBMAN_ALPHA_FIRST.LIGHTBULBMAN_ALPHA_FIRST:PersistentLevel.ThirdPersonCharacter_167.CollisionCylinder' is not static  (in blueprint "ThirdPersonCharacter"), cannot attach '/Game/UEDPIE_0_LIGHTBULBMAN_ALPHA_FIRST.LIGHTBULBMAN_ALPHA_FIRST:PersistentLevel.MovableBlock_1838.DefaultSceneRoot' which is static to it. Aborting.
[2016.11.14-15.51.56:894][287]PIE:Warning: Warning AttachTo: '/Game/UEDPIE_0_LIGHTBULBMAN_ALPHA_FIRST.LIGHTBULBMAN_ALPHA_FIRST:PersistentLevel.ThirdPersonCharacter_167.CollisionCylinder' is not static  (in blueprint "ThirdPersonCharacter"), cannot attach '/Game/UEDPIE_0_LIGHTBULBMAN_ALPHA_FIRST.LIGHTBULBMAN_ALPHA_FIRST:PersistentLevel.MovableBlock_1838.DefaultSceneRoot' which is static to it. Aborting.
[2016.11.14-15.51.57:061][307]PIE:Warning: Warning AttachTo: '/Game/UEDPIE_0_LIGHTBULBMAN_ALPHA_FIRST.LIGHTBULBMAN_ALPHA_FIRST:PersistentLevel.ThirdPersonCharacter_167.CollisionCylinder' is not static  (in blueprint "ThirdPersonCharacter"), cannot attach '/Game/UEDPIE_0_LIGHTBULBMAN_ALPHA_FIRST.LIGHTBULBMAN_ALPHA_FIRST:PersistentLevel.MovableBlock_1838.DefaultSceneRoot' which is static to it. Aborting.
[2016.11.14-15.51.57:069][308]PIE:Warning: Warning AttachTo: '/Game/UEDPIE_0_LIGHTBULBMAN_ALPHA_FIRST.LIGHTBULBMAN_ALPHA_FIRST:PersistentLevel.ThirdPersonCharacter_167.CollisionCylinder' is not static  (in blueprint "ThirdPersonCharacter"), cannot attach '/Game/UEDPIE_0_LIGHTBULBMAN_ALPHA_FIRST.LIGHTBULBMAN_ALPHA_FIRST:PersistentLevel.MovableBlock_1838.DefaultSceneRoot' which is static to it. Aborting.
[2016.11.14-15.51.57:069][308]PIE:Warning: Warning AttachTo: '/Game/UEDPIE_0_LIGHTBULBMAN_ALPHA_FIRST.LIGHTBULBMAN_ALPHA_FIRST:PersistentLevel.ThirdPersonCharacter_167.CollisionCylinder' is not static  (in blueprint "ThirdPersonCharacter"), cannot attach '/Game/UEDPIE_0_LIGHTBULBMAN_ALPHA_FIRST.LIGHTBULBMAN_ALPHA_FIRST:PersistentLevel.MovableBlock_1838.DefaultSceneRoot' which is static to it. Aborting.
[2016.11.14-15.51.57:078][309]PIE:Warning: Warning AttachTo: '/Game/UEDPIE_0_LIGHTBULBMAN_ALPHA_FIRST.LIGHTBULBMAN_ALPHA_FIRST:PersistentLevel.ThirdPersonCharacter_167.CollisionCylinder' is not static  (in blueprint "ThirdPersonCharacter"), cannot attach '/Game/UEDPIE_0_LIGHTBULBMAN_ALPHA_FIRST.LIGHTBULBMAN_ALPHA_FIRST:PersistentLevel.MovableBlock_1838.DefaultSceneRoot' which is static to it. Aborting.
[2016.11.14-15.51.57:410][349]PIE:Warning: Warning AttachTo: '/Game/UEDPIE_0_LIGHTBULBMAN_ALPHA_FIRST.LIGHTBULBMAN_ALPHA_FIRST:PersistentLevel.ThirdPersonCharacter_167.CollisionCylinder' is not static  (in blueprint "ThirdPersonCharacter"), cannot attach '/Game/UEDPIE_0_LIGHTBULBMAN_ALPHA_FIRST.LIGHTBULBMAN_ALPHA_FIRST:PersistentLevel.MovableBlock_1838.DefaultSceneRoot' which is static to it. Aborting.
[2016.11.14-15.51.57:418][350]PIE:Warning: Warning AttachTo: '/Game/UEDPIE_0_LIGHTBULBMAN_ALPHA_FIRST.LIGHTBULBMAN_ALPHA_FIRST:PersistentLevel.ThirdPersonCharacter_167.CollisionCylinder' is not static  (in blueprint "ThirdPersonCharacter"), cannot attach '/Game/UEDPIE_0_LIGHTBULBMAN_ALPHA_FIRST.LIGHTBULBMAN_ALPHA_FIRST:PersistentLevel.MovableBlock_1838.DefaultSceneRoot' which is static to it. Aborting.
[2016.11.14-15.51.57:418][350]PIE:Warning: Warning AttachTo: '/Game/UEDPIE_0_LIGHTBULBMAN_ALPHA_FIRST.LIGHTBULBMAN_ALPHA_FIRST:PersistentLevel.ThirdPersonCharacter_167.CollisionCylinder' is not static  (in blueprint "ThirdPersonCharacter"), cannot attach '/Game/UEDPIE_0_LIGHTBULBMAN_ALPHA_FIRST.LIGHTBULBMAN_ALPHA_FIRST:PersistentLevel.MovableBlock_1838.DefaultSceneRoot' which is static to it. Aborting.
[2016.11.14-15.51.57:427][351]PIE:Warning: Warning AttachTo: '/Game/UEDPIE_0_LIGHTBULBMAN_ALPHA_FIRST.LIGHTBULBMAN_ALPHA_FIRST:PersistentLevel.ThirdPersonCharacter_167.CollisionCylinder' is not static  (in blueprint "ThirdPersonCharacter"), cannot attach '/Game/UEDPIE_0_LIGHTBULBMAN_ALPHA_FIRST.LIGHTBULBMAN_ALPHA_FIRST:PersistentLevel.MovableBlock_1838.DefaultSceneRoot' which is static to it. Aborting.
[2016.11.14-15.51.57:427][351]PIE:Warning: Warning AttachTo: '/Game/UEDPIE_0_LIGHTBULBMAN_ALPHA_FIRST.LIGHTBULBMAN_ALPHA_FIRST:PersistentLevel.ThirdPersonCharacter_167.CollisionCylinder' is not static  (in blueprint "ThirdPersonCharacter"), cannot attach '/Game/UEDPIE_0_LIGHTBULBMAN_ALPHA_FIRST.LIGHTBULBMAN_ALPHA_FIRST:PersistentLevel.MovableBlock_1838.DefaultSceneRoot' which is static to it. Aborting.
[2016.11.14-15.51.57:435][352]PIE:Warning: Warning AttachTo: '/Game/UEDPIE_0_LIGHTBULBMAN_ALPHA_FIRST.LIGHTBULBMAN_ALPHA_FIRST:PersistentLevel.ThirdPersonCharacter_167.CollisionCylinder' is not static  (in blueprint "ThirdPersonCharacter"), cannot attach '/Game/UEDPIE_0_LIGHTBULBMAN_ALPHA_FIRST.LIGHTBULBMAN_ALPHA_FIRST:PersistentLevel.MovableBlock_1838.DefaultSceneRoot' which is static to it. Aborting.
[2016.11.14-15.51.57:478][357]PIE:Warning: Warning AttachTo: '/Game/UEDPIE_0_LIGHTBULBMAN_ALPHA_FIRST