Log file open, 12/01/16 16:23:48
LogInit:Display: Running engine for game: MyProject
LogPlatformFile: Not using cached read wrapper
LogInit:Display: RandInit(-990479270) SRandInit(-990479270).
LogTaskGraph: Started task graph with 5 named threads and 8 total threads with 1 sets of task threads.
LogStats: Stats thread started at 0.069041
LogPluginManager: Loaded Plugin Paper2D, From C:/Program Files (x86)/Epic Games/4.13/Engine/Plugins/2D/Paper2D/Paper2D.uplugin
LogPluginManager: Loaded Plugin LightPropagationVolume, From C:/Program Files (x86)/Epic Games/4.13/Engine/Plugins/Blendables/LightPropagationVolume/LightPropagationVolume.uplugin
LogPluginManager: Loaded Plugin BlankPlugin, From C:/Program Files (x86)/Epic Games/4.13/Engine/Plugins/Developer/BlankPlugin/BlankPlugin.uplugin
LogPluginManager: Loaded Plugin CodeLiteSourceCodeAccess, From C:/Program Files (x86)/Epic Games/4.13/Engine/Plugins/Developer/CodeLiteSourceCodeAccess/CodeLiteSourceCodeAccess.uplugin
LogPluginManager: Loaded Plugin GitSourceControl, From C:/Program Files (x86)/Epic Games/4.13/Engine/Plugins/Developer/GitSourceControl/GitSourceControl.uplugin
LogPluginManager: Loaded Plugin KDevelopSourceCodeAccess, From C:/Program Files (x86)/Epic Games/4.13/Engine/Plugins/Developer/KDevelopSourceCodeAccess/KDevelopSourceCodeAccess.uplugin
LogPluginManager: Loaded Plugin NullSourceCodeAccess, From C:/Program Files (x86)/Epic Games/4.13/Engine/Plugins/Developer/NullSourceCodeAccess/NullSourceCodeAccess.uplugin
LogPluginManager: Loaded Plugin OneSkyLocalizationService, From C:/Program Files (x86)/Epic Games/4.13/Engine/Plugins/Developer/OneSkyLocalizationService/OneSkyLocalizationService.uplugin
LogPluginManager: Loaded Plugin PerforceSourceControl, From C:/Program Files (x86)/Epic Games/4.13/Engine/Plugins/Developer/PerforceSourceControl/PerforceSourceControl.uplugin
LogPluginManager: Loaded Plugin SubversionSourceControl, From C:/Program Files (x86)/Epic Games/4.13/Engine/Plugins/Developer/SubversionSourceControl/SubversionSourceControl.uplugin
LogPluginManager: Loaded Plugin UObjectPlugin, From C:/Program Files (x86)/Epic Games/4.13/Engine/Plugins/Developer/UObjectPlugin/UObjectPlugin.uplugin
LogPluginManager: Loaded Plugin VisualStudioSourceCodeAccess, From C:/Program Files (x86)/Epic Games/4.13/Engine/Plugins/Developer/VisualStudioSourceCodeAccess/VisualStudioSourceCodeAccess.uplugin
LogPluginManager: Loaded Plugin XCodeSourceCodeAccess, From C:/Program Files (x86)/Epic Games/4.13/Engine/Plugins/Developer/XCodeSourceCodeAccess/XCodeSourceCodeAccess.uplugin
LogPluginManager: Loaded Plugin EpicSurvey, From C:/Program Files (x86)/Epic Games/4.13/Engine/Plugins/Editor/EpicSurvey/EpicSurvey.uplugin
LogPluginManager: Loaded Plugin MacGraphicsSwitching, From C:/Program Files (x86)/Epic Games/4.13/Engine/Plugins/Editor/MacGraphicsSwitching/MacGraphicsSwitching.uplugin
LogPluginManager: Loaded Plugin MobileLauncherProfileWizard, From C:/Program Files (x86)/Epic Games/4.13/Engine/Plugins/Editor/MobileLauncherProfileWizard/MobileLauncherProfileWizard.uplugin
LogPluginManager: Loaded Plugin PluginBrowser, From C:/Program Files (x86)/Epic Games/4.13/Engine/Plugins/Editor/PluginBrowser/PluginBrowser.uplugin
LogPluginManager: Loaded Plugin SpeedTreeImporter, From C:/Program Files (x86)/Epic Games/4.13/Engine/Plugins/Editor/SpeedTreeImporter/SpeedTreeImporter.uplugin
LogPluginManager: Loaded Plugin SuperSearchEditor, From C:/Program Files (x86)/Epic Games/4.13/Engine/Plugins/Editor/SuperSearchEditor/SuperSearchEditor.uplugin
LogPluginManager: Loaded Plugin AlembicImporter, From C:/Program Files (x86)/Epic Games/4.13/Engine/Plugins/Experimental/AlembicImporter/AlembicImporter.uplugin
LogPluginManager: Loaded Plugin BlueprintStats, From C:/Program Files (x86)/Epic Games/4.13/Engine/Plugins/Experimental/BlueprintStats/BlueprintStats.uplugin
LogPluginManager: Loaded Plugin CharacterAI, From C:/Program Files (x86)/Epic Games/4.13/Engine/Plugins/Experimental/CharacterAI/CharacterAI.uplugin
LogPluginManager: Loaded Plugin CodeEditor, From C:/Program Files (x86)/Epic Games/4.13/Engine/Plugins/Experimental/CodeEditor/CodeEditor.uplugin
LogPluginManager: Loaded Plugin CodeView, From C:/Program Files (x86)/Epic Games/4.13/Engine/Plugins/Experimental/CodeView/CodeView.uplugin
LogPluginManager: Loaded Plugin HTML5Networking, From C:/Program Files (x86)/Epic Games/4.13/Engine/Plugins/Experimental/HTML5Networking/HTML5Networking.uplugin
LogPluginManager: Loaded Plugin LiveEditor, From C:/Program Files (x86)/Epic Games/4.13/Engine/Plugins/Experimental/LiveEditor/LiveEditor.uplugin
LogPluginManager: Loaded Plugin OSVR, From C:/Program Files (x86)/Epic Games/4.13/Engine/Plugins/Experimental/OSVR/OSVR.uplugin
LogPluginManager: Loaded Plugin Phya, From C:/Program Files (x86)/Epic Games/4.13/Engine/Plugins/Experimental/Phya/Phya.uplugin
LogPluginManager: Loaded Plugin SignificanceManager, From C:/Program Files (x86)/Epic Games/4.13/Engine/Plugins/Experimental/SignificanceManager/SignificanceManager.uplugin
LogPluginManager: Loaded Plugin SimpleHMD, From C:/Program Files (x86)/Epic Games/4.13/Engine/Plugins/Experimental/SimpleHMD/SimpleHMD.uplugin
LogPluginManager: Loaded Plugin StereoPanorama, From C:/Program Files (x86)/Epic Games/4.13/Engine/Plugins/Experimental/StereoPanorama/StereoPanorama.uplugin
LogPluginManager: Loaded Plugin StructBox, From C:/Program Files (x86)/Epic Games/4.13/Engine/Plugins/Experimental/StructBox/StructBox.uplugin
LogPluginManager: Loaded Plugin Substance, From C:/Program Files (x86)/Epic Games/4.13/Engine/Plugins/Marketplace/Substance/Substance.uplugin
LogPluginManager: Loaded Plugin AndroidMedia, From C:/Program Files (x86)/Epic Games/4.13/Engine/Plugins/Media/AndroidMedia/AndroidMedia.uplugin
LogPluginManager: Loaded Plugin AvfMedia, From C:/Program Files (x86)/Epic Games/4.13/Engine/Plugins/Media/AvfMedia/AvfMedia.uplugin
LogPluginManager: Loaded Plugin MediaPlayerEditor, From C:/Program Files (x86)/Epic Games/4.13/Engine/Plugins/Media/MediaPlayerEditor/MediaPlayerEditor.uplugin
LogPluginManager: Loaded Plugin WmfMedia, From C:/Program Files (x86)/Epic Games/4.13/Engine/Plugins/Media/WmfMedia/WmfMedia.uplugin
LogPluginManager: Loaded Plugin MessagingDebugger, From C:/Program Files (x86)/Epic Games/4.13/Engine/Plugins/Messaging/MessagingDebugger/MessagingDebugger.uplugin
LogPluginManager: Loaded Plugin TcpMessaging, From C:/Program Files (x86)/Epic Games/4.13/Engine/Plugins/Messaging/TcpMessaging/TcpMessaging.uplugin
LogPluginManager: Loaded Plugin UdpMessaging, From C:/Program Files (x86)/Epic Games/4.13/Engine/Plugins/Messaging/UdpMessaging/UdpMessaging.uplugin
LogPluginManager: Loaded Plugin LevelSequenceEditor, From C:/Program Files (x86)/Epic Games/4.13/Engine/Plugins/MovieScene/LevelSequenceEditor/LevelSequenceEditor.uplugin
LogPluginManager: Loaded Plugin MatineeToLevelSequence, From C:/Program Files (x86)/Epic Games/4.13/Engine/Plugins/MovieScene/MatineeToLevelSequence/MatineeToLevelSequence.uplugin
LogPluginManager: Loaded Plugin NetcodeUnitTest, From C:/Program Files (x86)/Epic Games/4.13/Engine/Plugins/NetcodeUnitTest/NetcodeUnitTest/NetcodeUnitTest.uplugin
LogPluginManager: Loaded Plugin NUTUnrealEngine4, From C:/Program Files (x86)/Epic Games/4.13/Engine/Plugins/NetcodeUnitTest/NUTUnrealEngine4/NUTUnrealEngine4.uplugin
LogPluginManager: Loaded Plugin OnlineSubsystemGooglePlay, From C:/Program Files (x86)/Epic Games/4.13/Engine/Plugins/Online/Android/OnlineSubsystemGooglePlay/OnlineSubsystemGooglePlay.uplugin
LogPluginManager: Loaded Plugin OnlineSubsystemIOS, From C:/Program Files (x86)/Epic Games/4.13/Engine/Plugins/Online/IOS/OnlineSubsystemIOS/OnlineSubsystemIOS.uplugin
LogPluginManager: Loaded Plugin OnlineFramework, From C:/Program Files (x86)/Epic Games/4.13/Engine/Plugins/Online/OnlineFramework/OnlineFramework.uplugin
LogPluginManager: Loaded Plugin OnlineSubsystem, From C:/Program Files (x86)/Epic Games/4.13/Engine/Plugins/Online/OnlineSubsystem/OnlineSubsystem.uplugin
LogPluginManager: Loaded Plugin OnlineSubsystemAmazon, From C:/Program Files (x86)/Epic Games/4.13/Engine/Plugins/Online/OnlineSubsystemAmazon/OnlineSubsystemAmazon.uplugin
LogPluginManager: Loaded Plugin OnlineSubsystemFacebook, From C:/Program Files (x86)/Epic Games/4.13/Engine/Plugins/Online/OnlineSubsystemFacebook/OnlineSubsystemFacebook.uplugin
LogPluginManager: Loaded Plugin OnlineSubsystemNull, From C:/Program Files (x86)/Epic Games/4.13/Engine/Plugins/Online/OnlineSubsystemNull/OnlineSubsystemNull.uplugin
LogPluginManager: Loaded Plugin OnlineSubsystemOculus, From C:/Program Files (x86)/Epic Games/4.13/Engine/Plugins/Online/OnlineSubsystemOculus/OnlineSubsystemOculus.uplugin
LogPluginManager: Loaded Plugin OnlineSubsystemSteam, From C:/Program Files (x86)/Epic Games/4.13/Engine/Plugins/Online/OnlineSubsystemSteam/OnlineSubsystemSteam.uplugin
LogPluginManager: Loaded Plugin OnlineSubsystemUtils, From C:/Program Files (x86)/Epic Games/4.13/Engine/Plugins/Online/OnlineSubsystemUtils/OnlineSubsystemUtils.uplugin
LogPluginManager: Loaded Plugin IOSTapJoy, From C:/Program Files (x86)/Epic Games/4.13/Engine/Plugins/Runtime/Advertising/IOSTapJoy/IOSTapJoy.uplugin
LogPluginManager: Loaded Plugin AnalyticsBlueprintLibrary, From C:/Program Files (x86)/Epic Games/4.13/Engine/Plugins/Runtime/Analytics/AnalyticsBlueprintLibrary/AnalyticsBlueprintLibrary.uplugin
LogPluginManager: Loaded Plugin AnalyticsMulticast, From C:/Program Files (x86)/Epic Games/4.13/Engine/Plugins/Runtime/Analytics/AnalyticsMulticast/AnalyticsMulticast.uplugin
LogPluginManager: Loaded Plugin Apsalar, From C:/Program Files (x86)/Epic Games/4.13/Engine/Plugins/Runtime/Analytics/Apsalar/Apsalar.uplugin
LogPluginManager: Loaded Plugin FileLogging, From C:/Program Files (x86)/Epic Games/4.13/Engine/Plugins/Runtime/Analytics/FileLogging/FileLogging.uplugin
LogPluginManager: Loaded Plugin Flurry, From C:/Program Files (x86)/Epic Games/4.13/Engine/Plugins/Runtime/Analytics/Flurry/Flurry.uplugin
LogPluginManager: Loaded Plugin AndroidDeviceProfileSelector, From C:/Program Files (x86)/Epic Games/4.13/Engine/Plugins/Runtime/AndroidDeviceProfileSelector/AndroidDeviceProfileSelector.uplugin
LogPluginManager: Loaded Plugin AndroidMoviePlayer, From C:/Program Files (x86)/Epic Games/4.13/Engine/Plugins/Runtime/AndroidMoviePlayer/AndroidMoviePlayer.uplugin
LogPluginManager: Loaded Plugin AppleMoviePlayer, From C:/Program Files (x86)/Epic Games/4.13/Engine/Plugins/Runtime/AppleMoviePlayer/AppleMoviePlayer.uplugin
LogPluginManager: Loaded Plugin ArchVisCharacter, From C:/Program Files (x86)/Epic Games/4.13/Engine/Plugins/Runtime/ArchVisCharacter/ArchVisCharacter.uplugin
LogPluginManager: Loaded Plugin CableComponent, From C:/Program Files (x86)/Epic Games/4.13/Engine/Plugins/Runtime/CableComponent/CableComponent.uplugin
LogPluginManager: Loaded Plugin CustomMeshComponent, From C:/Program Files (x86)/Epic Games/4.13/Engine/Plugins/Runtime/CustomMeshComponent/CustomMeshComponent.uplugin
LogPluginManager: Loaded Plugin ExampleDeviceProfileSelector, From C:/Program Files (x86)/Epic Games/4.13/Engine/Plugins/Runtime/ExampleDeviceProfileSelector/ExampleDeviceProfileSelector.uplugin
LogPluginManager: Loaded Plugin GearVR, From C:/Program Files (x86)/Epic Games/4.13/Engine/Plugins/Runtime/GearVR/GearVR.uplugin
LogPluginManager: Loaded Plugin GoogleVRController, From C:/Program Files (x86)/Epic Games/4.13/Engine/Plugins/Runtime/GoogleVR/GoogleVRController/GoogleVRController.uplugin
LogPluginManager: Loaded Plugin GoogleVRHMD, From C:/Program Files (x86)/Epic Games/4.13/Engine/Plugins/Runtime/GoogleVR/GoogleVRHMD/GoogleVRHMD.uplugin
LogPluginManager: Loaded Plugin IOSDeviceProfileSelector, From C:/Program Files (x86)/Epic Games/4.13/Engine/Plugins/Runtime/IOSDeviceProfileSelector/IOSDeviceProfileSelector.uplugin
LogPluginManager: Loaded Plugin LeapMotion, From C:/Program Files (x86)/Epic Games/4.13/Engine/Plugins/Runtime/LeapMotion/LeapMotion.uplugin
LogPluginManager: Loaded Plugin LinuxDeviceProfileSelector, From C:/Program Files (x86)/Epic Games/4.13/Engine/Plugins/Runtime/LinuxDeviceProfileSelector/LinuxDeviceProfileSelector.uplugin
LogPluginManager: Loaded Plugin LiveEditorListenServer, From C:/Program Files (x86)/Epic Games/4.13/Engine/Plugins/Runtime/LiveEditorListenServer/LiveEditorListenServer.uplugin
LogPluginManager: Loaded Plugin OculusAudio, From C:/Program Files (x86)/Epic Games/4.13/Engine/Plugins/Runtime/OculusAudio/OculusAudio.uplugin
LogPluginManager: Loaded Plugin OculusInput, From C:/Program Files (x86)/Epic Games/4.13/Engine/Plugins/Runtime/OculusInput/OculusInput.uplugin
LogPluginManager: Loaded Plugin OculusLibrary, From C:/Program Files (x86)/Epic Games/4.13/Engine/Plugins/Runtime/OculusLibrary/OculusLibrary.uplugin
LogPluginManager: Loaded Plugin OculusRift, From C:/Program Files (x86)/Epic Games/4.13/Engine/Plugins/Runtime/OculusRift/OculusRift.uplugin
LogPluginManager: Loaded Plugin Oodle, From C:/Program Files (x86)/Epic Games/4.13/Engine/Plugins/Runtime/PacketHandlers/CompressionComponents/Oodle/Oodle.uplugin
LogPluginManager: Loaded Plugin ProceduralMeshComponent, From C:/Program Files (x86)/Epic Games/4.13/Engine/Plugins/Runtime/ProceduralMeshComponent/ProceduralMeshComponent.uplugin
LogPluginManager: Loaded Plugin SoundMod, From C:/Program Files (x86)/Epic Games/4.13/Engine/Plugins/Runtime/SoundMod/SoundMod.uplugin
LogPluginManager: Loaded Plugin SoundVisualizations, From C:/Program Files (x86)/Epic Games/4.13/Engine/Plugins/Runtime/SoundVisualizations/SoundVisualizations.uplugin
LogPluginManager: Loaded Plugin SteamController, From C:/Program Files (x86)/Epic Games/4.13/Engine/Plugins/Runtime/Steam/SteamController/SteamController.uplugin
LogPluginManager: Loaded Plugin SteamVR, From C:/Program Files (x86)/Epic Games/4.13/Engine/Plugins/Runtime/Steam/SteamVR/SteamVR.uplugin
LogPluginManager: Loaded Plugin WebBrowserWidget, From C:/Program Files (x86)/Epic Games/4.13/Engine/Plugins/Runtime/WebBrowserWidget/WebBrowserWidget.uplugin
LogPluginManager: Loaded Plugin WindowsDeviceProfileSelector, From C:/Program Files (x86)/Epic Games/4.13/Engine/Plugins/Runtime/WindowsDeviceProfileSelector/WindowsDeviceProfileSelector.uplugin
LogPluginManager: Loaded Plugin WindowsMoviePlayer, From C:/Program Files (x86)/Epic Games/4.13/Engine/Plugins/Runtime/WindowsMoviePlayer/WindowsMoviePlayer.uplugin
LogPluginManager: Loaded Plugin ScriptPlugin, From C:/Program Files (x86)/Epic Games/4.13/Engine/Plugins/ScriptPlugin/ScriptPlugin.uplugin
LogPluginManager: Loaded Plugin SlateRemote, From C:/Program Files (x86)/Epic Games/4.13/Engine/Plugins/Slate/SlateRemote/SlateRemote.uplugin
LogInit: Using libcurl 7.47.1
LogInit:  - built for x86_64-pc-win32
LogInit:  - supports SSL with WinSSL
LogInit:  - other features:
LogInit:      CURL_VERSION_SSL
LogInit:      CURL_VERSION_IPV6
LogInit:      CURL_VERSION_ASYNCHDNS
LogInit:      CURL_VERSION_LARGEFILE
LogInit:      CURL_VERSION_IDN
LogInit:  CurlRequestOptions (configurable via config and command line):
LogInit:  - bVerifyPeer = false  - Libcurl will NOT verify peer certificate
LogInit:  - bUseHttpProxy = false  - Libcurl will NOT use HTTP proxy
LogInit:  - bDontReuseConnections = false  - Libcurl will reuse connections
LogInit:  - CertBundlePath = nullptr  - Libcurl will use whatever was configured at build time.
LogInit: Build: ++UE4+Release-4.13-CL-3172292
LogInit: Engine Version: 4.13.2-3172292+++UE4+Release-4.13
LogInit: Compatible Engine Version: 4.13.0-3106830+++UE4+Release-4.13
LogInit: Net CL: 3172292
LogDevObjectVersion: Number of dev versions registered: 13
LogDevObjectVersion:   Dev-Blueprints (B0D832E4-1F89-4F0D-ACCF-7EB736FD4AA2): 5
LogDevObjectVersion:   Dev-Build (E1C64328-A22C-4D53-A36C-8E866417BD8C): 0
LogDevObjectVersion:   Dev-Core (375EC13C-06E4-48FB-B500-84F0262A717E): 1
LogDevObjectVersion:   Dev-Editor (E4B068ED-F494-42E9-A231-DA0B2E46BB41): 6
LogDevObjectVersion:   Dev-Framework (CFFC743F-43B0-4480-9391-14DF171D2073): 12
LogDevObjectVersion:   Dev-Mobile (B02B49B5-BB20-44E9-A304-32B752E40360): 0
LogDevObjectVersion:   Dev-Networking (A4E4105C-59A1-49B5-A7C5-40C4547EDFEE): 0
LogDevObjectVersion:   Dev-Online (39C831C9-5AE6-47DC-9A44-9C173E1C8E7C): 0
LogDevObjectVersion:   Dev-Physics (78F01B33-EBEA-4F98-B9B4-84EACCB95AA2): 0
LogDevObjectVersion:   Dev-Platform (6631380F-2D4D-43E0-8009-CF276956A95A): 0
LogDevObjectVersion:   Dev-Rendering (12F88B9F-8875-4AFC-A67C-D90C383ABD29): 4
LogDevObjectVersion:   Dev-Sequencer (7B5AE74C-D270-4C10-A958-57980B212A5A): 0
LogDevObjectVersion:   Dev-VR (D7296918-1DD6-4BDD-9DE2-64A83CC13884): 0
LogInit: Compiled (64-bit): Oct 24 2016 14:29:06
LogInit: Compiled with Visual C++: 19.00.23026.00
LogInit: Build Configuration: Development
LogInit: Branch Name: ++UE4+Release-4.13
LogInit: Command line: 
LogInit: Base directory: C:/Program Files (x86)/Epic Games/4.13/Engine/Binaries/Win64/
LogInit: Installed Engine Build: 1
LogInit: Presizing for max 8388607 objects, including 0 objects not considered by GC, pre-allocating 0 bytes for permanent pool.
LogInit: Object subsystem initialized
[2016.12.01-16.23.48:999][  0]LogInit: Selected Device Profile: [Windows]
[2016.12.01-16.23.48:999][  0]LogInit: Applying CVar settings loaded from the selected device profile: [Windows]
[2016.12.01-16.23.49:013][  0]LogInit: Computer: TRJ208-33
[2016.12.01-16.23.49:013][  0]LogInit: User: 15031926
[2016.12.01-16.23.49:013][  0]LogInit: CPU Page size=65536, Cores=4
[2016.12.01-16.23.49:013][  0]LogInit: High frequency timer resolution =3.507685 MHz
[2016.12.01-16.23.49:013][  0]LogMemory: Memory total: Physical=31.8GB (32GB approx)
[2016.12.01-16.23.49:013][  0]LogMemory: Platform Memory Stats for Windows
[2016.12.01-16.23.49:014][  0]LogMemory: Process Physical Memory: 257.85 MB used, 257.85 MB peak
[2016.12.01-16.23.49:014][  0]LogMemory: Process Virtual Memory: 261.68 MB used, 261.68 MB peak
[2016.12.01-16.23.49:014][  0]LogMemory: Physical Memory: 9613.13 MB used, 32608.99 MB total
[2016.12.01-16.23.49:014][  0]LogMemory: Virtual Memory: 592.95 MB used, 8388608.00 MB total
[2016.12.01-16.23.49:042][  0]LogTextLocalizationManager: No specific translations for ('en-GB') exist, so ('en') translations will be used.
[2016.12.01-16.23.49:478][  0]LogD3D11RHI: D3D11 adapters:
[2016.12.01-16.23.49:496][  0]LogD3D11RHI:    0. 'NVIDIA GeForce GTX 970' (Feature Level 11_0)
[2016.12.01-16.23.49:496][  0]LogD3D11RHI:       4007/0/16048 MB DedicatedVideo/DedicatedSystem/SharedSystem, Outputs:1, VendorId:0x10de
[2016.12.01-16.23.49:503][  0]LogD3D11RHI:    1. 'Intel(R) HD Graphics 4600' (Feature Level 11_0)
[2016.12.01-16.23.49:503][  0]LogD3D11RHI:       192/0/1632 MB DedicatedVideo/DedicatedSystem/SharedSystem, Outputs:0, VendorId:0x8086
[2016.12.01-16.23.49:503][  0]LogD3D11RHI: Chosen D3D11 Adapter: 0
[2016.12.01-16.23.49:508][  0]LogD3D11RHI: Creating new Direct3DDevice
[2016.12.01-16.23.49:508][  0]LogD3D11RHI:     GPU DeviceId: 0x13c2 (for the marketing name, search the web for "GPU Device Id")
[2016.12.01-16.23.49:508][  0]LogWindows: EnumDisplayDevices:
[2016.12.01-16.23.49:508][  0]LogWindows:    0. 'NVIDIA GeForce GTX 970' (P:1 D:1)
[2016.12.01-16.23.49:508][  0]LogWindows:    1. 'NVIDIA GeForce GTX 970' (P:0 D:0)
[2016.12.01-16.23.49:508][  0]LogWindows:    2. 'NVIDIA GeForce GTX 970' (P:0 D:0)
[2016.12.01-16.23.49:508][  0]LogWindows:    3. 'NVIDIA GeForce GTX 970' (P:0 D:0)
[2016.12.01-16.23.49:508][  0]LogWindows:    4. 'Intel(R) HD Graphics 4600' (P:0 D:0)
[2016.12.01-16.23.49:508][  0]LogWindows:    5. 'Intel(R) HD Graphics 4600' (P:0 D:0)
[2016.12.01-16.23.49:508][  0]LogWindows:    6. 'Intel(R) HD Graphics 4600' (P:0 D:0)
[2016.12.01-16.23.49:508][  0]LogWindows:    7. 'RDPDD Chained DD' (P:0 D:0)
[2016.12.01-16.23.49:508][  0]LogWindows:    8. 'RDP Encoder Mirror Driver' (P:0 D:0)
[2016.12.01-16.23.49:508][  0]LogWindows:    9. 'RDP Reflector Display Driver' (P:0 D:0)
[2016.12.01-16.23.49:508][  0]LogWindows: DebugString: PrimaryIsNotTheChoosenAdapter PrimaryIsNotTheChoosenAdapter PrimaryIsNotTheChoosenAdapter GetVideoDriverDetailsInvalid PrimaryIsNotTheChoosenAdapter GetVideoDriverDetailsInvalid PrimaryIsNotTheChoosenAdapter GetVideoDriverDetailsInvalid PrimaryIsNotTheChoosenAdapter FoundDriverCount:4 
[2016.12.01-16.23.49:508][  0]LogD3D11RHI:     Adapter Name: NVIDIA GeForce GTX 970
[2016.12.01-16.23.49:508][  0]LogD3D11RHI:   Driver Version: 372.70 (internal:21.21.13.7270, unified:372.70)
[2016.12.01-16.23.49:508][  0]LogD3D11RHI:      Driver Date: 8-25-2016
[2016.12.01-16.23.49:508][  0]LogRHI: Texture pool is 1361 MB (70% of 1945 MB)
[2016.12.01-16.23.49:515][  0]LogD3D11RHI: Async texture creation enabled
[2016.12.01-16.23.49:529][  0]LogD3D11RHI: GPU Timing Frequency: 1000.000000 (Debug: 2 2)
[2016.12.01-16.23.49:529][  0]LogShaderCompilers: Guid format shader working directory is 10 characters bigger than the processId version (F:/My Documents/Unreal Projects/filaman/Intermediate/Shaders/WorkingDirectory/4416/).
[2016.12.01-16.23.49:529][  0]LogShaderCompilers: Cleaned the shader compiler working directory 'C:/Users/15031926/AppData/Local/Temp/UnrealShaderWorkingDir/9FA98F8B4498DCF817E166BE86602DA9/'.
[2016.12.01-16.23.49:529][  0]LogShaderCompilers:Display: Using Local Shader Compiler.
[2016.12.01-16.23.50:339][  0]LogTemp:Display: Loaded TP AllDesktopTargetPlatform
[2016.12.01-16.23.50:347][  0]LogTemp:Display: Loaded TP WindowsClientTargetPlatform
[2016.12.01-16.23.50:359][  0]LogTemp:Display: Loaded TP WindowsNoEditorTargetPlatform
[2016.12.01-16.23.50:368][  0]LogTemp:Display: Loaded TP WindowsServerTargetPlatform
[2016.12.01-16.23.50:374][  0]LogTemp:Display: Loaded TP WindowsTargetPlatform
[2016.12.01-16.23.50:382][  0]LogTemp:Display: Loaded TP AndroidTargetPlatform
[2016.12.01-16.23.50:389][  0]LogTemp:Display: Loaded TP Android_ASTCTargetPlatform
[2016.12.01-16.23.50:396][  0]LogTemp:Display: Loaded TP Android_ATCTargetPlatform
[2016.12.01-16.23.50:402][  0]LogTemp:Display: Loaded TP Android_DXTTargetPlatform
[2016.12.01-16.23.50:410][  0]LogTemp:Display: Loaded TP Android_ETC1TargetPlatform
[2016.12.01-16.23.50:417][  0]LogTemp:Display: Loaded TP Android_ETC2TargetPlatform
[2016.12.01-16.23.50:432][  0]LogTemp:Display: Loaded TP Android_MultiTargetPlatform
[2016.12.01-16.23.50:432][  0]LogTemp:Display: Loaded TP Android_PVRTCTargetPlatform
[2016.12.01-16.23.50:433][  0]LogTemp:Display: Loaded TP HTML5TargetPlatform
[2016.12.01-16.23.50:452][  0]LogTemp:Display: Loaded TP IOSTargetPlatform
[2016.12.01-16.23.50:458][  0]LogTemp:Display: Loaded TP TVOSTargetPlatform
[2016.12.01-16.23.50:465][  0]LogTemp:Display: Loaded TP LinuxClientTargetPlatform
[2016.12.01-16.23.50:471][  0]LogTemp:Display: Loaded TP LinuxNoEditorTargetPlatform
[2016.12.01-16.23.50:477][  0]LogTemp:Display: Loaded TP LinuxServerTargetPlatform
[2016.12.01-16.23.50:484][  0]LogTemp:Display: Loaded TP LinuxTargetPlatform
[2016.12.01-16.23.50:484][  0]LogTargetPlatformManager:Display: Building Assets For Windows
[2016.12.01-16.23.50:540][  0]LogDerivedDataCache:Display: Max Cache Size: 512 MB
[2016.12.01-16.23.50:603][  0]LogDerivedDataCache: Loaded boot cache 0.06s 76MB C:/Users/15031926/AppData/Local/UnrealEngine/4.13/DerivedDataCache/Boot.ddc.
[2016.12.01-16.23.50:603][  0]LogDerivedDataCache:Display: Loaded Boot cache: C:/Users/15031926/AppData/Local/UnrealEngine/4.13/DerivedDataCache/Boot.ddc
[2016.12.01-16.23.50:603][  0]LogDerivedDataCache: FDerivedDataBackendGraph:  Pak pak cache file F:/My Documents/Unreal Projects/filaman/DerivedDataCache/DDC.ddp not found, will not use a pak cache.
[2016.12.01-16.23.50:603][  0]LogDerivedDataCache: Unable to find inner node Pak for hierarchical cache Hierarchy.
[2016.12.01-16.23.50:604][  0]LogDerivedDataCache: FDerivedDataBackendGraph:  CompressedPak pak cache file F:/My Documents/Unreal Projects/filaman/DerivedDataCache/Compressed.ddp not found, will not use a pak cache.
[2016.12.01-16.23.50:604][  0]LogDerivedDataCache: Unable to find inner node CompressedPak for hierarchical cache Hierarchy.
[2016.12.01-16.23.50:618][  0]LogDerivedDataCache:Display: Pak cache opened for reading ../../../Engine/DerivedDataCache/Compressed.ddp.
[2016.12.01-16.23.50:629][  0]LogDerivedDataCache: Using Local data cache path C:/Users/15031926/AppData/Local/UnrealEngine/Common/DerivedDataCache: Writable
[2016.12.01-16.23.50:790][  0]LogInit: Selected Device Profile: [Windows]
[2016.12.01-16.23.50:793][  0]LogMaterial: Uniform references updated for custom material expression Custom.
[2016.12.01-16.23.50:793][  0]LogContentStreaming: Texture pool size is 0.00 MB
[2016.12.01-16.23.50:920][  0]LogMeshUtilities: No automatic mesh reduction module available
[2016.12.01-16.23.50:920][  0]LogMeshUtilities: No automatic mesh merging module available
[2016.12.01-16.23.50:920][  0]LogMeshUtilities: No distributed automatic mesh merging module available
[2016.12.01-16.23.51:151][  0]LogNetVersion: GetLocalNetworkVersion: CL: 3106830, ProjectName: myproject, ProjectVersion: , EngineNetworkVersion: 1, GameNetworkVersion: 0, NetworkChecksum: 1879837642
[2016.12.01-16.23.51:184][  0]LogAssetRegistry: FAssetRegistry took 0.0196 seconds to start up
[2016.12.01-16.23.51:244][  0]LogPackageLocalizationCache: Processed 3 localized package path(s) for 2 prioritized culture(s) in 0.057524 seconds
[2016.12.01-16.23.51:248][  0]LogUObjectArray: 29778 objects as part of root set at end of initial load.
[2016.12.01-16.23.51:248][  0]LogUObjectAllocator: 6125456 out of 0 bytes used by permanent object pool.
[2016.12.01-16.23.51:248][  0]LogUObjectArray: CloseDisregardForGC: 0/0 objects in disregard for GC pool
[2016.12.01-16.23.51:254][  0]LogInit: WinSock: version 1.1 (2.2), MaxSocks=32767, MaxUdp=65467
[2016.12.01-16.23.51:413][  0]LogSlate: SlateFontCache - WITH_FREETYPE: 1, WITH_HARFBUZZ: 1
[2016.12.01-16.23.51:413][  0]LogSlate: SlateFontCache - WITH_FREETYPE: 1, WITH_HARFBUZZ: 1
[2016.12.01-16.23.51:933][  0]LogSubstanceCoreModule: Substance CPU Engine Loaded, Max Texture Size 2048
[2016.12.01-16.23.51:940][  0]LogTcpMessaging: Initializing TcpMessaging bridge
[2016.12.01-16.23.51:957][  0]LogUdpMessaging: Initializing bridge on interface 0.0.0.0:0 to multicast group 230.0.0.1:6666.
[2016.12.01-16.23.51:957][  0]LogDirectoryWatcher: A directory notification failed for 'F:/My Documents/Unreal Projects/filaman/Content/' because it was empty or there was a buffer overflow. Attemping another request...
[2016.12.01-16.23.52:246][  0]SourceControl: Info Source control is disabled
[2016.12.01-16.23.52:365][  0]SourceControl: Info Source control is disabled
[2016.12.01-16.23.52:373][  0]SourceControl: Info Source control is disabled
[2016.12.01-16.23.52:379][  0]SourceControl: Info Source control is disabled
[2016.12.01-16.23.52:608][  0]LogEngine: Initializing Engine...
[2016.12.01-16.23.52:608][  0]LogHMD: Failed to initialize OpenVR with code 110
[2016.12.01-16.23.52:722][  0]LogAIModule: Creating AISystem for world Untitled
[2016.12.01-16.23.52:729][  0]LogInit: XAudio2 using 'Speakers (High Definition Audio Device)' : 2 channels at 44.1 kHz using 16 bits per sample (channel mask 0x3)
[2016.12.01-16.23.52:734][  0]LogInit: FAudioDevice initialized.
[2016.12.01-16.23.52:771][  0]LogDerivedDataCache: Saved boot cache 0.04s 76MB C:/Users/15031926/AppData/Local/UnrealEngine/4.13/DerivedDataCache/Boot.ddc.
[2016.12.01-16.23.52:777][  0]LogInit: Texture streaming: Enabled
[2016.12.01-16.23.52:798][  0]LogInit: Transaction tracking system initialized
[2016.12.01-16.23.52:820][  0]BlueprintLog: New page: Editor Load
[2016.12.01-16.23.52:897][  0]LocalizationService: Info Localization service is disabled
[2016.12.01-16.23.52:956][  0]LogConsoleResponse:Display: 
[2016.12.01-16.23.53:053][  0]LogCook:Display: Max memory allowance for cook 16384mb min free memory 0mb
[2016.12.01-16.23.53:053][  0]LogCook:Display: Mobile HDR setting 1
[2016.12.01-16.23.53:196][  0]LogFileCache: Scanning file cache for directory 'F:/My Documents/Unreal Projects/filaman/Content/' took 0.05s
[2016.12.01-16.23.53:196][  0]SourceControl: Info Source control is disabled
[2016.12.01-16.23.53:196][  0]Cmd: MAP LOAD FILE="F:/My Documents/Unreal Projects/filaman/Content/ThirdPersonBP/Maps/ThirdPersonExampleMap.umap" TEMPLATE=0 SHOWPROGRESS=1 FEATURELEVEL=3
[2016.12.01-16.23.53:199][  0]LightingResults: New page: Lighting Build
[2016.12.01-16.23.53:201][  0]MapCheck: New page: Map Check
[2016.12.01-16.23.53:201][  0]LightingResults: New page: Lighting Build
[2016.12.01-16.23.54:714][  0]LogAIModule: Creating AISystem for world ThirdPersonExampleMap
[2016.12.01-16.23.54:726][  0]LogEditorServer: Finished looking for orphan Actors (0.000 secs)
[2016.12.01-16.23.54:727][  0]Cmd: MAP CHECKDEP NOCLEARLOG
[2016.12.01-16.23.54:823][  0]MapCheck: Info Map check complete: 0 Error(s), 0 Warning(s), took 95.804ms to complete.
[2016.12.01-16.23.54:823][  0]LogFileHelpers: Loading map 'ThirdPersonExampleMap' took 1.627
[2016.12.01-16.23.54:918][  0]LogCollectionManager: Loaded 0 collections in 0.003992 seconds
[2016.12.01-16.23.54:958][  0]LogFileCache: Scanning file cache for directory 'F:/My Documents/Unreal Projects/filaman/Saved/Collections/' took 0.01s
[2016.12.01-16.23.54:958][  0]LogFileCache: Scanning file cache for directory 'F:/My Documents/Unreal Projects/filaman/Content/Developers/15031926/Collections/' took 0.01s
[2016.12.01-16.23.54:958][  0]LogFileCache: Scanning file cache for directory 'F:/My Documents/Unreal Projects/filaman/Content/Collections/' took 0.01s
[2016.12.01-16.23.54:958][  0]LogCollectionManager: Rebuilt the GUID cache for 0 collections in 0.000002 seconds
[2016.12.01-16.23.54:968][  0]LogContentBrowser: Native class hierarchy populated in 0.0094 seconds. Added 2156 classes and 421 folders.
[2016.12.01-16.23.54:971][  0]LogStats: UGameplayTagsManager::ConstructGameplayTagTree: Construct from data asset -  0.000 s
[2016.12.01-16.23.54:971][  0]LogStats: UGameplayTagsManager::ConstructGameplayTagTree: GameplayTagTreeChangedEvent.Broadcast -  0.000 s
[2016.12.01-16.23.54:972][  0]LogContentBrowser: Native class hierarchy updated for 'GameplayTags' in 0.0005 seconds. Added 12 classes and 0 folders.
[2016.12.01-16.23.54:977][  0]LogContentBrowser: Native class hierarchy updated for 'WidgetCarousel' in 0.0004 seconds. Added 0 classes and 0 folders.
[2016.12.01-16.23.55:005][  0]LogContentBrowser: Native class hierarchy updated for 'AddContentDialog' in 0.0004 seconds. Added 0 classes and 0 folders.
[2016.12.01-16.23.55:009][  0]LogContentBrowser: Native class hierarchy updated for 'SceneOutliner' in 0.0004 seconds. Added 1 classes and 2 folders.
[2016.12.01-16.23.55:021][  0]LogCrashTracker: Crashtracker disabled due to settings.
[2016.12.01-16.23.55:025][  0]LogUObjectGlobals:Warning: Failed to find object 'Class None.'
[2016.12.01-16.23.55:048][  0]LogContentBrowser: Native class hierarchy updated for 'HierarchicalLODOutliner' in 0.0004 seconds. Added 1 classes and 2 folders.
[2016.12.01-16.23.55:049][  0]LogLoad: (Engine Initialization) Total time: 6.88 seconds
[2016.12.01-16.23.55:049][  0]LogLoad: (Engine Initialization) Total Blueprint compile time: 0.10 seconds
[2016.12.01-16.23.55:049][  0]LogExternalProfiler: Found external profiler: VSPerf
[2016.12.01-16.23.55:049][  0]LogExternalProfiler: Using external profiler: VSPerf
[2016.12.01-16.23.55:058][  0]LogOcInput: OculusInput pre-init called
[2016.12.01-16.23.55:075][  0]LogContentStreaming: Texture pool size now 1000 MB
[2016.12.01-16.23.55:196][  0]LogRenderer: Reallocating scene render targets to support 1208x576 (Frame:2).
[2016.12.01-16.23.55:256][  1]LogAssetRegistry: Asset discovery search completed in 4.0918 seconds
[2016.12.01-16.23.55:256][  1]LogCollectionManager: Rebuilt the object cache for 0 collections in 0.000001 seconds (found 0 objects)
[2016.12.01-16.23.55:256][  1]LogCollectionManager: Fixed up redirectors for 0 collections in 0.000098 seconds (updated 0 objects)
[2016.12.01-16.23.55:256][  1]LogDirectoryWatcher: A directory notification failed for 'F:/My Documents/Unreal Projects/filaman/Content/' because it was empty or there was a buffer overflow. Attemping another request...
[2016.12.01-16.23.55:257][  1]LogDirectoryWatcher: A directory notification failed for 'F:/My Documents/Unreal Projects/filaman/Content/', and we were unable to create a new request.
[2016.12.01-16.23.55:257][  1]LogDirectoryWatcher: A directory notification failed for 'F:/My Documents/Unreal Projects/filaman/Saved/Collections/' because it was empty or there was a buffer overflow. Attemping another request...
[2016.12.01-16.23.55:257][  1]LogDirectoryWatcher: A directory notification failed for 'F:/My Documents/Unreal Projects/filaman/Content/Developers/15031926/Collections/' because it was empty or there was a buffer overflow. Attemping another request...
[2016.12.01-16.23.55:257][  1]LogDirectoryWatcher: A directory notification failed for 'F:/My Documents/Unreal Projects/filaman/Content/Collections/' because it was empty or there was a buffer overflow. Attemping another request...
[2016.12.01-16.23.55:357][  2]LogDirectoryWatcher: A directory notification failed for 'F:/My Documents/Unreal Projects/filaman/Content/Developers/15031926/Collections/' because it was empty or there was a buffer overflow. Attemping another request...
[2016.12.01-16.23.55:357][  2]LogDirectoryWatcher: A directory notification failed for 'F:/My Documents/Unreal Projects/filaman/Content/Developers/15031926/Collections/', and we were unable to create a new request.
[2016.12.01-16.23.55:357][  2]LogDirectoryWatcher: A directory notification failed for 'F:/My Documents/Unreal Projects/filaman/Saved/Collections/' because it was empty or there was a buffer overflow. Attemping another request...
[2016.12.01-16.23.55:358][  2]LogDirectoryWatcher: A directory notification failed for 'F:/My Documents/Unreal Projects/filaman/Saved/Collections/', and we were unable to create a new request.
[2016.12.01-16.23.55:358][  2]LogDirectoryWatcher: A directory notification failed for 'F:/My Documents/Unreal Projects/filaman/Content/Collections/' because it was empty or there was a buffer overflow. Attemping another request...
[2016.12.01-16.23.55:358][  2]LogDirectoryWatcher: A directory notification failed for 'F:/My Documents/Unreal Projects/filaman/Content/Collections/', and we were unable to create a new request.
[2016.12.01-16.23.58:886][390]Cmd: MAP LOAD FILE="F:/My Documents/Unreal Projects/filaman/Content/Levels/blanklevel.umap" TEMPLATE=0 SHOWPROGRESS=1 FEATURELEVEL=3
[2016.12.01-16.23.58:897][390]LightingResults: New page: Lighting Build
[2016.12.01-16.23.58:897][390]LoadErrors: New page: Loading map: blanklevel.umap
[2016.12.01-16.23.58:901][390]MapCheck: New page: Map Check
[2016.12.01-16.23.58:901][390]LightingResults: New page: Lighting Build
[2016.12.01-16.23.58:947][390]LogAIModule: Creating AISystem for world blanklevel
[2016.12.01-16.23.58:959][390]LogEditorServer: Finished looking for orphan Actors (0.000 secs)
[2016.12.01-16.23.58:992][390]Cmd: MAP CHECKDEP NOCLEARLOG
[2016.12.01-16.23.59:089][390]MapCheck: Info Map check complete: 0 Error(s), 0 Warning(s), took 96.549ms to complete.
[2016.12.01-16.23.59:089][390]LogFileHelpers: Loading map 'blanklevel' took 0.204
[2016.12.01-16.24.19:075][721]LogContentBrowser: Native class hierarchy updated for 'BlueprintGraph' in 0.0010 seconds. Added 112 classes and 0 folders.
[2016.12.01-16.27.14:169][243]BlueprintLog: New page: Compile blanklevel
[2016.12.01-16.27.17:065][576]LogBlueprintUserMessages: Early PlayInEditor Detection: Level '/Game/Levels/blanklevel.blanklevel:PersistentLevel' has LevelScriptBlueprint '/Game/Levels/blanklevel.blanklevel:PersistentLevel.blanklevel' with GeneratedClass '/Game/Levels/blanklevel.blanklevel_C' with ClassGeneratedBy '/Game/Levels/blanklevel.blanklevel:PersistentLevel.blanklevel'
[2016.12.01-16.27.17:065][576]LogPlayLevel: PlayLevel: No blueprints needed recompiling
[2016.12.01-16.27.17:065][576]PIE: New page: PIE session: blanklevel (1 Dec 2016 16:27:17)
[2016.12.01-16.27.17:065][576]LogPlayLevel: Creating play world package: /Game/Levels/UEDPIE_0_blanklevel
[2016.12.01-16.27.17:069][576]LogPlayLevel: PIE: StaticDuplicateObject took: (0.003731s)
[2016.12.01-16.27.17:069][576]LogAIModule: Creating AISystem for world blanklevel
[2016.12.01-16.27.17:070][576]LogPlayLevel: PIE: World Init took: (0.000882s)
[2016.12.01-16.27.17:070][576]LogPlayLevel: PIE: Created PIE world by copying editor world from /Game/Levels/blanklevel.blanklevel to /Game/Levels/UEDPIE_0_blanklevel.blanklevel (0.004772s)
[2016.12.01-16.27.17:085][576]LogInit: XAudio2 using 'Speakers (High Definition Audio Device)' : 2 channels at 44.1 kHz using 16 bits per sample (channel mask 0x3)
[2016.12.01-16.27.17:089][576]LogInit: FAudioDevice initialized.
[2016.12.01-16.27.17:130][576]LogWorld: Game class is 'ThirdPersonGameMode_C'
[2016.12.01-16.27.17:133][576]LogWorld: Bringing World /Game/Levels/UEDPIE_0_blanklevel.blanklevel up for play (max tick rate 0) at 2016.12.01-16.27.17
[2016.12.01-16.27.17:134][576]LogWorld: Bringing up level for play took: 0.002442
[2016.12.01-16.27.17:140][576]LogContentBrowser: Native class hierarchy updated for 'MovieSceneCapture' in 0.0009 seconds. Added 11 classes and 0 folders.
[2016.12.01-16.27.17:140][576]LogGameMode:Display: Match State Changed from EnteringMap to WaitingToStart
[2016.12.01-16.27.17:140][576]LogGameState: Match State Changed from EnteringMap to WaitingToStart
[2016.12.01-16.27.17:140][576]LogGameMode:Display: Match State Changed from WaitingToStart to InProgress
[2016.12.01-16.27.17:143][576]LogGameState: Match State Changed from WaitingToStart to InProgress
[2016.12.01-16.27.17:143][576]PIE: Info Play in editor start time for /Game/Levels/UEDPIE_0_blanklevel 0.374
[2016.12.01-16.27.17:143][576]LogBlueprintUserMessages: Late PlayInEditor Detection: Level '/Game/Levels/blanklevel.blanklevel:PersistentLevel' has LevelScriptBlueprint '/Game/Levels/blanklevel.blanklevel:PersistentLevel.blanklevel' with GeneratedClass '/Game/Levels/blanklevel.blanklevel_C' with ClassGeneratedBy '/Game/Levels/blanklevel.blanklevel:PersistentLevel.blanklevel'
[2016.12.01-16.27.28:077][886]LogBlueprintUserMessages: Early EndPlayMap Detection: Level '/Game/Levels/blanklevel.blanklevel:PersistentLevel' has LevelScriptBlueprint '/Game/Levels/blanklevel.blanklevel:PersistentLevel.blanklevel' with GeneratedClass '/Game/Levels/blanklevel.blanklevel_C' with ClassGeneratedBy '/Game/Levels/blanklevel.blanklevel:PersistentLevel.blanklevel'
[2016.12.01-16.27.28:112][886]LogBlueprintUserMessages: Late EndPlayMap Detection: Level '/Game/Levels/blanklevel.blanklevel:PersistentLevel' has LevelScriptBlueprint '/Game/Levels/blanklevel.blanklevel:PersistentLevel.blanklevel' with GeneratedClass '/Game/Levels/blanklevel.blanklevel_C' with ClassGeneratedBy '/Game/Levels/blanklevel.blanklevel:PersistentLevel.blanklevel'
[2016.12.01-16.27.34:423][631]LogTextFormatter:Warning: Failed to parse argument "RootClass" as a number (using "0" as a fallback). Please check your format string for errors: "Select {RootClass} Class".
[2016.12.01-16.27.34:423][631]LogTextFormatter:Warning: Failed to parse argument "GameStateName" as a number (using "0" as a fallback). Please check your format string for errors: "GameState: {GameStateName}".
[2016.12.01-16.27.34:423][631]LogTextFormatter:Warning: Failed to parse argument "PawnName" as a number (using "0" as a fallback). Please check your format string for errors: "Pawn: Edit {PawnName}".
[2016.12.01-16.27.34:423][631]LogTextFormatter:Warning: Failed to parse argument "HUDName" as a number (using "0" as a fallback). Please check your format string for errors: "HUD: {HUDName}".
[2016.12.01-16.27.34:423][631]LogTextFormatter:Warning: Failed to parse argument "PlayerControllerName" as a number (using "0" as a fallback). Please check your format string for errors: "PlayerController: {PlayerControllerName}".
[2016.12.01-16.33.23:435][438]BlueprintLog: New page: Compile blanklevel
[2016.12.01-16.33.28:838][ 70]LogBlueprintUserMessages: Early PlayInEditor Detection: Level '/Game/Levels/blanklevel.blanklevel:PersistentLevel' has LevelScriptBlueprint '/Game/Levels/blanklevel.blanklevel:PersistentLevel.blanklevel' with GeneratedClass '/Game/Levels/blanklevel.blanklevel_C' with ClassGeneratedBy '/Game/Levels/blanklevel.blanklevel:PersistentLevel.blanklevel'
[2016.12.01-16.33.28:838][ 70]LogPlayLevel: PlayLevel: No blueprints needed recompiling
[2016.12.01-16.33.28:838][ 70]PIE: New page: PIE session: blanklevel (1 Dec 2016 16:33:28)
[2016.12.01-16.33.28:839][ 70]LogPlayLevel: Creating play world package: /Game/Levels/UEDPIE_0_blanklevel
[2016.12.01-16.33.28:842][ 70]LogPlayLevel: PIE: StaticDuplicateObject took: (0.003580s)
[2016.12.01-16.33.28:843][ 70]LogAIModule: Creating AISystem for world blanklevel
[2016.12.01-16.33.28:843][ 70]LogPlayLevel: PIE: World Init took: (0.000938s)
[2016.12.01-16.33.28:843][ 70]LogPlayLevel: PIE: Created PIE world by copying editor world from /Game/Levels/blanklevel.blanklevel to /Game/Levels/UEDPIE_0_blanklevel.blanklevel (0.004827s)
[2016.12.01-16.33.28:856][ 70]LogInit: XAudio2 using 'Speakers (High Definition Audio Device)' : 2 channels at 44.1 kHz using 16 bits per sample (channel mask 0x3)
[2016.12.01-16.33.28:860][ 70]LogInit: FAudioDevice initialized.
[2016.12.01-16.33.28:889][ 70]LogWorld: Game class is 'ThirdPersonGameMode_C'
[2016.12.01-16.33.28:892][ 70]LogWorld: Bringing World /Game/Levels/UEDPIE_0_blanklevel.blanklevel up for play (max tick rate 0) at 2016.12.01-16.33.28
[2016.12.01-16.33.28:893][ 70]LogWorld: Bringing up level for play took: 0.002383
[2016.12.01-16.33.28:893][ 70]LogGameMode:Display: Match State Changed from EnteringMap to WaitingToStart
[2016.12.01-16.33.28:893][ 70]LogGameState: Match State Changed from EnteringMap to WaitingToStart
[2016.12.01-16.33.28:893][ 70]LogGameMode:Display: Match State Changed from WaitingToStart to InProgress
[2016.12.01-16.33.28:894][ 70]LogGameState: Match State Changed from WaitingToStart to InProgress
[2016.12.01-16.33.28:894][ 70]PIE: Info Play in editor start time for /Game/Levels/UEDPIE_0_blanklevel 0.127
[2016.12.01-16.33.28:894][ 70]LogBlueprintUserMessages: Late PlayInEditor Detection: Level '/Game/Levels/blanklevel.blanklevel:PersistentLevel' has LevelScriptBlueprint '/Game/Levels/blanklevel.blanklevel:PersistentLevel.blanklevel' with GeneratedClass '/Game/Levels/blanklevel.blanklevel_C' with ClassGeneratedBy '/Game/Levels/blanklevel.blanklevel:PersistentLevel.blanklevel'
[2016.12.01-16.33.32:934][553]LogBlueprintUserMessages: Early EndPlayMap Detection: Level '/Game/Levels/blanklevel.blanklevel:PersistentLevel' has LevelScriptBlueprint '/Game/Levels/blanklevel.blanklevel:PersistentLevel.blanklevel' with GeneratedClass '/Game/Levels/blanklevel.blanklevel_C' with ClassGeneratedBy '/Game/Levels/blanklevel.blanklevel:PersistentLevel.blanklevel'
[2016.12.01-16.33.32:969][553]LogBlueprintUserMessages: Late EndPlayMap Detection: Level '/Game/Levels/blanklevel.blanklevel:PersistentLevel' has LevelScriptBlueprint '/Game/Levels/blanklevel.blanklevel:PersistentLevel.blanklevel' with GeneratedClass '/Game/Levels/blanklevel.blanklevel_C' with ClassGeneratedBy '/Game/Levels/blanklevel.blanklevel:PersistentLevel.blanklevel'
[2016.12.01-16.33.34:025][674]LogBlueprintUserMessages: Early PlayInEditor Detection: Level '/Game/Levels/blanklevel.blanklevel:PersistentLevel' has LevelScriptBlueprint '/Game/Levels/blanklevel.blanklevel:PersistentLevel.blanklevel' with GeneratedClass '/Game/Levels/blanklevel.blanklevel_C' with ClassGeneratedBy '/Game/Levels/blanklevel.blanklevel:PersistentLevel.blanklevel'
[2016.12.01-16.33.34:025][674]LogPlayLevel: PlayLevel: No blueprints needed recompiling
[2016.12.01-16.33.34:025][674]PIE: New page: PIE session: blanklevel (1 Dec 2016 16:33:34)
[2016.12.01-16.33.34:025][674]LogPlayLevel: Creating play world package: /Game/Levels/UEDPIE_0_blanklevel
[2016.12.01-16.33.34:029][674]LogPlayLevel: PIE: StaticDuplicateObject took: (0.003478s)
[2016.12.01-16.33.34:029][674]LogAIModule: Creating AISystem for world blanklevel
[2016.12.01-16.33.34:030][674]LogPlayLevel: PIE: World Init took: (0.000841s)
[2016.12.01-16.33.34:030][674]LogPlayLevel: PIE: Created PIE world by copying editor world from /Game/Levels/blanklevel.blanklevel to /Game/Levels/UEDPIE_0_blanklevel.blanklevel (0.004466s)
[2016.12.01-16.33.34:043][674]LogInit: XAudio2 using 'Speakers (High Definition Audio Device)' : 2 channels at 44.1 kHz using 16 bits per sample (channel mask 0x3)
[2016.12.01-16.33.34:047][674]LogInit: FAudioDevice initialized.
[2016.12.01-16.33.34:078][674]LogWorld: Game class is 'ThirdPersonGameMode_C'
[2016.12.01-16.33.34:081][674]LogWorld: Bringing World /Game/Levels/UEDPIE_0_blanklevel.blanklevel up for play (max tick rate 0) at 2016.12.01-16.33.34
[2016.12.01-16.33.34:081][674]LogWorld: Bringing up level for play took: 0.002242
[2016.12.01-16.33.34:082][674]LogGameMode:Display: Match State Changed from EnteringMap to WaitingToStart
[2016.12.01-16.33.34:082][674]LogGameState: Match State Changed from EnteringMap to WaitingToStart
[2016.12.01-16.33.34:082][674]LogGameMode:Display: Match State Changed from WaitingToStart to InProgress
[2016.12.01-16.33.34:082][674]LogGameState: Match State Changed from WaitingToStart to InProgress
[2016.12.01-16.33.34:082][674]PIE: Info Play in editor start time for /Game/Levels/UEDPIE_0_blanklevel -0.685
[2016.12.01-16.33.34:082][674]LogBlueprintUserMessages: Late PlayInEditor Detection: Level '/Game/Levels/blanklevel.blanklevel:PersistentLevel' has LevelScriptBlueprint '/Game/Levels/blanklevel.blanklevel:PersistentLevel.blanklevel' with GeneratedClass '/Game/Levels/blanklevel.blanklevel_C' with ClassGeneratedBy '/Game/Levels/blanklevel.blanklevel:PersistentLevel.blanklevel'
[2016.12.01-16.33.43:438][796]LogBlueprintUserMessages: Early EndPlayMap Detection: Level '/Game/Levels/blanklevel.blanklevel:PersistentLevel' has LevelScriptBlueprint '/Game/Levels/blanklevel.blanklevel:PersistentLevel.blanklevel' with GeneratedClass '/Game/Levels/blanklevel.blanklevel_C' with ClassGeneratedBy '/Game/Levels/blanklevel.blanklevel:PersistentLevel.blanklevel'
[2016.12.01-16.33.43:474][796]LogBlueprintUserMessages: Late EndPlayMap Detection: Level '/Game/Levels/blanklevel.blanklevel:PersistentLevel' has LevelScriptBlueprint '/Game/Levels/blanklevel.blanklevel:PersistentLevel.blanklevel' with GeneratedClass '/Game/Levels/blanklevel.blanklevel_C' with ClassGeneratedBy '/Game/Levels/blanklevel.blanklevel:PersistentLevel.blanklevel'
[2016.12.01-16.33.44:274][886]LogBlueprintUserMessages: Early PlayInEditor Detection: Level '/Game/Levels/blanklevel.blanklevel:PersistentLevel' has LevelScriptBlueprint '/Game/Levels/blanklevel.blanklevel:PersistentLevel.blanklevel' with GeneratedClass '/Game/Levels/blanklevel.blanklevel_C' with ClassGeneratedBy '/Game/Levels/blanklevel.blanklevel:PersistentLevel.blanklevel'
[2016.12.01-16.33.44:274][886]LogPlayLevel: PlayLevel: No blueprints needed recompiling
[2016.12.01-16.33.44:274][886]PIE: New page: PIE session: blanklevel (1 Dec 2016 16:33:44)
[2016.12.01-16.33.44:274][886]LogPlayLevel: Creating play world package: /Game/Levels/UEDPIE_0_blanklevel
[2016.12.01-16.33.44:277][886]LogPlayLevel: PIE: StaticDuplicateObject took: (0.003106s)
[2016.12.01-16.33.44:277][886]LogAIModule: Creating AISystem for world blanklevel
[2016.12.01-16.33.44:278][886]LogPlayLevel: PIE: World Init took: (0.000582s)
[2016.12.01-16.33.44:278][886]LogPlayLevel: PIE: Created PIE world by copying editor world from /Game/Levels/blanklevel.blanklevel to /Game/Levels/UEDPIE_0_blanklevel.blanklevel (0.003868s)
[2016.12.01-16.33.44:290][886]LogInit: XAudio2 using 'Speakers (High Definition Audio Device)' : 2 channels at 44.1 kHz using 16 bits per sample (channel mask 0x3)
[2016.12.01-16.33.44:294][886]LogInit: FAudioDevice initialized.
[2016.12.01-16.33.44:325][886]LogWorld: Game class is 'ThirdPersonGameMode_C'
[2016.12.01-16.33.44:328][886]LogWorld: Bringing World /Game/Levels/UEDPIE_0_blanklevel.blanklevel up for play (max tick rate 0) at 2016.12.01-16.33.44
[2016.12.01-16.33.44:329][886]LogWorld: Bringing up level for play took: 0.002338
[2016.12.01-16.33.44:329][886]LogGameMode:Display: Match State Changed from EnteringMap to WaitingToStart
[2016.12.01-16.33.44:329][886]LogGameState: Match State Changed from EnteringMap to WaitingToStart
[2016.12.01-16.33.44:329][886]LogGameMode:Display: Match State Changed from WaitingToStart to InProgress
[2016.12.01-16.33.44:329][886]LogGameState: Match State Changed from WaitingToStart to InProgress
[2016.12.01-16.33.44:330][886]PIE: Info Play in editor start time for /Game/Levels/UEDPIE_0_blanklevel -0.437
[2016.12.01-16.33.44:330][886]LogBlueprintUserMessages: Late PlayInEditor Detection: Level '/Game/Levels/blanklevel.blanklevel:PersistentLevel' has LevelScriptBlueprint '/Game/Levels/blanklevel.blanklevel:PersistentLevel.blanklevel' with GeneratedClass '/Game/Levels/blanklevel.blanklevel_C' with ClassGeneratedBy '/Game/Levels/blanklevel.blanklevel:PersistentLevel.blanklevel'
[2016.12.01-16.33.58:700][610]LogBlueprintUserMessages: Early EndPlayMap Detection: Level '/Game/Levels/blanklevel.blanklevel:PersistentLevel' has LevelScriptBlueprint '/Game/Levels/blanklevel.blanklevel:PersistentLevel.blanklevel' with GeneratedClass '/Game/Levels/blanklevel.blanklevel_C' with ClassGeneratedBy '/Game/Levels/blanklevel.blanklevel:PersistentLevel.blanklevel'
[2016.12.01-16.33.58:738][610]LogBlueprintUserMessages: Late EndPlayMap Detection: Level '/Game/Levels/blanklevel.blanklevel:PersistentLevel' has LevelScriptBlueprint '/Game/Levels/blanklevel.blanklevel:PersistentLevel.blanklevel' with GeneratedClass '/Game/Levels/blanklevel.blanklevel_C' with ClassGeneratedBy '/Game/Levels/blanklevel.blanklevel:PersistentLevel.blanklevel'
[2016.12.01-16.34.00:087][767]LogBlueprintUserMessages: Early PlayInEditor Detection: Level '/Game/Levels/blanklevel.blanklevel:PersistentLevel' has LevelScriptBlueprint '/Game/Levels/blanklevel.blanklevel:PersistentLevel.blanklevel' with GeneratedClass '/Game/Levels/blanklevel.blanklevel_C' with ClassGeneratedBy '/Game/Levels/blanklevel.blanklevel:PersistentLevel.blanklevel'
[2016.12.01-16.34.00:087][767]LogPlayLevel: PlayLevel: No blueprints needed recompiling
[2016.12.01-16.34.00:087][767]PIE: New page: PIE session: blanklevel (1 Dec 2016 16:34:00)
[2016.12.01-16.34.00:087][767]LogPlayLevel: Creating play world package: /Game/Levels/UEDPIE_0_blanklevel
[2016.12.01-16.34.00:090][767]LogPlayLevel: PIE: StaticDuplicateObject took: (0.003127s)
[2016.12.01-16.34.00:090][767]LogAIModule: Creating AISystem for world blanklevel
[2016.12.01-16.34.00:091][767]LogPlayLevel: PIE: World Init took: (0.000571s)
[2016.12.01-16.34.00:091][767]LogPlayLevel: PIE: Created PIE world by copying editor world from /Game/Levels/blanklevel.blanklevel to /Game/Levels/UEDPIE_0_blanklevel.blanklevel (0.003855s)
[2016.12.01-16.34.00:104][767]LogInit: XAudio2 using 'Speakers (High Definition Audio Device)' : 2 channels at 44.1 kHz using 16 bits per sample (channel mask 0x3)
[2016.12.01-16.34.00:108][767]LogInit: FAudioDevice initialized.
[2016.12.01-16.34.00:135][767]LogWorld: Game class is 'ThirdPersonGameMode_C'
[2016.12.01-16.34.00:138][767]LogWorld: Bringing World /Game/Levels/UEDPIE_0_blanklevel.blanklevel up for play (max tick rate 0) at 2016.12.01-16.34.00
[2016.12.01-16.34.00:138][767]LogWorld: Bringing up level for play took: 0.002259
[2016.12.01-16.34.00:139][767]LogGameMode:Display: Match State Changed from EnteringMap to WaitingToStart
[2016.12.01-16.34.00:139][767]LogGameState: Match State Changed from EnteringMap to WaitingToStart
[2016.12.01-16.34.00:139][767]LogGameMode:Display: Match State Changed from WaitingToStart to InProgress
[2016.12.01-16.34.00:139][767]LogGameState: Match State Changed from WaitingToStart to InProgress
[2016.12.01-16.34.00:140][767]PIE: Info Play in editor start time for /Game/Levels/UEDPIE_0_blanklevel -0.627
[2016.12.01-16.34.00:140][767]LogBlueprintUserMessages: Late PlayInEditor Detection: Level '/Game/Levels/blanklevel.blanklevel:PersistentLevel' has LevelScriptBlueprint '/Game/Levels/blanklevel.blanklevel:PersistentLevel.blanklevel' with GeneratedClass '/Game/Levels/blanklevel.blanklevel_C' with ClassGeneratedBy '/Game/Levels/blanklevel.blanklevel:PersistentLevel.blanklevel'
[2016.12.01-16.34.10:725][ 37]LogBlueprintUserMessages: Early EndPlayMap Detection: Level '/Game/Levels/blanklevel.blanklevel:PersistentLevel' has LevelScriptBlueprint '/Game/Levels/blanklevel.blanklevel:PersistentLevel.blanklevel' with GeneratedClass '/Game/Levels/blanklevel.blanklevel_C' with ClassGeneratedBy '/Game/Levels/blanklevel.blanklevel:PersistentLevel.blanklevel'
[2016.12.01-16.34.10:762][ 37]LogBlueprintUserMessages: Late EndPlayMap Detection: Level '/Game/Levels/blanklevel.blanklevel:PersistentLevel' has LevelScriptBlueprint '/Game/Levels/blanklevel.blanklevel:PersistentLevel.blanklevel' with GeneratedClass '/Game/Levels/blanklevel.blanklevel_C' with ClassGeneratedBy '/Game/Levels/blanklevel.blanklevel:PersistentLevel.blanklevel'
[2016.12.01-16.34.13:486][353]LogEditorViewport: Clicking on Actor (LMB): respawn_C (respawn)
[2016.12.01-16.34.15:061][531]LogEditorViewport: Clicking Background
[2016.12.01-16.34.15:555][589]LogEditorViewport: Clicking on Actor (LMB): respawn_C (respawn)
[2016.12.01-16.34.16:104][653]LogEditorViewport: Clicking Background
[2016.12.01-16.34.17:024][763]LogEditorViewport: Clicking on Actor (LMB): respawn_C (respawn)
[2016.12.01-16.34.18:662][957]LogEditorViewport: Clicking Background
[2016.12.01-16.34.20:702][199]Cmd: OBJ SAVEPACKAGE PACKAGE="/Game/Levels/blanklevel" FILE="F:/My Documents/Unreal Projects/filaman/Content/Levels/blanklevel.umap" SILENT=true AUTOSAVING=false KEEPDIRTY=false
[2016.12.01-16.34.21:183][199]LogSavePackage: Save=364.93ms
[2016.12.01-16.34.21:183][199]LogSavePackage: Moving 'F:/My Documents/Unreal Projects/filaman/Saved/blanklevel9C0320714676149A686E0F98CF869592.tmp' to 'F:/My Documents/Unreal Projects/filaman/Content/Levels/blanklevel.umap'
[2016.12.01-16.34.21:192][199]LogSavePackage:Display: Finished SavePackage F:/My Documents/Unreal Projects/filaman/Content/Levels/blanklevel.umap
[2016.12.01-16.34.25:724][706]Cmd: QUIT_EDITOR
[2016.12.01-16.34.25:769][706]LogExit: Preparing to exit.
[2016.12.01-16.34.26:098][706]LogExit: Editor shut down
[2016.12.01-16.34.26:098][706]LogExit: Transaction tracking system shut down
[2016.12.01-16.34.26:229][706]LogObj: Freed 0b from 0 cluster array pools.
[2016.12.01-16.34.26:229][706]LogExit: Object subsystem successfully closed.
[2016.12.01-16.34.26:242][706]LogD3D11RHI: Shutdown
[2016.12.01-16.34.26:242][706]LogD3D11RHI: CleanupD3DDevice
[2016.12.01-16.34.26:283][706]LogD3D11RHI: ~FD3D11DynamicRHI
[2016.12.01-16.34.26:293][706]LogModuleManager: Shutting down and abandoning module MovieSceneCapture (239)
[2016.12.01-16.34.26:293][706]LogModuleManager: Shutting down and abandoning module BlueprintGraph (238)
[2016.12.01-16.34.26:293][706]LogModuleManager: Shutting down and abandoning module BlueprintProfiler (237)
[2016.12.01-16.34.26:295][706]LogModuleManager: Shutting down and abandoning module SequencerWidgets (236)
[2016.12.01-16.34.26:295][706]LogModuleManager: Shutting down and abandoning module HierarchicalLODOutliner (235)
[2016.12.01-16.34.26:295][706]LogModuleManager: Shutting down and abandoning module CrashTracker (234)
[2016.12.01-16.34.26:295][706]LogModuleManager: Shutting down and abandoning module SceneOutliner (233)
[2016.12.01-16.34.26:295][706]LogModuleManager: Shutting down and abandoning module WidgetCarousel (232)
[2016.12.01-16.34.26:295][706]LogModuleManager: Shutting down and abandoning module AddContentDialog (231)
[2016.12.01-16.34.26:295][706]LogDirectoryWatcher: A directory notification for 'C:/Program Files (x86)/Epic Games/4.13/FeaturePacks/' was aborted.
[2016.12.01-16.34.26:297][706]LogModuleManager: Shutting down and abandoning module GameplayTags (230)
[2016.12.01-16.34.26:297][706]LogModuleManager: Shutting down and abandoning module EditorWidgets (229)
[2016.12.01-16.34.26:297][706]LogModuleManager: Shutting down and abandoning module CollectionManager (228)
[2016.12.01-16.34.26:297][706]LogModuleManager: Shutting down and abandoning module StatsViewer (227)
[2016.12.01-16.34.26:297][706]LogModuleManager: Shutting down and abandoning module FoliageEdit (226)
[2016.12.01-16.34.26:297][706]LogModuleManager: Shutting down and abandoning module LandscapeEditor (225)
[2016.12.01-16.34.26:297][706]LogModuleManager: Shutting down and abandoning module SceneDepthPickerMode (224)
[2016.12.01-16.34.26:297][706]LogModuleManager: Shutting down and abandoning module ActorPickerMode (223)
[2016.12.01-16.34.26:297][706]LogModuleManager: Shutting down and abandoning module GeometryMode (222)
[2016.12.01-16.34.26:297][706]LogModuleManager: Shutting down and abandoning module TextureAlignMode (221)
[2016.12.01-16.34.26:297][706]LogModuleManager: Shutting down and abandoning module BspMode (220)
[2016.12.01-16.34.26:297][706]LogModuleManager: Shutting down and abandoning module HardwareSurvey (219)
[2016.12.01-16.34.26:297][706]LogModuleManager: Shutting down and abandoning module SequenceRecorderSections (218)
[2016.12.01-16.34.26:297][706]LogModuleManager: Shutting down and abandoning module SequenceRecorder (217)
[2016.12.01-16.34.26:297][706]LogModuleManager: Shutting down and abandoning module AutomationWorker (216)
[2016.12.01-16.34.26:297][706]LogModuleManager: Shutting down and abandoning module MatineeToLevelSequence (215)
[2016.12.01-16.34.26:297][706]LogModuleManager: Shutting down and abandoning module PlacementMode (214)
[2016.12.01-16.34.26:297][706]LogModuleManager: Shutting down and abandoning module LevelSequenceEditor (213)
[2016.12.01-16.34.26:297][706]LogModuleManager: Shutting down and abandoning module WmfMediaFactory (212)
[2016.12.01-16.34.26:297][706]LogModuleManager: Shutting down and abandoning module WmfMediaEditor (211)
[2016.12.01-16.34.26:297][706]LogModuleManager: Shutting down and abandoning module AvfMediaFactory (210)
[2016.12.01-16.34.26:297][706]LogModuleManager: Shutting down and abandoning module AvfMediaEditor (209)
[2016.12.01-16.34.26:297][706]LogModuleManager: Shutting down and abandoning module Media (208)
[2016.12.01-16.34.26:297][706]LogModuleManager: Shutting down and abandoning module AndroidMediaFactory (207)
[2016.12.01-16.34.26:297][706]LogModuleManager: Shutting down and abandoning module AndroidMediaEditor (206)
[2016.12.01-16.34.26:297][706]LogModuleManager: Shutting down and abandoning module CharacterAI (205)
[2016.12.01-16.34.26:297][706]LogModuleManager: Shutting down and abandoning module SmartSnapping (204)
[2016.12.01-16.34.26:297][706]LogModuleManager: Shutting down and abandoning module SessionServices (203)
[2016.12.01-16.34.26:297][706]LogModuleManager: Shutting down and abandoning module ViewportSnapping (202)
[2016.12.01-16.34.26:297][706]LogModuleManager: Shutting down and abandoning module ViewportInteraction (201)
[2016.12.01-16.34.26:297][706]LogModuleManager: Shutting down and abandoning module LogVisualizer (200)
[2016.12.01-16.34.26:297][706]LogModuleManager: Shutting down and abandoning module GameProjectGeneration (199)
[2016.12.01-16.34.26:297][706]LogModuleManager: Shutting down and abandoning module IntroTutorials (198)
[2016.12.01-16.34.26:297][706]LogModuleManager: Shutting down and abandoning module EditorLiveStreaming (197)
[2016.12.01-16.34.26:297][706]LogModuleManager: Shutting down and abandoning module IOSPlatformEditor (196)
[2016.12.01-16.34.26:298][706]LogModuleManager: Shutting down and abandoning module HTML5PlatformEditor (195)
[2016.12.01-16.34.26:298][706]LogModuleManager: Shutting down and abandoning module AndroidDeviceDetection (194)
[2016.12.01-16.34.26:926][706]LogModuleManager: Shutting down and abandoning module AndroidPlatformEditor (193)
[2016.12.01-16.34.26:926][706]LogModuleManager: Shutting down and abandoning module IOSRuntimeSettings (192)
[2016.12.01-16.34.26:926][706]LogModuleManager: Shutting down and abandoning module AndroidRuntimeSettings (191)
[2016.12.01-16.34.26:926][706]LogModuleManager: Shutting down and abandoning module NiagaraEditor (190)
[2016.12.01-16.34.26:926][706]LogModuleManager: Shutting down and abandoning module MergeActors (189)
[2016.12.01-16.34.26:926][706]LogModuleManager: Shutting down and abandoning module SizeMap (188)
[2016.12.01-16.34.26:926][706]LogModuleManager: Shutting down and abandoning module TreeMap (187)
[2016.12.01-16.34.26:926][706]LogModuleManager: Shutting down and abandoning module ReferenceViewer (186)
[2016.12.01-16.34.26:926][706]LogModuleManager: Shutting down and abandoning module LocalizationService (185)
[2016.12.01-16.34.26:926][706]LogModuleManager: Shutting down and abandoning module LocalizationDashboard (184)
[2016.12.01-16.34.26:926][706]LogModuleManager: Shutting down and abandoning module HardwareTargeting (183)
[2016.12.01-16.34.26:926][706]LogModuleManager: Shutting down and abandoning module DeviceProfileEditor (182)
[2016.12.01-16.34.26:926][706]LogModuleManager: Shutting down and abandoning module UndoHistory (181)
[2016.12.01-16.34.26:926][706]LogModuleManager: Shutting down and abandoning module UserFeedback (180)
[2016.12.01-16.34.26:926][706]LogModuleManager: Shutting down and abandoning module XmlParser (179)
[2016.12.01-16.34.26:926][706]LogModuleManager: Shutting down and abandoning module Blutility (178)
[2016.12.01-16.34.26:926][706]LogModuleManager: Shutting down and abandoning module ProjectTargetPlatformEditor (177)
[2016.12.01-16.34.26:926][706]LogModuleManager: Shutting down and abandoning module ProjectSettingsViewer (176)
[2016.12.01-16.34.26:926][706]LogModuleManager: Shutting down and abandoning module InputBindingEditor (175)
[2016.12.01-16.34.26:926][706]LogModuleManager: Shutting down and abandoning module EditorSettingsViewer (174)
[2016.12.01-16.34.26:926][706]LogModuleManager: Shutting down and abandoning module SettingsEditor (173)
[2016.12.01-16.34.26:926][706]LogModuleManager: Shutting down and abandoning module ProjectLauncher (172)
[2016.12.01-16.34.26:926][706]LogModuleManager: Shutting down and abandoning module SessionFrontend (171)
[2016.12.01-16.34.26:926][706]LogModuleManager: Shutting down and abandoning module ProfilerClient (170)
[2016.12.01-16.34.26:926][706]LogModuleManager: Shutting down and abandoning module TargetDeviceServices (169)
[2016.12.01-16.34.26:926][706]LogModuleManager: Shutting down and abandoning module DeviceManager (168)
[2016.12.01-16.34.26:977][706]LogModuleManager: Shutting down and abandoning module AutomationController (167)
[2016.12.01-16.34.26:977][706]LogModuleManager: Shutting down and abandoning module AutomationWindow (166)
[2016.12.01-16.34.26:977][706]LogModuleManager: Shutting down and abandoning module Layers (165)
[2016.12.01-16.34.26:977][706]LogModuleManager: Shutting down and abandoning module ComponentVisualizers (164)
[2016.12.01-16.34.26:977][706]LogModuleManager: Shutting down and abandoning module DetailCustomizations (163)
[2016.12.01-16.34.26:977][706]LogModuleManager: Shutting down and abandoning module PackagesDialog (162)
[2016.12.01-16.34.26:977][706]LogModuleManager: Shutting down and abandoning module AnimGraph (161)
[2016.12.01-16.34.26:977][706]LogModuleManager: Shutting down and abandoning module Persona (160)
[2016.12.01-16.34.26:977][706]LogModuleManager: Shutting down and abandoning module Kismet (159)
[2016.12.01-16.34.26:981][706]LogModuleManager: Shutting down and abandoning module GraphEditor (158)
[2016.12.01-16.34.26:981][706]LogModuleManager: Shutting down and abandoning module ClassViewer (157)
[2016.12.01-16.34.26:981][706]LogModuleManager: Shutting down and abandoning module Toolbox (156)
[2016.12.01-16.34.26:981][706]LogModuleManager: Shutting down and abandoning module ModuleUI (155)
[2016.12.01-16.34.26:981][706]LogModuleManager: Shutting down and abandoning module MovieSceneTools (154)
[2016.12.01-16.34.26:981][706]LogModuleManager: Shutting down and abandoning module OutputLog (153)
[2016.12.01-16.34.26:981][706]LogModuleManager: Shutting down and abandoning module GammaUI (152)
[2016.12.01-16.34.26:981][706]LogModuleManager: Shutting down and abandoning module Documentation (151)
[2016.12.01-16.34.26:981][706]LogModuleManager: Shutting down and abandoning module Niagara (150)
[2016.12.01-16.34.26:981][706]LogModuleManager: Shutting down and abandoning module StreamingPauseRendering (149)
[2016.12.01-16.34.26:981][706]LogModuleManager: Shutting down and abandoning module AnalyticsET (148)
[2016.12.01-16.34.26:981][706]LogModuleManager: Shutting down and abandoning module PortalServices (147)
[2016.12.01-16.34.26:981][706]LogModuleManager: Shutting down and abandoning module PortalRpc (146)
[2016.12.01-16.34.26:981][706]LogModuleManager: Shutting down and abandoning module MessagingRpc (145)
[2016.12.01-16.34.26:981][706]LogModuleManager: Shutting down and abandoning module GameplayDebugger (144)
[2016.12.01-16.34.26:982][706]LogModuleManager: Shutting down and abandoning module AITestSuite (143)
[2016.12.01-16.34.26:982][706]LogModuleManager: Shutting down and abandoning module AIModule (142)
[2016.12.01-16.34.26:982][706]LogModuleManager: Shutting down and abandoning module ProfilerService (141)
[2016.12.01-16.34.27:068][706]LogModuleManager: Shutting down and abandoning module TaskGraph (140)
[2016.12.01-16.34.27:068][706]LogModuleManager: Shutting down and abandoning module SubstanceEditor (139)
[2016.12.01-16.34.27:068][706]LogModuleManager: Shutting down and abandoning module SlateRemote (138)
[2016.12.01-16.34.27:068][706]LogModuleManager: Shutting down and abandoning module SteamVRController (137)
[2016.12.01-16.34.27:068][706]LogModuleManager: Shutting down and abandoning module SteamVR (136)
[2016.12.01-16.34.27:068][706]LogModuleManager: Shutting down and abandoning module ProceduralMeshComponentEditor (135)
[2016.12.01-16.34.27:068][706]LogModuleManager: Shutting down and abandoning module ProceduralMeshComponent (134)
[2016.12.01-16.34.27:068][706]LogModuleManager: Shutting down and abandoning module OculusLibrary (133)
[2016.12.01-16.34.27:068][706]LogModuleManager: Shutting down and abandoning module OculusInput (132)
[2016.12.01-16.34.27:068][706]LogModuleManager: Shutting down and abandoning module CustomMeshComponent (131)
[2016.12.01-16.34.27:068][706]LogModuleManager: Shutting down and abandoning module CableComponent (130)
[2016.12.01-16.34.27:068][706]LogModuleManager: Shutting down and abandoning module ArchVisCharacter (129)
[2016.12.01-16.34.27:068][706]LogModuleManager: Shutting down and abandoning module MediaPlayerEditor (127)
[2016.12.01-16.34.27:068][706]LogModuleManager: Shutting down and abandoning module HTML5Networking (126)
[2016.12.01-16.34.27:068][706]LogModuleManager: Shutting down and abandoning module GeometryCacheEd (125)
[2016.12.01-16.34.27:068][706]LogModuleManager: Shutting down and abandoning module GeometryCache (124)
[2016.12.01-16.34.27:068][706]LogModuleManager: Shutting down and abandoning module AlembicLibrary (123)
[2016.12.01-16.34.27:068][706]LogModuleManager: Shutting down and abandoning module AlembicImporter (122)
[2016.12.01-16.34.27:068][706]LogModuleManager: Shutting down and abandoning module SuperSearch (121)
[2016.12.01-16.34.27:068][706]LogModuleManager: Shutting down and abandoning module SuperSearchEditor (120)
[2016.12.01-16.34.27:068][706]LogModuleManager: Shutting down and abandoning module SpeedTreeImporter (119)
[2016.12.01-16.34.27:068][706]LogModuleManager: Shutting down and abandoning module PluginBrowser (118)
[2016.12.01-16.34.27:068][706]LogModuleManager: Shutting down and abandoning module MobileLauncherProfileWizard (117)
[2016.12.01-16.34.27:068][706]LogModuleManager: Shutting down and abandoning module EpicSurvey (116)
[2016.12.01-16.34.27:068][706]LogModuleManager: Shutting down and abandoning module DesktopPlatform (115)
[2016.12.01-16.34.27:068][706]LogModuleManager: Shutting down and abandoning module VisualStudioSourceCodeAccess (114)
[2016.12.01-16.34.27:068][706]LogModuleManager: Shutting down and abandoning module UObjectPlugin (113)
[2016.12.01-16.34.27:068][706]LogModuleManager: Shutting down and abandoning module SubversionSourceControl (112)
[2016.12.01-16.34.27:068][706]LogModuleManager: Shutting down and abandoning module PerforceSourceControl (111)
[2016.12.01-16.34.27:068][706]LogModuleManager: Shutting down and abandoning module SourceControl (110)
[2016.12.01-16.34.27:068][706]LogModuleManager: Shutting down and abandoning module GitSourceControl (109)
[2016.12.01-16.34.27:068][706]LogModuleManager: Shutting down and abandoning module LightPropagationVolumeEditor (108)
[2016.12.01-16.34.27:068][706]LogModuleManager: Shutting down and abandoning module PaperTiledImporter (107)
[2016.12.01-16.34.27:068][706]LogModuleManager: Shutting down and abandoning module PaperSpriteSheetImporter (106)
[2016.12.01-16.34.27:068][706]LogModuleManager: Shutting down and abandoning module MeshPaint (105)
[2016.12.01-16.34.27:068][706]LogModuleManager: Shutting down and abandoning module FbxAutomationBuilderModule (104)
[2016.12.01-16.34.27:068][706]LogModuleManager: Shutting down and abandoning module PixelInspectorModule (103)
[2016.12.01-16.34.27:068][706]LogModuleManager: Shutting down and abandoning module HotReload (102)
[2016.12.01-16.34.27:069][706]LogModuleManager: Shutting down and abandoning module MainFrame (101)
[2016.12.01-16.34.27:069][706]LogModuleManager: Shutting down and abandoning module LevelEditor (100)
[2016.12.01-16.34.27:069][706]LogModuleManager: Shutting down and abandoning module ContentBrowser (99)
[2016.12.01-16.34.27:070][706]LogModuleManager: Shutting down and abandoning module Paper2DEditor (98)
[2016.12.01-16.34.27:070][706]LogModuleManager: Shutting down and abandoning module UdpMessaging (97)
[2016.12.01-16.34.27:170][706]LogModuleManager: Shutting down and abandoning module TcpMessaging (96)
[2016.12.01-16.34.27:270][706]LogModuleManager: Shutting down and abandoning module SubstanceCore (95)
[2016.12.01-16.34.27:270][706]LogModuleManager: Shutting down and abandoning module LightPropagationVolumeRuntime (94)
[2016.12.01-16.34.27:270][706]LogModuleManager: Shutting down and abandoning module Paper2D (93)
[2016.12.01-16.34.27:270][706]LogModuleManager: Shutting down and abandoning module WindowsMoviePlayer (92)
[2016.12.01-16.34.27:270][706]LogModuleManager: Shutting down and abandoning module WmfMedia (91)
[2016.12.01-16.34.27:270][706]LogModuleManager: Shutting down and abandoning module MediaAssets (90)
[2016.12.01-16.34.27:270][706]LogModuleManager: Shutting down and abandoning module GameLiveStreaming (89)
[2016.12.01-16.34.27:270][706]LogModuleManager: Shutting down and abandoning module GameplayTagsEditor (88)
[2016.12.01-16.34.27:270][706]LogModuleManager: Shutting down and abandoning module VREditor (87)
[2016.12.01-16.34.27:270][706]LogModuleManager: Shutting down and abandoning module GameplayTasksEditor (86)
[2016.12.01-16.34.27:270][706]LogModuleManager: Shutting down and abandoning module PropertyEditor (85)
[2016.12.01-16.34.27:270][706]LogModuleManager: Shutting down and abandoning module BehaviorTreeEditor (84)
[2016.12.01-16.34.27:270][706]LogModuleManager: Shutting down and abandoning module FunctionalTesting (83)
[2016.12.01-16.34.27:270][706]LogModuleManager: Shutting down and abandoning module CollisionAnalyzer (82)
[2016.12.01-16.34.27:270][706]LogModuleManager: Shutting down and abandoning module Sequencer (81)
[2016.12.01-16.34.27:270][706]LogModuleManager: Shutting down and abandoning module WorkspaceMenuStructure (80)
[2016.12.01-16.34.27:270][706]LogModuleManager: Shutting down and abandoning module MessageLog (79)
[2016.12.01-16.34.27:270][706]LogModuleManager: Shutting down and abandoning module AssetTools (78)
[2016.12.01-16.34.27:270][706]LogModuleManager: Shutting down and abandoning module UMGEditor (77)
[2016.12.01-16.34.27:270][706]LogModuleManager: Shutting down and abandoning module UMG (76)
[2016.12.01-16.34.27:270][706]LogModuleManager: Shutting down and abandoning module SlateReflector (75)
[2016.12.01-16.34.27:270][706]LogModuleManager: Shutting down and abandoning module Slate (74)
[2016.12.01-16.34.27:270][706]LogModuleManager: Shutting down and abandoning module EditorStyle (73)
[2016.12.01-16.34.27:272][706]LogModuleManager: Shutting down and abandoning module SourceCodeAccess (72)
[2016.12.01-16.34.27:272][706]LogModuleManager: Shutting down and abandoning module HeadMountedDisplay (71)
[2016.12.01-16.34.27:272][706]LogModuleManager: Shutting down and abandoning module XAudio2 (70)
[2016.12.01-16.34.27:272][706]LogModuleManager: Shutting down and abandoning module Networking (68)
[2016.12.01-16.34.27:272][706]LogModuleManager: Shutting down and abandoning module Core (67)
[2016.12.01-16.34.27:272][706]LogModuleManager: Shutting down and abandoning module DirectoryWatcher (66)
[2016.12.01-16.34.27:272][706]LogDirectoryWatcher: A directory notification for '../../../Engine/Content/' was aborted.
[2016.12.01-16.34.27:273][706]LogDirectoryWatcher: A directory notification for '../../../Engine/Plugins/2D/Paper2D/Content/' was aborted.
[2016.12.01-16.34.27:273][706]LogModuleManager: Shutting down and abandoning module AssetRegistry (65)
[2016.12.01-16.34.27:919][706]LogModuleManager: Shutting down and abandoning module KismetCompiler (64)
[2016.12.01-16.34.27:919][706]LogModuleManager: Shutting down and abandoning module PhysXFormats (63)
[2016.12.01-16.34.27:919][706]LogModuleManager: Shutting down and abandoning module MeshUtilities (62)
[2016.12.01-16.34.27:919][706]LogModuleManager: Shutting down and abandoning module DerivedDataCache (61)
[2016.12.01-16.34.28:019][706]LogDerivedDataCache: Shutdown
[2016.12.01-16.34.28:019][706]LogModuleManager: Shutting down and abandoning module VulkanShaderFormat (60)
[2016.12.01-16.34.28:019][706]LogModuleManager: Shutting down and abandoning module ShaderFormatOpenGL (59)
[2016.12.01-16.34.28:019][706]LogModuleManager: Shutting down and abandoning module ShaderFormatD3D (58)
[2016.12.01-16.34.28:019][706]LogModuleManager: Shutting down and abandoning module MetalShaderFormat (57)
[2016.12.01-16.34.28:019][706]LogModuleManager: Shutting down and abandoning module TextureFormatUncompressed (56)
[2016.12.01-16.34.28:019][706]LogModuleManager: Shutting down and abandoning module TextureFormatPVR (55)
[2016.12.01-16.34.28:019][706]LogModuleManager: Shutting down and abandoning module TextureFormatDXT (54)
[2016.12.01-16.34.28:019][706]LogModuleManager: Shutting down and abandoning module TextureFormatIntelISPCTexComp (53)
[2016.12.01-16.34.28:019][706]LogModuleManager: Shutting down and abandoning module ImageWrapper (52)
[2016.12.01-16.34.28:019][706]LogModuleManager: Shutting down and abandoning module TextureFormatASTC (51)
[2016.12.01-16.34.28:019][706]LogModuleManager: Shutting down and abandoning module TextureFormatAndroid (50)
[2016.12.01-16.34.28:019][706]LogModuleManager: Shutting down and abandoning module AudioFormatOpus (49)
[2016.12.01-16.34.28:019][706]LogModuleManager: Shutting down and abandoning module AudioFormatOgg (48)
[2016.12.01-16.34.28:019][706]LogModuleManager: Shutting down and abandoning module AudioFormatADPCM (47)
[2016.12.01-16.34.28:019][706]LogModuleManager: Shutting down and abandoning module LinuxTargetPlatform (46)
[2016.12.01-16.34.28:019][706]LogModuleManager: Shutting down and abandoning module LinuxServerTargetPlatform (45)
[2016.12.01-16.34.28:019][706]LogModuleManager: Shutting down and abandoning module LinuxNoEditorTargetPlatform (44)
[2016.12.01-16.34.28:019][706]LogModuleManager: Shutting down and abandoning module LinuxClientTargetPlatform (43)
[2016.12.01-16.34.28:020][706]LogModuleManager: Shutting down and abandoning module TVOSTargetPlatform (42)
[2016.12.01-16.34.28:020][706]LogModuleManager: Shutting down and abandoning module Messaging (41)
[2016.12.01-16.34.28:020][706]LogModuleManager: Shutting down and abandoning module IOSTargetPlatform (40)
[2016.12.01-16.34.28:020][706]LogModuleManager: Shutting down and abandoning module HTML5TargetPlatform (39)
[2016.12.01-16.34.28:020][706]LogModuleManager: Shutting down and abandoning module Android_PVRTCTargetPlatform (38)
[2016.12.01-16.34.28:020][706]LogModuleManager: Shutting down and abandoning module Android_MultiTargetPlatform (37)
[2016.12.01-16.34.28:020][706]LogModuleManager: Shutting down and abandoning module Android_ETC2TargetPlatform (36)
[2016.12.01-16.34.28:020][706]LogModuleManager: Shutting down and abandoning module Android_ETC1TargetPlatform (35)
[2016.12.01-16.34.28:020][706]LogModuleManager: Shutting down and abandoning module Android_DXTTargetPlatform (34)
[2016.12.01-16.34.28:020][706]LogModuleManager: Shutting down and abandoning module Android_ATCTargetPlatform (33)
[2016.12.01-16.34.28:020][706]LogModuleManager: Shutting down and abandoning module Android_ASTCTargetPlatform (32)
[2016.12.01-16.34.28:020][706]LogModuleManager: Shutting down and abandoning module AndroidTargetPlatform (31)
[2016.12.01-16.34.28:020][706]LogModuleManager: Shutting down and abandoning module WindowsTargetPlatform (30)
[2016.12.01-16.34.28:020][706]LogModuleManager: Shutting down and abandoning module WindowsServerTargetPlatform (29)
[2016.12.01-16.34.28:020][706]LogModuleManager: Shutting down and abandoning module WindowsNoEditorTargetPlatform (28)
[2016.12.01-16.34.28:020][706]LogModuleManager: Shutting down and abandoning module WindowsClientTargetPlatform (27)
[2016.12.01-16.34.28:020][706]LogModuleManager: Shutting down and abandoning module AllDesktopTargetPlatform (26)
[2016.12.01-16.34.28:020][706]LogModuleManager: Shutting down and abandoning module TargetPlatform (25)
[2016.12.01-16.34.28:020][706]LogModuleManager: Shutting down and abandoning module InputCore (24)
[2016.12.01-16.34.28:020][706]LogModuleManager: Shutting down and abandoning module Settings (23)
[2016.12.01-16.34.28:020][706]LogModuleManager: Shutting down and abandoning module OculusRift (22)
[2016.12.01-16.34.28:020][706]LogModuleManager: Shutting down and abandoning module GearVR (21)
[2016.12.01-16.34.28:020][706]LogModuleManager: Shutting down and abandoning module ExampleDeviceProfileSelector (20)
[2016.12.01-16.34.28:020][706]LogModuleManager: Shutting down and abandoning module OnlineBlueprintSupport (19)
[2016.12.01-16.34.28:020][706]LogModuleManager: Shutting down and abandoning module OnlineSubsystem (17)
[2016.12.01-16.34.28:020][706]LogOnline:Display: Unloading online subsystem: NULL
[2016.12.01-16.34.28:020][706]LogModuleManager: Shutting down and abandoning module HTTP (16)
[2016.12.01-16.34.28:020][706]LogHttp:Display: Http module shutting down, but needs to wait on 1 outstanding Http requests:
[2016.12.01-16.34.28:020][706]LogHttp:Display: 	verb=[POST] url=[https://datarouter.ol.epicgames.com/datarouter/api/v1/public/data?SessionID=%7BAC9734BB-445F-FA8B-882F-E0BB0EF852B2%7D&AppID=UEEditor.Rocket.Release&AppVersion=4.13.2-3172292%2B%2B%2BUE4%2BRelease-4.13&UserID=4beec70b42850bbb19644e803a9ea06d%7C71b1a97bce554a18b95ef296687ce530%7Cf2eaebd3-5d71-4529-9362-09330573cf79&AppEnvironment=datacollector-binary&UploadType=eteventstream] status=Processing
[2016.12.01-16.34.28:043][706]LogModuleManager: Shutting down and abandoning module XMPP (15)
[2016.12.01-16.34.28:043][706]LogModuleManager: Shutting down and abandoning module TextureCompressor (14)
[2016.12.01-16.34.28:043][706]LogModuleManager: Shutting down and abandoning module ShaderCore (13)
[2016.12.01-16.34.28:043][706]LogModuleManager: Shutting down and abandoning module Landscape (12)
[2016.12.01-16.34.28:043][706]LogModuleManager: Shutting down and abandoning module SlateRHIRenderer (11)
[2016.12.01-16.34.28:044][706]LogModuleManager: Shutting down and abandoning module OpenGLDrv (10)
[2016.12.01-16.34.28:044][706]LogModuleManager: Shutting down and abandoning module D3D11RHI (9)
[2016.12.01-16.34.28:044][706]LogModuleManager: Shutting down and abandoning module AnimGraphRuntime (8)
[2016.12.01-16.34.28:044][706]LogModuleManager: Shutting down and abandoning module Renderer (7)
[2016.12.01-16.34.28:044][706]LogModuleManager: Shutting down and abandoning module Engine (6)
[2016.12.01-16.34.28:044][706]LogModuleManager: Shutting down and abandoning module CoreUObject (5)
[2016.12.01-16.34.28:044][706]LogModuleManager: Shutting down and abandoning module NetworkFile (4)
[2016.12.01-16.34.28:044][706]LogModuleManager: Shutting down and abandoning module StreamingFile (3)
[2016.12.01-16.34.28:044][706]LogModuleManager: Shutting down and abandoning module SandboxFile (2)
[2016.12.01-16.34.28:044][706]LogModuleManager: Shutting down and abandoning module PakFile (1)
[2016.12.01-16.34.28:046][706]LogExit: Exiting.
[2016.12.01-16.34.28:062][706]Log file closed, 12/01/16 16:34:28
